Test configuration changed. Regenerating backend.
 0:07.35 INFO Found node at /usr/bin/nodejs
 0:07.35 INFO Found moz-http2 at /home/mozilla-unified/testing/xpcshell/moz-http2/moz-http2.js
 0:07.78 INFO Found /home/mozilla-unified/obj-x86_64-pc-linux-gnu/dist/bin/http3server
 0:07.78 INFO Using /home/mozilla-unified/netwerk/test/http3serverDB
 0:07.81 INFO Running tests sequentially.
 0:07.81 SUITE_START: xpcshell - running 1 tests
 0:07.81 INFO profile dir is /tmp/firefox/xpcshellprofile
 0:07.81 TEST_START: netwerk/test/URLTestFiles/test_URIs_3.js
 0:07.81 INFO netwerk/test/URLTestFiles/test_URIs_3.js | full command: ['/home/mozilla-unified/obj-x86_64-pc-linux-gnu/dist/bin/xpcshell', '-g', '/home/mozilla-unified/obj-x86_64-pc-linux-gnu/dist/bin', '-a', '/home/mozilla-unified/obj-x86_64-pc-linux-gnu/dist/bin', '-m', '-e', 'const _HEAD_JS_PATH = "/home/mozilla-unified/testing/xpcshell/head.js";', '-e', 'const _MOZINFO_JS_PATH = "/tmp/firefox/xpcshellprofile/mozinfo.json";', '-e', 'const _PREFS_FILE = "/home/mozilla-unified/obj-x86_64-pc-linux-gnu/temp/user.js";', '-e', 'const _TESTING_MODULES_DIR = "/home/mozilla-unified/obj-x86_64-pc-linux-gnu/_tests/modules/";', '-f', '/home/mozilla-unified/testing/xpcshell/head.js', '-p', '/home/mozilla-unified/obj-x86_64-pc-linux-gnu/temp/xpc-plugins-wsgyijz7', '-e', 'const _HEAD_FILES = ["/home/mozilla-unified/obj-x86_64-pc-linux-gnu/_tests/xpcshell/netwerk/test/URLTestFiles/head_channels.js", "/home/mozilla-unified/obj-x86_64-pc-linux-gnu/_tests/xpcshell/netwerk/test/URLTestFiles/head_cache.js", "/home/mozilla-unified/obj-x86_64-pc-linux-gnu/_tests/xpcshell/netwerk/test/URLTestFiles/head_cache2.js", "/home/mozilla-unified/obj-x86_64-pc-linux-gnu/_tests/xpcshell/netwerk/test/URLTestFiles/head_cookies.js"];', '-e', 'const _JSDEBUGGER_PORT = 0;', '-e', 'const _TEST_FILE = ["/home/mozilla-unified/obj-x86_64-pc-linux-gnu/_tests/xpcshell/netwerk/test/URLTestFiles/test_URIs_3.js"];', '-e', 'const _TEST_NAME = "netwerk/test/URLTestFiles/test_URIs_3.js";', '-e', '_execute_test(); quit(0);']
 0:07.81 INFO netwerk/test/URLTestFiles/test_URIs_3.js | current directory: '/home/mozilla-unified/obj-x86_64-pc-linux-gnu/_tests/xpcshell/netwerk/test/URLTestFiles'
 0:07.81 INFO netwerk/test/URLTestFiles/test_URIs_3.js | environment: ['MOZ_DISABLE_SOCKET_PROCESS=1', 'MOZ_CRASHREPORTER=1', 'MOZ_DISABLE_CONTENT_SANDBOX=1', 'MOZ_WEBRENDER=0', 'MOZHTTP3_PORT_FAILED=57965', 'DISPLAY=77', 'XPCSHELL_TEST_TEMP_DIR=/home/mozilla-unified/obj-x86_64-pc-linux-gnu/temp/xpc-other-x13ao236', 'MOZ_DEVELOPER_REPO_DIR=/home/mozilla-unified', 'MOZHTTP2_PORT=33681', 'MOZNODE_EXEC_PORT=33071', 'MOZ_HEADLESS=1', 'MOZ_CRASHREPORTER_NO_REPORT=1', 'XPCSHELL_TEST_PROFILE_DIR=/tmp/firefox/xpcshellprofile', 'LD_LIBRARY_PATH=/home/mozilla-unified/obj-x86_64-pc-linux-gnu/dist/bin', 'MOZ_DISABLE_SOCKET_PROCESS_SANDBOX=1', 'MOZHTTP3_PORT=53830', 'MOZ_DISABLE_NONLOCAL_CONNECTIONS=1', 'MOZHTTP3_PORT_NO_RESPONSE=57849', 'XPCOM_DEBUG_BREAK=stack-and-abort']
 0:07.81 INFO netwerk/test/URLTestFiles/test_URIs_3.js | as shell command: (cd /home/mozilla-unified/obj-x86_64-pc-linux-gnu/_tests/xpcshell/netwerk/test/URLTestFiles; MOZ_DISABLE_SOCKET_PROCESS=1 MOZ_CRASHREPORTER=1 MOZ_DISABLE_CONTENT_SANDBOX=1 MOZ_WEBRENDER=0 MOZHTTP3_PORT_FAILED=57965 DISPLAY=77 XPCSHELL_TEST_TEMP_DIR=/home/mozilla-unified/obj-x86_64-pc-linux-gnu/temp/xpc-other-x13ao236 MOZ_DEVELOPER_REPO_DIR=/home/mozilla-unified MOZHTTP2_PORT=33681 MOZNODE_EXEC_PORT=33071 MOZ_HEADLESS=1 MOZ_CRASHREPORTER_NO_REPORT=1 XPCSHELL_TEST_PROFILE_DIR=/tmp/firefox/xpcshellprofile LD_LIBRARY_PATH=/home/mozilla-unified/obj-x86_64-pc-linux-gnu/dist/bin MOZ_DISABLE_SOCKET_PROCESS_SANDBOX=1 MOZHTTP3_PORT=53830 MOZ_DISABLE_NONLOCAL_CONNECTIONS=1 MOZHTTP3_PORT_NO_RESPONSE=57849 XPCOM_DEBUG_BREAK=stack-and-abort /home/mozilla-unified/obj-x86_64-pc-linux-gnu/dist/bin/xpcshell -g /home/mozilla-unified/obj-x86_64-pc-linux-gnu/dist/bin -a /home/mozilla-unified/obj-x86_64-pc-linux-gnu/dist/bin -m -e 'const _HEAD_JS_PATH = "/home/mozilla-unified/testing/xpcshell/head.js";' -e 'const _MOZINFO_JS_PATH = "/tmp/firefox/xpcshellprofile/mozinfo.json";' -e 'const _PREFS_FILE = "/home/mozilla-unified/obj-x86_64-pc-linux-gnu/temp/user.js";' -e 'const _TESTING_MODULES_DIR = "/home/mozilla-unified/obj-x86_64-pc-linux-gnu/_tests/modules/";' -f /home/mozilla-unified/testing/xpcshell/head.js -p /home/mozilla-unified/obj-x86_64-pc-linux-gnu/temp/xpc-plugins-wsgyijz7 -e 'const _HEAD_FILES = ["/home/mozilla-unified/obj-x86_64-pc-linux-gnu/_tests/xpcshell/netwerk/test/URLTestFiles/head_channels.js", "/home/mozilla-unified/obj-x86_64-pc-linux-gnu/_tests/xpcshell/netwerk/test/URLTestFiles/head_cache.js", "/home/mozilla-unified/obj-x86_64-pc-linux-gnu/_tests/xpcshell/netwerk/test/URLTestFiles/head_cache2.js", "/home/mozilla-unified/obj-x86_64-pc-linux-gnu/_tests/xpcshell/netwerk/test/URLTestFiles/head_cookies.js"];' -e 'const _JSDEBUGGER_PORT = 0;' -e 'const _TEST_FILE = ["/home/mozilla-unified/obj-x86_64-pc-linux-gnu/_tests/xpcshell/netwerk/test/URLTestFiles/test_URIs_3.js"];' -e 'const _TEST_NAME = "netwerk/test/URLTestFiles/test_URIs_3.js";' -e '_execute_test(); quit(0);')
 0:08.68 pid:465 Full command: ['/home/mozilla-unified/obj-x86_64-pc-linux-gnu/dist/bin/xpcshell', '-g', '/home/mozilla-unified/obj-x86_64-pc-linux-gnu/dist/bin', '-a', '/home/mozilla-unified/obj-x86_64-pc-linux-gnu/dist/bin', '-m', '-e', 'const _HEAD_JS_PATH = "/home/mozilla-unified/testing/xpcshell/head.js";', '-e', 'const _MOZINFO_JS_PATH = "/tmp/firefox/xpcshellprofile/mozinfo.json";', '-e', 'const _PREFS_FILE = "/home/mozilla-unified/obj-x86_64-pc-linux-gnu/temp/user.js";', '-e', 'const _TESTING_MODULES_DIR = "/home/mozilla-unified/obj-x86_64-pc-linux-gnu/_tests/modules/";', '-f', '/home/mozilla-unified/testing/xpcshell/head.js', '-p', '/home/mozilla-unified/obj-x86_64-pc-linux-gnu/temp/xpc-plugins-wsgyijz7', '-e', 'const _HEAD_FILES = ["/home/mozilla-unified/obj-x86_64-pc-linux-gnu/_tests/xpcshell/netwerk/test/URLTestFiles/head_channels.js", "/home/mozilla-unified/obj-x86_64-pc-linux-gnu/_tests/xpcshell/netwerk/test/URLTestFiles/head_cache.js", "/home/mozilla-unified/obj-x86_64-pc-linux-gnu/_tests/xpcshell/netwerk/test/URLTestFiles/head_cache2.js", "/home/mozilla-unified/obj-x86_64-pc-linux-gnu/_tests/xpcshell/netwerk/test/URLTestFiles/head_cookies.js"];', '-e', 'const _JSDEBUGGER_PORT = 0;', '-e', 'const _TEST_FILE = ["/home/mozilla-unified/obj-x86_64-pc-linux-gnu/_tests/xpcshell/netwerk/test/URLTestFiles/test_URIs_3.js"];', '-e', 'const _TEST_NAME = "netwerk/test/URLTestFiles/test_URIs_3.js";', '-e', '_execute_test(); quit(0);']
pid:465 [CodeCoverage] Setting handlers for process 465.
 0:09.26 INFO (xpcshell/head.js) | test MAIN run_test pending (1)
 0:09.26 INFO (xpcshell/head.js) | test run_next_test 0 pending (2)
 0:09.26 INFO (xpcshell/head.js) | test MAIN run_test finished (2)
 0:09.26 INFO running event loop
 0:09.28 INFO netwerk/test/URLTestFiles/test_URIs_3.js | Starting mainTest
 0:09.28 INFO (xpcshell/head.js) | test mainTest pending (2)
 0:09.28 PASS mainTest - [mainTest : 1114] "gq" == "gq"
 0:09.29 PASS mainTest - [mainTest : 1114] "/" == "/"
 0:09.29 PASS mainTest - [mainTest : 1114] "m" == "m"
 0:09.29 PASS mainTest - [mainTest : 1114] "/%EF%AB%AD" == "/%EF%AB%AD"
 0:09.29 PASS mainTest - [mainTest : 1114] "ftp" == "ftp"
 0:09.29 PASS mainTest - [mainTest : 1114] "e8df::fbfb:fffb" == "e8df::fbfb:fffb"
 0:09.29 PASS mainTest - [mainTest : 1114] "/" == "/"
 0:09.29 PASS mainTest - [mainTest : 1114] "x" == "x"
 0:09.31 pid:465 {"url":"x:/<//[::]:65369", "error":{"component":"host", "expected":"::", "actual":"NS_ERROR_FAILURE 2147500037"}}
 0:09.29 ERROR 2147500037
/home/mozilla-unified/obj-x86_64-pc-linux-gnu/_tests/xpcshell/netwerk/test/URLTestFiles/test_URIs_3.js:do_check_property:1105
/home/mozilla-unified/obj-x86_64-pc-linux-gnu/_tests/xpcshell/netwerk/test/URLTestFiles/test_URIs_3.js:do_test_uri_basic:1172
/home/mozilla-unified/obj-x86_64-pc-linux-gnu/_tests/xpcshell/netwerk/test/URLTestFiles/test_URIs_3.js:mainTest/<:1196
/home/mozilla-unified/obj-x86_64-pc-linux-gnu/_tests/xpcshell/netwerk/test/URLTestFiles/test_URIs_3.js:mainTest:1193
/home/mozilla-unified/testing/xpcshell/head.js:_run_next_test/<:1627
/home/mozilla-unified/testing/xpcshell/head.js:_run_next_test:1627
/home/mozilla-unified/testing/xpcshell/head.js:run:774
/home/mozilla-unified/testing/xpcshell/head.js:_do_main:239
/home/mozilla-unified/testing/xpcshell/head.js:_execute_test:567
-e:null:1
 0:09.31 INFO exiting test
 0:09.31 pid:465 caught exception from components
 0:09.31 PASS mainTest - [mainTest : 1114] "file" == "file"
 0:09.31 pid:465 {"url":"file://śO", "error":{"component":"host", "expected":"xn--o-sma", "actual":""}}
 0:09.31 ERROR componens do not match
/home/mozilla-unified/obj-x86_64-pc-linux-gnu/_tests/xpcshell/netwerk/test/URLTestFiles/test_URIs_3.js:do_check_property:1111
/home/mozilla-unified/obj-x86_64-pc-linux-gnu/_tests/xpcshell/netwerk/test/URLTestFiles/test_URIs_3.js:do_test_uri_basic:1172
/home/mozilla-unified/obj-x86_64-pc-linux-gnu/_tests/xpcshell/netwerk/test/URLTestFiles/test_URIs_3.js:mainTest/<:1196
/home/mozilla-unified/obj-x86_64-pc-linux-gnu/_tests/xpcshell/netwerk/test/URLTestFiles/test_URIs_3.js:mainTest:1193
/home/mozilla-unified/testing/xpcshell/head.js:_run_next_test/<:1627
/home/mozilla-unified/testing/xpcshell/head.js:_run_next_test:1627
/home/mozilla-unified/testing/xpcshell/head.js:run:774
/home/mozilla-unified/testing/xpcshell/head.js:_do_main:239
/home/mozilla-unified/testing/xpcshell/head.js:_execute_test:567
-e:null:1
 0:09.31 INFO exiting test
 0:09.32 pid:465 caught exception from components
 0:09.32 PASS mainTest - [mainTest : 1114] "b" == "b"
 0:09.32 pid:465 {"url":"B:/<//[::]:4", "error":{"component":"host", "expected":"::", "actual":"NS_ERROR_FAILURE 2147500037"}}
 0:09.32 ERROR 2147500037
/home/mozilla-unified/obj-x86_64-pc-linux-gnu/_tests/xpcshell/netwerk/test/URLTestFiles/test_URIs_3.js:do_check_property:1105
/home/mozilla-unified/obj-x86_64-pc-linux-gnu/_tests/xpcshell/netwerk/test/URLTestFiles/test_URIs_3.js:do_test_uri_basic:1172
/home/mozilla-unified/obj-x86_64-pc-linux-gnu/_tests/xpcshell/netwerk/test/URLTestFiles/test_URIs_3.js:mainTest/<:1196
/home/mozilla-unified/obj-x86_64-pc-linux-gnu/_tests/xpcshell/netwerk/test/URLTestFiles/test_URIs_3.js:mainTest:1193
/home/mozilla-unified/testing/xpcshell/head.js:_run_next_test/<:1627
/home/mozilla-unified/testing/xpcshell/head.js:_run_next_test:1627
/home/mozilla-unified/testing/xpcshell/head.js:run:774
/home/mozilla-unified/testing/xpcshell/head.js:_do_main:239
/home/mozilla-unified/testing/xpcshell/head.js:_execute_test:567
-e:null:1
 0:09.32 INFO exiting test
 0:09.32 pid:465 caught exception from components
 0:09.32 PASS mainTest - [mainTest : 1114] "a" == "a"
 0:09.32 PASS mainTest - [mainTest : 1114] "/*" == "/*"
 0:09.32 PASS mainTest - [mainTest : 1114] "x" == "x"
 0:09.32 pid:465 {"url":"X://[::]:65502</", "error":{"component":"host", "expected":"::", "actual":"NS_ERROR_FAILURE 2147500037"}}
 0:09.32 ERROR 2147500037
/home/mozilla-unified/obj-x86_64-pc-linux-gnu/_tests/xpcshell/netwerk/test/URLTestFiles/test_URIs_3.js:do_check_property:1105
/home/mozilla-unified/obj-x86_64-pc-linux-gnu/_tests/xpcshell/netwerk/test/URLTestFiles/test_URIs_3.js:do_test_uri_basic:1172
/home/mozilla-unified/obj-x86_64-pc-linux-gnu/_tests/xpcshell/netwerk/test/URLTestFiles/test_URIs_3.js:mainTest/<:1196
/home/mozilla-unified/obj-x86_64-pc-linux-gnu/_tests/xpcshell/netwerk/test/URLTestFiles/test_URIs_3.js:mainTest:1193
/home/mozilla-unified/testing/xpcshell/head.js:_run_next_test/<:1627
/home/mozilla-unified/testing/xpcshell/head.js:_run_next_test:1627
/home/mozilla-unified/testing/xpcshell/head.js:run:774
/home/mozilla-unified/testing/xpcshell/head.js:_do_main:239
/home/mozilla-unified/testing/xpcshell/head.js:_execute_test:567
-e:null:1
 0:09.32 INFO exiting test
 0:09.32 pid:465 caught exception from components
 0:09.32 PASS mainTest - [mainTest : 1114] "http" == "http"
 0:09.32 PASS mainTest - [mainTest : 1114] "::" == "::"
 0:09.32 PASS mainTest - [mainTest : 1114] 65535 == "65535"
 0:09.32 PASS mainTest - [mainTest : 1114] "/" == "/"
 0:09.32 PASS mainTest - [mainTest : 1114] "ws" == "ws"
 0:09.32 PASS mainTest - [mainTest : 1114] "::" == "::"
 0:09.33 PASS mainTest - [mainTest : 1114] 60132 == "60132"
 0:09.33 PASS mainTest - [mainTest : 1114] "/" == "/"
 0:09.34 PASS mainTest - [mainTest : 1114] "file" == "file"
 0:09.34 PASS mainTest - [mainTest : 1114] "/" == "/"
 0:09.35 pid:465 {"url":"file:///?", "error":{"component":"query", "expected":"?%EE%BF%82", "actual":"%EE%BF%82"}}
 0:09.35 ERROR componens do not match
/home/mozilla-unified/obj-x86_64-pc-linux-gnu/_tests/xpcshell/netwerk/test/URLTestFiles/test_URIs_3.js:do_check_property:1111
/home/mozilla-unified/obj-x86_64-pc-linux-gnu/_tests/xpcshell/netwerk/test/URLTestFiles/test_URIs_3.js:do_test_uri_basic:1175
/home/mozilla-unified/obj-x86_64-pc-linux-gnu/_tests/xpcshell/netwerk/test/URLTestFiles/test_URIs_3.js:mainTest/<:1196
/home/mozilla-unified/obj-x86_64-pc-linux-gnu/_tests/xpcshell/netwerk/test/URLTestFiles/test_URIs_3.js:mainTest:1193
/home/mozilla-unified/testing/xpcshell/head.js:_run_next_test/<:1627
/home/mozilla-unified/testing/xpcshell/head.js:_run_next_test:1627
/home/mozilla-unified/testing/xpcshell/head.js:run:774
/home/mozilla-unified/testing/xpcshell/head.js:_do_main:239
/home/mozilla-unified/testing/xpcshell/head.js:_execute_test:567
-e:null:1
 0:09.35 INFO exiting test
 0:09.35 pid:465 caught exception from components
 0:09.35 PASS mainTest - [mainTest : 1114] "w" == "w"
 0:09.35 pid:465 {"url":"W:/<//[::]:6", "error":{"component":"host", "expected":"::", "actual":"NS_ERROR_FAILURE 2147500037"}}
 0:09.35 ERROR 2147500037
/home/mozilla-unified/obj-x86_64-pc-linux-gnu/_tests/xpcshell/netwerk/test/URLTestFiles/test_URIs_3.js:do_check_property:1105
/home/mozilla-unified/obj-x86_64-pc-linux-gnu/_tests/xpcshell/netwerk/test/URLTestFiles/test_URIs_3.js:do_test_uri_basic:1172
/home/mozilla-unified/obj-x86_64-pc-linux-gnu/_tests/xpcshell/netwerk/test/URLTestFiles/test_URIs_3.js:mainTest/<:1196
/home/mozilla-unified/obj-x86_64-pc-linux-gnu/_tests/xpcshell/netwerk/test/URLTestFiles/test_URIs_3.js:mainTest:1193
/home/mozilla-unified/testing/xpcshell/head.js:_run_next_test/<:1627
/home/mozilla-unified/testing/xpcshell/head.js:_run_next_test:1627
/home/mozilla-unified/testing/xpcshell/head.js:run:774
/home/mozilla-unified/testing/xpcshell/head.js:_do_main:239
/home/mozilla-unified/testing/xpcshell/head.js:_execute_test:567
-e:null:1
 0:09.35 INFO exiting test
 0:09.35 pid:465 caught exception from components
 0:09.35 PASS mainTest - [mainTest : 1114] "https" == "https"
 0:09.35 PASS mainTest - [mainTest : 1114] "::fbd:fffb:fdfd" == "::fbd:fffb:fdfd"
 0:09.35 PASS mainTest - [mainTest : 1114] "/" == "/"
 0:09.35 PASS mainTest - [mainTest : 1114] "d" == "d"
 0:09.35 PASS mainTest - [mainTest : 1114] "/=" == "/="
 0:09.35 PASS mainTest - [mainTest : 1114] "l" == "l"
 0:09.35 PASS mainTest - [mainTest : 1114] "/]%60" == "/]%60"
 0:09.35 PASS mainTest - [mainTest : 1114] "file" == "file"
 0:09.35 pid:465 {"url":"file://[::209.255.253.254]", "error":{"component":"host", "expected":"::d1ff:fdfe", "actual":""}}
 0:09.35 ERROR componens do not match
/home/mozilla-unified/obj-x86_64-pc-linux-gnu/_tests/xpcshell/netwerk/test/URLTestFiles/test_URIs_3.js:do_check_property:1111
/home/mozilla-unified/obj-x86_64-pc-linux-gnu/_tests/xpcshell/netwerk/test/URLTestFiles/test_URIs_3.js:do_test_uri_basic:1172
/home/mozilla-unified/obj-x86_64-pc-linux-gnu/_tests/xpcshell/netwerk/test/URLTestFiles/test_URIs_3.js:mainTest/<:1196
/home/mozilla-unified/obj-x86_64-pc-linux-gnu/_tests/xpcshell/netwerk/test/URLTestFiles/test_URIs_3.js:mainTest:1193
/home/mozilla-unified/testing/xpcshell/head.js:_run_next_test/<:1627
/home/mozilla-unified/testing/xpcshell/head.js:_run_next_test:1627
/home/mozilla-unified/testing/xpcshell/head.js:run:774
/home/mozilla-unified/testing/xpcshell/head.js:_do_main:239
/home/mozilla-unified/testing/xpcshell/head.js:_execute_test:567
-e:null:1
 0:09.35 INFO exiting test
 0:09.37 pid:465 caught exception from components
 0:09.37 PASS mainTest - [mainTest : 1114] "https" == "https"
 0:09.38 PASS mainTest - [mainTest : 1114] "::fffa:faee:fcfc:96ff" == "::fffa:faee:fcfc:96ff"
 0:09.38 PASS mainTest - [mainTest : 1114] "/" == "/"
 0:09.38 PASS mainTest - [mainTest : 1114] "g" == "g"
 0:09.38 pid:465 {"url":"g:/<//O", "error":{"component":"host", "expected":"o", "actual":"NS_ERROR_FAILURE 2147500037"}}
 0:09.38 ERROR 2147500037
/home/mozilla-unified/obj-x86_64-pc-linux-gnu/_tests/xpcshell/netwerk/test/URLTestFiles/test_URIs_3.js:do_check_property:1105
/home/mozilla-unified/obj-x86_64-pc-linux-gnu/_tests/xpcshell/netwerk/test/URLTestFiles/test_URIs_3.js:do_test_uri_basic:1172
/home/mozilla-unified/obj-x86_64-pc-linux-gnu/_tests/xpcshell/netwerk/test/URLTestFiles/test_URIs_3.js:mainTest/<:1196
/home/mozilla-unified/obj-x86_64-pc-linux-gnu/_tests/xpcshell/netwerk/test/URLTestFiles/test_URIs_3.js:mainTest:1193
/home/mozilla-unified/testing/xpcshell/head.js:_run_next_test/<:1627
/home/mozilla-unified/testing/xpcshell/head.js:_run_next_test:1627
/home/mozilla-unified/testing/xpcshell/head.js:run:774
/home/mozilla-unified/testing/xpcshell/head.js:_do_main:239
/home/mozilla-unified/testing/xpcshell/head.js:_execute_test:567
-e:null:1
 0:09.38 INFO exiting test
 0:09.38 pid:465 caught exception from components
 0:09.38 PASS mainTest - [mainTest : 1114] "file" == "file"
 0:09.38 PASS mainTest - [mainTest : 1114] "/%EE%98%8F" == "/%EE%98%8F"
 0:09.38 PASS mainTest - [mainTest : 1114] "ftp" == "ftp"
 0:09.38 PASS mainTest - [mainTest : 1114] "i" == "i"
 0:09.38 PASS mainTest - [mainTest : 1114] "/" == "/"
 0:09.38 PASS mainTest - [mainTest : 1114] "https" == "https"
 0:09.39 PASS mainTest - [mainTest : 1114] "::fafd:fdfa:e7fa:bdec" == "::fafd:fdfa:e7fa:bdec"
 0:09.39 PASS mainTest - [mainTest : 1114] "/" == "/"
 0:09.39 PASS mainTest - [mainTest : 1114] "i" == "i"
 0:09.39 pid:465 {"url":"I:///!</", "error":{"component":"filePath", "expected":"/", "actual":"///"}}
 0:09.39 ERROR componens do not match
/home/mozilla-unified/obj-x86_64-pc-linux-gnu/_tests/xpcshell/netwerk/test/URLTestFiles/test_URIs_3.js:do_check_property:1111
/home/mozilla-unified/obj-x86_64-pc-linux-gnu/_tests/xpcshell/netwerk/test/URLTestFiles/test_URIs_3.js:do_test_uri_basic:1174
/home/mozilla-unified/obj-x86_64-pc-linux-gnu/_tests/xpcshell/netwerk/test/URLTestFiles/test_URIs_3.js:mainTest/<:1196
/home/mozilla-unified/obj-x86_64-pc-linux-gnu/_tests/xpcshell/netwerk/test/URLTestFiles/test_URIs_3.js:mainTest:1193
/home/mozilla-unified/testing/xpcshell/head.js:_run_next_test/<:1627
/home/mozilla-unified/testing/xpcshell/head.js:_run_next_test:1627
/home/mozilla-unified/testing/xpcshell/head.js:run:774
/home/mozilla-unified/testing/xpcshell/head.js:_do_main:239
/home/mozilla-unified/testing/xpcshell/head.js:_execute_test:567
-e:null:1
 0:09.39 INFO exiting test
 0:09.39 pid:465 caught exception from components
 0:09.39 PASS mainTest - [mainTest : 1114] "file" == "file"
 0:09.39 PASS mainTest - [mainTest : 1114] "/;%EF%BC%B2" == "/;%EF%BC%B2"
 0:09.39 PASS mainTest - [mainTest : 1114] "file" == "file"
 0:09.40 PASS mainTest - [mainTest : 1114] "/" == "/"
 0:09.40 PASS mainTest - [mainTest : 1114] "%C8%90" == "%C8%90"
 0:09.40 PASS mainTest - [mainTest : 1114] "h" == "h"
 0:09.41 pid:465 {"url":"h:/<//l", "error":{"component":"host", "expected":"l", "actual":"NS_ERROR_FAILURE 2147500037"}}
 0:09.41 ERROR 2147500037
/home/mozilla-unified/obj-x86_64-pc-linux-gnu/_tests/xpcshell/netwerk/test/URLTestFiles/test_URIs_3.js:do_check_property:1105
/home/mozilla-unified/obj-x86_64-pc-linux-gnu/_tests/xpcshell/netwerk/test/URLTestFiles/test_URIs_3.js:do_test_uri_basic:1172
/home/mozilla-unified/obj-x86_64-pc-linux-gnu/_tests/xpcshell/netwerk/test/URLTestFiles/test_URIs_3.js:mainTest/<:1196
/home/mozilla-unified/obj-x86_64-pc-linux-gnu/_tests/xpcshell/netwerk/test/URLTestFiles/test_URIs_3.js:mainTest:1193
/home/mozilla-unified/testing/xpcshell/head.js:_run_next_test/<:1627
/home/mozilla-unified/testing/xpcshell/head.js:_run_next_test:1627
/home/mozilla-unified/testing/xpcshell/head.js:run:774
/home/mozilla-unified/testing/xpcshell/head.js:_do_main:239
/home/mozilla-unified/testing/xpcshell/head.js:_execute_test:567
-e:null:1
 0:09.41 INFO exiting test
 0:09.41 pid:465 caught exception from components
 0:09.41 PASS mainTest - [mainTest : 1114] "i" == "i"
 0:09.41 PASS mainTest - [mainTest : 1114] "/" == "/"
 0:09.41 pid:465 {"url":"i:/?󆮖", "error":{"component":"query", "expected":"?%F3%86%AE%96", "actual":"%F3%86%AE%96"}}
 0:09.41 ERROR componens do not match
/home/mozilla-unified/obj-x86_64-pc-linux-gnu/_tests/xpcshell/netwerk/test/URLTestFiles/test_URIs_3.js:do_check_property:1111
/home/mozilla-unified/obj-x86_64-pc-linux-gnu/_tests/xpcshell/netwerk/test/URLTestFiles/test_URIs_3.js:do_test_uri_basic:1175
/home/mozilla-unified/obj-x86_64-pc-linux-gnu/_tests/xpcshell/netwerk/test/URLTestFiles/test_URIs_3.js:mainTest/<:1196
/home/mozilla-unified/obj-x86_64-pc-linux-gnu/_tests/xpcshell/netwerk/test/URLTestFiles/test_URIs_3.js:mainTest:1193
/home/mozilla-unified/testing/xpcshell/head.js:_run_next_test/<:1627
/home/mozilla-unified/testing/xpcshell/head.js:_run_next_test:1627
/home/mozilla-unified/testing/xpcshell/head.js:run:774
/home/mozilla-unified/testing/xpcshell/head.js:_do_main:239
/home/mozilla-unified/testing/xpcshell/head.js:_execute_test:567
-e:null:1
 0:09.41 INFO exiting test
 0:09.41 pid:465 caught exception from components
 0:09.41 PASS mainTest - [mainTest : 1114] "file" == "file"
 0:09.41 PASS mainTest - [mainTest : 1114] "/" == "/"
 0:09.41 pid:465 {"url":"file:///?%22", "error":{"component":"query", "expected":"?%22", "actual":"%22"}}
 0:09.41 ERROR componens do not match
/home/mozilla-unified/obj-x86_64-pc-linux-gnu/_tests/xpcshell/netwerk/test/URLTestFiles/test_URIs_3.js:do_check_property:1111
/home/mozilla-unified/obj-x86_64-pc-linux-gnu/_tests/xpcshell/netwerk/test/URLTestFiles/test_URIs_3.js:do_test_uri_basic:1175
/home/mozilla-unified/obj-x86_64-pc-linux-gnu/_tests/xpcshell/netwerk/test/URLTestFiles/test_URIs_3.js:mainTest/<:1196
/home/mozilla-unified/obj-x86_64-pc-linux-gnu/_tests/xpcshell/netwerk/test/URLTestFiles/test_URIs_3.js:mainTest:1193
/home/mozilla-unified/testing/xpcshell/head.js:_run_next_test/<:1627
/home/mozilla-unified/testing/xpcshell/head.js:_run_next_test:1627
/home/mozilla-unified/testing/xpcshell/head.js:run:774
/home/mozilla-unified/testing/xpcshell/head.js:_do_main:239
/home/mozilla-unified/testing/xpcshell/head.js:_execute_test:567
-e:null:1
 0:09.41 INFO exiting test
 0:09.41 pid:465 caught exception from components
 0:09.41 PASS mainTest - [mainTest : 1114] "ws" == "ws"
 0:09.41 PASS mainTest - [mainTest : 1114] "bcfa::cbbc:dabc:fffc:fbfb" == "bcfa::cbbc:dabc:fffc:fbfb"
 0:09.41 PASS mainTest - [mainTest : 1114] "/" == "/"
 0:09.41 PASS mainTest - [mainTest : 1114] "h" == "h"
 0:09.41 PASS mainTest - [mainTest : 1114] "/a:/" == "/a:/"
 0:09.41 PASS mainTest - [mainTest : 1114] "ws" == "ws"
 0:09.42 PASS mainTest - [mainTest : 1114] "::fb02:fffa" == "::fb02:fffa"
 0:09.42 PASS mainTest - [mainTest : 1114] "/" == "/"
 0:09.42 PASS mainTest - [mainTest : 1114] "n" == "n"
 0:09.42 PASS mainTest - [mainTest : 1114] "/" == "/"
 0:09.42 pid:465 {"url":"N:/?񶫕", "error":{"component":"query", "expected":"?%F1%B6%AB%95", "actual":"%F1%B6%AB%95"}}
 0:09.42 ERROR componens do not match
/home/mozilla-unified/obj-x86_64-pc-linux-gnu/_tests/xpcshell/netwerk/test/URLTestFiles/test_URIs_3.js:do_check_property:1111
/home/mozilla-unified/obj-x86_64-pc-linux-gnu/_tests/xpcshell/netwerk/test/URLTestFiles/test_URIs_3.js:do_test_uri_basic:1175
/home/mozilla-unified/obj-x86_64-pc-linux-gnu/_tests/xpcshell/netwerk/test/URLTestFiles/test_URIs_3.js:mainTest/<:1196
/home/mozilla-unified/obj-x86_64-pc-linux-gnu/_tests/xpcshell/netwerk/test/URLTestFiles/test_URIs_3.js:mainTest:1193
/home/mozilla-unified/testing/xpcshell/head.js:_run_next_test/<:1627
/home/mozilla-unified/testing/xpcshell/head.js:_run_next_test:1627
/home/mozilla-unified/testing/xpcshell/head.js:run:774
/home/mozilla-unified/testing/xpcshell/head.js:_do_main:239
/home/mozilla-unified/testing/xpcshell/head.js:_execute_test:567
-e:null:1
 0:09.42 INFO exiting test
 0:09.42 pid:465 caught exception from components
 0:09.42 PASS mainTest - [mainTest : 1114] "ws" == "ws"
 0:09.42 PASS mainTest - [mainTest : 1114] "::" == "::"
 0:09.42 PASS mainTest - [mainTest : 1114] "/+" == "/+"
 0:09.42 PASS mainTest - [mainTest : 1114] "file" == "file"
 0:09.42 pid:465 {"url":"file:///<//[::]/%22", "error":{"component":"host", "expected":"::", "actual":""}}
 0:09.42 ERROR componens do not match
/home/mozilla-unified/obj-x86_64-pc-linux-gnu/_tests/xpcshell/netwerk/test/URLTestFiles/test_URIs_3.js:do_check_property:1111
/home/mozilla-unified/obj-x86_64-pc-linux-gnu/_tests/xpcshell/netwerk/test/URLTestFiles/test_URIs_3.js:do_test_uri_basic:1172
/home/mozilla-unified/obj-x86_64-pc-linux-gnu/_tests/xpcshell/netwerk/test/URLTestFiles/test_URIs_3.js:mainTest/<:1196
/home/mozilla-unified/obj-x86_64-pc-linux-gnu/_tests/xpcshell/netwerk/test/URLTestFiles/test_URIs_3.js:mainTest:1193
/home/mozilla-unified/testing/xpcshell/head.js:_run_next_test/<:1627
/home/mozilla-unified/testing/xpcshell/head.js:_run_next_test:1627
/home/mozilla-unified/testing/xpcshell/head.js:run:774
/home/mozilla-unified/testing/xpcshell/head.js:_do_main:239
/home/mozilla-unified/testing/xpcshell/head.js:_execute_test:567
-e:null:1
 0:09.42 INFO exiting test
 0:09.42 pid:465 caught exception from components
 0:09.42 PASS mainTest - [mainTest : 1114] "http" == "http"
 0:09.44 PASS mainTest - [mainTest : 1114] "::" == "::"
 0:09.44 PASS mainTest - [mainTest : 1114] 65355 == "65355"
 0:09.44 PASS mainTest - [mainTest : 1114] "/" == "/"
 0:09.44 PASS mainTest - [mainTest : 1114] "https" == "https"
 0:09.44 PASS mainTest - [mainTest : 1114] "dccd:ffbe:bebc:befc:fdfd:efdc:fafe:8ff" == "dccd:ffbe:bebc:befc:fdfd:efdc:fafe:8ff"
 0:09.44 PASS mainTest - [mainTest : 1114] "/" == "/"
 0:09.44 PASS mainTest - [mainTest : 1114] "f" == "f"
 0:09.44 pid:465 {"url":"F:/<//[dffb:adba:dfbb:effe:adad:caac:252.16.254.252]", "error":{"component":"host", "expected":"dffb:adba:dfbb:effe:adad:caac:fc10:fefc", "actual":"NS_ERROR_FAILURE 2147500037"}}
 0:09.44 ERROR 2147500037
/home/mozilla-unified/obj-x86_64-pc-linux-gnu/_tests/xpcshell/netwerk/test/URLTestFiles/test_URIs_3.js:do_check_property:1105
/home/mozilla-unified/obj-x86_64-pc-linux-gnu/_tests/xpcshell/netwerk/test/URLTestFiles/test_URIs_3.js:do_test_uri_basic:1172
/home/mozilla-unified/obj-x86_64-pc-linux-gnu/_tests/xpcshell/netwerk/test/URLTestFiles/test_URIs_3.js:mainTest/<:1196
/home/mozilla-unified/obj-x86_64-pc-linux-gnu/_tests/xpcshell/netwerk/test/URLTestFiles/test_URIs_3.js:mainTest:1193
/home/mozilla-unified/testing/xpcshell/head.js:_run_next_test/<:1627
/home/mozilla-unified/testing/xpcshell/head.js:_run_next_test:1627
/home/mozilla-unified/testing/xpcshell/head.js:run:774
/home/mozilla-unified/testing/xpcshell/head.js:_do_main:239
/home/mozilla-unified/testing/xpcshell/head.js:_execute_test:567
-e:null:1
 0:09.44 INFO exiting test
 0:09.45 pid:465 caught exception from components
 0:09.45 PASS mainTest - [mainTest : 1114] "file" == "file"
 0:09.45 PASS mainTest - [mainTest : 1114] "/E:/" == "/E:/"
 0:09.45 PASS mainTest - [mainTest : 1114] "file" == "file"
 0:09.45 pid:465 {"url":"file://RĤ", "error":{"component":"host", "expected":"xn--r-qja", "actual":""}}
 0:09.45 ERROR componens do not match
/home/mozilla-unified/obj-x86_64-pc-linux-gnu/_tests/xpcshell/netwerk/test/URLTestFiles/test_URIs_3.js:do_check_property:1111
/home/mozilla-unified/obj-x86_64-pc-linux-gnu/_tests/xpcshell/netwerk/test/URLTestFiles/test_URIs_3.js:do_test_uri_basic:1172
/home/mozilla-unified/obj-x86_64-pc-linux-gnu/_tests/xpcshell/netwerk/test/URLTestFiles/test_URIs_3.js:mainTest/<:1196
/home/mozilla-unified/obj-x86_64-pc-linux-gnu/_tests/xpcshell/netwerk/test/URLTestFiles/test_URIs_3.js:mainTest:1193
/home/mozilla-unified/testing/xpcshell/head.js:_run_next_test/<:1627
/home/mozilla-unified/testing/xpcshell/head.js:_run_next_test:1627
/home/mozilla-unified/testing/xpcshell/head.js:run:774
/home/mozilla-unified/testing/xpcshell/head.js:_do_main:239
/home/mozilla-unified/testing/xpcshell/head.js:_execute_test:567
-e:null:1
 0:09.45 INFO exiting test
 0:09.45 pid:465 caught exception from components
 0:09.45 PASS mainTest - [mainTest : 1114] "b" == "b"
 0:09.45 pid:465 {"url":"b://[::]:62556</", "error":{"component":"host", "expected":"::", "actual":"NS_ERROR_FAILURE 2147500037"}}
 0:09.45 ERROR 2147500037
/home/mozilla-unified/obj-x86_64-pc-linux-gnu/_tests/xpcshell/netwerk/test/URLTestFiles/test_URIs_3.js:do_check_property:1105
/home/mozilla-unified/obj-x86_64-pc-linux-gnu/_tests/xpcshell/netwerk/test/URLTestFiles/test_URIs_3.js:do_test_uri_basic:1172
/home/mozilla-unified/obj-x86_64-pc-linux-gnu/_tests/xpcshell/netwerk/test/URLTestFiles/test_URIs_3.js:mainTest/<:1196
/home/mozilla-unified/obj-x86_64-pc-linux-gnu/_tests/xpcshell/netwerk/test/URLTestFiles/test_URIs_3.js:mainTest:1193
/home/mozilla-unified/testing/xpcshell/head.js:_run_next_test/<:1627
/home/mozilla-unified/testing/xpcshell/head.js:_run_next_test:1627
/home/mozilla-unified/testing/xpcshell/head.js:run:774
/home/mozilla-unified/testing/xpcshell/head.js:_do_main:239
/home/mozilla-unified/testing/xpcshell/head.js:_execute_test:567
-e:null:1
 0:09.45 INFO exiting test
 0:09.45 pid:465 caught exception from components
 0:09.45 PASS mainTest - [mainTest : 1114] "u" == "u"
 0:09.45 PASS mainTest - [mainTest : 1114] "/" == "/"
 0:09.45 pid:465 {"url":"u:/?+", "error":{"component":"query", "expected":"?+", "actual":"+"}}
 0:09.45 ERROR componens do not match
/home/mozilla-unified/obj-x86_64-pc-linux-gnu/_tests/xpcshell/netwerk/test/URLTestFiles/test_URIs_3.js:do_check_property:1111
/home/mozilla-unified/obj-x86_64-pc-linux-gnu/_tests/xpcshell/netwerk/test/URLTestFiles/test_URIs_3.js:do_test_uri_basic:1175
/home/mozilla-unified/obj-x86_64-pc-linux-gnu/_tests/xpcshell/netwerk/test/URLTestFiles/test_URIs_3.js:mainTest/<:1196
/home/mozilla-unified/obj-x86_64-pc-linux-gnu/_tests/xpcshell/netwerk/test/URLTestFiles/test_URIs_3.js:mainTest:1193
/home/mozilla-unified/testing/xpcshell/head.js:_run_next_test/<:1627
/home/mozilla-unified/testing/xpcshell/head.js:_run_next_test:1627
/home/mozilla-unified/testing/xpcshell/head.js:run:774
/home/mozilla-unified/testing/xpcshell/head.js:_do_main:239
/home/mozilla-unified/testing/xpcshell/head.js:_execute_test:567
-e:null:1
 0:09.45 INFO exiting test
 0:09.45 pid:465 caught exception from components
 0:09.45 PASS mainTest - [mainTest : 1114] "https" == "https"
 0:09.45 PASS mainTest - [mainTest : 1114] "::aa3e:fefd:fffb" == "::aa3e:fefd:fffb"
 0:09.45 PASS mainTest - [mainTest : 1114] "/" == "/"
 0:09.45 PASS mainTest - [mainTest : 1114] "file" == "file"
 0:09.45 PASS mainTest - [mainTest : 1114] "/" == "/"
 0:09.47 pid:465 {"url":"file:///</?漭", "error":{"component":"query", "expected":"?%E6%BC%AD", "actual":"%E6%BC%AD"}}
 0:09.46 ERROR componens do not match
/home/mozilla-unified/obj-x86_64-pc-linux-gnu/_tests/xpcshell/netwerk/test/URLTestFiles/test_URIs_3.js:do_check_property:1111
/home/mozilla-unified/obj-x86_64-pc-linux-gnu/_tests/xpcshell/netwerk/test/URLTestFiles/test_URIs_3.js:do_test_uri_basic:1175
/home/mozilla-unified/obj-x86_64-pc-linux-gnu/_tests/xpcshell/netwerk/test/URLTestFiles/test_URIs_3.js:mainTest/<:1196
/home/mozilla-unified/obj-x86_64-pc-linux-gnu/_tests/xpcshell/netwerk/test/URLTestFiles/test_URIs_3.js:mainTest:1193
/home/mozilla-unified/testing/xpcshell/head.js:_run_next_test/<:1627
/home/mozilla-unified/testing/xpcshell/head.js:_run_next_test:1627
/home/mozilla-unified/testing/xpcshell/head.js:run:774
/home/mozilla-unified/testing/xpcshell/head.js:_do_main:239
/home/mozilla-unified/testing/xpcshell/head.js:_execute_test:567
-e:null:1
 0:09.47 INFO exiting test
 0:09.47 pid:465 caught exception from components
 0:09.47 PASS mainTest - [mainTest : 1114] "ws" == "ws"
 0:09.47 PASS mainTest - [mainTest : 1114] "::ff64:feff" == "::ff64:feff"
 0:09.48 PASS mainTest - [mainTest : 1114] "/" == "/"
 0:09.48 PASS mainTest - [mainTest : 1114] "g" == "g"
 0:09.49 pid:465 {"url":"g:/<//{'", "error":{"component":"host", "expected":"{'", "actual":"NS_ERROR_FAILURE 2147500037"}}
 0:09.49 ERROR 2147500037
/home/mozilla-unified/obj-x86_64-pc-linux-gnu/_tests/xpcshell/netwerk/test/URLTestFiles/test_URIs_3.js:do_check_property:1105
/home/mozilla-unified/obj-x86_64-pc-linux-gnu/_tests/xpcshell/netwerk/test/URLTestFiles/test_URIs_3.js:do_test_uri_basic:1172
/home/mozilla-unified/obj-x86_64-pc-linux-gnu/_tests/xpcshell/netwerk/test/URLTestFiles/test_URIs_3.js:mainTest/<:1196
/home/mozilla-unified/obj-x86_64-pc-linux-gnu/_tests/xpcshell/netwerk/test/URLTestFiles/test_URIs_3.js:mainTest:1193
/home/mozilla-unified/testing/xpcshell/head.js:_run_next_test/<:1627
/home/mozilla-unified/testing/xpcshell/head.js:_run_next_test:1627
/home/mozilla-unified/testing/xpcshell/head.js:run:774
/home/mozilla-unified/testing/xpcshell/head.js:_do_main:239
/home/mozilla-unified/testing/xpcshell/head.js:_execute_test:567
-e:null:1
 0:09.49 INFO exiting test
 0:09.49 pid:465 caught exception from components
 0:09.49 PASS mainTest - [mainTest : 1114] "c" == "c"
 0:09.49 PASS mainTest - [mainTest : 1114] "/" == "/"
 0:09.49 PASS mainTest - [mainTest : 1114] "file" == "file"
 0:09.50 pid:465 {"url":"file://-w", "error":{"component":"host", "expected":"-w", "actual":""}}
 0:09.49 ERROR componens do not match
/home/mozilla-unified/obj-x86_64-pc-linux-gnu/_tests/xpcshell/netwerk/test/URLTestFiles/test_URIs_3.js:do_check_property:1111
/home/mozilla-unified/obj-x86_64-pc-linux-gnu/_tests/xpcshell/netwerk/test/URLTestFiles/test_URIs_3.js:do_test_uri_basic:1172
/home/mozilla-unified/obj-x86_64-pc-linux-gnu/_tests/xpcshell/netwerk/test/URLTestFiles/test_URIs_3.js:mainTest/<:1196
/home/mozilla-unified/obj-x86_64-pc-linux-gnu/_tests/xpcshell/netwerk/test/URLTestFiles/test_URIs_3.js:mainTest:1193
/home/mozilla-unified/testing/xpcshell/head.js:_run_next_test/<:1627
/home/mozilla-unified/testing/xpcshell/head.js:_run_next_test:1627
/home/mozilla-unified/testing/xpcshell/head.js:run:774
/home/mozilla-unified/testing/xpcshell/head.js:_do_main:239
/home/mozilla-unified/testing/xpcshell/head.js:_execute_test:567
-e:null:1
 0:09.49 INFO exiting test
 0:09.50 pid:465 caught exception from components
 0:09.49 PASS mainTest - [mainTest : 1114] "http" == "http"
 0:09.49 PASS mainTest - [mainTest : 1114] "::dace:efee:fafa:fdca" == "::dace:efee:fafa:fdca"
 0:09.49 PASS mainTest - [mainTest : 1114] "/" == "/"
 0:09.49 PASS mainTest - [mainTest : 1114] "file" == "file"
 0:09.50 pid:465 {"url":"file:///<//=", "error":{"component":"host", "expected":"=", "actual":""}}
 0:09.49 ERROR componens do not match
/home/mozilla-unified/obj-x86_64-pc-linux-gnu/_tests/xpcshell/netwerk/test/URLTestFiles/test_URIs_3.js:do_check_property:1111
/home/mozilla-unified/obj-x86_64-pc-linux-gnu/_tests/xpcshell/netwerk/test/URLTestFiles/test_URIs_3.js:do_test_uri_basic:1172
/home/mozilla-unified/obj-x86_64-pc-linux-gnu/_tests/xpcshell/netwerk/test/URLTestFiles/test_URIs_3.js:mainTest/<:1196
/home/mozilla-unified/obj-x86_64-pc-linux-gnu/_tests/xpcshell/netwerk/test/URLTestFiles/test_URIs_3.js:mainTest:1193
/home/mozilla-unified/testing/xpcshell/head.js:_run_next_test/<:1627
/home/mozilla-unified/testing/xpcshell/head.js:_run_next_test:1627
/home/mozilla-unified/testing/xpcshell/head.js:run:774
/home/mozilla-unified/testing/xpcshell/head.js:_do_main:239
/home/mozilla-unified/testing/xpcshell/head.js:_execute_test:567
-e:null:1
 0:09.49 INFO exiting test
 0:09.51 pid:465 caught exception from components
 0:09.51 PASS mainTest - [mainTest : 1114] "http" == "http"
 0:09.51 PASS mainTest - [mainTest : 1114] "::fafd:cbfe" == "::fafd:cbfe"
 0:09.52 PASS mainTest - [mainTest : 1114] "/" == "/"
 0:09.52 PASS mainTest - [mainTest : 1114] "https" == "https"
 0:09.52 PASS mainTest - [mainTest : 1114] "::acd8:fdfd:fbfd" == "::acd8:fdfd:fbfd"
 0:09.52 PASS mainTest - [mainTest : 1114] "/" == "/"
 0:09.53 PASS mainTest - [mainTest : 1114] "http" == "http"
 0:09.53 PASS mainTest - [mainTest : 1114] "%F0%BA%88%9F" == "%F0%BA%88%9F"
 0:09.53 PASS mainTest - [mainTest : 1114] "," == ","
 0:09.53 PASS mainTest - [mainTest : 1114] "/" == "/"
 0:09.53 PASS mainTest - [mainTest : 1114] "http" == "http"
 0:09.53 PASS mainTest - [mainTest : 1114] "::cdfd:fffa" == "::cdfd:fffa"
 0:09.53 PASS mainTest - [mainTest : 1114] "/" == "/"
 0:09.53 PASS mainTest - [mainTest : 1114] "https" == "https"
 0:09.53 PASS mainTest - [mainTest : 1114] "::dcce:fbff:b9ff" == "::dcce:fbff:b9ff"
 0:09.53 PASS mainTest - [mainTest : 1114] "/" == "/"
 0:09.53 PASS mainTest - [mainTest : 1114] "v" == "v"
 0:09.54 pid:465 {"url":"V:/<//-", "error":{"component":"host", "expected":"-", "actual":"NS_ERROR_FAILURE 2147500037"}}
 0:09.53 ERROR 2147500037
/home/mozilla-unified/obj-x86_64-pc-linux-gnu/_tests/xpcshell/netwerk/test/URLTestFiles/test_URIs_3.js:do_check_property:1105
/home/mozilla-unified/obj-x86_64-pc-linux-gnu/_tests/xpcshell/netwerk/test/URLTestFiles/test_URIs_3.js:do_test_uri_basic:1172
/home/mozilla-unified/obj-x86_64-pc-linux-gnu/_tests/xpcshell/netwerk/test/URLTestFiles/test_URIs_3.js:mainTest/<:1196
/home/mozilla-unified/obj-x86_64-pc-linux-gnu/_tests/xpcshell/netwerk/test/URLTestFiles/test_URIs_3.js:mainTest:1193
/home/mozilla-unified/testing/xpcshell/head.js:_run_next_test/<:1627
/home/mozilla-unified/testing/xpcshell/head.js:_run_next_test:1627
/home/mozilla-unified/testing/xpcshell/head.js:run:774
/home/mozilla-unified/testing/xpcshell/head.js:_do_main:239
/home/mozilla-unified/testing/xpcshell/head.js:_execute_test:567
-e:null:1
 0:09.53 INFO exiting test
 0:09.54 pid:465 caught exception from components
 0:09.53 PASS mainTest - [mainTest : 1114] "file" == "file"
 0:09.54 pid:465 {"url":"file:///<//[cdcb::ebab:252.254.254.255]", "error":{"component":"host", "expected":"cdcb::ebab:fcfe:feff", "actual":""}}
 0:09.54 ERROR componens do not match
/home/mozilla-unified/obj-x86_64-pc-linux-gnu/_tests/xpcshell/netwerk/test/URLTestFiles/test_URIs_3.js:do_check_property:1111
/home/mozilla-unified/obj-x86_64-pc-linux-gnu/_tests/xpcshell/netwerk/test/URLTestFiles/test_URIs_3.js:do_test_uri_basic:1172
/home/mozilla-unified/obj-x86_64-pc-linux-gnu/_tests/xpcshell/netwerk/test/URLTestFiles/test_URIs_3.js:mainTest/<:1196
/home/mozilla-unified/obj-x86_64-pc-linux-gnu/_tests/xpcshell/netwerk/test/URLTestFiles/test_URIs_3.js:mainTest:1193
/home/mozilla-unified/testing/xpcshell/head.js:_run_next_test/<:1627
/home/mozilla-unified/testing/xpcshell/head.js:_run_next_test:1627
/home/mozilla-unified/testing/xpcshell/head.js:run:774
/home/mozilla-unified/testing/xpcshell/head.js:_do_main:239
/home/mozilla-unified/testing/xpcshell/head.js:_execute_test:567
-e:null:1
 0:09.54 INFO exiting test
 0:09.54 pid:465 caught exception from components
 0:09.54 PASS mainTest - [mainTest : 1114] "file" == "file"
 0:09.54 PASS mainTest - [mainTest : 1114] "/" == "/"
 0:09.54 PASS mainTest - [mainTest : 1114] "%3c" == "%3c"
 0:09.55 PASS mainTest - [mainTest : 1114] "i" == "i"
 0:09.55 PASS mainTest - [mainTest : 1114] "/m:/" == "/m:/"
 0:09.55 PASS mainTest - [mainTest : 1114] "file" == "file"
 0:09.56 pid:465 {"url":"file:///<//c", "error":{"component":"host", "expected":"c", "actual":""}}
 0:09.55 ERROR componens do not match
/home/mozilla-unified/obj-x86_64-pc-linux-gnu/_tests/xpcshell/netwerk/test/URLTestFiles/test_URIs_3.js:do_check_property:1111
/home/mozilla-unified/obj-x86_64-pc-linux-gnu/_tests/xpcshell/netwerk/test/URLTestFiles/test_URIs_3.js:do_test_uri_basic:1172
/home/mozilla-unified/obj-x86_64-pc-linux-gnu/_tests/xpcshell/netwerk/test/URLTestFiles/test_URIs_3.js:mainTest/<:1196
/home/mozilla-unified/obj-x86_64-pc-linux-gnu/_tests/xpcshell/netwerk/test/URLTestFiles/test_URIs_3.js:mainTest:1193
/home/mozilla-unified/testing/xpcshell/head.js:_run_next_test/<:1627
/home/mozilla-unified/testing/xpcshell/head.js:_run_next_test:1627
/home/mozilla-unified/testing/xpcshell/head.js:run:774
/home/mozilla-unified/testing/xpcshell/head.js:_do_main:239
/home/mozilla-unified/testing/xpcshell/head.js:_execute_test:567
-e:null:1
 0:09.56 INFO exiting test
 0:09.57 pid:465 caught exception from components
 0:09.56 PASS mainTest - [mainTest : 1114] "p" == "p"
 0:09.57 pid:465 {"url":"p:/<//[::e8ed]", "error":{"component":"host", "expected":"::e8ed", "actual":"NS_ERROR_FAILURE 2147500037"}}
 0:09.56 ERROR 2147500037
/home/mozilla-unified/obj-x86_64-pc-linux-gnu/_tests/xpcshell/netwerk/test/URLTestFiles/test_URIs_3.js:do_check_property:1105
/home/mozilla-unified/obj-x86_64-pc-linux-gnu/_tests/xpcshell/netwerk/test/URLTestFiles/test_URIs_3.js:do_test_uri_basic:1172
/home/mozilla-unified/obj-x86_64-pc-linux-gnu/_tests/xpcshell/netwerk/test/URLTestFiles/test_URIs_3.js:mainTest/<:1196
/home/mozilla-unified/obj-x86_64-pc-linux-gnu/_tests/xpcshell/netwerk/test/URLTestFiles/test_URIs_3.js:mainTest:1193
/home/mozilla-unified/testing/xpcshell/head.js:_run_next_test/<:1627
/home/mozilla-unified/testing/xpcshell/head.js:_run_next_test:1627
/home/mozilla-unified/testing/xpcshell/head.js:run:774
/home/mozilla-unified/testing/xpcshell/head.js:_do_main:239
/home/mozilla-unified/testing/xpcshell/head.js:_execute_test:567
-e:null:1
 0:09.56 INFO exiting test
 0:09.57 pid:465 caught exception from components
 0:09.56 PASS mainTest - [mainTest : 1114] "p" == "p"
 0:09.57 pid:465 {"url":"P:/<//[bce3:abcc::edcb:fbff:255.252.251.254]", "error":{"component":"host", "expected":"bce3:abcc::edcb:fbff:fffc:fbfe", "actual":"NS_ERROR_FAILURE 2147500037"}}
 0:09.56 ERROR 2147500037
/home/mozilla-unified/obj-x86_64-pc-linux-gnu/_tests/xpcshell/netwerk/test/URLTestFiles/test_URIs_3.js:do_check_property:1105
/home/mozilla-unified/obj-x86_64-pc-linux-gnu/_tests/xpcshell/netwerk/test/URLTestFiles/test_URIs_3.js:do_test_uri_basic:1172
/home/mozilla-unified/obj-x86_64-pc-linux-gnu/_tests/xpcshell/netwerk/test/URLTestFiles/test_URIs_3.js:mainTest/<:1196
/home/mozilla-unified/obj-x86_64-pc-linux-gnu/_tests/xpcshell/netwerk/test/URLTestFiles/test_URIs_3.js:mainTest:1193
/home/mozilla-unified/testing/xpcshell/head.js:_run_next_test/<:1627
/home/mozilla-unified/testing/xpcshell/head.js:_run_next_test:1627
/home/mozilla-unified/testing/xpcshell/head.js:run:774
/home/mozilla-unified/testing/xpcshell/head.js:_do_main:239
/home/mozilla-unified/testing/xpcshell/head.js:_execute_test:567
-e:null:1
 0:09.56 INFO exiting test
 0:09.57 pid:465 caught exception from components
 0:09.56 PASS mainTest - [mainTest : 1114] "ftp" == "ftp"
 0:09.56 PASS mainTest - [mainTest : 1114] "8bae::ceae" == "8bae::ceae"
 0:09.56 PASS mainTest - [mainTest : 1114] "/" == "/"
 0:09.56 PASS mainTest - [mainTest : 1114] "z" == "z"
 0:09.56 PASS mainTest - [mainTest : 1114] "/" == "/"
 0:09.57 PASS mainTest - [mainTest : 1114] "%EF%BA%9E" == "%EF%BA%9E"
 0:09.57 PASS mainTest - [mainTest : 1114] "file" == "file"
 0:09.58 pid:465 {"url":"file:///</.%2e", "error":{"component":"filePath", "expected":"/", "actual":"/.%2e"}}
 0:09.57 ERROR componens do not match
/home/mozilla-unified/obj-x86_64-pc-linux-gnu/_tests/xpcshell/netwerk/test/URLTestFiles/test_URIs_3.js:do_check_property:1111
/home/mozilla-unified/obj-x86_64-pc-linux-gnu/_tests/xpcshell/netwerk/test/URLTestFiles/test_URIs_3.js:do_test_uri_basic:1174
/home/mozilla-unified/obj-x86_64-pc-linux-gnu/_tests/xpcshell/netwerk/test/URLTestFiles/test_URIs_3.js:mainTest/<:1196
/home/mozilla-unified/obj-x86_64-pc-linux-gnu/_tests/xpcshell/netwerk/test/URLTestFiles/test_URIs_3.js:mainTest:1193
/home/mozilla-unified/testing/xpcshell/head.js:_run_next_test/<:1627
/home/mozilla-unified/testing/xpcshell/head.js:_run_next_test:1627
/home/mozilla-unified/testing/xpcshell/head.js:run:774
/home/mozilla-unified/testing/xpcshell/head.js:_do_main:239
/home/mozilla-unified/testing/xpcshell/head.js:_execute_test:567
-e:null:1
 0:09.58 INFO exiting test
 0:09.58 pid:465 caught exception from components
 0:09.58 PASS mainTest - [mainTest : 1114] "h" == "h"
 0:09.59 pid:465 {"url":"H:/<//P,", "error":{"component":"host", "expected":"p,", "actual":"NS_ERROR_FAILURE 2147500037"}}
 0:09.58 ERROR 2147500037
/home/mozilla-unified/obj-x86_64-pc-linux-gnu/_tests/xpcshell/netwerk/test/URLTestFiles/test_URIs_3.js:do_check_property:1105
/home/mozilla-unified/obj-x86_64-pc-linux-gnu/_tests/xpcshell/netwerk/test/URLTestFiles/test_URIs_3.js:do_test_uri_basic:1172
/home/mozilla-unified/obj-x86_64-pc-linux-gnu/_tests/xpcshell/netwerk/test/URLTestFiles/test_URIs_3.js:mainTest/<:1196
/home/mozilla-unified/obj-x86_64-pc-linux-gnu/_tests/xpcshell/netwerk/test/URLTestFiles/test_URIs_3.js:mainTest:1193
/home/mozilla-unified/testing/xpcshell/head.js:_run_next_test/<:1627
/home/mozilla-unified/testing/xpcshell/head.js:_run_next_test:1627
/home/mozilla-unified/testing/xpcshell/head.js:run:774
/home/mozilla-unified/testing/xpcshell/head.js:_do_main:239
/home/mozilla-unified/testing/xpcshell/head.js:_execute_test:567
-e:null:1
 0:09.58 INFO exiting test
 0:09.59 pid:465 caught exception from components
 0:09.58 PASS mainTest - [mainTest : 1114] "file" == "file"
 0:09.58 PASS mainTest - [mainTest : 1114] "/%F1%81%9D%85" == "/%F1%81%9D%85"
 0:09.59 PASS mainTest - [mainTest : 1114] "f" == "f"
 0:09.59 pid:465 {"url":"f:/<//W8", "error":{"component":"host", "expected":"w8", "actual":"NS_ERROR_FAILURE 2147500037"}}
 0:09.59 ERROR 2147500037
/home/mozilla-unified/obj-x86_64-pc-linux-gnu/_tests/xpcshell/netwerk/test/URLTestFiles/test_URIs_3.js:do_check_property:1105
/home/mozilla-unified/obj-x86_64-pc-linux-gnu/_tests/xpcshell/netwerk/test/URLTestFiles/test_URIs_3.js:do_test_uri_basic:1172
/home/mozilla-unified/obj-x86_64-pc-linux-gnu/_tests/xpcshell/netwerk/test/URLTestFiles/test_URIs_3.js:mainTest/<:1196
/home/mozilla-unified/obj-x86_64-pc-linux-gnu/_tests/xpcshell/netwerk/test/URLTestFiles/test_URIs_3.js:mainTest:1193
/home/mozilla-unified/testing/xpcshell/head.js:_run_next_test/<:1627
/home/mozilla-unified/testing/xpcshell/head.js:_run_next_test:1627
/home/mozilla-unified/testing/xpcshell/head.js:run:774
/home/mozilla-unified/testing/xpcshell/head.js:_do_main:239
/home/mozilla-unified/testing/xpcshell/head.js:_execute_test:567
-e:null:1
 0:09.59 INFO exiting test
 0:09.60 pid:465 caught exception from components
 0:09.59 PASS mainTest - [mainTest : 1114] "ws" == "ws"
 0:09.59 PASS mainTest - [mainTest : 1114] "b1cb:fbad:ffec:aeec:eccd:ebea:fcfd:fcfe" == "b1cb:fbad:ffec:aeec:eccd:ebea:fcfd:fcfe"
 0:09.59 PASS mainTest - [mainTest : 1114] "/" == "/"
 0:09.59 PASS mainTest - [mainTest : 1114] "ws" == "ws"
 0:09.59 PASS mainTest - [mainTest : 1114] "%E4%89%A0" == "%E4%89%A0"
 0:09.59 PASS mainTest - [mainTest : 1114] ")" == ")"
 0:09.59 PASS mainTest - [mainTest : 1114] "/" == "/"
 0:09.60 PASS mainTest - [mainTest : 1114] "file" == "file"
 0:09.60 pid:465 {"url":"file:///<//[::efde:bbdf]", "error":{"component":"host", "expected":"::efde:bbdf", "actual":""}}
 0:09.60 ERROR componens do not match
/home/mozilla-unified/obj-x86_64-pc-linux-gnu/_tests/xpcshell/netwerk/test/URLTestFiles/test_URIs_3.js:do_check_property:1111
/home/mozilla-unified/obj-x86_64-pc-linux-gnu/_tests/xpcshell/netwerk/test/URLTestFiles/test_URIs_3.js:do_test_uri_basic:1172
/home/mozilla-unified/obj-x86_64-pc-linux-gnu/_tests/xpcshell/netwerk/test/URLTestFiles/test_URIs_3.js:mainTest/<:1196
/home/mozilla-unified/obj-x86_64-pc-linux-gnu/_tests/xpcshell/netwerk/test/URLTestFiles/test_URIs_3.js:mainTest:1193
/home/mozilla-unified/testing/xpcshell/head.js:_run_next_test/<:1627
/home/mozilla-unified/testing/xpcshell/head.js:_run_next_test:1627
/home/mozilla-unified/testing/xpcshell/head.js:run:774
/home/mozilla-unified/testing/xpcshell/head.js:_do_main:239
/home/mozilla-unified/testing/xpcshell/head.js:_execute_test:567
-e:null:1
 0:09.60 INFO exiting test
 0:09.60 pid:465 caught exception from components
 0:09.60 PASS mainTest - [mainTest : 1114] "file" == "file"
 0:09.60 PASS mainTest - [mainTest : 1114] "//" == "//"
 0:09.60 PASS mainTest - [mainTest : 1114] "file" == "file"
 0:09.60 PASS mainTest - [mainTest : 1114] "/%F2%A4%8B%A3" == "/%F2%A4%8B%A3"
 0:09.60 PASS mainTest - [mainTest : 1114] "http" == "http"
 0:09.60 PASS mainTest - [mainTest : 1114] "::" == "::"
 0:09.61 PASS mainTest - [mainTest : 1114] 65531 == "65531"
 0:09.61 PASS mainTest - [mainTest : 1114] "/" == "/"
 0:09.61 PASS mainTest - [mainTest : 1114] "r" == "r"
 0:09.62 pid:465 {"url":"R:/<//[bebc:eabc:afba:bfef:bbfe:afcc:254.252.252.43]", "error":{"component":"host", "expected":"bebc:eabc:afba:bfef:bbfe:afcc:fefc:fc2b", "actual":"NS_ERROR_FAILURE 2147500037"}}
 0:09.61 ERROR 2147500037
/home/mozilla-unified/obj-x86_64-pc-linux-gnu/_tests/xpcshell/netwerk/test/URLTestFiles/test_URIs_3.js:do_check_property:1105
/home/mozilla-unified/obj-x86_64-pc-linux-gnu/_tests/xpcshell/netwerk/test/URLTestFiles/test_URIs_3.js:do_test_uri_basic:1172
/home/mozilla-unified/obj-x86_64-pc-linux-gnu/_tests/xpcshell/netwerk/test/URLTestFiles/test_URIs_3.js:mainTest/<:1196
/home/mozilla-unified/obj-x86_64-pc-linux-gnu/_tests/xpcshell/netwerk/test/URLTestFiles/test_URIs_3.js:mainTest:1193
/home/mozilla-unified/testing/xpcshell/head.js:_run_next_test/<:1627
/home/mozilla-unified/testing/xpcshell/head.js:_run_next_test:1627
/home/mozilla-unified/testing/xpcshell/head.js:run:774
/home/mozilla-unified/testing/xpcshell/head.js:_do_main:239
/home/mozilla-unified/testing/xpcshell/head.js:_execute_test:567
-e:null:1
 0:09.61 INFO exiting test
 0:09.62 pid:465 caught exception from components
 0:09.62 PASS mainTest - [mainTest : 1114] "f" == "f"
 0:09.62 pid:465 {"url":"f:/<//[::251.252.252.36]", "error":{"component":"host", "expected":"::fbfc:fc24", "actual":"NS_ERROR_FAILURE 2147500037"}}
 0:09.62 ERROR 2147500037
/home/mozilla-unified/obj-x86_64-pc-linux-gnu/_tests/xpcshell/netwerk/test/URLTestFiles/test_URIs_3.js:do_check_property:1105
/home/mozilla-unified/obj-x86_64-pc-linux-gnu/_tests/xpcshell/netwerk/test/URLTestFiles/test_URIs_3.js:do_test_uri_basic:1172
/home/mozilla-unified/obj-x86_64-pc-linux-gnu/_tests/xpcshell/netwerk/test/URLTestFiles/test_URIs_3.js:mainTest/<:1196
/home/mozilla-unified/obj-x86_64-pc-linux-gnu/_tests/xpcshell/netwerk/test/URLTestFiles/test_URIs_3.js:mainTest:1193
/home/mozilla-unified/testing/xpcshell/head.js:_run_next_test/<:1627
/home/mozilla-unified/testing/xpcshell/head.js:_run_next_test:1627
/home/mozilla-unified/testing/xpcshell/head.js:run:774
/home/mozilla-unified/testing/xpcshell/head.js:_do_main:239
/home/mozilla-unified/testing/xpcshell/head.js:_execute_test:567
-e:null:1
 0:09.62 INFO exiting test
 0:09.62 pid:465 caught exception from components
 0:09.62 PASS mainTest - [mainTest : 1114] "k" == "k"
 0:09.62 PASS mainTest - [mainTest : 1114] "/%E7%A5%B4" == "/%E7%A5%B4"
 0:09.62 PASS mainTest - [mainTest : 1114] "i" == "i"
 0:09.62 pid:465 {"url":"i:/<//,i", "error":{"component":"host", "expected":",i", "actual":"NS_ERROR_FAILURE 2147500037"}}
 0:09.62 ERROR 2147500037
/home/mozilla-unified/obj-x86_64-pc-linux-gnu/_tests/xpcshell/netwerk/test/URLTestFiles/test_URIs_3.js:do_check_property:1105
/home/mozilla-unified/obj-x86_64-pc-linux-gnu/_tests/xpcshell/netwerk/test/URLTestFiles/test_URIs_3.js:do_test_uri_basic:1172
/home/mozilla-unified/obj-x86_64-pc-linux-gnu/_tests/xpcshell/netwerk/test/URLTestFiles/test_URIs_3.js:mainTest/<:1196
/home/mozilla-unified/obj-x86_64-pc-linux-gnu/_tests/xpcshell/netwerk/test/URLTestFiles/test_URIs_3.js:mainTest:1193
/home/mozilla-unified/testing/xpcshell/head.js:_run_next_test/<:1627
/home/mozilla-unified/testing/xpcshell/head.js:_run_next_test:1627
/home/mozilla-unified/testing/xpcshell/head.js:run:774
/home/mozilla-unified/testing/xpcshell/head.js:_do_main:239
/home/mozilla-unified/testing/xpcshell/head.js:_execute_test:567
-e:null:1
 0:09.62 INFO exiting test
 0:09.62 pid:465 caught exception from components
 0:09.62 PASS mainTest - [mainTest : 1114] "file" == "file"
 0:09.62 PASS mainTest - [mainTest : 1114] "/*" == "/*"
 0:09.62 PASS mainTest - [mainTest : 1114] "d" == "d"
 0:09.62 PASS mainTest - [mainTest : 1114] "/" == "/"
 0:09.63 pid:465 {"url":"D:/</?", "error":{"component":"query", "expected":"?%EF%A0%88", "actual":"%EF%A0%88"}}
 0:09.62 ERROR componens do not match
/home/mozilla-unified/obj-x86_64-pc-linux-gnu/_tests/xpcshell/netwerk/test/URLTestFiles/test_URIs_3.js:do_check_property:1111
/home/mozilla-unified/obj-x86_64-pc-linux-gnu/_tests/xpcshell/netwerk/test/URLTestFiles/test_URIs_3.js:do_test_uri_basic:1175
/home/mozilla-unified/obj-x86_64-pc-linux-gnu/_tests/xpcshell/netwerk/test/URLTestFiles/test_URIs_3.js:mainTest/<:1196
/home/mozilla-unified/obj-x86_64-pc-linux-gnu/_tests/xpcshell/netwerk/test/URLTestFiles/test_URIs_3.js:mainTest:1193
/home/mozilla-unified/testing/xpcshell/head.js:_run_next_test/<:1627
/home/mozilla-unified/testing/xpcshell/head.js:_run_next_test:1627
/home/mozilla-unified/testing/xpcshell/head.js:run:774
/home/mozilla-unified/testing/xpcshell/head.js:_do_main:239
/home/mozilla-unified/testing/xpcshell/head.js:_execute_test:567
-e:null:1
 0:09.63 INFO exiting test
 0:09.63 pid:465 caught exception from components
 0:09.63 PASS mainTest - [mainTest : 1114] "file" == "file"
 0:09.63 PASS mainTest - [mainTest : 1114] "/'%EF%8C%A7" == "/'%EF%8C%A7"
 0:09.63 PASS mainTest - [mainTest : 1114] "file" == "file"
 0:09.64 PASS mainTest - [mainTest : 1114] "/" == "/"
 0:09.65 pid:465 {"url":"file:///?`", "error":{"component":"query", "expected":"?`", "actual":"`"}}
 0:09.64 ERROR componens do not match
/home/mozilla-unified/obj-x86_64-pc-linux-gnu/_tests/xpcshell/netwerk/test/URLTestFiles/test_URIs_3.js:do_check_property:1111
/home/mozilla-unified/obj-x86_64-pc-linux-gnu/_tests/xpcshell/netwerk/test/URLTestFiles/test_URIs_3.js:do_test_uri_basic:1175
/home/mozilla-unified/obj-x86_64-pc-linux-gnu/_tests/xpcshell/netwerk/test/URLTestFiles/test_URIs_3.js:mainTest/<:1196
/home/mozilla-unified/obj-x86_64-pc-linux-gnu/_tests/xpcshell/netwerk/test/URLTestFiles/test_URIs_3.js:mainTest:1193
/home/mozilla-unified/testing/xpcshell/head.js:_run_next_test/<:1627
/home/mozilla-unified/testing/xpcshell/head.js:_run_next_test:1627
/home/mozilla-unified/testing/xpcshell/head.js:run:774
/home/mozilla-unified/testing/xpcshell/head.js:_do_main:239
/home/mozilla-unified/testing/xpcshell/head.js:_execute_test:567
-e:null:1
 0:09.64 INFO exiting test
 0:09.65 pid:465 caught exception from components
 0:09.64 PASS mainTest - [mainTest : 1114] "https" == "https"
 0:09.64 PASS mainTest - [mainTest : 1114] "::efeb:fe60:faff" == "::efeb:fe60:faff"
 0:09.64 PASS mainTest - [mainTest : 1114] "/" == "/"
 0:09.64 PASS mainTest - [mainTest : 1114] "http" == "http"
 0:09.64 PASS mainTest - [mainTest : 1114] "a7bd:ceed::aece:adce:fefc:fafe" == "a7bd:ceed::aece:adce:fefc:fafe"
 0:09.64 PASS mainTest - [mainTest : 1114] "/" == "/"
 0:09.64 PASS mainTest - [mainTest : 1114] "file" == "file"
 0:09.65 pid:465 {"url":"file:///<//Gă", "error":{"component":"host", "expected":"xn--g-sha", "actual":""}}
 0:09.64 ERROR componens do not match
/home/mozilla-unified/obj-x86_64-pc-linux-gnu/_tests/xpcshell/netwerk/test/URLTestFiles/test_URIs_3.js:do_check_property:1111
/home/mozilla-unified/obj-x86_64-pc-linux-gnu/_tests/xpcshell/netwerk/test/URLTestFiles/test_URIs_3.js:do_test_uri_basic:1172
/home/mozilla-unified/obj-x86_64-pc-linux-gnu/_tests/xpcshell/netwerk/test/URLTestFiles/test_URIs_3.js:mainTest/<:1196
/home/mozilla-unified/obj-x86_64-pc-linux-gnu/_tests/xpcshell/netwerk/test/URLTestFiles/test_URIs_3.js:mainTest:1193
/home/mozilla-unified/testing/xpcshell/head.js:_run_next_test/<:1627
/home/mozilla-unified/testing/xpcshell/head.js:_run_next_test:1627
/home/mozilla-unified/testing/xpcshell/head.js:run:774
/home/mozilla-unified/testing/xpcshell/head.js:_do_main:239
/home/mozilla-unified/testing/xpcshell/head.js:_execute_test:567
-e:null:1
 0:09.64 INFO exiting test
 0:09.65 pid:465 caught exception from components
 0:09.65 PASS mainTest - [mainTest : 1114] "file" == "file"
 0:09.65 pid:465 {"url":"file://[dd7b::250.251.254.252]", "error":{"component":"host", "expected":"dd7b::fafb:fefc", "actual":""}}
 0:09.65 ERROR componens do not match
/home/mozilla-unified/obj-x86_64-pc-linux-gnu/_tests/xpcshell/netwerk/test/URLTestFiles/test_URIs_3.js:do_check_property:1111
/home/mozilla-unified/obj-x86_64-pc-linux-gnu/_tests/xpcshell/netwerk/test/URLTestFiles/test_URIs_3.js:do_test_uri_basic:1172
/home/mozilla-unified/obj-x86_64-pc-linux-gnu/_tests/xpcshell/netwerk/test/URLTestFiles/test_URIs_3.js:mainTest/<:1196
/home/mozilla-unified/obj-x86_64-pc-linux-gnu/_tests/xpcshell/netwerk/test/URLTestFiles/test_URIs_3.js:mainTest:1193
/home/mozilla-unified/testing/xpcshell/head.js:_run_next_test/<:1627
/home/mozilla-unified/testing/xpcshell/head.js:_run_next_test:1627
/home/mozilla-unified/testing/xpcshell/head.js:run:774
/home/mozilla-unified/testing/xpcshell/head.js:_do_main:239
/home/mozilla-unified/testing/xpcshell/head.js:_execute_test:567
-e:null:1
 0:09.65 INFO exiting test
 0:09.65 pid:465 caught exception from components
 0:09.65 PASS mainTest - [mainTest : 1114] "r" == "r"
 0:09.65 pid:465 {"url":"r:/<//[::c1ab:250.251.252.255]", "error":{"component":"host", "expected":"::c1ab:fafb:fcff", "actual":"NS_ERROR_FAILURE 2147500037"}}
 0:09.65 ERROR 2147500037
/home/mozilla-unified/obj-x86_64-pc-linux-gnu/_tests/xpcshell/netwerk/test/URLTestFiles/test_URIs_3.js:do_check_property:1105
/home/mozilla-unified/obj-x86_64-pc-linux-gnu/_tests/xpcshell/netwerk/test/URLTestFiles/test_URIs_3.js:do_test_uri_basic:1172
/home/mozilla-unified/obj-x86_64-pc-linux-gnu/_tests/xpcshell/netwerk/test/URLTestFiles/test_URIs_3.js:mainTest/<:1196
/home/mozilla-unified/obj-x86_64-pc-linux-gnu/_tests/xpcshell/netwerk/test/URLTestFiles/test_URIs_3.js:mainTest:1193
/home/mozilla-unified/testing/xpcshell/head.js:_run_next_test/<:1627
/home/mozilla-unified/testing/xpcshell/head.js:_run_next_test:1627
/home/mozilla-unified/testing/xpcshell/head.js:run:774
/home/mozilla-unified/testing/xpcshell/head.js:_do_main:239
/home/mozilla-unified/testing/xpcshell/head.js:_execute_test:567
-e:null:1
 0:09.65 INFO exiting test
 0:09.65 pid:465 caught exception from components
 0:09.65 PASS mainTest - [mainTest : 1114] "https" == "https"
 0:09.65 PASS mainTest - [mainTest : 1114] "i" == "i"
 0:09.65 PASS mainTest - [mainTest : 1114] "/" == "/"
 0:09.65 PASS mainTest - [mainTest : 1114] "a" == "a"
 0:09.66 PASS mainTest - [mainTest : 1114] "/" == "/"
 0:09.66 PASS mainTest - [mainTest : 1114] "file" == "file"
 0:09.66 PASS mainTest - [mainTest : 1114] "/" == "/"
 0:09.67 pid:465 {"url":"file:///</?􏼏", "error":{"component":"query", "expected":"?%F4%8F%BC%8F", "actual":"%F4%8F%BC%8F"}}
 0:09.66 ERROR componens do not match
/home/mozilla-unified/obj-x86_64-pc-linux-gnu/_tests/xpcshell/netwerk/test/URLTestFiles/test_URIs_3.js:do_check_property:1111
/home/mozilla-unified/obj-x86_64-pc-linux-gnu/_tests/xpcshell/netwerk/test/URLTestFiles/test_URIs_3.js:do_test_uri_basic:1175
/home/mozilla-unified/obj-x86_64-pc-linux-gnu/_tests/xpcshell/netwerk/test/URLTestFiles/test_URIs_3.js:mainTest/<:1196
/home/mozilla-unified/obj-x86_64-pc-linux-gnu/_tests/xpcshell/netwerk/test/URLTestFiles/test_URIs_3.js:mainTest:1193
/home/mozilla-unified/testing/xpcshell/head.js:_run_next_test/<:1627
/home/mozilla-unified/testing/xpcshell/head.js:_run_next_test:1627
/home/mozilla-unified/testing/xpcshell/head.js:run:774
/home/mozilla-unified/testing/xpcshell/head.js:_do_main:239
/home/mozilla-unified/testing/xpcshell/head.js:_execute_test:567
-e:null:1
 0:09.67 INFO exiting test
 0:09.68 pid:465 caught exception from components
 0:09.67 PASS mainTest - [mainTest : 1114] "file" == "file"
 0:09.69 pid:465 {"url":"file:///<//252.251.253.205", "error":{"component":"host", "expected":"252.251.253.205", "actual":""}}
 0:09.67 ERROR componens do not match
/home/mozilla-unified/obj-x86_64-pc-linux-gnu/_tests/xpcshell/netwerk/test/URLTestFiles/test_URIs_3.js:do_check_property:1111
/home/mozilla-unified/obj-x86_64-pc-linux-gnu/_tests/xpcshell/netwerk/test/URLTestFiles/test_URIs_3.js:do_test_uri_basic:1172
/home/mozilla-unified/obj-x86_64-pc-linux-gnu/_tests/xpcshell/netwerk/test/URLTestFiles/test_URIs_3.js:mainTest/<:1196
/home/mozilla-unified/obj-x86_64-pc-linux-gnu/_tests/xpcshell/netwerk/test/URLTestFiles/test_URIs_3.js:mainTest:1193
/home/mozilla-unified/testing/xpcshell/head.js:_run_next_test/<:1627
/home/mozilla-unified/testing/xpcshell/head.js:_run_next_test:1627
/home/mozilla-unified/testing/xpcshell/head.js:run:774
/home/mozilla-unified/testing/xpcshell/head.js:_do_main:239
/home/mozilla-unified/testing/xpcshell/head.js:_execute_test:567
-e:null:1
 0:09.67 INFO exiting test
 0:09.69 pid:465 caught exception from components
 0:09.67 PASS mainTest - [mainTest : 1114] "http" == "http"
 0:09.67 PASS mainTest - [mainTest : 1114] "::aabf:acdf:fefb:fc0f" == "::aabf:acdf:fefb:fc0f"
 0:09.67 PASS mainTest - [mainTest : 1114] "/" == "/"
 0:09.68 PASS mainTest - [mainTest : 1114] "file" == "file"
 0:09.69 pid:465 {"url":"file://[::bbbf:faac:252.251.255.207]", "error":{"component":"host", "expected":"::bbbf:faac:fcfb:ffcf", "actual":""}}
 0:09.68 ERROR componens do not match
/home/mozilla-unified/obj-x86_64-pc-linux-gnu/_tests/xpcshell/netwerk/test/URLTestFiles/test_URIs_3.js:do_check_property:1111
/home/mozilla-unified/obj-x86_64-pc-linux-gnu/_tests/xpcshell/netwerk/test/URLTestFiles/test_URIs_3.js:do_test_uri_basic:1172
/home/mozilla-unified/obj-x86_64-pc-linux-gnu/_tests/xpcshell/netwerk/test/URLTestFiles/test_URIs_3.js:mainTest/<:1196
/home/mozilla-unified/obj-x86_64-pc-linux-gnu/_tests/xpcshell/netwerk/test/URLTestFiles/test_URIs_3.js:mainTest:1193
/home/mozilla-unified/testing/xpcshell/head.js:_run_next_test/<:1627
/home/mozilla-unified/testing/xpcshell/head.js:_run_next_test:1627
/home/mozilla-unified/testing/xpcshell/head.js:run:774
/home/mozilla-unified/testing/xpcshell/head.js:_do_main:239
/home/mozilla-unified/testing/xpcshell/head.js:_execute_test:567
-e:null:1
 0:09.68 INFO exiting test
 0:09.69 pid:465 caught exception from components
 0:09.68 INFO (xpcshell/head.js) | test run_next_test 0 finished (2)
 0:09.68 INFO (xpcshell/head.js) | test run_next_test 1 pending (2)
 0:09.68 INFO (xpcshell/head.js) | test mainTest finished (2)
 0:09.68 INFO (xpcshell/head.js) | test run_next_test 1 finished (1)
 0:09.68 INFO exiting test
 0:11.54 TEST_END: Test FAIL, expected PASS. Subtests passed 186/186. Unexpected 0 - xpcshell return code: 0
 0:11.56 INFO INFO | Result summary:
 0:11.56 INFO INFO | Passed: 0
 0:11.56 INFO INFO | Failed: 1
 0:11.56 INFO INFO | Todo: 0
 0:11.56 INFO INFO | Retried: 0
 0:11.56 SUITE_END
 0:11.56 INFO Node moz-http2 server shutting down ...
 0:11.60 INFO http3Server server shutting down ...
 0:11.70 
Overall Summary
===============

xpcshell
~~~~~~~~
Ran 187 checks (186 subtests, 1 tests)
Expected results: 186
Unexpected results: 1
  test: 1 (1 fail)

Unexpected Results
------------------
netwerk/test/URLTestFiles/test_URIs_3.js
  FAIL netwerk/test/URLTestFiles/test_URIs_3.js - xpcshell return code: 0
ERROR 2147500037
/home/mozilla-unified/obj-x86_64-pc-linux-gnu/_tests/xpcshell/netwerk/test/URLTestFiles/test_URIs_3.js:do_check_property:1105
/home/mozilla-unified/obj-x86_64-pc-linux-gnu/_tests/xpcshell/netwerk/test/URLTestFiles/test_URIs_3.js:do_test_uri_basic:1172
/home/mozilla-unified/obj-x86_64-pc-linux-gnu/_tests/xpcshell/netwerk/test/URLTestFiles/test_URIs_3.js:mainTest/<:1196
/home/mozilla-unified/obj-x86_64-pc-linux-gnu/_tests/xpcshell/netwerk/test/URLTestFiles/test_URIs_3.js:mainTest:1193
/home/mozilla-unified/testing/xpcshell/head.js:_run_next_test/<:1627
/home/mozilla-unified/testing/xpcshell/head.js:_run_next_test:1627
/home/mozilla-unified/testing/xpcshell/head.js:run:774
/home/mozilla-unified/testing/xpcshell/head.js:_do_main:239
/home/mozilla-unified/testing/xpcshell/head.js:_execute_test:567
-e:null:1
ERROR componens do not match
/home/mozilla-unified/obj-x86_64-pc-linux-gnu/_tests/xpcshell/netwerk/test/URLTestFiles/test_URIs_3.js:do_check_property:1111
/home/mozilla-unified/obj-x86_64-pc-linux-gnu/_tests/xpcshell/netwerk/test/URLTestFiles/test_URIs_3.js:do_test_uri_basic:1172
/home/mozilla-unified/obj-x86_64-pc-linux-gnu/_tests/xpcshell/netwerk/test/URLTestFiles/test_URIs_3.js:mainTest/<:1196
/home/mozilla-unified/obj-x86_64-pc-linux-gnu/_tests/xpcshell/netwerk/test/URLTestFiles/test_URIs_3.js:mainTest:1193
/home/mozilla-unified/testing/xpcshell/head.js:_run_next_test/<:1627
/home/mozilla-unified/testing/xpcshell/head.js:_run_next_test:1627
/home/mozilla-unified/testing/xpcshell/head.js:run:774
/home/mozilla-unified/testing/xpcshell/head.js:_do_main:239
/home/mozilla-unified/testing/xpcshell/head.js:_execute_test:567
-e:null:1
ERROR 2147500037
/home/mozilla-unified/obj-x86_64-pc-linux-gnu/_tests/xpcshell/netwerk/test/URLTestFiles/test_URIs_3.js:do_check_property:1105
/home/mozilla-unified/obj-x86_64-pc-linux-gnu/_tests/xpcshell/netwerk/test/URLTestFiles/test_URIs_3.js:do_test_uri_basic:1172
/home/mozilla-unified/obj-x86_64-pc-linux-gnu/_tests/xpcshell/netwerk/test/URLTestFiles/test_URIs_3.js:mainTest/<:1196
/home/mozilla-unified/obj-x86_64-pc-linux-gnu/_tests/xpcshell/netwerk/test/URLTestFiles/test_URIs_3.js:mainTest:1193
/home/mozilla-unified/testing/xpcshell/head.js:_run_next_test/<:1627
/home/mozilla-unified/testing/xpcshell/head.js:_run_next_test:1627
/home/mozilla-unified/testing/xpcshell/head.js:run:774
/home/mozilla-unified/testing/xpcshell/head.js:_do_main:239
/home/mozilla-unified/testing/xpcshell/head.js:_execute_test:567
-e:null:1
ERROR 2147500037
/home/mozilla-unified/obj-x86_64-pc-linux-gnu/_tests/xpcshell/netwerk/test/URLTestFiles/test_URIs_3.js:do_check_property:1105
/home/mozilla-unified/obj-x86_64-pc-linux-gnu/_tests/xpcshell/netwerk/test/URLTestFiles/test_URIs_3.js:do_test_uri_basic:1172
/home/mozilla-unified/obj-x86_64-pc-linux-gnu/_tests/xpcshell/netwerk/test/URLTestFiles/test_URIs_3.js:mainTest/<:1196
/home/mozilla-unified/obj-x86_64-pc-linux-gnu/_tests/xpcshell/netwerk/test/URLTestFiles/test_URIs_3.js:mainTest:1193
/home/mozilla-unified/testing/xpcshell/head.js:_run_next_test/<:1627
/home/mozilla-unified/testing/xpcshell/head.js:_run_next_test:1627
/home/mozilla-unified/testing/xpcshell/head.js:run:774
/home/mozilla-unified/testing/xpcshell/head.js:_do_main:239
/home/mozilla-unified/testing/xpcshell/head.js:_execute_test:567
-e:null:1
ERROR componens do not match
/home/mozilla-unified/obj-x86_64-pc-linux-gnu/_tests/xpcshell/netwerk/test/URLTestFiles/test_URIs_3.js:do_check_property:1111
/home/mozilla-unified/obj-x86_64-pc-linux-gnu/_tests/xpcshell/netwerk/test/URLTestFiles/test_URIs_3.js:do_test_uri_basic:1175
/home/mozilla-unified/obj-x86_64-pc-linux-gnu/_tests/xpcshell/netwerk/test/URLTestFiles/test_URIs_3.js:mainTest/<:1196
/home/mozilla-unified/obj-x86_64-pc-linux-gnu/_tests/xpcshell/netwerk/test/URLTestFiles/test_URIs_3.js:mainTest:1193
/home/mozilla-unified/testing/xpcshell/head.js:_run_next_test/<:1627
/home/mozilla-unified/testing/xpcshell/head.js:_run_next_test:1627
/home/mozilla-unified/testing/xpcshell/head.js:run:774
/home/mozilla-unified/testing/xpcshell/head.js:_do_main:239
/home/mozilla-unified/testing/xpcshell/head.js:_execute_test:567
-e:null:1
ERROR 2147500037
/home/mozilla-unified/obj-x86_64-pc-linux-gnu/_tests/xpcshell/netwerk/test/URLTestFiles/test_URIs_3.js:do_check_property:1105
/home/mozilla-unified/obj-x86_64-pc-linux-gnu/_tests/xpcshell/netwerk/test/URLTestFiles/test_URIs_3.js:do_test_uri_basic:1172
/home/mozilla-unified/obj-x86_64-pc-linux-gnu/_tests/xpcshell/netwerk/test/URLTestFiles/test_URIs_3.js:mainTest/<:1196
/home/mozilla-unified/obj-x86_64-pc-linux-gnu/_tests/xpcshell/netwerk/test/URLTestFiles/test_URIs_3.js:mainTest:1193
/home/mozilla-unified/testing/xpcshell/head.js:_run_next_test/<:1627
/home/mozilla-unified/testing/xpcshell/head.js:_run_next_test:1627
/home/mozilla-unified/testing/xpcshell/head.js:run:774
/home/mozilla-unified/testing/xpcshell/head.js:_do_main:239
/home/mozilla-unified/testing/xpcshell/head.js:_execute_test:567
-e:null:1
ERROR componens do not match
/home/mozilla-unified/obj-x86_64-pc-linux-gnu/_tests/xpcshell/netwerk/test/URLTestFiles/test_URIs_3.js:do_check_property:1111
/home/mozilla-unified/obj-x86_64-pc-linux-gnu/_tests/xpcshell/netwerk/test/URLTestFiles/test_URIs_3.js:do_test_uri_basic:1172
/home/mozilla-unified/obj-x86_64-pc-linux-gnu/_tests/xpcshell/netwerk/test/URLTestFiles/test_URIs_3.js:mainTest/<:1196
/home/mozilla-unified/obj-x86_64-pc-linux-gnu/_tests/xpcshell/netwerk/test/URLTestFiles/test_URIs_3.js:mainTest:1193
/home/mozilla-unified/testing/xpcshell/head.js:_run_next_test/<:1627
/home/mozilla-unified/testing/xpcshell/head.js:_run_next_test:1627
/home/mozilla-unified/testing/xpcshell/head.js:run:774
/home/mozilla-unified/testing/xpcshell/head.js:_do_main:239
/home/mozilla-unified/testing/xpcshell/head.js:_execute_test:567
-e:null:1
ERROR 2147500037
/home/mozilla-unified/obj-x86_64-pc-linux-gnu/_tests/xpcshell/netwerk/test/URLTestFiles/test_URIs_3.js:do_check_property:1105
/home/mozilla-unified/obj-x86_64-pc-linux-gnu/_tests/xpcshell/netwerk/test/URLTestFiles/test_URIs_3.js:do_test_uri_basic:1172
/home/mozilla-unified/obj-x86_64-pc-linux-gnu/_tests/xpcshell/netwerk/test/URLTestFiles/test_URIs_3.js:mainTest/<:1196
/home/mozilla-unified/obj-x86_64-pc-linux-gnu/_tests/xpcshell/netwerk/test/URLTestFiles/test_URIs_3.js:mainTest:1193
/home/mozilla-unified/testing/xpcshell/head.js:_run_next_test/<:1627
/home/mozilla-unified/testing/xpcshell/head.js:_run_next_test:1627
/home/mozilla-unified/testing/xpcshell/head.js:run:774
/home/mozilla-unified/testing/xpcshell/head.js:_do_main:239
/home/mozilla-unified/testing/xpcshell/head.js:_execute_test:567
-e:null:1
ERROR componens do not match
/home/mozilla-unified/obj-x86_64-pc-linux-gnu/_tests/xpcshell/netwerk/test/URLTestFiles/test_URIs_3.js:do_check_property:1111
/home/mozilla-unified/obj-x86_64-pc-linux-gnu/_tests/xpcshell/netwerk/test/URLTestFiles/test_URIs_3.js:do_test_uri_basic:1174
/home/mozilla-unified/obj-x86_64-pc-linux-gnu/_tests/xpcshell/netwerk/test/URLTestFiles/test_URIs_3.js:mainTest/<:1196
/home/mozilla-unified/obj-x86_64-pc-linux-gnu/_tests/xpcshell/netwerk/test/URLTestFiles/test_URIs_3.js:mainTest:1193
/home/mozilla-unified/testing/xpcshell/head.js:_run_next_test/<:1627
/home/mozilla-unified/testing/xpcshell/head.js:_run_next_test:1627
/home/mozilla-unified/testing/xpcshell/head.js:run:774
/home/mozilla-unified/testing/xpcshell/head.js:_do_main:239
/home/mozilla-unified/testing/xpcshell/head.js:_execute_test:567
-e:null:1
ERROR 2147500037
/home/mozilla-unified/obj-x86_64-pc-linux-gnu/_tests/xpcshell/netwerk/test/URLTestFiles/test_URIs_3.js:do_check_property:1105
/home/mozilla-unified/obj-x86_64-pc-linux-gnu/_tests/xpcshell/netwerk/test/URLTestFiles/test_URIs_3.js:do_test_uri_basic:1172
/home/mozilla-unified/obj-x86_64-pc-linux-gnu/_tests/xpcshell/netwerk/test/URLTestFiles/test_URIs_3.js:mainTest/<:1196
/home/mozilla-unified/obj-x86_64-pc-linux-gnu/_tests/xpcshell/netwerk/test/URLTestFiles/test_URIs_3.js:mainTest:1193
/home/mozilla-unified/testing/xpcshell/head.js:_run_next_test/<:1627
/home/mozilla-unified/testing/xpcshell/head.js:_run_next_test:1627
/home/mozilla-unified/testing/xpcshell/head.js:run:774
/home/mozilla-unified/testing/xpcshell/head.js:_do_main:239
/home/mozilla-unified/testing/xpcshell/head.js:_execute_test:567
-e:null:1
ERROR componens do not match
/home/mozilla-unified/obj-x86_64-pc-linux-gnu/_tests/xpcshell/netwerk/test/URLTestFiles/test_URIs_3.js:do_check_property:1111
/home/mozilla-unified/obj-x86_64-pc-linux-gnu/_tests/xpcshell/netwerk/test/URLTestFiles/test_URIs_3.js:do_test_uri_basic:1175
/home/mozilla-unified/obj-x86_64-pc-linux-gnu/_tests/xpcshell/netwerk/test/URLTestFiles/test_URIs_3.js:mainTest/<:1196
/home/mozilla-unified/obj-x86_64-pc-linux-gnu/_tests/xpcshell/netwerk/test/URLTestFiles/test_URIs_3.js:mainTest:1193
/home/mozilla-unified/testing/xpcshell/head.js:_run_next_test/<:1627
/home/mozilla-unified/testing/xpcshell/head.js:_run_next_test:1627
/home/mozilla-unified/testing/xpcshell/head.js:run:774
/home/mozilla-unified/testing/xpcshell/head.js:_do_main:239
/home/mozilla-unified/testing/xpcshell/head.js:_execute_test:567
-e:null:1
ERROR componens do not match
/home/mozilla-unified/obj-x86_64-pc-linux-gnu/_tests/xpcshell/netwerk/test/URLTestFiles/test_URIs_3.js:do_check_property:1111
/home/mozilla-unified/obj-x86_64-pc-linux-gnu/_tests/xpcshell/netwerk/test/URLTestFiles/test_URIs_3.js:do_test_uri_basic:1175
/home/mozilla-unified/obj-x86_64-pc-linux-gnu/_tests/xpcshell/netwerk/test/URLTestFiles/test_URIs_3.js:mainTest/<:1196
/home/mozilla-unified/obj-x86_64-pc-linux-gnu/_tests/xpcshell/netwerk/test/URLTestFiles/test_URIs_3.js:mainTest:1193
/home/mozilla-unified/testing/xpcshell/head.js:_run_next_test/<:1627
/home/mozilla-unified/testing/xpcshell/head.js:_run_next_test:1627
/home/mozilla-unified/testing/xpcshell/head.js:run:774
/home/mozilla-unified/testing/xpcshell/head.js:_do_main:239
/home/mozilla-unified/testing/xpcshell/head.js:_execute_test:567
-e:null:1
ERROR componens do not match
/home/mozilla-unified/obj-x86_64-pc-linux-gnu/_tests/xpcshell/netwerk/test/URLTestFiles/test_URIs_3.js:do_check_property:1111
/home/mozilla-unified/obj-x86_64-pc-linux-gnu/_tests/xpcshell/netwerk/test/URLTestFiles/test_URIs_3.js:do_test_uri_basic:1175
/home/mozilla-unified/obj-x86_64-pc-linux-gnu/_tests/xpcshell/netwerk/test/URLTestFiles/test_URIs_3.js:mainTest/<:1196
/home/mozilla-unified/obj-x86_64-pc-linux-gnu/_tests/xpcshell/netwerk/test/URLTestFiles/test_URIs_3.js:mainTest:1193
/home/mozilla-unified/testing/xpcshell/head.js:_run_next_test/<:1627
/home/mozilla-unified/testing/xpcshell/head.js:_run_next_test:1627
/home/mozilla-unified/testing/xpcshell/head.js:run:774
/home/mozilla-unified/testing/xpcshell/head.js:_do_main:239
/home/mozilla-unified/testing/xpcshell/head.js:_execute_test:567
-e:null:1
ERROR componens do not match
/home/mozilla-unified/obj-x86_64-pc-linux-gnu/_tests/xpcshell/netwerk/test/URLTestFiles/test_URIs_3.js:do_check_property:1111
/home/mozilla-unified/obj-x86_64-pc-linux-gnu/_tests/xpcshell/netwerk/test/URLTestFiles/test_URIs_3.js:do_test_uri_basic:1172
/home/mozilla-unified/obj-x86_64-pc-linux-gnu/_tests/xpcshell/netwerk/test/URLTestFiles/test_URIs_3.js:mainTest/<:1196
/home/mozilla-unified/obj-x86_64-pc-linux-gnu/_tests/xpcshell/netwerk/test/URLTestFiles/test_URIs_3.js:mainTest:1193
/home/mozilla-unified/testing/xpcshell/head.js:_run_next_test/<:1627
/home/mozilla-unified/testing/xpcshell/head.js:_run_next_test:1627
/home/mozilla-unified/testing/xpcshell/head.js:run:774
/home/mozilla-unified/testing/xpcshell/head.js:_do_main:239
/home/mozilla-unified/testing/xpcshell/head.js:_execute_test:567
-e:null:1
ERROR 2147500037
/home/mozilla-unified/obj-x86_64-pc-linux-gnu/_tests/xpcshell/netwerk/test/URLTestFiles/test_URIs_3.js:do_check_property:1105
/home/mozilla-unified/obj-x86_64-pc-linux-gnu/_tests/xpcshell/netwerk/test/URLTestFiles/test_URIs_3.js:do_test_uri_basic:1172
/home/mozilla-unified/obj-x86_64-pc-linux-gnu/_tests/xpcshell/netwerk/test/URLTestFiles/test_URIs_3.js:mainTest/<:1196
/home/mozilla-unified/obj-x86_64-pc-linux-gnu/_tests/xpcshell/netwerk/test/URLTestFiles/test_URIs_3.js:mainTest:1193
/home/mozilla-unified/testing/xpcshell/head.js:_run_next_test/<:1627
/home/mozilla-unified/testing/xpcshell/head.js:_run_next_test:1627
/home/mozilla-unified/testing/xpcshell/head.js:run:774
/home/mozilla-unified/testing/xpcshell/head.js:_do_main:239
/home/mozilla-unified/testing/xpcshell/head.js:_execute_test:567
-e:null:1
ERROR componens do not match
/home/mozilla-unified/obj-x86_64-pc-linux-gnu/_tests/xpcshell/netwerk/test/URLTestFiles/test_URIs_3.js:do_check_property:1111
/home/mozilla-unified/obj-x86_64-pc-linux-gnu/_tests/xpcshell/netwerk/test/URLTestFiles/test_URIs_3.js:do_test_uri_basic:1172
/home/mozilla-unified/obj-x86_64-pc-linux-gnu/_tests/xpcshell/netwerk/test/URLTestFiles/test_URIs_3.js:mainTest/<:1196
/home/mozilla-unified/obj-x86_64-pc-linux-gnu/_tests/xpcshell/netwerk/test/URLTestFiles/test_URIs_3.js:mainTest:1193
/home/mozilla-unified/testing/xpcshell/head.js:_run_next_test/<:1627
/home/mozilla-unified/testing/xpcshell/head.js:_run_next_test:1627
/home/mozilla-unified/testing/xpcshell/head.js:run:774
/home/mozilla-unified/testing/xpcshell/head.js:_do_main:239
/home/mozilla-unified/testing/xpcshell/head.js:_execute_test:567
-e:null:1
ERROR 2147500037
/home/mozilla-unified/obj-x86_64-pc-linux-gnu/_tests/xpcshell/netwerk/test/URLTestFiles/test_URIs_3.js:do_check_property:1105
/home/mozilla-unified/obj-x86_64-pc-linux-gnu/_tests/xpcshell/netwerk/test/URLTestFiles/test_URIs_3.js:do_test_uri_basic:1172
/home/mozilla-unified/obj-x86_64-pc-linux-gnu/_tests/xpcshell/netwerk/test/URLTestFiles/test_URIs_3.js:mainTest/<:1196
/home/mozilla-unified/obj-x86_64-pc-linux-gnu/_tests/xpcshell/netwerk/test/URLTestFiles/test_URIs_3.js:mainTest:1193
/home/mozilla-unified/testing/xpcshell/head.js:_run_next_test/<:1627
/home/mozilla-unified/testing/xpcshell/head.js:_run_next_test:1627
/home/mozilla-unified/testing/xpcshell/head.js:run:774
/home/mozilla-unified/testing/xpcshell/head.js:_do_main:239
/home/mozilla-unified/testing/xpcshell/head.js:_execute_test:567
-e:null:1
ERROR componens do not match
/home/mozilla-unified/obj-x86_64-pc-linux-gnu/_tests/xpcshell/netwerk/test/URLTestFiles/test_URIs_3.js:do_check_property:1111
/home/mozilla-unified/obj-x86_64-pc-linux-gnu/_tests/xpcshell/netwerk/test/URLTestFiles/test_URIs_3.js:do_test_uri_basic:1175
/home/mozilla-unified/obj-x86_64-pc-linux-gnu/_tests/xpcshell/netwerk/test/URLTestFiles/test_URIs_3.js:mainTest/<:1196
/home/mozilla-unified/obj-x86_64-pc-linux-gnu/_tests/xpcshell/netwerk/test/URLTestFiles/test_URIs_3.js:mainTest:1193
/home/mozilla-unified/testing/xpcshell/head.js:_run_next_test/<:1627
/home/mozilla-unified/testing/xpcshell/head.js:_run_next_test:1627
/home/mozilla-unified/testing/xpcshell/head.js:run:774
/home/mozilla-unified/testing/xpcshell/head.js:_do_main:239
/home/mozilla-unified/testing/xpcshell/head.js:_execute_test:567
-e:null:1
ERROR componens do not match
/home/mozilla-unified/obj-x86_64-pc-linux-gnu/_tests/xpcshell/netwerk/test/URLTestFiles/test_URIs_3.js:do_check_property:1111
/home/mozilla-unified/obj-x86_64-pc-linux-gnu/_tests/xpcshell/netwerk/test/URLTestFiles/test_URIs_3.js:do_test_uri_basic:1175
/home/mozilla-unified/obj-x86_64-pc-linux-gnu/_tests/xpcshell/netwerk/test/URLTestFiles/test_URIs_3.js:mainTest/<:1196
/home/mozilla-unified/obj-x86_64-pc-linux-gnu/_tests/xpcshell/netwerk/test/URLTestFiles/test_URIs_3.js:mainTest:1193
/home/mozilla-unified/testing/xpcshell/head.js:_run_next_test/<:1627
/home/mozilla-unified/testing/xpcshell/head.js:_run_next_test:1627
/home/mozilla-unified/testing/xpcshell/head.js:run:774
/home/mozilla-unified/testing/xpcshell/head.js:_do_main:239
/home/mozilla-unified/testing/xpcshell/head.js:_execute_test:567
-e:null:1
ERROR 2147500037
/home/mozilla-unified/obj-x86_64-pc-linux-gnu/_tests/xpcshell/netwerk/test/URLTestFiles/test_URIs_3.js:do_check_property:1105
/home/mozilla-unified/obj-x86_64-pc-linux-gnu/_tests/xpcshell/netwerk/test/URLTestFiles/test_URIs_3.js:do_test_uri_basic:1172
/home/mozilla-unified/obj-x86_64-pc-linux-gnu/_tests/xpcshell/netwerk/test/URLTestFiles/test_URIs_3.js:mainTest/<:1196
/home/mozilla-unified/obj-x86_64-pc-linux-gnu/_tests/xpcshell/netwerk/test/URLTestFiles/test_URIs_3.js:mainTest:1193
/home/mozilla-unified/testing/xpcshell/head.js:_run_next_test/<:1627
/home/mozilla-unified/testing/xpcshell/head.js:_run_next_test:1627
/home/mozilla-unified/testing/xpcshell/head.js:run:774
/home/mozilla-unified/testing/xpcshell/head.js:_do_main:239
/home/mozilla-unified/testing/xpcshell/head.js:_execute_test:567
-e:null:1
ERROR componens do not match
/home/mozilla-unified/obj-x86_64-pc-linux-gnu/_tests/xpcshell/netwerk/test/URLTestFiles/test_URIs_3.js:do_check_property:1111
/home/mozilla-unified/obj-x86_64-pc-linux-gnu/_tests/xpcshell/netwerk/test/URLTestFiles/test_URIs_3.js:do_test_uri_basic:1172
/home/mozilla-unified/obj-x86_64-pc-linux-gnu/_tests/xpcshell/netwerk/test/URLTestFiles/test_URIs_3.js:mainTest/<:1196
/home/mozilla-unified/obj-x86_64-pc-linux-gnu/_tests/xpcshell/netwerk/test/URLTestFiles/test_URIs_3.js:mainTest:1193
/home/mozilla-unified/testing/xpcshell/head.js:_run_next_test/<:1627
/home/mozilla-unified/testing/xpcshell/head.js:_run_next_test:1627
/home/mozilla-unified/testing/xpcshell/head.js:run:774
/home/mozilla-unified/testing/xpcshell/head.js:_do_main:239
/home/mozilla-unified/testing/xpcshell/head.js:_execute_test:567
-e:null:1
ERROR componens do not match
/home/mozilla-unified/obj-x86_64-pc-linux-gnu/_tests/xpcshell/netwerk/test/URLTestFiles/test_URIs_3.js:do_check_property:1111
/home/mozilla-unified/obj-x86_64-pc-linux-gnu/_tests/xpcshell/netwerk/test/URLTestFiles/test_URIs_3.js:do_test_uri_basic:1172
/home/mozilla-unified/obj-x86_64-pc-linux-gnu/_tests/xpcshell/netwerk/test/URLTestFiles/test_URIs_3.js:mainTest/<:1196
/home/mozilla-unified/obj-x86_64-pc-linux-gnu/_tests/xpcshell/netwerk/test/URLTestFiles/test_URIs_3.js:mainTest:1193
/home/mozilla-unified/testing/xpcshell/head.js:_run_next_test/<:1627
/home/mozilla-unified/testing/xpcshell/head.js:_run_next_test:1627
/home/mozilla-unified/testing/xpcshell/head.js:run:774
/home/mozilla-unified/testing/xpcshell/head.js:_do_main:239
/home/mozilla-unified/testing/xpcshell/head.js:_execute_test:567
-e:null:1
ERROR 2147500037
/home/mozilla-unified/obj-x86_64-pc-linux-gnu/_tests/xpcshell/netwerk/test/URLTestFiles/test_URIs_3.js:do_check_property:1105
/home/mozilla-unified/obj-x86_64-pc-linux-gnu/_tests/xpcshell/netwerk/test/URLTestFiles/test_URIs_3.js:do_test_uri_basic:1172
/home/mozilla-unified/obj-x86_64-pc-linux-gnu/_tests/xpcshell/netwerk/test/URLTestFiles/test_URIs_3.js:mainTest/<:1196
/home/mozilla-unified/obj-x86_64-pc-linux-gnu/_tests/xpcshell/netwerk/test/URLTestFiles/test_URIs_3.js:mainTest:1193
/home/mozilla-unified/testing/xpcshell/head.js:_run_next_test/<:1627
/home/mozilla-unified/testing/xpcshell/head.js:_run_next_test:1627
/home/mozilla-unified/testing/xpcshell/head.js:run:774
/home/mozilla-unified/testing/xpcshell/head.js:_do_main:239
/home/mozilla-unified/testing/xpcshell/head.js:_execute_test:567
-e:null:1
ERROR componens do not match
/home/mozilla-unified/obj-x86_64-pc-linux-gnu/_tests/xpcshell/netwerk/test/URLTestFiles/test_URIs_3.js:do_check_property:1111
/home/mozilla-unified/obj-x86_64-pc-linux-gnu/_tests/xpcshell/netwerk/test/URLTestFiles/test_URIs_3.js:do_test_uri_basic:1172
/home/mozilla-unified/obj-x86_64-pc-linux-gnu/_tests/xpcshell/netwerk/test/URLTestFiles/test_URIs_3.js:mainTest/<:1196
/home/mozilla-unified/obj-x86_64-pc-linux-gnu/_tests/xpcshell/netwerk/test/URLTestFiles/test_URIs_3.js:mainTest:1193
/home/mozilla-unified/testing/xpcshell/head.js:_run_next_test/<:1627
/home/mozilla-unified/testing/xpcshell/head.js:_run_next_test:1627
/home/mozilla-unified/testing/xpcshell/head.js:run:774
/home/mozilla-unified/testing/xpcshell/head.js:_do_main:239
/home/mozilla-unified/testing/xpcshell/head.js:_execute_test:567
-e:null:1
ERROR componens do not match
/home/mozilla-unified/obj-x86_64-pc-linux-gnu/_tests/xpcshell/netwerk/test/URLTestFiles/test_URIs_3.js:do_check_property:1111
/home/mozilla-unified/obj-x86_64-pc-linux-gnu/_tests/xpcshell/netwerk/test/URLTestFiles/test_URIs_3.js:do_test_uri_basic:1172
/home/mozilla-unified/obj-x86_64-pc-linux-gnu/_tests/xpcshell/netwerk/test/URLTestFiles/test_URIs_3.js:mainTest/<:1196
/home/mozilla-unified/obj-x86_64-pc-linux-gnu/_tests/xpcshell/netwerk/test/URLTestFiles/test_URIs_3.js:mainTest:1193
/home/mozilla-unified/testing/xpcshell/head.js:_run_next_test/<:1627
/home/mozilla-unified/testing/xpcshell/head.js:_run_next_test:1627
/home/mozilla-unified/testing/xpcshell/head.js:run:774
/home/mozilla-unified/testing/xpcshell/head.js:_do_main:239
/home/mozilla-unified/testing/xpcshell/head.js:_execute_test:567
-e:null:1
ERROR 2147500037
/home/mozilla-unified/obj-x86_64-pc-linux-gnu/_tests/xpcshell/netwerk/test/URLTestFiles/test_URIs_3.js:do_check_property:1105
/home/mozilla-unified/obj-x86_64-pc-linux-gnu/_tests/xpcshell/netwerk/test/URLTestFiles/test_URIs_3.js:do_test_uri_basic:1172
/home/mozilla-unified/obj-x86_64-pc-linux-gnu/_tests/xpcshell/netwerk/test/URLTestFiles/test_URIs_3.js:mainTest/<:1196
/home/mozilla-unified/obj-x86_64-pc-linux-gnu/_tests/xpcshell/netwerk/test/URLTestFiles/test_URIs_3.js:mainTest:1193
/home/mozilla-unified/testing/xpcshell/head.js:_run_next_test/<:1627
/home/mozilla-unified/testing/xpcshell/head.js:_run_next_test:1627
/home/mozilla-unified/testing/xpcshell/head.js:run:774
/home/mozilla-unified/testing/xpcshell/head.js:_do_main:239
/home/mozilla-unified/testing/xpcshell/head.js:_execute_test:567
-e:null:1
ERROR 2147500037
/home/mozilla-unified/obj-x86_64-pc-linux-gnu/_tests/xpcshell/netwerk/test/URLTestFiles/test_URIs_3.js:do_check_property:1105
/home/mozilla-unified/obj-x86_64-pc-linux-gnu/_tests/xpcshell/netwerk/test/URLTestFiles/test_URIs_3.js:do_test_uri_basic:1172
/home/mozilla-unified/obj-x86_64-pc-linux-gnu/_tests/xpcshell/netwerk/test/URLTestFiles/test_URIs_3.js:mainTest/<:1196
/home/mozilla-unified/obj-x86_64-pc-linux-gnu/_tests/xpcshell/netwerk/test/URLTestFiles/test_URIs_3.js:mainTest:1193
/home/mozilla-unified/testing/xpcshell/head.js:_run_next_test/<:1627
/home/mozilla-unified/testing/xpcshell/head.js:_run_next_test:1627
/home/mozilla-unified/testing/xpcshell/head.js:run:774
/home/mozilla-unified/testing/xpcshell/head.js:_do_main:239
/home/mozilla-unified/testing/xpcshell/head.js:_execute_test:567
-e:null:1
ERROR componens do not match
/home/mozilla-unified/obj-x86_64-pc-linux-gnu/_tests/xpcshell/netwerk/test/URLTestFiles/test_URIs_3.js:do_check_property:1111
/home/mozilla-unified/obj-x86_64-pc-linux-gnu/_tests/xpcshell/netwerk/test/URLTestFiles/test_URIs_3.js:do_test_uri_basic:1174
/home/mozilla-unified/obj-x86_64-pc-linux-gnu/_tests/xpcshell/netwerk/test/URLTestFiles/test_URIs_3.js:mainTest/<:1196
/home/mozilla-unified/obj-x86_64-pc-linux-gnu/_tests/xpcshell/netwerk/test/URLTestFiles/test_URIs_3.js:mainTest:1193
/home/mozilla-unified/testing/xpcshell/head.js:_run_next_test/<:1627
/home/mozilla-unified/testing/xpcshell/head.js:_run_next_test:1627
/home/mozilla-unified/testing/xpcshell/head.js:run:774
/home/mozilla-unified/testing/xpcshell/head.js:_do_main:239
/home/mozilla-unified/testing/xpcshell/head.js:_execute_test:567
-e:null:1
ERROR 2147500037
/home/mozilla-unified/obj-x86_64-pc-linux-gnu/_tests/xpcshell/netwerk/test/URLTestFiles/test_URIs_3.js:do_check_property:1105
/home/mozilla-unified/obj-x86_64-pc-linux-gnu/_tests/xpcshell/netwerk/test/URLTestFiles/test_URIs_3.js:do_test_uri_basic:1172
/home/mozilla-unified/obj-x86_64-pc-linux-gnu/_tests/xpcshell/netwerk/test/URLTestFiles/test_URIs_3.js:mainTest/<:1196
/home/mozilla-unified/obj-x86_64-pc-linux-gnu/_tests/xpcshell/netwerk/test/URLTestFiles/test_URIs_3.js:mainTest:1193
/home/mozilla-unified/testing/xpcshell/head.js:_run_next_test/<:1627
/home/mozilla-unified/testing/xpcshell/head.js:_run_next_test:1627
/home/mozilla-unified/testing/xpcshell/head.js:run:774
/home/mozilla-unified/testing/xpcshell/head.js:_do_main:239
/home/mozilla-unified/testing/xpcshell/head.js:_execute_test:567
-e:null:1
ERROR 2147500037
/home/mozilla-unified/obj-x86_64-pc-linux-gnu/_tests/xpcshell/netwerk/test/URLTestFiles/test_URIs_3.js:do_check_property:1105
/home/mozilla-unified/obj-x86_64-pc-linux-gnu/_tests/xpcshell/netwerk/test/URLTestFiles/test_URIs_3.js:do_test_uri_basic:1172
/home/mozilla-unified/obj-x86_64-pc-linux-gnu/_tests/xpcshell/netwerk/test/URLTestFiles/test_URIs_3.js:mainTest/<:1196
/home/mozilla-unified/obj-x86_64-pc-linux-gnu/_tests/xpcshell/netwerk/test/URLTestFiles/test_URIs_3.js:mainTest:1193
/home/mozilla-unified/testing/xpcshell/head.js:_run_next_test/<:1627
/home/mozilla-unified/testing/xpcshell/head.js:_run_next_test:1627
/home/mozilla-unified/testing/xpcshell/head.js:run:774
/home/mozilla-unified/testing/xpcshell/head.js:_do_main:239
/home/mozilla-unified/testing/xpcshell/head.js:_execute_test:567
-e:null:1
ERROR componens do not match
/home/mozilla-unified/obj-x86_64-pc-linux-gnu/_tests/xpcshell/netwerk/test/URLTestFiles/test_URIs_3.js:do_check_property:1111
/home/mozilla-unified/obj-x86_64-pc-linux-gnu/_tests/xpcshell/netwerk/test/URLTestFiles/test_URIs_3.js:do_test_uri_basic:1172
/home/mozilla-unified/obj-x86_64-pc-linux-gnu/_tests/xpcshell/netwerk/test/URLTestFiles/test_URIs_3.js:mainTest/<:1196
/home/mozilla-unified/obj-x86_64-pc-linux-gnu/_tests/xpcshell/netwerk/test/URLTestFiles/test_URIs_3.js:mainTest:1193
/home/mozilla-unified/testing/xpcshell/head.js:_run_next_test/<:1627
/home/mozilla-unified/testing/xpcshell/head.js:_run_next_test:1627
/home/mozilla-unified/testing/xpcshell/head.js:run:774
/home/mozilla-unified/testing/xpcshell/head.js:_do_main:239
/home/mozilla-unified/testing/xpcshell/head.js:_execute_test:567
-e:null:1
ERROR 2147500037
/home/mozilla-unified/obj-x86_64-pc-linux-gnu/_tests/xpcshell/netwerk/test/URLTestFiles/test_URIs_3.js:do_check_property:1105
/home/mozilla-unified/obj-x86_64-pc-linux-gnu/_tests/xpcshell/netwerk/test/URLTestFiles/test_URIs_3.js:do_test_uri_basic:1172
/home/mozilla-unified/obj-x86_64-pc-linux-gnu/_tests/xpcshell/netwerk/test/URLTestFiles/test_URIs_3.js:mainTest/<:1196
/home/mozilla-unified/obj-x86_64-pc-linux-gnu/_tests/xpcshell/netwerk/test/URLTestFiles/test_URIs_3.js:mainTest:1193
/home/mozilla-unified/testing/xpcshell/head.js:_run_next_test/<:1627
/home/mozilla-unified/testing/xpcshell/head.js:_run_next_test:1627
/home/mozilla-unified/testing/xpcshell/head.js:run:774
/home/mozilla-unified/testing/xpcshell/head.js:_do_main:239
/home/mozilla-unified/testing/xpcshell/head.js:_execute_test:567
-e:null:1
ERROR 2147500037
/home/mozilla-unified/obj-x86_64-pc-linux-gnu/_tests/xpcshell/netwerk/test/URLTestFiles/test_URIs_3.js:do_check_property:1105
/home/mozilla-unified/obj-x86_64-pc-linux-gnu/_tests/xpcshell/netwerk/test/URLTestFiles/test_URIs_3.js:do_test_uri_basic:1172
/home/mozilla-unified/obj-x86_64-pc-linux-gnu/_tests/xpcshell/netwerk/test/URLTestFiles/test_URIs_3.js:mainTest/<:1196
/home/mozilla-unified/obj-x86_64-pc-linux-gnu/_tests/xpcshell/netwerk/test/URLTestFiles/test_URIs_3.js:mainTest:1193
/home/mozilla-unified/testing/xpcshell/head.js:_run_next_test/<:1627
/home/mozilla-unified/testing/xpcshell/head.js:_run_next_test:1627
/home/mozilla-unified/testing/xpcshell/head.js:run:774
/home/mozilla-unified/testing/xpcshell/head.js:_do_main:239
/home/mozilla-unified/testing/xpcshell/head.js:_execute_test:567
-e:null:1
ERROR 2147500037
/home/mozilla-unified/obj-x86_64-pc-linux-gnu/_tests/xpcshell/netwerk/test/URLTestFiles/test_URIs_3.js:do_check_property:1105
/home/mozilla-unified/obj-x86_64-pc-linux-gnu/_tests/xpcshell/netwerk/test/URLTestFiles/test_URIs_3.js:do_test_uri_basic:1172
/home/mozilla-unified/obj-x86_64-pc-linux-gnu/_tests/xpcshell/netwerk/test/URLTestFiles/test_URIs_3.js:mainTest/<:1196
/home/mozilla-unified/obj-x86_64-pc-linux-gnu/_tests/xpcshell/netwerk/test/URLTestFiles/test_URIs_3.js:mainTest:1193
/home/mozilla-unified/testing/xpcshell/head.js:_run_next_test/<:1627
/home/mozilla-unified/testing/xpcshell/head.js:_run_next_test:1627
/home/mozilla-unified/testing/xpcshell/head.js:run:774
/home/mozilla-unified/testing/xpcshell/head.js:_do_main:239
/home/mozilla-unified/testing/xpcshell/head.js:_execute_test:567
-e:null:1
ERROR componens do not match
/home/mozilla-unified/obj-x86_64-pc-linux-gnu/_tests/xpcshell/netwerk/test/URLTestFiles/test_URIs_3.js:do_check_property:1111
/home/mozilla-unified/obj-x86_64-pc-linux-gnu/_tests/xpcshell/netwerk/test/URLTestFiles/test_URIs_3.js:do_test_uri_basic:1175
/home/mozilla-unified/obj-x86_64-pc-linux-gnu/_tests/xpcshell/netwerk/test/URLTestFiles/test_URIs_3.js:mainTest/<:1196
/home/mozilla-unified/obj-x86_64-pc-linux-gnu/_tests/xpcshell/netwerk/test/URLTestFiles/test_URIs_3.js:mainTest:1193
/home/mozilla-unified/testing/xpcshell/head.js:_run_next_test/<:1627
/home/mozilla-unified/testing/xpcshell/head.js:_run_next_test:1627
/home/mozilla-unified/testing/xpcshell/head.js:run:774
/home/mozilla-unified/testing/xpcshell/head.js:_do_main:239
/home/mozilla-unified/testing/xpcshell/head.js:_execute_test:567
-e:null:1
ERROR componens do not match
/home/mozilla-unified/obj-x86_64-pc-linux-gnu/_tests/xpcshell/netwerk/test/URLTestFiles/test_URIs_3.js:do_check_property:1111
/home/mozilla-unified/obj-x86_64-pc-linux-gnu/_tests/xpcshell/netwerk/test/URLTestFiles/test_URIs_3.js:do_test_uri_basic:1175
/home/mozilla-unified/obj-x86_64-pc-linux-gnu/_tests/xpcshell/netwerk/test/URLTestFiles/test_URIs_3.js:mainTest/<:1196
/home/mozilla-unified/obj-x86_64-pc-linux-gnu/_tests/xpcshell/netwerk/test/URLTestFiles/test_URIs_3.js:mainTest:1193
/home/mozilla-unified/testing/xpcshell/head.js:_run_next_test/<:1627
/home/mozilla-unified/testing/xpcshell/head.js:_run_next_test:1627
/home/mozilla-unified/testing/xpcshell/head.js:run:774
/home/mozilla-unified/testing/xpcshell/head.js:_do_main:239
/home/mozilla-unified/testing/xpcshell/head.js:_execute_test:567
-e:null:1
ERROR componens do not match
/home/mozilla-unified/obj-x86_64-pc-linux-gnu/_tests/xpcshell/netwerk/test/URLTestFiles/test_URIs_3.js:do_check_property:1111
/home/mozilla-unified/obj-x86_64-pc-linux-gnu/_tests/xpcshell/netwerk/test/URLTestFiles/test_URIs_3.js:do_test_uri_basic:1172
/home/mozilla-unified/obj-x86_64-pc-linux-gnu/_tests/xpcshell/netwerk/test/URLTestFiles/test_URIs_3.js:mainTest/<:1196
/home/mozilla-unified/obj-x86_64-pc-linux-gnu/_tests/xpcshell/netwerk/test/URLTestFiles/test_URIs_3.js:mainTest:1193
/home/mozilla-unified/testing/xpcshell/head.js:_run_next_test/<:1627
/home/mozilla-unified/testing/xpcshell/head.js:_run_next_test:1627
/home/mozilla-unified/testing/xpcshell/head.js:run:774
/home/mozilla-unified/testing/xpcshell/head.js:_do_main:239
/home/mozilla-unified/testing/xpcshell/head.js:_execute_test:567
-e:null:1
ERROR componens do not match
/home/mozilla-unified/obj-x86_64-pc-linux-gnu/_tests/xpcshell/netwerk/test/URLTestFiles/test_URIs_3.js:do_check_property:1111
/home/mozilla-unified/obj-x86_64-pc-linux-gnu/_tests/xpcshell/netwerk/test/URLTestFiles/test_URIs_3.js:do_test_uri_basic:1172
/home/mozilla-unified/obj-x86_64-pc-linux-gnu/_tests/xpcshell/netwerk/test/URLTestFiles/test_URIs_3.js:mainTest/<:1196
/home/mozilla-unified/obj-x86_64-pc-linux-gnu/_tests/xpcshell/netwerk/test/URLTestFiles/test_URIs_3.js:mainTest:1193
/home/mozilla-unified/testing/xpcshell/head.js:_run_next_test/<:1627
/home/mozilla-unified/testing/xpcshell/head.js:_run_next_test:1627
/home/mozilla-unified/testing/xpcshell/head.js:run:774
/home/mozilla-unified/testing/xpcshell/head.js:_do_main:239
/home/mozilla-unified/testing/xpcshell/head.js:_execute_test:567
-e:null:1
ERROR 2147500037
/home/mozilla-unified/obj-x86_64-pc-linux-gnu/_tests/xpcshell/netwerk/test/URLTestFiles/test_URIs_3.js:do_check_property:1105
/home/mozilla-unified/obj-x86_64-pc-linux-gnu/_tests/xpcshell/netwerk/test/URLTestFiles/test_URIs_3.js:do_test_uri_basic:1172
/home/mozilla-unified/obj-x86_64-pc-linux-gnu/_tests/xpcshell/netwerk/test/URLTestFiles/test_URIs_3.js:mainTest/<:1196
/home/mozilla-unified/obj-x86_64-pc-linux-gnu/_tests/xpcshell/netwerk/test/URLTestFiles/test_URIs_3.js:mainTest:1193
/home/mozilla-unified/testing/xpcshell/head.js:_run_next_test/<:1627
/home/mozilla-unified/testing/xpcshell/head.js:_run_next_test:1627
/home/mozilla-unified/testing/xpcshell/head.js:run:774
/home/mozilla-unified/testing/xpcshell/head.js:_do_main:239
/home/mozilla-unified/testing/xpcshell/head.js:_execute_test:567
-e:null:1
ERROR componens do not match
/home/mozilla-unified/obj-x86_64-pc-linux-gnu/_tests/xpcshell/netwerk/test/URLTestFiles/test_URIs_3.js:do_check_property:1111
/home/mozilla-unified/obj-x86_64-pc-linux-gnu/_tests/xpcshell/netwerk/test/URLTestFiles/test_URIs_3.js:do_test_uri_basic:1175
/home/mozilla-unified/obj-x86_64-pc-linux-gnu/_tests/xpcshell/netwerk/test/URLTestFiles/test_URIs_3.js:mainTest/<:1196
/home/mozilla-unified/obj-x86_64-pc-linux-gnu/_tests/xpcshell/netwerk/test/URLTestFiles/test_URIs_3.js:mainTest:1193
/home/mozilla-unified/testing/xpcshell/head.js:_run_next_test/<:1627
/home/mozilla-unified/testing/xpcshell/head.js:_run_next_test:1627
/home/mozilla-unified/testing/xpcshell/head.js:run:774
/home/mozilla-unified/testing/xpcshell/head.js:_do_main:239
/home/mozilla-unified/testing/xpcshell/head.js:_execute_test:567
-e:null:1
ERROR componens do not match
/home/mozilla-unified/obj-x86_64-pc-linux-gnu/_tests/xpcshell/netwerk/test/URLTestFiles/test_URIs_3.js:do_check_property:1111
/home/mozilla-unified/obj-x86_64-pc-linux-gnu/_tests/xpcshell/netwerk/test/URLTestFiles/test_URIs_3.js:do_test_uri_basic:1172
/home/mozilla-unified/obj-x86_64-pc-linux-gnu/_tests/xpcshell/netwerk/test/URLTestFiles/test_URIs_3.js:mainTest/<:1196
/home/mozilla-unified/obj-x86_64-pc-linux-gnu/_tests/xpcshell/netwerk/test/URLTestFiles/test_URIs_3.js:mainTest:1193
/home/mozilla-unified/testing/xpcshell/head.js:_run_next_test/<:1627
/home/mozilla-unified/testing/xpcshell/head.js:_run_next_test:1627
/home/mozilla-unified/testing/xpcshell/head.js:run:774
/home/mozilla-unified/testing/xpcshell/head.js:_do_main:239
/home/mozilla-unified/testing/xpcshell/head.js:_execute_test:567
-e:null:1
ERROR componens do not match
/home/mozilla-unified/obj-x86_64-pc-linux-gnu/_tests/xpcshell/netwerk/test/URLTestFiles/test_URIs_3.js:do_check_property:1111
/home/mozilla-unified/obj-x86_64-pc-linux-gnu/_tests/xpcshell/netwerk/test/URLTestFiles/test_URIs_3.js:do_test_uri_basic:1172
/home/mozilla-unified/obj-x86_64-pc-linux-gnu/_tests/xpcshell/netwerk/test/URLTestFiles/test_URIs_3.js:mainTest/<:1196
/home/mozilla-unified/obj-x86_64-pc-linux-gnu/_tests/xpcshell/netwerk/test/URLTestFiles/test_URIs_3.js:mainTest:1193
/home/mozilla-unified/testing/xpcshell/head.js:_run_next_test/<:1627
/home/mozilla-unified/testing/xpcshell/head.js:_run_next_test:1627
/home/mozilla-unified/testing/xpcshell/head.js:run:774
/home/mozilla-unified/testing/xpcshell/head.js:_do_main:239
/home/mozilla-unified/testing/xpcshell/head.js:_execute_test:567
-e:null:1
