Test configuration changed. Regenerating backend.
 0:05.03 INFO Found node at /usr/bin/nodejs
 0:05.03 INFO Found moz-http2 at /home/mozilla-unified/testing/xpcshell/moz-http2/moz-http2.js
 0:05.26 INFO Found /home/mozilla-unified/obj-x86_64-pc-linux-gnu/dist/bin/http3server
 0:05.26 INFO Using /home/mozilla-unified/netwerk/test/http3serverDB
 0:05.28 INFO Running tests sequentially.
 0:05.28 SUITE_START: xpcshell - running 1 tests
 0:05.28 INFO profile dir is /tmp/firefox/xpcshellprofile
 0:05.29 TEST_START: netwerk/test/URLTestFiles/test_URIs_3.js
 0:05.29 INFO netwerk/test/URLTestFiles/test_URIs_3.js | full command: ['/home/mozilla-unified/obj-x86_64-pc-linux-gnu/dist/bin/xpcshell', '-g', '/home/mozilla-unified/obj-x86_64-pc-linux-gnu/dist/bin', '-a', '/home/mozilla-unified/obj-x86_64-pc-linux-gnu/dist/bin', '-m', '-e', 'const _HEAD_JS_PATH = "/home/mozilla-unified/testing/xpcshell/head.js";', '-e', 'const _MOZINFO_JS_PATH = "/tmp/firefox/xpcshellprofile/mozinfo.json";', '-e', 'const _PREFS_FILE = "/home/mozilla-unified/obj-x86_64-pc-linux-gnu/temp/user.js";', '-e', 'const _TESTING_MODULES_DIR = "/home/mozilla-unified/obj-x86_64-pc-linux-gnu/_tests/modules/";', '-f', '/home/mozilla-unified/testing/xpcshell/head.js', '-p', '/home/mozilla-unified/obj-x86_64-pc-linux-gnu/temp/xpc-plugins-ppqqr4vx', '-e', 'const _HEAD_FILES = ["/home/mozilla-unified/obj-x86_64-pc-linux-gnu/_tests/xpcshell/netwerk/test/URLTestFiles/head_channels.js", "/home/mozilla-unified/obj-x86_64-pc-linux-gnu/_tests/xpcshell/netwerk/test/URLTestFiles/head_cache.js", "/home/mozilla-unified/obj-x86_64-pc-linux-gnu/_tests/xpcshell/netwerk/test/URLTestFiles/head_cache2.js", "/home/mozilla-unified/obj-x86_64-pc-linux-gnu/_tests/xpcshell/netwerk/test/URLTestFiles/head_cookies.js"];', '-e', 'const _JSDEBUGGER_PORT = 0;', '-e', 'const _TEST_FILE = ["/home/mozilla-unified/obj-x86_64-pc-linux-gnu/_tests/xpcshell/netwerk/test/URLTestFiles/test_URIs_3.js"];', '-e', 'const _TEST_NAME = "netwerk/test/URLTestFiles/test_URIs_3.js";', '-e', '_execute_test(); quit(0);']
 0:05.29 INFO netwerk/test/URLTestFiles/test_URIs_3.js | current directory: '/home/mozilla-unified/obj-x86_64-pc-linux-gnu/_tests/xpcshell/netwerk/test/URLTestFiles'
 0:05.29 INFO netwerk/test/URLTestFiles/test_URIs_3.js | environment: ['MOZ_DISABLE_SOCKET_PROCESS=1', 'MOZNODE_EXEC_PORT=42641', 'MOZ_DEVELOPER_REPO_DIR=/home/mozilla-unified', 'MOZ_HEADLESS=1', 'XPCSHELL_TEST_PROFILE_DIR=/tmp/firefox/xpcshellprofile', 'XPCOM_DEBUG_BREAK=stack-and-abort', 'MOZ_DISABLE_SOCKET_PROCESS_SANDBOX=1', 'DISPLAY=77', 'MOZ_CRASHREPORTER_NO_REPORT=1', 'XPCSHELL_TEST_TEMP_DIR=/home/mozilla-unified/obj-x86_64-pc-linux-gnu/temp/xpc-other-fdb_rfhy', 'MOZ_DISABLE_NONLOCAL_CONNECTIONS=1', 'MOZ_DISABLE_CONTENT_SANDBOX=1', 'MOZHTTP3_PORT=45934', 'MOZHTTP3_PORT_FAILED=37542', 'MOZ_WEBRENDER=0', 'MOZ_CRASHREPORTER=1', 'LD_LIBRARY_PATH=/home/mozilla-unified/obj-x86_64-pc-linux-gnu/dist/bin', 'MOZHTTP2_PORT=38633', 'MOZHTTP3_PORT_NO_RESPONSE=38734']
 0:05.29 INFO netwerk/test/URLTestFiles/test_URIs_3.js | as shell command: (cd /home/mozilla-unified/obj-x86_64-pc-linux-gnu/_tests/xpcshell/netwerk/test/URLTestFiles; MOZ_DISABLE_SOCKET_PROCESS=1 MOZNODE_EXEC_PORT=42641 MOZ_DEVELOPER_REPO_DIR=/home/mozilla-unified MOZ_HEADLESS=1 XPCSHELL_TEST_PROFILE_DIR=/tmp/firefox/xpcshellprofile XPCOM_DEBUG_BREAK=stack-and-abort MOZ_DISABLE_SOCKET_PROCESS_SANDBOX=1 DISPLAY=77 MOZ_CRASHREPORTER_NO_REPORT=1 XPCSHELL_TEST_TEMP_DIR=/home/mozilla-unified/obj-x86_64-pc-linux-gnu/temp/xpc-other-fdb_rfhy MOZ_DISABLE_NONLOCAL_CONNECTIONS=1 MOZ_DISABLE_CONTENT_SANDBOX=1 MOZHTTP3_PORT=45934 MOZHTTP3_PORT_FAILED=37542 MOZ_WEBRENDER=0 MOZ_CRASHREPORTER=1 LD_LIBRARY_PATH=/home/mozilla-unified/obj-x86_64-pc-linux-gnu/dist/bin MOZHTTP2_PORT=38633 MOZHTTP3_PORT_NO_RESPONSE=38734 /home/mozilla-unified/obj-x86_64-pc-linux-gnu/dist/bin/xpcshell -g /home/mozilla-unified/obj-x86_64-pc-linux-gnu/dist/bin -a /home/mozilla-unified/obj-x86_64-pc-linux-gnu/dist/bin -m -e 'const _HEAD_JS_PATH = "/home/mozilla-unified/testing/xpcshell/head.js";' -e 'const _MOZINFO_JS_PATH = "/tmp/firefox/xpcshellprofile/mozinfo.json";' -e 'const _PREFS_FILE = "/home/mozilla-unified/obj-x86_64-pc-linux-gnu/temp/user.js";' -e 'const _TESTING_MODULES_DIR = "/home/mozilla-unified/obj-x86_64-pc-linux-gnu/_tests/modules/";' -f /home/mozilla-unified/testing/xpcshell/head.js -p /home/mozilla-unified/obj-x86_64-pc-linux-gnu/temp/xpc-plugins-ppqqr4vx -e 'const _HEAD_FILES = ["/home/mozilla-unified/obj-x86_64-pc-linux-gnu/_tests/xpcshell/netwerk/test/URLTestFiles/head_channels.js", "/home/mozilla-unified/obj-x86_64-pc-linux-gnu/_tests/xpcshell/netwerk/test/URLTestFiles/head_cache.js", "/home/mozilla-unified/obj-x86_64-pc-linux-gnu/_tests/xpcshell/netwerk/test/URLTestFiles/head_cache2.js", "/home/mozilla-unified/obj-x86_64-pc-linux-gnu/_tests/xpcshell/netwerk/test/URLTestFiles/head_cookies.js"];' -e 'const _JSDEBUGGER_PORT = 0;' -e 'const _TEST_FILE = ["/home/mozilla-unified/obj-x86_64-pc-linux-gnu/_tests/xpcshell/netwerk/test/URLTestFiles/test_URIs_3.js"];' -e 'const _TEST_NAME = "netwerk/test/URLTestFiles/test_URIs_3.js";' -e '_execute_test(); quit(0);')
 0:05.51 pid:466 Full command: ['/home/mozilla-unified/obj-x86_64-pc-linux-gnu/dist/bin/xpcshell', '-g', '/home/mozilla-unified/obj-x86_64-pc-linux-gnu/dist/bin', '-a', '/home/mozilla-unified/obj-x86_64-pc-linux-gnu/dist/bin', '-m', '-e', 'const _HEAD_JS_PATH = "/home/mozilla-unified/testing/xpcshell/head.js";', '-e', 'const _MOZINFO_JS_PATH = "/tmp/firefox/xpcshellprofile/mozinfo.json";', '-e', 'const _PREFS_FILE = "/home/mozilla-unified/obj-x86_64-pc-linux-gnu/temp/user.js";', '-e', 'const _TESTING_MODULES_DIR = "/home/mozilla-unified/obj-x86_64-pc-linux-gnu/_tests/modules/";', '-f', '/home/mozilla-unified/testing/xpcshell/head.js', '-p', '/home/mozilla-unified/obj-x86_64-pc-linux-gnu/temp/xpc-plugins-ppqqr4vx', '-e', 'const _HEAD_FILES = ["/home/mozilla-unified/obj-x86_64-pc-linux-gnu/_tests/xpcshell/netwerk/test/URLTestFiles/head_channels.js", "/home/mozilla-unified/obj-x86_64-pc-linux-gnu/_tests/xpcshell/netwerk/test/URLTestFiles/head_cache.js", "/home/mozilla-unified/obj-x86_64-pc-linux-gnu/_tests/xpcshell/netwerk/test/URLTestFiles/head_cache2.js", "/home/mozilla-unified/obj-x86_64-pc-linux-gnu/_tests/xpcshell/netwerk/test/URLTestFiles/head_cookies.js"];', '-e', 'const _JSDEBUGGER_PORT = 0;', '-e', 'const _TEST_FILE = ["/home/mozilla-unified/obj-x86_64-pc-linux-gnu/_tests/xpcshell/netwerk/test/URLTestFiles/test_URIs_3.js"];', '-e', 'const _TEST_NAME = "netwerk/test/URLTestFiles/test_URIs_3.js";', '-e', '_execute_test(); quit(0);']
pid:466 [CodeCoverage] Setting handlers for process 466.
 0:05.77 INFO (xpcshell/head.js) | test MAIN run_test pending (1)
 0:05.77 INFO (xpcshell/head.js) | test run_next_test 0 pending (2)
 0:05.77 INFO (xpcshell/head.js) | test MAIN run_test finished (2)
 0:05.78 INFO running event loop
 0:05.78 INFO netwerk/test/URLTestFiles/test_URIs_3.js | Starting mainTest
 0:05.78 INFO (xpcshell/head.js) | test mainTest pending (2)
 0:05.79 PASS mainTest - [mainTest : 508] "b" == "b"
 0:05.80 pid:466 {"url":"B:/<//[::]:4", "error":{"component":"host", "expected":"::", "actual":"NS_ERROR_FAILURE 2147500037"}}
 0:05.79 ERROR 2147500037
/home/mozilla-unified/obj-x86_64-pc-linux-gnu/_tests/xpcshell/netwerk/test/URLTestFiles/test_URIs_3.js:do_check_property:499
/home/mozilla-unified/obj-x86_64-pc-linux-gnu/_tests/xpcshell/netwerk/test/URLTestFiles/test_URIs_3.js:do_test_uri_basic:566
/home/mozilla-unified/obj-x86_64-pc-linux-gnu/_tests/xpcshell/netwerk/test/URLTestFiles/test_URIs_3.js:mainTest/<:590
/home/mozilla-unified/obj-x86_64-pc-linux-gnu/_tests/xpcshell/netwerk/test/URLTestFiles/test_URIs_3.js:mainTest:587
/home/mozilla-unified/testing/xpcshell/head.js:_run_next_test/<:1627
/home/mozilla-unified/testing/xpcshell/head.js:_run_next_test:1627
/home/mozilla-unified/testing/xpcshell/head.js:run:774
/home/mozilla-unified/testing/xpcshell/head.js:_do_main:239
/home/mozilla-unified/testing/xpcshell/head.js:_execute_test:567
-e:null:1
 0:05.80 INFO exiting test
 0:05.80 pid:466 caught exception from components
 0:05.80 PASS mainTest - [mainTest : 508] "x" == "x"
 0:05.81 pid:466 {"url":"X://[::]:65502</", "error":{"component":"host", "expected":"::", "actual":"NS_ERROR_FAILURE 2147500037"}}
 0:05.81 ERROR 2147500037
/home/mozilla-unified/obj-x86_64-pc-linux-gnu/_tests/xpcshell/netwerk/test/URLTestFiles/test_URIs_3.js:do_check_property:499
/home/mozilla-unified/obj-x86_64-pc-linux-gnu/_tests/xpcshell/netwerk/test/URLTestFiles/test_URIs_3.js:do_test_uri_basic:566
/home/mozilla-unified/obj-x86_64-pc-linux-gnu/_tests/xpcshell/netwerk/test/URLTestFiles/test_URIs_3.js:mainTest/<:590
/home/mozilla-unified/obj-x86_64-pc-linux-gnu/_tests/xpcshell/netwerk/test/URLTestFiles/test_URIs_3.js:mainTest:587
/home/mozilla-unified/testing/xpcshell/head.js:_run_next_test/<:1627
/home/mozilla-unified/testing/xpcshell/head.js:_run_next_test:1627
/home/mozilla-unified/testing/xpcshell/head.js:run:774
/home/mozilla-unified/testing/xpcshell/head.js:_do_main:239
/home/mozilla-unified/testing/xpcshell/head.js:_execute_test:567
-e:null:1
 0:05.81 INFO exiting test
 0:05.82 pid:466 caught exception from components
 0:05.81 PASS mainTest - [mainTest : 508] "ws" == "ws"
 0:05.82 PASS mainTest - [mainTest : 508] "::" == "::"
 0:05.82 PASS mainTest - [mainTest : 508] 60132 == "60132"
 0:05.82 PASS mainTest - [mainTest : 508] "/" == "/"
 0:05.82 PASS mainTest - [mainTest : 508] "file" == "file"
 0:05.82 PASS mainTest - [mainTest : 508] "/" == "/"
 0:05.82 pid:466 {"url":"file:///?", "error":{"component":"query", "expected":"?%EE%BF%82", "actual":"%EE%BF%82"}}
 0:05.82 ERROR componens do not match
/home/mozilla-unified/obj-x86_64-pc-linux-gnu/_tests/xpcshell/netwerk/test/URLTestFiles/test_URIs_3.js:do_check_property:505
/home/mozilla-unified/obj-x86_64-pc-linux-gnu/_tests/xpcshell/netwerk/test/URLTestFiles/test_URIs_3.js:do_test_uri_basic:569
/home/mozilla-unified/obj-x86_64-pc-linux-gnu/_tests/xpcshell/netwerk/test/URLTestFiles/test_URIs_3.js:mainTest/<:590
/home/mozilla-unified/obj-x86_64-pc-linux-gnu/_tests/xpcshell/netwerk/test/URLTestFiles/test_URIs_3.js:mainTest:587
/home/mozilla-unified/testing/xpcshell/head.js:_run_next_test/<:1627
/home/mozilla-unified/testing/xpcshell/head.js:_run_next_test:1627
/home/mozilla-unified/testing/xpcshell/head.js:run:774
/home/mozilla-unified/testing/xpcshell/head.js:_do_main:239
/home/mozilla-unified/testing/xpcshell/head.js:_execute_test:567
-e:null:1
 0:05.82 INFO exiting test
 0:05.82 pid:466 caught exception from components
 0:05.82 PASS mainTest - [mainTest : 508] "w" == "w"
 0:05.83 pid:466 {"url":"W:/<//[::]:6", "error":{"component":"host", "expected":"::", "actual":"NS_ERROR_FAILURE 2147500037"}}
 0:05.82 ERROR 2147500037
/home/mozilla-unified/obj-x86_64-pc-linux-gnu/_tests/xpcshell/netwerk/test/URLTestFiles/test_URIs_3.js:do_check_property:499
/home/mozilla-unified/obj-x86_64-pc-linux-gnu/_tests/xpcshell/netwerk/test/URLTestFiles/test_URIs_3.js:do_test_uri_basic:566
/home/mozilla-unified/obj-x86_64-pc-linux-gnu/_tests/xpcshell/netwerk/test/URLTestFiles/test_URIs_3.js:mainTest/<:590
/home/mozilla-unified/obj-x86_64-pc-linux-gnu/_tests/xpcshell/netwerk/test/URLTestFiles/test_URIs_3.js:mainTest:587
/home/mozilla-unified/testing/xpcshell/head.js:_run_next_test/<:1627
/home/mozilla-unified/testing/xpcshell/head.js:_run_next_test:1627
/home/mozilla-unified/testing/xpcshell/head.js:run:774
/home/mozilla-unified/testing/xpcshell/head.js:_do_main:239
/home/mozilla-unified/testing/xpcshell/head.js:_execute_test:567
-e:null:1
 0:05.83 INFO exiting test
 0:05.83 pid:466 caught exception from components
 0:05.83 PASS mainTest - [mainTest : 508] "l" == "l"
 0:05.83 PASS mainTest - [mainTest : 508] "/]%60" == "/]%60"
 0:05.84 PASS mainTest - [mainTest : 508] "file" == "file"
 0:05.84 pid:466 {"url":"file://[::209.255.253.254]", "error":{"component":"host", "expected":"::d1ff:fdfe", "actual":""}}
 0:05.84 ERROR componens do not match
/home/mozilla-unified/obj-x86_64-pc-linux-gnu/_tests/xpcshell/netwerk/test/URLTestFiles/test_URIs_3.js:do_check_property:505
/home/mozilla-unified/obj-x86_64-pc-linux-gnu/_tests/xpcshell/netwerk/test/URLTestFiles/test_URIs_3.js:do_test_uri_basic:566
/home/mozilla-unified/obj-x86_64-pc-linux-gnu/_tests/xpcshell/netwerk/test/URLTestFiles/test_URIs_3.js:mainTest/<:590
/home/mozilla-unified/obj-x86_64-pc-linux-gnu/_tests/xpcshell/netwerk/test/URLTestFiles/test_URIs_3.js:mainTest:587
/home/mozilla-unified/testing/xpcshell/head.js:_run_next_test/<:1627
/home/mozilla-unified/testing/xpcshell/head.js:_run_next_test:1627
/home/mozilla-unified/testing/xpcshell/head.js:run:774
/home/mozilla-unified/testing/xpcshell/head.js:_do_main:239
/home/mozilla-unified/testing/xpcshell/head.js:_execute_test:567
-e:null:1
 0:05.84 INFO exiting test
 0:05.86 pid:466 caught exception from components
 0:05.84 PASS mainTest - [mainTest : 508] "i" == "i"
 0:05.86 pid:466 {"url":"I:///!</", "error":{"component":"filePath", "expected":"/", "actual":"///"}}
 0:05.85 ERROR componens do not match
/home/mozilla-unified/obj-x86_64-pc-linux-gnu/_tests/xpcshell/netwerk/test/URLTestFiles/test_URIs_3.js:do_check_property:505
/home/mozilla-unified/obj-x86_64-pc-linux-gnu/_tests/xpcshell/netwerk/test/URLTestFiles/test_URIs_3.js:do_test_uri_basic:568
/home/mozilla-unified/obj-x86_64-pc-linux-gnu/_tests/xpcshell/netwerk/test/URLTestFiles/test_URIs_3.js:mainTest/<:590
/home/mozilla-unified/obj-x86_64-pc-linux-gnu/_tests/xpcshell/netwerk/test/URLTestFiles/test_URIs_3.js:mainTest:587
/home/mozilla-unified/testing/xpcshell/head.js:_run_next_test/<:1627
/home/mozilla-unified/testing/xpcshell/head.js:_run_next_test:1627
/home/mozilla-unified/testing/xpcshell/head.js:run:774
/home/mozilla-unified/testing/xpcshell/head.js:_do_main:239
/home/mozilla-unified/testing/xpcshell/head.js:_execute_test:567
-e:null:1
 0:05.85 INFO exiting test
 0:05.86 pid:466 caught exception from components
 0:05.85 PASS mainTest - [mainTest : 508] "file" == "file"
 0:05.85 PASS mainTest - [mainTest : 508] "/;%EF%BC%B2" == "/;%EF%BC%B2"
 0:05.85 PASS mainTest - [mainTest : 508] "h" == "h"
 0:05.85 PASS mainTest - [mainTest : 508] "/a:/" == "/a:/"
 0:05.85 PASS mainTest - [mainTest : 508] "ws" == "ws"
 0:05.85 PASS mainTest - [mainTest : 508] "::fb02:fffa" == "::fb02:fffa"
 0:05.85 PASS mainTest - [mainTest : 508] "/" == "/"
 0:05.85 PASS mainTest - [mainTest : 508] "n" == "n"
 0:05.85 PASS mainTest - [mainTest : 508] "/" == "/"
 0:05.86 pid:466 {"url":"N:/?񶫕", "error":{"component":"query", "expected":"?%F1%B6%AB%95", "actual":"%F1%B6%AB%95"}}
 0:05.85 ERROR componens do not match
/home/mozilla-unified/obj-x86_64-pc-linux-gnu/_tests/xpcshell/netwerk/test/URLTestFiles/test_URIs_3.js:do_check_property:505
/home/mozilla-unified/obj-x86_64-pc-linux-gnu/_tests/xpcshell/netwerk/test/URLTestFiles/test_URIs_3.js:do_test_uri_basic:569
/home/mozilla-unified/obj-x86_64-pc-linux-gnu/_tests/xpcshell/netwerk/test/URLTestFiles/test_URIs_3.js:mainTest/<:590
/home/mozilla-unified/obj-x86_64-pc-linux-gnu/_tests/xpcshell/netwerk/test/URLTestFiles/test_URIs_3.js:mainTest:587
/home/mozilla-unified/testing/xpcshell/head.js:_run_next_test/<:1627
/home/mozilla-unified/testing/xpcshell/head.js:_run_next_test:1627
/home/mozilla-unified/testing/xpcshell/head.js:run:774
/home/mozilla-unified/testing/xpcshell/head.js:_do_main:239
/home/mozilla-unified/testing/xpcshell/head.js:_execute_test:567
-e:null:1
 0:05.85 INFO exiting test
 0:05.86 pid:466 caught exception from components
 0:05.85 PASS mainTest - [mainTest : 508] "ws" == "ws"
 0:05.85 PASS mainTest - [mainTest : 508] "::" == "::"
 0:05.86 PASS mainTest - [mainTest : 508] "/+" == "/+"
 0:05.86 PASS mainTest - [mainTest : 508] "http" == "http"
 0:05.86 PASS mainTest - [mainTest : 508] "::" == "::"
 0:05.86 PASS mainTest - [mainTest : 508] 65355 == "65355"
 0:05.86 PASS mainTest - [mainTest : 508] "/" == "/"
 0:05.86 PASS mainTest - [mainTest : 508] "f" == "f"
 0:05.86 pid:466 {"url":"F:/<//[dffb:adba:dfbb:effe:adad:caac:252.16.254.252]", "error":{"component":"host", "expected":"dffb:adba:dfbb:effe:adad:caac:fc10:fefc", "actual":"NS_ERROR_FAILURE 2147500037"}}
 0:05.86 ERROR 2147500037
/home/mozilla-unified/obj-x86_64-pc-linux-gnu/_tests/xpcshell/netwerk/test/URLTestFiles/test_URIs_3.js:do_check_property:499
/home/mozilla-unified/obj-x86_64-pc-linux-gnu/_tests/xpcshell/netwerk/test/URLTestFiles/test_URIs_3.js:do_test_uri_basic:566
/home/mozilla-unified/obj-x86_64-pc-linux-gnu/_tests/xpcshell/netwerk/test/URLTestFiles/test_URIs_3.js:mainTest/<:590
/home/mozilla-unified/obj-x86_64-pc-linux-gnu/_tests/xpcshell/netwerk/test/URLTestFiles/test_URIs_3.js:mainTest:587
/home/mozilla-unified/testing/xpcshell/head.js:_run_next_test/<:1627
/home/mozilla-unified/testing/xpcshell/head.js:_run_next_test:1627
/home/mozilla-unified/testing/xpcshell/head.js:run:774
/home/mozilla-unified/testing/xpcshell/head.js:_do_main:239
/home/mozilla-unified/testing/xpcshell/head.js:_execute_test:567
-e:null:1
 0:05.86 INFO exiting test
 0:05.86 pid:466 caught exception from components
 0:05.86 PASS mainTest - [mainTest : 508] "file" == "file"
 0:05.86 pid:466 {"url":"file://RĤ", "error":{"component":"host", "expected":"xn--r-qja", "actual":""}}
 0:05.86 ERROR componens do not match
/home/mozilla-unified/obj-x86_64-pc-linux-gnu/_tests/xpcshell/netwerk/test/URLTestFiles/test_URIs_3.js:do_check_property:505
/home/mozilla-unified/obj-x86_64-pc-linux-gnu/_tests/xpcshell/netwerk/test/URLTestFiles/test_URIs_3.js:do_test_uri_basic:566
/home/mozilla-unified/obj-x86_64-pc-linux-gnu/_tests/xpcshell/netwerk/test/URLTestFiles/test_URIs_3.js:mainTest/<:590
/home/mozilla-unified/obj-x86_64-pc-linux-gnu/_tests/xpcshell/netwerk/test/URLTestFiles/test_URIs_3.js:mainTest:587
/home/mozilla-unified/testing/xpcshell/head.js:_run_next_test/<:1627
/home/mozilla-unified/testing/xpcshell/head.js:_run_next_test:1627
/home/mozilla-unified/testing/xpcshell/head.js:run:774
/home/mozilla-unified/testing/xpcshell/head.js:_do_main:239
/home/mozilla-unified/testing/xpcshell/head.js:_execute_test:567
-e:null:1
 0:05.86 INFO exiting test
 0:05.86 pid:466 caught exception from components
 0:05.86 PASS mainTest - [mainTest : 508] "b" == "b"
 0:05.86 pid:466 {"url":"b://[::]:62556</", "error":{"component":"host", "expected":"::", "actual":"NS_ERROR_FAILURE 2147500037"}}
 0:05.86 ERROR 2147500037
/home/mozilla-unified/obj-x86_64-pc-linux-gnu/_tests/xpcshell/netwerk/test/URLTestFiles/test_URIs_3.js:do_check_property:499
/home/mozilla-unified/obj-x86_64-pc-linux-gnu/_tests/xpcshell/netwerk/test/URLTestFiles/test_URIs_3.js:do_test_uri_basic:566
/home/mozilla-unified/obj-x86_64-pc-linux-gnu/_tests/xpcshell/netwerk/test/URLTestFiles/test_URIs_3.js:mainTest/<:590
/home/mozilla-unified/obj-x86_64-pc-linux-gnu/_tests/xpcshell/netwerk/test/URLTestFiles/test_URIs_3.js:mainTest:587
/home/mozilla-unified/testing/xpcshell/head.js:_run_next_test/<:1627
/home/mozilla-unified/testing/xpcshell/head.js:_run_next_test:1627
/home/mozilla-unified/testing/xpcshell/head.js:run:774
/home/mozilla-unified/testing/xpcshell/head.js:_do_main:239
/home/mozilla-unified/testing/xpcshell/head.js:_execute_test:567
-e:null:1
 0:05.86 INFO exiting test
 0:05.87 pid:466 caught exception from components
 0:05.87 PASS mainTest - [mainTest : 508] "file" == "file"
 0:05.87 PASS mainTest - [mainTest : 508] "/" == "/"
 0:05.87 pid:466 {"url":"file:///</?漭", "error":{"component":"query", "expected":"?%E6%BC%AD", "actual":"%E6%BC%AD"}}
 0:05.87 ERROR componens do not match
/home/mozilla-unified/obj-x86_64-pc-linux-gnu/_tests/xpcshell/netwerk/test/URLTestFiles/test_URIs_3.js:do_check_property:505
/home/mozilla-unified/obj-x86_64-pc-linux-gnu/_tests/xpcshell/netwerk/test/URLTestFiles/test_URIs_3.js:do_test_uri_basic:569
/home/mozilla-unified/obj-x86_64-pc-linux-gnu/_tests/xpcshell/netwerk/test/URLTestFiles/test_URIs_3.js:mainTest/<:590
/home/mozilla-unified/obj-x86_64-pc-linux-gnu/_tests/xpcshell/netwerk/test/URLTestFiles/test_URIs_3.js:mainTest:587
/home/mozilla-unified/testing/xpcshell/head.js:_run_next_test/<:1627
/home/mozilla-unified/testing/xpcshell/head.js:_run_next_test:1627
/home/mozilla-unified/testing/xpcshell/head.js:run:774
/home/mozilla-unified/testing/xpcshell/head.js:_do_main:239
/home/mozilla-unified/testing/xpcshell/head.js:_execute_test:567
-e:null:1
 0:05.87 INFO exiting test
 0:05.87 pid:466 caught exception from components
 0:05.87 PASS mainTest - [mainTest : 508] "g" == "g"
 0:05.87 pid:466 {"url":"g:/<//{'", "error":{"component":"host", "expected":"{'", "actual":"NS_ERROR_FAILURE 2147500037"}}
 0:05.87 ERROR 2147500037
/home/mozilla-unified/obj-x86_64-pc-linux-gnu/_tests/xpcshell/netwerk/test/URLTestFiles/test_URIs_3.js:do_check_property:499
/home/mozilla-unified/obj-x86_64-pc-linux-gnu/_tests/xpcshell/netwerk/test/URLTestFiles/test_URIs_3.js:do_test_uri_basic:566
/home/mozilla-unified/obj-x86_64-pc-linux-gnu/_tests/xpcshell/netwerk/test/URLTestFiles/test_URIs_3.js:mainTest/<:590
/home/mozilla-unified/obj-x86_64-pc-linux-gnu/_tests/xpcshell/netwerk/test/URLTestFiles/test_URIs_3.js:mainTest:587
/home/mozilla-unified/testing/xpcshell/head.js:_run_next_test/<:1627
/home/mozilla-unified/testing/xpcshell/head.js:_run_next_test:1627
/home/mozilla-unified/testing/xpcshell/head.js:run:774
/home/mozilla-unified/testing/xpcshell/head.js:_do_main:239
/home/mozilla-unified/testing/xpcshell/head.js:_execute_test:567
-e:null:1
 0:05.87 INFO exiting test
 0:05.87 pid:466 caught exception from components
 0:05.87 PASS mainTest - [mainTest : 508] "http" == "http"
 0:05.87 PASS mainTest - [mainTest : 508] "::dace:efee:fafa:fdca" == "::dace:efee:fafa:fdca"
 0:05.87 PASS mainTest - [mainTest : 508] "/" == "/"
 0:05.87 PASS mainTest - [mainTest : 508] "file" == "file"
 0:05.87 pid:466 {"url":"file:///<//=", "error":{"component":"host", "expected":"=", "actual":""}}
 0:05.87 ERROR componens do not match
/home/mozilla-unified/obj-x86_64-pc-linux-gnu/_tests/xpcshell/netwerk/test/URLTestFiles/test_URIs_3.js:do_check_property:505
/home/mozilla-unified/obj-x86_64-pc-linux-gnu/_tests/xpcshell/netwerk/test/URLTestFiles/test_URIs_3.js:do_test_uri_basic:566
/home/mozilla-unified/obj-x86_64-pc-linux-gnu/_tests/xpcshell/netwerk/test/URLTestFiles/test_URIs_3.js:mainTest/<:590
/home/mozilla-unified/obj-x86_64-pc-linux-gnu/_tests/xpcshell/netwerk/test/URLTestFiles/test_URIs_3.js:mainTest:587
/home/mozilla-unified/testing/xpcshell/head.js:_run_next_test/<:1627
/home/mozilla-unified/testing/xpcshell/head.js:_run_next_test:1627
/home/mozilla-unified/testing/xpcshell/head.js:run:774
/home/mozilla-unified/testing/xpcshell/head.js:_do_main:239
/home/mozilla-unified/testing/xpcshell/head.js:_execute_test:567
-e:null:1
 0:05.87 INFO exiting test
 0:05.87 pid:466 caught exception from components
 0:05.87 PASS mainTest - [mainTest : 508] "http" == "http"
 0:05.87 PASS mainTest - [mainTest : 508] "::fafd:cbfe" == "::fafd:cbfe"
 0:05.88 PASS mainTest - [mainTest : 508] "/" == "/"
 0:05.88 PASS mainTest - [mainTest : 508] "http" == "http"
 0:05.88 PASS mainTest - [mainTest : 508] "%F0%BA%88%9F" == "%F0%BA%88%9F"
 0:05.88 PASS mainTest - [mainTest : 508] "," == ","
 0:05.88 PASS mainTest - [mainTest : 508] "/" == "/"
 0:05.88 PASS mainTest - [mainTest : 508] "https" == "https"
 0:05.88 PASS mainTest - [mainTest : 508] "::dcce:fbff:b9ff" == "::dcce:fbff:b9ff"
 0:05.88 PASS mainTest - [mainTest : 508] "/" == "/"
 0:05.88 PASS mainTest - [mainTest : 508] "v" == "v"
 0:05.88 pid:466 {"url":"V:/<//-", "error":{"component":"host", "expected":"-", "actual":"NS_ERROR_FAILURE 2147500037"}}
 0:05.88 ERROR 2147500037
/home/mozilla-unified/obj-x86_64-pc-linux-gnu/_tests/xpcshell/netwerk/test/URLTestFiles/test_URIs_3.js:do_check_property:499
/home/mozilla-unified/obj-x86_64-pc-linux-gnu/_tests/xpcshell/netwerk/test/URLTestFiles/test_URIs_3.js:do_test_uri_basic:566
/home/mozilla-unified/obj-x86_64-pc-linux-gnu/_tests/xpcshell/netwerk/test/URLTestFiles/test_URIs_3.js:mainTest/<:590
/home/mozilla-unified/obj-x86_64-pc-linux-gnu/_tests/xpcshell/netwerk/test/URLTestFiles/test_URIs_3.js:mainTest:587
/home/mozilla-unified/testing/xpcshell/head.js:_run_next_test/<:1627
/home/mozilla-unified/testing/xpcshell/head.js:_run_next_test:1627
/home/mozilla-unified/testing/xpcshell/head.js:run:774
/home/mozilla-unified/testing/xpcshell/head.js:_do_main:239
/home/mozilla-unified/testing/xpcshell/head.js:_execute_test:567
-e:null:1
 0:05.88 INFO exiting test
 0:05.88 pid:466 caught exception from components
 0:05.88 PASS mainTest - [mainTest : 508] "i" == "i"
 0:05.88 PASS mainTest - [mainTest : 508] "/m:/" == "/m:/"
 0:05.88 PASS mainTest - [mainTest : 508] "file" == "file"
 0:05.89 pid:466 {"url":"file:///<//c", "error":{"component":"host", "expected":"c", "actual":""}}
 0:05.89 ERROR componens do not match
/home/mozilla-unified/obj-x86_64-pc-linux-gnu/_tests/xpcshell/netwerk/test/URLTestFiles/test_URIs_3.js:do_check_property:505
/home/mozilla-unified/obj-x86_64-pc-linux-gnu/_tests/xpcshell/netwerk/test/URLTestFiles/test_URIs_3.js:do_test_uri_basic:566
/home/mozilla-unified/obj-x86_64-pc-linux-gnu/_tests/xpcshell/netwerk/test/URLTestFiles/test_URIs_3.js:mainTest/<:590
/home/mozilla-unified/obj-x86_64-pc-linux-gnu/_tests/xpcshell/netwerk/test/URLTestFiles/test_URIs_3.js:mainTest:587
/home/mozilla-unified/testing/xpcshell/head.js:_run_next_test/<:1627
/home/mozilla-unified/testing/xpcshell/head.js:_run_next_test:1627
/home/mozilla-unified/testing/xpcshell/head.js:run:774
/home/mozilla-unified/testing/xpcshell/head.js:_do_main:239
/home/mozilla-unified/testing/xpcshell/head.js:_execute_test:567
-e:null:1
 0:05.89 INFO exiting test
 0:05.89 pid:466 caught exception from components
 0:05.89 PASS mainTest - [mainTest : 508] "p" == "p"
 0:05.89 pid:466 {"url":"p:/<//[::e8ed]", "error":{"component":"host", "expected":"::e8ed", "actual":"NS_ERROR_FAILURE 2147500037"}}
 0:05.89 ERROR 2147500037
/home/mozilla-unified/obj-x86_64-pc-linux-gnu/_tests/xpcshell/netwerk/test/URLTestFiles/test_URIs_3.js:do_check_property:499
/home/mozilla-unified/obj-x86_64-pc-linux-gnu/_tests/xpcshell/netwerk/test/URLTestFiles/test_URIs_3.js:do_test_uri_basic:566
/home/mozilla-unified/obj-x86_64-pc-linux-gnu/_tests/xpcshell/netwerk/test/URLTestFiles/test_URIs_3.js:mainTest/<:590
/home/mozilla-unified/obj-x86_64-pc-linux-gnu/_tests/xpcshell/netwerk/test/URLTestFiles/test_URIs_3.js:mainTest:587
/home/mozilla-unified/testing/xpcshell/head.js:_run_next_test/<:1627
/home/mozilla-unified/testing/xpcshell/head.js:_run_next_test:1627
/home/mozilla-unified/testing/xpcshell/head.js:run:774
/home/mozilla-unified/testing/xpcshell/head.js:_do_main:239
/home/mozilla-unified/testing/xpcshell/head.js:_execute_test:567
-e:null:1
 0:05.89 INFO exiting test
 0:05.89 pid:466 caught exception from components
 0:05.89 PASS mainTest - [mainTest : 508] "ftp" == "ftp"
 0:05.89 PASS mainTest - [mainTest : 508] "8bae::ceae" == "8bae::ceae"
 0:05.89 PASS mainTest - [mainTest : 508] "/" == "/"
 0:05.89 PASS mainTest - [mainTest : 508] "file" == "file"
 0:05.89 pid:466 {"url":"file:///</.%2e", "error":{"component":"filePath", "expected":"/", "actual":"/.%2e"}}
 0:05.89 ERROR componens do not match
/home/mozilla-unified/obj-x86_64-pc-linux-gnu/_tests/xpcshell/netwerk/test/URLTestFiles/test_URIs_3.js:do_check_property:505
/home/mozilla-unified/obj-x86_64-pc-linux-gnu/_tests/xpcshell/netwerk/test/URLTestFiles/test_URIs_3.js:do_test_uri_basic:568
/home/mozilla-unified/obj-x86_64-pc-linux-gnu/_tests/xpcshell/netwerk/test/URLTestFiles/test_URIs_3.js:mainTest/<:590
/home/mozilla-unified/obj-x86_64-pc-linux-gnu/_tests/xpcshell/netwerk/test/URLTestFiles/test_URIs_3.js:mainTest:587
/home/mozilla-unified/testing/xpcshell/head.js:_run_next_test/<:1627
/home/mozilla-unified/testing/xpcshell/head.js:_run_next_test:1627
/home/mozilla-unified/testing/xpcshell/head.js:run:774
/home/mozilla-unified/testing/xpcshell/head.js:_do_main:239
/home/mozilla-unified/testing/xpcshell/head.js:_execute_test:567
-e:null:1
 0:05.89 INFO exiting test
 0:05.89 pid:466 caught exception from components
 0:05.89 PASS mainTest - [mainTest : 508] "ws" == "ws"
 0:05.89 PASS mainTest - [mainTest : 508] "%E4%89%A0" == "%E4%89%A0"
 0:05.89 PASS mainTest - [mainTest : 508] ")" == ")"
 0:05.89 PASS mainTest - [mainTest : 508] "/" == "/"
 0:05.89 PASS mainTest - [mainTest : 508] "file" == "file"
 0:05.90 PASS mainTest - [mainTest : 508] "/%F2%A4%8B%A3" == "/%F2%A4%8B%A3"
 0:05.90 PASS mainTest - [mainTest : 508] "d" == "d"
 0:05.90 PASS mainTest - [mainTest : 508] "/" == "/"
 0:05.90 pid:466 {"url":"D:/</?", "error":{"component":"query", "expected":"?%EF%A0%88", "actual":"%EF%A0%88"}}
 0:05.90 ERROR componens do not match
/home/mozilla-unified/obj-x86_64-pc-linux-gnu/_tests/xpcshell/netwerk/test/URLTestFiles/test_URIs_3.js:do_check_property:505
/home/mozilla-unified/obj-x86_64-pc-linux-gnu/_tests/xpcshell/netwerk/test/URLTestFiles/test_URIs_3.js:do_test_uri_basic:569
/home/mozilla-unified/obj-x86_64-pc-linux-gnu/_tests/xpcshell/netwerk/test/URLTestFiles/test_URIs_3.js:mainTest/<:590
/home/mozilla-unified/obj-x86_64-pc-linux-gnu/_tests/xpcshell/netwerk/test/URLTestFiles/test_URIs_3.js:mainTest:587
/home/mozilla-unified/testing/xpcshell/head.js:_run_next_test/<:1627
/home/mozilla-unified/testing/xpcshell/head.js:_run_next_test:1627
/home/mozilla-unified/testing/xpcshell/head.js:run:774
/home/mozilla-unified/testing/xpcshell/head.js:_do_main:239
/home/mozilla-unified/testing/xpcshell/head.js:_execute_test:567
-e:null:1
 0:05.90 INFO exiting test
 0:05.90 pid:466 caught exception from components
 0:05.90 PASS mainTest - [mainTest : 508] "https" == "https"
 0:05.90 PASS mainTest - [mainTest : 508] "::efeb:fe60:faff" == "::efeb:fe60:faff"
 0:05.90 PASS mainTest - [mainTest : 508] "/" == "/"
 0:05.90 PASS mainTest - [mainTest : 508] "file" == "file"
 0:05.90 pid:466 {"url":"file://[dd7b::250.251.254.252]", "error":{"component":"host", "expected":"dd7b::fafb:fefc", "actual":""}}
 0:05.90 ERROR componens do not match
/home/mozilla-unified/obj-x86_64-pc-linux-gnu/_tests/xpcshell/netwerk/test/URLTestFiles/test_URIs_3.js:do_check_property:505
/home/mozilla-unified/obj-x86_64-pc-linux-gnu/_tests/xpcshell/netwerk/test/URLTestFiles/test_URIs_3.js:do_test_uri_basic:566
/home/mozilla-unified/obj-x86_64-pc-linux-gnu/_tests/xpcshell/netwerk/test/URLTestFiles/test_URIs_3.js:mainTest/<:590
/home/mozilla-unified/obj-x86_64-pc-linux-gnu/_tests/xpcshell/netwerk/test/URLTestFiles/test_URIs_3.js:mainTest:587
/home/mozilla-unified/testing/xpcshell/head.js:_run_next_test/<:1627
/home/mozilla-unified/testing/xpcshell/head.js:_run_next_test:1627
/home/mozilla-unified/testing/xpcshell/head.js:run:774
/home/mozilla-unified/testing/xpcshell/head.js:_do_main:239
/home/mozilla-unified/testing/xpcshell/head.js:_execute_test:567
-e:null:1
 0:05.90 INFO exiting test
 0:05.90 pid:466 caught exception from components
 0:05.90 PASS mainTest - [mainTest : 508] "https" == "https"
 0:05.90 PASS mainTest - [mainTest : 508] "i" == "i"
 0:05.90 PASS mainTest - [mainTest : 508] "/" == "/"
 0:05.90 PASS mainTest - [mainTest : 508] "a" == "a"
 0:05.90 PASS mainTest - [mainTest : 508] "/" == "/"
 0:05.91 PASS mainTest - [mainTest : 508] "file" == "file"
 0:05.91 pid:466 {"url":"file:///<//252.251.253.205", "error":{"component":"host", "expected":"252.251.253.205", "actual":""}}
 0:05.91 ERROR componens do not match
/home/mozilla-unified/obj-x86_64-pc-linux-gnu/_tests/xpcshell/netwerk/test/URLTestFiles/test_URIs_3.js:do_check_property:505
/home/mozilla-unified/obj-x86_64-pc-linux-gnu/_tests/xpcshell/netwerk/test/URLTestFiles/test_URIs_3.js:do_test_uri_basic:566
/home/mozilla-unified/obj-x86_64-pc-linux-gnu/_tests/xpcshell/netwerk/test/URLTestFiles/test_URIs_3.js:mainTest/<:590
/home/mozilla-unified/obj-x86_64-pc-linux-gnu/_tests/xpcshell/netwerk/test/URLTestFiles/test_URIs_3.js:mainTest:587
/home/mozilla-unified/testing/xpcshell/head.js:_run_next_test/<:1627
/home/mozilla-unified/testing/xpcshell/head.js:_run_next_test:1627
/home/mozilla-unified/testing/xpcshell/head.js:run:774
/home/mozilla-unified/testing/xpcshell/head.js:_do_main:239
/home/mozilla-unified/testing/xpcshell/head.js:_execute_test:567
-e:null:1
 0:05.91 INFO exiting test
 0:05.91 pid:466 caught exception from components
 0:05.91 PASS mainTest - [mainTest : 508] "file" == "file"
 0:05.91 pid:466 {"url":"file://[::bbbf:faac:252.251.255.207]", "error":{"component":"host", "expected":"::bbbf:faac:fcfb:ffcf", "actual":""}}
 0:05.91 ERROR componens do not match
/home/mozilla-unified/obj-x86_64-pc-linux-gnu/_tests/xpcshell/netwerk/test/URLTestFiles/test_URIs_3.js:do_check_property:505
/home/mozilla-unified/obj-x86_64-pc-linux-gnu/_tests/xpcshell/netwerk/test/URLTestFiles/test_URIs_3.js:do_test_uri_basic:566
/home/mozilla-unified/obj-x86_64-pc-linux-gnu/_tests/xpcshell/netwerk/test/URLTestFiles/test_URIs_3.js:mainTest/<:590
/home/mozilla-unified/obj-x86_64-pc-linux-gnu/_tests/xpcshell/netwerk/test/URLTestFiles/test_URIs_3.js:mainTest:587
/home/mozilla-unified/testing/xpcshell/head.js:_run_next_test/<:1627
/home/mozilla-unified/testing/xpcshell/head.js:_run_next_test:1627
/home/mozilla-unified/testing/xpcshell/head.js:run:774
/home/mozilla-unified/testing/xpcshell/head.js:_do_main:239
/home/mozilla-unified/testing/xpcshell/head.js:_execute_test:567
-e:null:1
 0:05.91 INFO exiting test
 0:05.91 pid:466 caught exception from components
 0:05.91 INFO (xpcshell/head.js) | test run_next_test 0 finished (2)
 0:05.91 INFO (xpcshell/head.js) | test run_next_test 1 pending (2)
 0:05.91 INFO (xpcshell/head.js) | test mainTest finished (2)
 0:05.93 INFO (xpcshell/head.js) | test run_next_test 1 finished (1)
 0:05.93 INFO exiting test
 0:06.97 TEST_END: Test FAIL, expected PASS. Subtests passed 77/77. Unexpected 0 - xpcshell return code: 0
 0:06.99 INFO INFO | Result summary:
 0:06.99 INFO INFO | Passed: 0
 0:06.99 INFO INFO | Failed: 1
 0:06.99 INFO INFO | Todo: 0
 0:06.99 INFO INFO | Retried: 0
 0:06.99 SUITE_END
 0:06.99 INFO Node moz-http2 server shutting down ...
 0:07.01 INFO http3Server server shutting down ...
 0:07.11 
Overall Summary
===============

xpcshell
~~~~~~~~
Ran 78 checks (77 subtests, 1 tests)
Expected results: 77
Unexpected results: 1
  test: 1 (1 fail)

Unexpected Results
------------------
netwerk/test/URLTestFiles/test_URIs_3.js
  FAIL netwerk/test/URLTestFiles/test_URIs_3.js - xpcshell return code: 0
ERROR 2147500037
/home/mozilla-unified/obj-x86_64-pc-linux-gnu/_tests/xpcshell/netwerk/test/URLTestFiles/test_URIs_3.js:do_check_property:499
/home/mozilla-unified/obj-x86_64-pc-linux-gnu/_tests/xpcshell/netwerk/test/URLTestFiles/test_URIs_3.js:do_test_uri_basic:566
/home/mozilla-unified/obj-x86_64-pc-linux-gnu/_tests/xpcshell/netwerk/test/URLTestFiles/test_URIs_3.js:mainTest/<:590
/home/mozilla-unified/obj-x86_64-pc-linux-gnu/_tests/xpcshell/netwerk/test/URLTestFiles/test_URIs_3.js:mainTest:587
/home/mozilla-unified/testing/xpcshell/head.js:_run_next_test/<:1627
/home/mozilla-unified/testing/xpcshell/head.js:_run_next_test:1627
/home/mozilla-unified/testing/xpcshell/head.js:run:774
/home/mozilla-unified/testing/xpcshell/head.js:_do_main:239
/home/mozilla-unified/testing/xpcshell/head.js:_execute_test:567
-e:null:1
ERROR 2147500037
/home/mozilla-unified/obj-x86_64-pc-linux-gnu/_tests/xpcshell/netwerk/test/URLTestFiles/test_URIs_3.js:do_check_property:499
/home/mozilla-unified/obj-x86_64-pc-linux-gnu/_tests/xpcshell/netwerk/test/URLTestFiles/test_URIs_3.js:do_test_uri_basic:566
/home/mozilla-unified/obj-x86_64-pc-linux-gnu/_tests/xpcshell/netwerk/test/URLTestFiles/test_URIs_3.js:mainTest/<:590
/home/mozilla-unified/obj-x86_64-pc-linux-gnu/_tests/xpcshell/netwerk/test/URLTestFiles/test_URIs_3.js:mainTest:587
/home/mozilla-unified/testing/xpcshell/head.js:_run_next_test/<:1627
/home/mozilla-unified/testing/xpcshell/head.js:_run_next_test:1627
/home/mozilla-unified/testing/xpcshell/head.js:run:774
/home/mozilla-unified/testing/xpcshell/head.js:_do_main:239
/home/mozilla-unified/testing/xpcshell/head.js:_execute_test:567
-e:null:1
ERROR componens do not match
/home/mozilla-unified/obj-x86_64-pc-linux-gnu/_tests/xpcshell/netwerk/test/URLTestFiles/test_URIs_3.js:do_check_property:505
/home/mozilla-unified/obj-x86_64-pc-linux-gnu/_tests/xpcshell/netwerk/test/URLTestFiles/test_URIs_3.js:do_test_uri_basic:569
/home/mozilla-unified/obj-x86_64-pc-linux-gnu/_tests/xpcshell/netwerk/test/URLTestFiles/test_URIs_3.js:mainTest/<:590
/home/mozilla-unified/obj-x86_64-pc-linux-gnu/_tests/xpcshell/netwerk/test/URLTestFiles/test_URIs_3.js:mainTest:587
/home/mozilla-unified/testing/xpcshell/head.js:_run_next_test/<:1627
/home/mozilla-unified/testing/xpcshell/head.js:_run_next_test:1627
/home/mozilla-unified/testing/xpcshell/head.js:run:774
/home/mozilla-unified/testing/xpcshell/head.js:_do_main:239
/home/mozilla-unified/testing/xpcshell/head.js:_execute_test:567
-e:null:1
ERROR 2147500037
/home/mozilla-unified/obj-x86_64-pc-linux-gnu/_tests/xpcshell/netwerk/test/URLTestFiles/test_URIs_3.js:do_check_property:499
/home/mozilla-unified/obj-x86_64-pc-linux-gnu/_tests/xpcshell/netwerk/test/URLTestFiles/test_URIs_3.js:do_test_uri_basic:566
/home/mozilla-unified/obj-x86_64-pc-linux-gnu/_tests/xpcshell/netwerk/test/URLTestFiles/test_URIs_3.js:mainTest/<:590
/home/mozilla-unified/obj-x86_64-pc-linux-gnu/_tests/xpcshell/netwerk/test/URLTestFiles/test_URIs_3.js:mainTest:587
/home/mozilla-unified/testing/xpcshell/head.js:_run_next_test/<:1627
/home/mozilla-unified/testing/xpcshell/head.js:_run_next_test:1627
/home/mozilla-unified/testing/xpcshell/head.js:run:774
/home/mozilla-unified/testing/xpcshell/head.js:_do_main:239
/home/mozilla-unified/testing/xpcshell/head.js:_execute_test:567
-e:null:1
ERROR componens do not match
/home/mozilla-unified/obj-x86_64-pc-linux-gnu/_tests/xpcshell/netwerk/test/URLTestFiles/test_URIs_3.js:do_check_property:505
/home/mozilla-unified/obj-x86_64-pc-linux-gnu/_tests/xpcshell/netwerk/test/URLTestFiles/test_URIs_3.js:do_test_uri_basic:566
/home/mozilla-unified/obj-x86_64-pc-linux-gnu/_tests/xpcshell/netwerk/test/URLTestFiles/test_URIs_3.js:mainTest/<:590
/home/mozilla-unified/obj-x86_64-pc-linux-gnu/_tests/xpcshell/netwerk/test/URLTestFiles/test_URIs_3.js:mainTest:587
/home/mozilla-unified/testing/xpcshell/head.js:_run_next_test/<:1627
/home/mozilla-unified/testing/xpcshell/head.js:_run_next_test:1627
/home/mozilla-unified/testing/xpcshell/head.js:run:774
/home/mozilla-unified/testing/xpcshell/head.js:_do_main:239
/home/mozilla-unified/testing/xpcshell/head.js:_execute_test:567
-e:null:1
ERROR componens do not match
/home/mozilla-unified/obj-x86_64-pc-linux-gnu/_tests/xpcshell/netwerk/test/URLTestFiles/test_URIs_3.js:do_check_property:505
/home/mozilla-unified/obj-x86_64-pc-linux-gnu/_tests/xpcshell/netwerk/test/URLTestFiles/test_URIs_3.js:do_test_uri_basic:568
/home/mozilla-unified/obj-x86_64-pc-linux-gnu/_tests/xpcshell/netwerk/test/URLTestFiles/test_URIs_3.js:mainTest/<:590
/home/mozilla-unified/obj-x86_64-pc-linux-gnu/_tests/xpcshell/netwerk/test/URLTestFiles/test_URIs_3.js:mainTest:587
/home/mozilla-unified/testing/xpcshell/head.js:_run_next_test/<:1627
/home/mozilla-unified/testing/xpcshell/head.js:_run_next_test:1627
/home/mozilla-unified/testing/xpcshell/head.js:run:774
/home/mozilla-unified/testing/xpcshell/head.js:_do_main:239
/home/mozilla-unified/testing/xpcshell/head.js:_execute_test:567
-e:null:1
ERROR componens do not match
/home/mozilla-unified/obj-x86_64-pc-linux-gnu/_tests/xpcshell/netwerk/test/URLTestFiles/test_URIs_3.js:do_check_property:505
/home/mozilla-unified/obj-x86_64-pc-linux-gnu/_tests/xpcshell/netwerk/test/URLTestFiles/test_URIs_3.js:do_test_uri_basic:569
/home/mozilla-unified/obj-x86_64-pc-linux-gnu/_tests/xpcshell/netwerk/test/URLTestFiles/test_URIs_3.js:mainTest/<:590
/home/mozilla-unified/obj-x86_64-pc-linux-gnu/_tests/xpcshell/netwerk/test/URLTestFiles/test_URIs_3.js:mainTest:587
/home/mozilla-unified/testing/xpcshell/head.js:_run_next_test/<:1627
/home/mozilla-unified/testing/xpcshell/head.js:_run_next_test:1627
/home/mozilla-unified/testing/xpcshell/head.js:run:774
/home/mozilla-unified/testing/xpcshell/head.js:_do_main:239
/home/mozilla-unified/testing/xpcshell/head.js:_execute_test:567
-e:null:1
ERROR 2147500037
/home/mozilla-unified/obj-x86_64-pc-linux-gnu/_tests/xpcshell/netwerk/test/URLTestFiles/test_URIs_3.js:do_check_property:499
/home/mozilla-unified/obj-x86_64-pc-linux-gnu/_tests/xpcshell/netwerk/test/URLTestFiles/test_URIs_3.js:do_test_uri_basic:566
/home/mozilla-unified/obj-x86_64-pc-linux-gnu/_tests/xpcshell/netwerk/test/URLTestFiles/test_URIs_3.js:mainTest/<:590
/home/mozilla-unified/obj-x86_64-pc-linux-gnu/_tests/xpcshell/netwerk/test/URLTestFiles/test_URIs_3.js:mainTest:587
/home/mozilla-unified/testing/xpcshell/head.js:_run_next_test/<:1627
/home/mozilla-unified/testing/xpcshell/head.js:_run_next_test:1627
/home/mozilla-unified/testing/xpcshell/head.js:run:774
/home/mozilla-unified/testing/xpcshell/head.js:_do_main:239
/home/mozilla-unified/testing/xpcshell/head.js:_execute_test:567
-e:null:1
ERROR componens do not match
/home/mozilla-unified/obj-x86_64-pc-linux-gnu/_tests/xpcshell/netwerk/test/URLTestFiles/test_URIs_3.js:do_check_property:505
/home/mozilla-unified/obj-x86_64-pc-linux-gnu/_tests/xpcshell/netwerk/test/URLTestFiles/test_URIs_3.js:do_test_uri_basic:566
/home/mozilla-unified/obj-x86_64-pc-linux-gnu/_tests/xpcshell/netwerk/test/URLTestFiles/test_URIs_3.js:mainTest/<:590
/home/mozilla-unified/obj-x86_64-pc-linux-gnu/_tests/xpcshell/netwerk/test/URLTestFiles/test_URIs_3.js:mainTest:587
/home/mozilla-unified/testing/xpcshell/head.js:_run_next_test/<:1627
/home/mozilla-unified/testing/xpcshell/head.js:_run_next_test:1627
/home/mozilla-unified/testing/xpcshell/head.js:run:774
/home/mozilla-unified/testing/xpcshell/head.js:_do_main:239
/home/mozilla-unified/testing/xpcshell/head.js:_execute_test:567
-e:null:1
ERROR 2147500037
/home/mozilla-unified/obj-x86_64-pc-linux-gnu/_tests/xpcshell/netwerk/test/URLTestFiles/test_URIs_3.js:do_check_property:499
/home/mozilla-unified/obj-x86_64-pc-linux-gnu/_tests/xpcshell/netwerk/test/URLTestFiles/test_URIs_3.js:do_test_uri_basic:566
/home/mozilla-unified/obj-x86_64-pc-linux-gnu/_tests/xpcshell/netwerk/test/URLTestFiles/test_URIs_3.js:mainTest/<:590
/home/mozilla-unified/obj-x86_64-pc-linux-gnu/_tests/xpcshell/netwerk/test/URLTestFiles/test_URIs_3.js:mainTest:587
/home/mozilla-unified/testing/xpcshell/head.js:_run_next_test/<:1627
/home/mozilla-unified/testing/xpcshell/head.js:_run_next_test:1627
/home/mozilla-unified/testing/xpcshell/head.js:run:774
/home/mozilla-unified/testing/xpcshell/head.js:_do_main:239
/home/mozilla-unified/testing/xpcshell/head.js:_execute_test:567
-e:null:1
ERROR componens do not match
/home/mozilla-unified/obj-x86_64-pc-linux-gnu/_tests/xpcshell/netwerk/test/URLTestFiles/test_URIs_3.js:do_check_property:505
/home/mozilla-unified/obj-x86_64-pc-linux-gnu/_tests/xpcshell/netwerk/test/URLTestFiles/test_URIs_3.js:do_test_uri_basic:569
/home/mozilla-unified/obj-x86_64-pc-linux-gnu/_tests/xpcshell/netwerk/test/URLTestFiles/test_URIs_3.js:mainTest/<:590
/home/mozilla-unified/obj-x86_64-pc-linux-gnu/_tests/xpcshell/netwerk/test/URLTestFiles/test_URIs_3.js:mainTest:587
/home/mozilla-unified/testing/xpcshell/head.js:_run_next_test/<:1627
/home/mozilla-unified/testing/xpcshell/head.js:_run_next_test:1627
/home/mozilla-unified/testing/xpcshell/head.js:run:774
/home/mozilla-unified/testing/xpcshell/head.js:_do_main:239
/home/mozilla-unified/testing/xpcshell/head.js:_execute_test:567
-e:null:1
ERROR 2147500037
/home/mozilla-unified/obj-x86_64-pc-linux-gnu/_tests/xpcshell/netwerk/test/URLTestFiles/test_URIs_3.js:do_check_property:499
/home/mozilla-unified/obj-x86_64-pc-linux-gnu/_tests/xpcshell/netwerk/test/URLTestFiles/test_URIs_3.js:do_test_uri_basic:566
/home/mozilla-unified/obj-x86_64-pc-linux-gnu/_tests/xpcshell/netwerk/test/URLTestFiles/test_URIs_3.js:mainTest/<:590
/home/mozilla-unified/obj-x86_64-pc-linux-gnu/_tests/xpcshell/netwerk/test/URLTestFiles/test_URIs_3.js:mainTest:587
/home/mozilla-unified/testing/xpcshell/head.js:_run_next_test/<:1627
/home/mozilla-unified/testing/xpcshell/head.js:_run_next_test:1627
/home/mozilla-unified/testing/xpcshell/head.js:run:774
/home/mozilla-unified/testing/xpcshell/head.js:_do_main:239
/home/mozilla-unified/testing/xpcshell/head.js:_execute_test:567
-e:null:1
ERROR componens do not match
/home/mozilla-unified/obj-x86_64-pc-linux-gnu/_tests/xpcshell/netwerk/test/URLTestFiles/test_URIs_3.js:do_check_property:505
/home/mozilla-unified/obj-x86_64-pc-linux-gnu/_tests/xpcshell/netwerk/test/URLTestFiles/test_URIs_3.js:do_test_uri_basic:566
/home/mozilla-unified/obj-x86_64-pc-linux-gnu/_tests/xpcshell/netwerk/test/URLTestFiles/test_URIs_3.js:mainTest/<:590
/home/mozilla-unified/obj-x86_64-pc-linux-gnu/_tests/xpcshell/netwerk/test/URLTestFiles/test_URIs_3.js:mainTest:587
/home/mozilla-unified/testing/xpcshell/head.js:_run_next_test/<:1627
/home/mozilla-unified/testing/xpcshell/head.js:_run_next_test:1627
/home/mozilla-unified/testing/xpcshell/head.js:run:774
/home/mozilla-unified/testing/xpcshell/head.js:_do_main:239
/home/mozilla-unified/testing/xpcshell/head.js:_execute_test:567
-e:null:1
ERROR 2147500037
/home/mozilla-unified/obj-x86_64-pc-linux-gnu/_tests/xpcshell/netwerk/test/URLTestFiles/test_URIs_3.js:do_check_property:499
/home/mozilla-unified/obj-x86_64-pc-linux-gnu/_tests/xpcshell/netwerk/test/URLTestFiles/test_URIs_3.js:do_test_uri_basic:566
/home/mozilla-unified/obj-x86_64-pc-linux-gnu/_tests/xpcshell/netwerk/test/URLTestFiles/test_URIs_3.js:mainTest/<:590
/home/mozilla-unified/obj-x86_64-pc-linux-gnu/_tests/xpcshell/netwerk/test/URLTestFiles/test_URIs_3.js:mainTest:587
/home/mozilla-unified/testing/xpcshell/head.js:_run_next_test/<:1627
/home/mozilla-unified/testing/xpcshell/head.js:_run_next_test:1627
/home/mozilla-unified/testing/xpcshell/head.js:run:774
/home/mozilla-unified/testing/xpcshell/head.js:_do_main:239
/home/mozilla-unified/testing/xpcshell/head.js:_execute_test:567
-e:null:1
ERROR componens do not match
/home/mozilla-unified/obj-x86_64-pc-linux-gnu/_tests/xpcshell/netwerk/test/URLTestFiles/test_URIs_3.js:do_check_property:505
/home/mozilla-unified/obj-x86_64-pc-linux-gnu/_tests/xpcshell/netwerk/test/URLTestFiles/test_URIs_3.js:do_test_uri_basic:566
/home/mozilla-unified/obj-x86_64-pc-linux-gnu/_tests/xpcshell/netwerk/test/URLTestFiles/test_URIs_3.js:mainTest/<:590
/home/mozilla-unified/obj-x86_64-pc-linux-gnu/_tests/xpcshell/netwerk/test/URLTestFiles/test_URIs_3.js:mainTest:587
/home/mozilla-unified/testing/xpcshell/head.js:_run_next_test/<:1627
/home/mozilla-unified/testing/xpcshell/head.js:_run_next_test:1627
/home/mozilla-unified/testing/xpcshell/head.js:run:774
/home/mozilla-unified/testing/xpcshell/head.js:_do_main:239
/home/mozilla-unified/testing/xpcshell/head.js:_execute_test:567
-e:null:1
ERROR 2147500037
/home/mozilla-unified/obj-x86_64-pc-linux-gnu/_tests/xpcshell/netwerk/test/URLTestFiles/test_URIs_3.js:do_check_property:499
/home/mozilla-unified/obj-x86_64-pc-linux-gnu/_tests/xpcshell/netwerk/test/URLTestFiles/test_URIs_3.js:do_test_uri_basic:566
/home/mozilla-unified/obj-x86_64-pc-linux-gnu/_tests/xpcshell/netwerk/test/URLTestFiles/test_URIs_3.js:mainTest/<:590
/home/mozilla-unified/obj-x86_64-pc-linux-gnu/_tests/xpcshell/netwerk/test/URLTestFiles/test_URIs_3.js:mainTest:587
/home/mozilla-unified/testing/xpcshell/head.js:_run_next_test/<:1627
/home/mozilla-unified/testing/xpcshell/head.js:_run_next_test:1627
/home/mozilla-unified/testing/xpcshell/head.js:run:774
/home/mozilla-unified/testing/xpcshell/head.js:_do_main:239
/home/mozilla-unified/testing/xpcshell/head.js:_execute_test:567
-e:null:1
ERROR componens do not match
/home/mozilla-unified/obj-x86_64-pc-linux-gnu/_tests/xpcshell/netwerk/test/URLTestFiles/test_URIs_3.js:do_check_property:505
/home/mozilla-unified/obj-x86_64-pc-linux-gnu/_tests/xpcshell/netwerk/test/URLTestFiles/test_URIs_3.js:do_test_uri_basic:568
/home/mozilla-unified/obj-x86_64-pc-linux-gnu/_tests/xpcshell/netwerk/test/URLTestFiles/test_URIs_3.js:mainTest/<:590
/home/mozilla-unified/obj-x86_64-pc-linux-gnu/_tests/xpcshell/netwerk/test/URLTestFiles/test_URIs_3.js:mainTest:587
/home/mozilla-unified/testing/xpcshell/head.js:_run_next_test/<:1627
/home/mozilla-unified/testing/xpcshell/head.js:_run_next_test:1627
/home/mozilla-unified/testing/xpcshell/head.js:run:774
/home/mozilla-unified/testing/xpcshell/head.js:_do_main:239
/home/mozilla-unified/testing/xpcshell/head.js:_execute_test:567
-e:null:1
ERROR componens do not match
/home/mozilla-unified/obj-x86_64-pc-linux-gnu/_tests/xpcshell/netwerk/test/URLTestFiles/test_URIs_3.js:do_check_property:505
/home/mozilla-unified/obj-x86_64-pc-linux-gnu/_tests/xpcshell/netwerk/test/URLTestFiles/test_URIs_3.js:do_test_uri_basic:569
/home/mozilla-unified/obj-x86_64-pc-linux-gnu/_tests/xpcshell/netwerk/test/URLTestFiles/test_URIs_3.js:mainTest/<:590
/home/mozilla-unified/obj-x86_64-pc-linux-gnu/_tests/xpcshell/netwerk/test/URLTestFiles/test_URIs_3.js:mainTest:587
/home/mozilla-unified/testing/xpcshell/head.js:_run_next_test/<:1627
/home/mozilla-unified/testing/xpcshell/head.js:_run_next_test:1627
/home/mozilla-unified/testing/xpcshell/head.js:run:774
/home/mozilla-unified/testing/xpcshell/head.js:_do_main:239
/home/mozilla-unified/testing/xpcshell/head.js:_execute_test:567
-e:null:1
ERROR componens do not match
/home/mozilla-unified/obj-x86_64-pc-linux-gnu/_tests/xpcshell/netwerk/test/URLTestFiles/test_URIs_3.js:do_check_property:505
/home/mozilla-unified/obj-x86_64-pc-linux-gnu/_tests/xpcshell/netwerk/test/URLTestFiles/test_URIs_3.js:do_test_uri_basic:566
/home/mozilla-unified/obj-x86_64-pc-linux-gnu/_tests/xpcshell/netwerk/test/URLTestFiles/test_URIs_3.js:mainTest/<:590
/home/mozilla-unified/obj-x86_64-pc-linux-gnu/_tests/xpcshell/netwerk/test/URLTestFiles/test_URIs_3.js:mainTest:587
/home/mozilla-unified/testing/xpcshell/head.js:_run_next_test/<:1627
/home/mozilla-unified/testing/xpcshell/head.js:_run_next_test:1627
/home/mozilla-unified/testing/xpcshell/head.js:run:774
/home/mozilla-unified/testing/xpcshell/head.js:_do_main:239
/home/mozilla-unified/testing/xpcshell/head.js:_execute_test:567
-e:null:1
ERROR componens do not match
/home/mozilla-unified/obj-x86_64-pc-linux-gnu/_tests/xpcshell/netwerk/test/URLTestFiles/test_URIs_3.js:do_check_property:505
/home/mozilla-unified/obj-x86_64-pc-linux-gnu/_tests/xpcshell/netwerk/test/URLTestFiles/test_URIs_3.js:do_test_uri_basic:566
/home/mozilla-unified/obj-x86_64-pc-linux-gnu/_tests/xpcshell/netwerk/test/URLTestFiles/test_URIs_3.js:mainTest/<:590
/home/mozilla-unified/obj-x86_64-pc-linux-gnu/_tests/xpcshell/netwerk/test/URLTestFiles/test_URIs_3.js:mainTest:587
/home/mozilla-unified/testing/xpcshell/head.js:_run_next_test/<:1627
/home/mozilla-unified/testing/xpcshell/head.js:_run_next_test:1627
/home/mozilla-unified/testing/xpcshell/head.js:run:774
/home/mozilla-unified/testing/xpcshell/head.js:_do_main:239
/home/mozilla-unified/testing/xpcshell/head.js:_execute_test:567
-e:null:1
ERROR componens do not match
/home/mozilla-unified/obj-x86_64-pc-linux-gnu/_tests/xpcshell/netwerk/test/URLTestFiles/test_URIs_3.js:do_check_property:505
/home/mozilla-unified/obj-x86_64-pc-linux-gnu/_tests/xpcshell/netwerk/test/URLTestFiles/test_URIs_3.js:do_test_uri_basic:566
/home/mozilla-unified/obj-x86_64-pc-linux-gnu/_tests/xpcshell/netwerk/test/URLTestFiles/test_URIs_3.js:mainTest/<:590
/home/mozilla-unified/obj-x86_64-pc-linux-gnu/_tests/xpcshell/netwerk/test/URLTestFiles/test_URIs_3.js:mainTest:587
/home/mozilla-unified/testing/xpcshell/head.js:_run_next_test/<:1627
/home/mozilla-unified/testing/xpcshell/head.js:_run_next_test:1627
/home/mozilla-unified/testing/xpcshell/head.js:run:774
/home/mozilla-unified/testing/xpcshell/head.js:_do_main:239
/home/mozilla-unified/testing/xpcshell/head.js:_execute_test:567
-e:null:1
