Already up to date.
[00:00:00] prepare result locations
[00:00:00] fuzzing targets all 
[00:00:00] fuzzing firefox
[00:00:00] removing old coverage data
[00:00:02] executing tests
[00:34:25] generating reports
[00:34:27] browser output cleanup
[00:34:27] fuzzing chromium
[2021-06-28 05:45:57,981 INFO] Building ['url_unittests'].
[00:34:28] ninja: Entering directory `/home/chromium/src/out/coverage'
[00:34:31] [0/1] Regenerating ninja files
[00:34:45] [1/2] CXX obj/url/url_unittests/url_parsing_unittest.o
[00:34:46] [2/2] LINK ./url_unittests
[2021-06-28 05:46:17,036 INFO] Running command: "out/coverage/url_unittests --gtest_filter=URLParser.Parsing", the output is redirected to "/home/chromium/src/out/report/linux/logs/url_unittests_output.log".
[2021-06-28 05:46:17,513 WARNING] Command: "out/coverage/url_unittests --gtest_filter=URLParser.Parsing" exited with non-zero return code.
[2021-06-28 05:46:17,514 INFO] Creating target profile data file.
[2021-06-28 05:46:18,100 INFO] Target "url_unittests" profile data is created as: "/home/chromium/src/out/report/url_unittests.profdata".
[2021-06-28 05:46:18,103 INFO] Creating the coverage profile data file.
[2021-06-28 05:46:18,129 INFO] Code coverage profile data is created as: "/home/chromium/src/out/report/linux/coverage.profdata".
[2021-06-28 05:46:18,130 INFO] Finding shared libraries for targets (if any).
[2021-06-28 05:46:18,136 INFO] Finished finding shared libraries for targets.
[2021-06-28 05:46:18,137 INFO] Generating code coverage report in html (this can take a while depending on size of target!).
[2021-06-28 05:46:19,781 INFO] Index file for html report is generated as: "file:///home/chromium/src/out/report/linux/index.html".
[00:34:49] browser output cleanup
[00:34:49] fuzzing languages
[00:34:49] fuzzing Python
[00:34:50] fuzzing C
[00:34:51] fuzzing Cpp
[00:35:00] fuzzing Java
[00:35:00] update-alternatives: using /usr/lib/jvm/java-8-openjdk-amd64/jre/bin/java to provide /usr/bin/java (java) in manual mode
[00:35:00] update-alternatives: using /usr/lib/jvm/java-8-openjdk-amd64/bin/javac to provide /usr/bin/javac (javac) in manual mode
WARNING : java.lang.Object can't be statically instrumented and was excluded
[00:35:27] fuzzing Ruby
[00:35:27] Coverage report generated for Unknown Test Framework to /home/url-fuzzing/languagefuzzing/RubyCoverage/coverage. 139 / 193 LOC (72.02%) covered.
[00:35:27] fuzzing JavaScript
[00:35:32] fuzzing PHP
[00:35:35] fuzzing Go
[00:35:38] finalizing results
Traceback (most recent call last):
  File "produceResultPresentation.py", line 564, in <module>
[00:35:45] writing resultoverview
    f=open("./used_seed", "r")
FileNotFoundError: [Errno 2] No such file or directory: './used_seed'
[00:35:45] writing browseroverview
[00:35:45] done
