IMPORTANT DEBUGGING NOTE: batches of tests are run inside their
own process. For debugging a test inside a debugger, use the
--gtest_filter=<your_test_name> flag along with
--single-process-tests.
Using sharding settings from environment. This is shard 0/1
Using 1 parallel jobs.
Note: Google Test filter = URLParser.Parsing
[==========] Running 1 test from 1 test suite.
[----------] Global test environment set-up.
[----------] 1 test from URLParser
[ RUN      ] URLParser.Parsing
../../url/url_parsing_unittest.cc:22: Failure
Value of: parsed_url.is_valid()
  Actual: false
Expected: true
{"url":"//[::eebf:fbed:decc:badc:fbde:255.50.253.250]", "exception":"invalid URL"}
Stack trace:
#0 0x562b20d2d750 url::(anonymous namespace)::URLParser_Parsing_Test::TestBody()

../../url/url_parsing_unittest.cc:22: Failure
Value of: parsed_url.is_valid()
  Actual: false
Expected: true
{"url":"//[bfbe:abea:aabd:bafe:eeeb:ecfb:252.250.109.255]", "exception":"invalid URL"}
Stack trace:
#0 0x562b20d2d750 url::(anonymous namespace)::URLParser_Parsing_Test::TestBody()

../../url/url_parsing_unittest.cc:22: Failure
Value of: parsed_url.is_valid()
  Actual: false
Expected: true
{"url":"//253.8.251.252", "exception":"invalid URL"}
Stack trace:
#0 0x562b20d2d750 url::(anonymous namespace)::URLParser_Parsing_Test::TestBody()

../../url/url_parsing_unittest.cc:22: Failure
Value of: parsed_url.is_valid()
  Actual: false
Expected: true
{"url":"//[bacd::dcdb:eaeb:aeed:ecca:251.254.41.251]", "exception":"invalid URL"}
Stack trace:
#0 0x562b20d2d750 url::(anonymous namespace)::URLParser_Parsing_Test::TestBody()

../../url/url_parsing_unittest.cc:22: Failure
Value of: parsed_url.is_valid()
  Actual: false
Expected: true
{"url":"//[dfab::feee:dafb:bcaa:ecef:251.52.253.255]", "exception":"invalid URL"}
Stack trace:
#0 0x562b20d2d750 url::(anonymous namespace)::URLParser_Parsing_Test::TestBody()

../../url/url_parsing_unittest.cc:22: Failure
Value of: parsed_url.is_valid()
  Actual: false
Expected: true
{"url":"//[::ecda:ccfe:adba:affb:edbc:255.252.253.105%25_]", "exception":"invalid URL"}
Stack trace:
#0 0x562b20d2d750 url::(anonymous namespace)::URLParser_Parsing_Test::TestBody()

../../url/url_parsing_unittest.cc:22: Failure
Value of: parsed_url.is_valid()
  Actual: false
Expected: true
{"url":"//[2cae::ecda:acce:fbcd:254.253.254.251%25-]", "exception":"invalid URL"}
Stack trace:
#0 0x562b20d2d750 url::(anonymous namespace)::URLParser_Parsing_Test::TestBody()

../../url/url_parsing_unittest.cc:22: Failure
Value of: parsed_url.is_valid()
  Actual: false
Expected: true
{"url":"//[::beed:fdbc:ffbf:251.251.1.252%25_]", "exception":"invalid URL"}
Stack trace:
#0 0x562b20d2d750 url::(anonymous namespace)::URLParser_Parsing_Test::TestBody()

../../url/url_parsing_unittest.cc:22: Failure
Value of: parsed_url.is_valid()
  Actual: false
Expected: true
{"url":"//[5fff::abff]", "exception":"invalid URL"}
Stack trace:
#0 0x562b20d2d750 url::(anonymous namespace)::URLParser_Parsing_Test::TestBody()

../../url/url_parsing_unittest.cc:22: Failure
Value of: parsed_url.is_valid()
  Actual: false
Expected: true
{"url":"//[6bbb::efba]", "exception":"invalid URL"}
Stack trace:
#0 0x562b20d2d750 url::(anonymous namespace)::URLParser_Parsing_Test::TestBody()

../../url/url_parsing_unittest.cc:22: Failure
Value of: parsed_url.is_valid()
  Actual: false
Expected: true
{"url":"//[::baca:eece:255.254.164.255%25-]", "exception":"invalid URL"}
Stack trace:
#0 0x562b20d2d750 url::(anonymous namespace)::URLParser_Parsing_Test::TestBody()

../../url/url_parsing_unittest.cc:22: Failure
Value of: parsed_url.is_valid()
  Actual: false
Expected: true
{"url":"//[::bbab:242.254.253.250]", "exception":"invalid URL"}
Stack trace:
#0 0x562b20d2d750 url::(anonymous namespace)::URLParser_Parsing_Test::TestBody()

../../url/url_parsing_unittest.cc:22: Failure
Value of: parsed_url.is_valid()
  Actual: false
Expected: true
{"url":"//[::dacb:cbdb:efdd:214.251.253.251%25~]", "exception":"invalid URL"}
Stack trace:
#0 0x562b20d2d750 url::(anonymous namespace)::URLParser_Parsing_Test::TestBody()

../../url/url_parsing_unittest.cc:22: Failure
Value of: parsed_url.is_valid()
  Actual: false
Expected: true
{"url":"//[::ddad:ecef:dbcb:dfda:feab:253.251.250.8]", "exception":"invalid URL"}
Stack trace:
#0 0x562b20d2d750 url::(anonymous namespace)::URLParser_Parsing_Test::TestBody()

../../url/url_parsing_unittest.cc:22: Failure
Value of: parsed_url.is_valid()
  Actual: false
Expected: true
{"url":"//z", "exception":"invalid URL"}
Stack trace:
#0 0x562b20d2d750 url::(anonymous namespace)::URLParser_Parsing_Test::TestBody()

[  FAILED  ] URLParser.Parsing (4 ms)
[----------] 1 test from URLParser (7 ms total)

[----------] Global test environment tear-down
[==========] 1 test from 1 test suite ran. (7 ms total)
[  PASSED  ] 0 tests.
[  FAILED  ] 1 test, listed below:
[  FAILED  ] URLParser.Parsing

 1 FAILED TEST
[1/1] URLParser.Parsing (4 ms)
1 test failed:
    URLParser.Parsing (../../url/url_parsing_unittest.cc:54)
Tests took 0 seconds.
