IMPORTANT DEBUGGING NOTE: batches of tests are run inside their
own process. For debugging a test inside a debugger, use the
--gtest_filter=<your_test_name> flag along with
--single-process-tests.
Using sharding settings from environment. This is shard 0/1
Using 1 parallel jobs.
Note: Google Test filter = URLParser.Parsing
[==========] Running 1 test from 1 test suite.
[----------] Global test environment set-up.
[----------] 1 test from URLParser
[ RUN      ] URLParser.Parsing
../../url/url_parsing_unittest.cc:22: Failure
Value of: parsed_url.is_valid()
  Actual: false
Expected: true
{"url":"//[::feee:ceda:aaea:bbdd:cdfa:237.254.253.250]", "exception":"invalid URL"}
Stack trace:
#0 0x5651ad289310 url::(anonymous namespace)::URLParser_Parsing_Test::TestBody()

../../url/url_parsing_unittest.cc:22: Failure
Value of: parsed_url.is_valid()
  Actual: false
Expected: true
{"url":"//[::defb:ebbf:29.252.255.254]", "exception":"invalid URL"}
Stack trace:
#0 0x5651ad289310 url::(anonymous namespace)::URLParser_Parsing_Test::TestBody()

../../url/url_parsing_unittest.cc:22: Failure
Value of: parsed_url.is_valid()
  Actual: false
Expected: true
{"url":"//[::254.29.254.253%25~]", "exception":"invalid URL"}
Stack trace:
#0 0x5651ad289310 url::(anonymous namespace)::URLParser_Parsing_Test::TestBody()

../../url/url_parsing_unittest.cc:22: Failure
Value of: parsed_url.is_valid()
  Actual: false
Expected: true
{"url":"//[::abcb:cfda:bcdc:ffdc:cadc:250.251.5.254]", "exception":"invalid URL"}
Stack trace:
#0 0x5651ad289310 url::(anonymous namespace)::URLParser_Parsing_Test::TestBody()

../../url/url_parsing_unittest.cc:22: Failure
Value of: parsed_url.is_valid()
  Actual: false
Expected: true
{"url":"//[::bfdc:ebfb:251.254.253.0%25-]", "exception":"invalid URL"}
Stack trace:
#0 0x5651ad289310 url::(anonymous namespace)::URLParser_Parsing_Test::TestBody()

../../url/url_parsing_unittest.cc:22: Failure
Value of: parsed_url.is_valid()
  Actual: false
Expected: true
{"url":"//[cecd::decb:cfaf:bade:efbf:efaf:1adf]", "exception":"invalid URL"}
Stack trace:
#0 0x5651ad289310 url::(anonymous namespace)::URLParser_Parsing_Test::TestBody()

../../url/url_parsing_unittest.cc:22: Failure
Value of: parsed_url.is_valid()
  Actual: false
Expected: true
{"url":"//[::dafa:dafe:bebd:facc:cfed:254.8.253.250%25_]", "exception":"invalid URL"}
Stack trace:
#0 0x5651ad289310 url::(anonymous namespace)::URLParser_Parsing_Test::TestBody()

../../url/url_parsing_unittest.cc:22: Failure
Value of: parsed_url.is_valid()
  Actual: false
Expected: true
{"url":"//[vd.v]", "exception":"invalid URL"}
Stack trace:
#0 0x5651ad289310 url::(anonymous namespace)::URLParser_Parsing_Test::TestBody()

../../url/url_parsing_unittest.cc:22: Failure
Value of: parsed_url.is_valid()
  Actual: false
Expected: true
{"url":"//[::aaad:bcad:9.254.251.254%25~]", "exception":"invalid URL"}
Stack trace:
#0 0x5651ad289310 url::(anonymous namespace)::URLParser_Parsing_Test::TestBody()

../../url/url_parsing_unittest.cc:22: Failure
Value of: parsed_url.is_valid()
  Actual: false
Expected: true
{"url":"//[ccec:fdaa::edcd:bcca:cede:252.251.254.250%25~]", "exception":"invalid URL"}
Stack trace:
#0 0x5651ad289310 url::(anonymous namespace)::URLParser_Parsing_Test::TestBody()

../../url/url_parsing_unittest.cc:22: Failure
Value of: parsed_url.is_valid()
  Actual: false
Expected: true
{"url":"//[::252.13.253.250]", "exception":"invalid URL"}
Stack trace:
#0 0x5651ad289310 url::(anonymous namespace)::URLParser_Parsing_Test::TestBody()

../../url/url_parsing_unittest.cc:22: Failure
Value of: parsed_url.is_valid()
  Actual: false
Expected: true
{"url":"//[::ffea:253.252.255.165]", "exception":"invalid URL"}
Stack trace:
#0 0x5651ad289310 url::(anonymous namespace)::URLParser_Parsing_Test::TestBody()

../../url/url_parsing_unittest.cc:22: Failure
Value of: parsed_url.is_valid()
  Actual: false
Expected: true
{"url":"//[::eada:aeec:eeab:251.252.255.57]", "exception":"invalid URL"}
Stack trace:
#0 0x5651ad289310 url::(anonymous namespace)::URLParser_Parsing_Test::TestBody()

../../url/url_parsing_unittest.cc:22: Failure
Value of: parsed_url.is_valid()
  Actual: false
Expected: true
{"url":"//[::fccf:feec:adfa:218.251.253.251]", "exception":"invalid URL"}
Stack trace:
#0 0x5651ad289310 url::(anonymous namespace)::URLParser_Parsing_Test::TestBody()

../../url/url_parsing_unittest.cc:22: Failure
Value of: parsed_url.is_valid()
  Actual: false
Expected: true
{"url":"//[::fbfd:bdbc:254.253.125.252]", "exception":"invalid URL"}
Stack trace:
#0 0x5651ad289310 url::(anonymous namespace)::URLParser_Parsing_Test::TestBody()

../../url/url_parsing_unittest.cc:22: Failure
Value of: parsed_url.is_valid()
  Actual: false
Expected: true
{"url":"///1", "exception":"invalid URL"}
Stack trace:
#0 0x5651ad289310 url::(anonymous namespace)::URLParser_Parsing_Test::TestBody()

../../url/url_parsing_unittest.cc:22: Failure
Value of: parsed_url.is_valid()
  Actual: false
Expected: true
{"url":"//[::254.249.255.255%25_]", "exception":"invalid URL"}
Stack trace:
#0 0x5651ad289310 url::(anonymous namespace)::URLParser_Parsing_Test::TestBody()

../../url/url_parsing_unittest.cc:22: Failure
Value of: parsed_url.is_valid()
  Actual: false
Expected: true
{"url":"//[::beac:eeac:affb:ebee:cfbb:3bce:abaa%25~]", "exception":"invalid URL"}
Stack trace:
#0 0x5651ad289310 url::(anonymous namespace)::URLParser_Parsing_Test::TestBody()

../../url/url_parsing_unittest.cc:22: Failure
Value of: parsed_url.is_valid()
  Actual: false
Expected: true
{"url":"//[::251.121.255.255]", "exception":"invalid URL"}
Stack trace:
#0 0x5651ad289310 url::(anonymous namespace)::URLParser_Parsing_Test::TestBody()

../../url/url_parsing_unittest.cc:22: Failure
Value of: parsed_url.is_valid()
  Actual: false
Expected: true
{"url":"//[::171.250.253.255]", "exception":"invalid URL"}
Stack trace:
#0 0x5651ad289310 url::(anonymous namespace)::URLParser_Parsing_Test::TestBody()

../../url/url_parsing_unittest.cc:22: Failure
Value of: parsed_url.is_valid()
  Actual: false
Expected: true
{"url":"//[::daaf:dcef:bcaf:254.255.255.147]", "exception":"invalid URL"}
Stack trace:
#0 0x5651ad289310 url::(anonymous namespace)::URLParser_Parsing_Test::TestBody()

../../url/url_parsing_unittest.cc:22: Failure
Value of: parsed_url.is_valid()
  Actual: false
Expected: true
{"url":"//5.251.250.251", "exception":"invalid URL"}
Stack trace:
#0 0x5651ad289310 url::(anonymous namespace)::URLParser_Parsing_Test::TestBody()

../../url/url_parsing_unittest.cc:22: Failure
Value of: parsed_url.is_valid()
  Actual: false
Expected: true
{"url":"//[::acbe:26.251.251.250%25~]", "exception":"invalid URL"}
Stack trace:
#0 0x5651ad289310 url::(anonymous namespace)::URLParser_Parsing_Test::TestBody()

../../url/url_parsing_unittest.cc:22: Failure
Value of: parsed_url.is_valid()
  Actual: false
Expected: true
{"url":"//[bcad:fcbd:aefd:ffff:aceb:dcdb:253.252.250.214%25-]", "exception":"invalid URL"}
Stack trace:
#0 0x5651ad289310 url::(anonymous namespace)::URLParser_Parsing_Test::TestBody()

../../url/url_parsing_unittest.cc:22: Failure
Value of: parsed_url.is_valid()
  Actual: false
Expected: true
{"url":"///_", "exception":"invalid URL"}
Stack trace:
#0 0x5651ad289310 url::(anonymous namespace)::URLParser_Parsing_Test::TestBody()

../../url/url_parsing_unittest.cc:22: Failure
Value of: parsed_url.is_valid()
  Actual: false
Expected: true
{"url":"///j", "exception":"invalid URL"}
Stack trace:
#0 0x5651ad289310 url::(anonymous namespace)::URLParser_Parsing_Test::TestBody()

../../url/url_parsing_unittest.cc:22: Failure
Value of: parsed_url.is_valid()
  Actual: false
Expected: true
{"url":"//[::dbba:ebea:7eac:dcbc]", "exception":"invalid URL"}
Stack trace:
#0 0x5651ad289310 url::(anonymous namespace)::URLParser_Parsing_Test::TestBody()

../../url/url_parsing_unittest.cc:22: Failure
Value of: parsed_url.is_valid()
  Actual: false
Expected: true
{"url":"//[::cfcc:5ced%25.]", "exception":"invalid URL"}
Stack trace:
#0 0x5651ad289310 url::(anonymous namespace)::URLParser_Parsing_Test::TestBody()

../../url/url_parsing_unittest.cc:22: Failure
Value of: parsed_url.is_valid()
  Actual: false
Expected: true
{"url":"//[::beca:ceca:dafa:adcb:ecda:250.253.250.0%25_]", "exception":"invalid URL"}
Stack trace:
#0 0x5651ad289310 url::(anonymous namespace)::URLParser_Parsing_Test::TestBody()

../../url/url_parsing_unittest.cc:22: Failure
Value of: parsed_url.is_valid()
  Actual: false
Expected: true
{"url":"//[dbcb::bcae:cbcf:cddc:dcac:251.242.251.252%25~]", "exception":"invalid URL"}
Stack trace:
#0 0x5651ad289310 url::(anonymous namespace)::URLParser_Parsing_Test::TestBody()

../../url/url_parsing_unittest.cc:22: Failure
Value of: parsed_url.is_valid()
  Actual: false
Expected: true
{"url":"//[::ebbb:cced:cfcc:254.20.250.251]", "exception":"invalid URL"}
Stack trace:
#0 0x5651ad289310 url::(anonymous namespace)::URLParser_Parsing_Test::TestBody()

../../url/url_parsing_unittest.cc:22: Failure
Value of: parsed_url.is_valid()
  Actual: false
Expected: true
{"url":"//210.250.253.250", "exception":"invalid URL"}
Stack trace:
#0 0x5651ad289310 url::(anonymous namespace)::URLParser_Parsing_Test::TestBody()

../../url/url_parsing_unittest.cc:22: Failure
Value of: parsed_url.is_valid()
  Actual: false
Expected: true
{"url":"//[::252.254.17.253]", "exception":"invalid URL"}
Stack trace:
#0 0x5651ad289310 url::(anonymous namespace)::URLParser_Parsing_Test::TestBody()

../../url/url_parsing_unittest.cc:22: Failure
Value of: parsed_url.is_valid()
  Actual: false
Expected: true
{"url":"//[::edfe:250.251.255.253]", "exception":"invalid URL"}
Stack trace:
#0 0x5651ad289310 url::(anonymous namespace)::URLParser_Parsing_Test::TestBody()

../../url/url_parsing_unittest.cc:22: Failure
Value of: parsed_url.is_valid()
  Actual: false
Expected: true
{"url":"//[ebcf::fcec:dafa:ebaa:dffa:250.251.252.234]", "exception":"invalid URL"}
Stack trace:
#0 0x5651ad289310 url::(anonymous namespace)::URLParser_Parsing_Test::TestBody()

../../url/url_parsing_unittest.cc:22: Failure
Value of: parsed_url.is_valid()
  Actual: false
Expected: true
{"url":"//[bfae:dfba:feee:fcfe:debd:fcbc:254.250.3.254%25-]", "exception":"invalid URL"}
Stack trace:
#0 0x5651ad289310 url::(anonymous namespace)::URLParser_Parsing_Test::TestBody()

../../url/url_parsing_unittest.cc:22: Failure
Value of: parsed_url.is_valid()
  Actual: false
Expected: true
{"url":"//[::ecfc:fbaf:dcaa:236.255.254.250%25_]", "exception":"invalid URL"}
Stack trace:
#0 0x5651ad289310 url::(anonymous namespace)::URLParser_Parsing_Test::TestBody()

../../url/url_parsing_unittest.cc:22: Failure
Value of: parsed_url.is_valid()
  Actual: false
Expected: true
{"url":"//[::fbed:6.250.250.252%25.]", "exception":"invalid URL"}
Stack trace:
#0 0x5651ad289310 url::(anonymous namespace)::URLParser_Parsing_Test::TestBody()

../../url/url_parsing_unittest.cc:22: Failure
Value of: parsed_url.is_valid()
  Actual: false
Expected: true
{"url":"//254.253.35.250", "exception":"invalid URL"}
Stack trace:
#0 0x5651ad289310 url::(anonymous namespace)::URLParser_Parsing_Test::TestBody()

../../url/url_parsing_unittest.cc:22: Failure
Value of: parsed_url.is_valid()
  Actual: false
Expected: true
{"url":"//[aedb::dbdf:babb:bfed:caba:8.255.251.253%25.]", "exception":"invalid URL"}
Stack trace:
#0 0x5651ad289310 url::(anonymous namespace)::URLParser_Parsing_Test::TestBody()

../../url/url_parsing_unittest.cc:22: Failure
Value of: parsed_url.is_valid()
  Actual: false
Expected: true
{"url":"//[::fecb:eaee:254.207.251.250%25_]", "exception":"invalid URL"}
Stack trace:
#0 0x5651ad289310 url::(anonymous namespace)::URLParser_Parsing_Test::TestBody()

../../url/url_parsing_unittest.cc:22: Failure
Value of: parsed_url.is_valid()
  Actual: false
Expected: true
{"url":"//[::abed:dbac:bdda:250.252.86.251]", "exception":"invalid URL"}
Stack trace:
#0 0x5651ad289310 url::(anonymous namespace)::URLParser_Parsing_Test::TestBody()

../../url/url_parsing_unittest.cc:22: Failure
Value of: parsed_url.is_valid()
  Actual: false
Expected: true
{"url":"//[7ebf:babc::adbc:ccbe:eeba:253.254.255.252%25.]", "exception":"invalid URL"}
Stack trace:
#0 0x5651ad289310 url::(anonymous namespace)::URLParser_Parsing_Test::TestBody()

../../url/url_parsing_unittest.cc:22: Failure
Value of: parsed_url.is_valid()
  Actual: false
Expected: true
{"url":"//[::cdcf:cabb:250.207.253.252]", "exception":"invalid URL"}
Stack trace:
#0 0x5651ad289310 url::(anonymous namespace)::URLParser_Parsing_Test::TestBody()

../../url/url_parsing_unittest.cc:22: Failure
Value of: parsed_url.is_valid()
  Actual: false
Expected: true
{"url":"//[::decc:acaa:efdd:255.252.73.250%25_]", "exception":"invalid URL"}
Stack trace:
#0 0x5651ad289310 url::(anonymous namespace)::URLParser_Parsing_Test::TestBody()

../../url/url_parsing_unittest.cc:22: Failure
Value of: parsed_url.is_valid()
  Actual: false
Expected: true
{"url":"//[::acde:cefa:dbaf:252.251.251.6%25.]", "exception":"invalid URL"}
Stack trace:
#0 0x5651ad289310 url::(anonymous namespace)::URLParser_Parsing_Test::TestBody()

../../url/url_parsing_unittest.cc:22: Failure
Value of: parsed_url.is_valid()
  Actual: false
Expected: true
{"url":"//[::dcdd:fcbe:bfac:cdff:0fee]", "exception":"invalid URL"}
Stack trace:
#0 0x5651ad289310 url::(anonymous namespace)::URLParser_Parsing_Test::TestBody()

../../url/url_parsing_unittest.cc:22: Failure
Value of: parsed_url.is_valid()
  Actual: false
Expected: true
{"url":"//%bd", "exception":"invalid URL"}
Stack trace:
#0 0x5651ad289310 url::(anonymous namespace)::URLParser_Parsing_Test::TestBody()

[  FAILED  ] URLParser.Parsing (11 ms)
[----------] 1 test from URLParser (11 ms total)

[----------] Global test environment tear-down
[==========] 1 test from 1 test suite ran. (11 ms total)
[  PASSED  ] 0 tests.
[  FAILED  ] 1 test, listed below:
[  FAILED  ] URLParser.Parsing

 1 FAILED TEST
[1/1] URLParser.Parsing (11 ms)
1 test failed:
    URLParser.Parsing (../../url/url_parsing_unittest.cc:109)
Tests took 0 seconds.
