Already up to date.
[00:00:00] prepare result locations
[00:00:00] fuzzing targets all 
[00:00:00] fuzzing firefox
[00:00:00] removing old coverage data
[00:00:02] executing tests
[00:34:19] generating reports
[00:34:21] browser output cleanup
[00:34:21] fuzzing chromium
[2021-06-28 06:22:29,109 INFO] Building ['url_unittests'].
[00:34:22] ninja: Entering directory `/home/chromium/src/out/coverage'
[00:34:25] [0/1] Regenerating ninja files
[00:34:38] [1/2] CXX obj/url/url_unittests/url_parsing_unittest.o
[00:34:41] [2/2] LINK ./url_unittests
[2021-06-28 06:22:48,411 INFO] Running command: "out/coverage/url_unittests --gtest_filter=URLParser.Parsing", the output is redirected to "/home/chromium/src/out/report/linux/logs/url_unittests_output.log".
[2021-06-28 06:22:48,921 WARNING] Command: "out/coverage/url_unittests --gtest_filter=URLParser.Parsing" exited with non-zero return code.
[2021-06-28 06:22:48,921 INFO] Creating target profile data file.
[2021-06-28 06:22:49,475 INFO] Target "url_unittests" profile data is created as: "/home/chromium/src/out/report/url_unittests.profdata".
[2021-06-28 06:22:49,479 INFO] Creating the coverage profile data file.
[2021-06-28 06:22:49,500 INFO] Code coverage profile data is created as: "/home/chromium/src/out/report/linux/coverage.profdata".
[2021-06-28 06:22:49,501 INFO] Finding shared libraries for targets (if any).
[2021-06-28 06:22:49,508 INFO] Finished finding shared libraries for targets.
[2021-06-28 06:22:49,508 INFO] Generating code coverage report in html (this can take a while depending on size of target!).
[2021-06-28 06:22:50,971 INFO] Index file for html report is generated as: "file:///home/chromium/src/out/report/linux/index.html".
[00:34:44] browser output cleanup
[00:34:44] fuzzing languages
[00:34:44] fuzzing Python
[00:34:44] fuzzing C
[00:34:45] fuzzing Cpp
[00:34:54] fuzzing Java
[00:34:54] update-alternatives: using /usr/lib/jvm/java-8-openjdk-amd64/jre/bin/java to provide /usr/bin/java (java) in manual mode
[00:34:54] update-alternatives: using /usr/lib/jvm/java-8-openjdk-amd64/bin/javac to provide /usr/bin/javac (javac) in manual mode
WARNING : java.lang.Object can't be statically instrumented and was excluded
[00:35:20] fuzzing Ruby
[00:35:21] Coverage report generated for Unknown Test Framework to /home/url-fuzzing/languagefuzzing/RubyCoverage/coverage. 133 / 193 LOC (68.91%) covered.
[00:35:21] fuzzing JavaScript
[00:35:26] fuzzing PHP
[00:35:27] fuzzing Go
[00:35:31] finalizing results
[00:36:07] writing resultoverview
[00:36:07] writing browseroverview
[00:36:07] used seed: -1172303919929796114
[00:36:07] done
