IMPORTANT DEBUGGING NOTE: batches of tests are run inside their
own process. For debugging a test inside a debugger, use the
--gtest_filter=<your_test_name> flag along with
--single-process-tests.
Using sharding settings from environment. This is shard 0/1
Using 1 parallel jobs.
Note: Google Test filter = URLParser.Parsing
[==========] Running 1 test from 1 test suite.
[----------] Global test environment set-up.
[----------] 1 test from URLParser
[ RUN      ] URLParser.Parsing
../../url/url_parsing_unittest.cc:22: Failure
Value of: parsed_url.is_valid()
  Actual: false
Expected: true
{"url":"//%2f", "exception":"invalid URL"}
Stack trace:
#0 0x557a6a8907d0 url::(anonymous namespace)::URLParser_Parsing_Test::TestBody()

../../url/url_parsing_unittest.cc:22: Failure
Value of: parsed_url.is_valid()
  Actual: false
Expected: true
{"url":"//[::dace:dfbd:8.251.252.250]", "exception":"invalid URL"}
Stack trace:
#0 0x557a6a8907d0 url::(anonymous namespace)::URLParser_Parsing_Test::TestBody()

../../url/url_parsing_unittest.cc:22: Failure
Value of: parsed_url.is_valid()
  Actual: false
Expected: true
{"url":"//253.211.255.253", "exception":"invalid URL"}
Stack trace:
#0 0x557a6a8907d0 url::(anonymous namespace)::URLParser_Parsing_Test::TestBody()

../../url/url_parsing_unittest.cc:22: Failure
Value of: parsed_url.is_valid()
  Actual: false
Expected: true
{"url":"//[bebd::ebeb:abde:bceb:edcc:252.251.106.255%25~]", "exception":"invalid URL"}
Stack trace:
#0 0x557a6a8907d0 url::(anonymous namespace)::URLParser_Parsing_Test::TestBody()

../../url/url_parsing_unittest.cc:22: Failure
Value of: parsed_url.is_valid()
  Actual: false
Expected: true
{"url":"//[::fddf:fcdc:fadc:bffe:fefb%25.]", "exception":"invalid URL"}
Stack trace:
#0 0x557a6a8907d0 url::(anonymous namespace)::URLParser_Parsing_Test::TestBody()

../../url/url_parsing_unittest.cc:22: Failure
Value of: parsed_url.is_valid()
  Actual: false
Expected: true
{"url":"//[::aada:255.255.255.214%25_]", "exception":"invalid URL"}
Stack trace:
#0 0x557a6a8907d0 url::(anonymous namespace)::URLParser_Parsing_Test::TestBody()

../../url/url_parsing_unittest.cc:22: Failure
Value of: parsed_url.is_valid()
  Actual: false
Expected: true
{"url":"//[::faeb:fdea:eecc:eccb:ebdc:251.243.254.254%25_]", "exception":"invalid URL"}
Stack trace:
#0 0x557a6a8907d0 url::(anonymous namespace)::URLParser_Parsing_Test::TestBody()

../../url/url_parsing_unittest.cc:22: Failure
Value of: parsed_url.is_valid()
  Actual: false
Expected: true
{"url":"//[afba::baec:ceea:caec:dafd:252.251.250.1%25_]", "exception":"invalid URL"}
Stack trace:
#0 0x557a6a8907d0 url::(anonymous namespace)::URLParser_Parsing_Test::TestBody()

../../url/url_parsing_unittest.cc:22: Failure
Value of: parsed_url.is_valid()
  Actual: false
Expected: true
{"url":"//#m", "exception":"invalid URL"}
Stack trace:
#0 0x557a6a8907d0 url::(anonymous namespace)::URLParser_Parsing_Test::TestBody()

../../url/url_parsing_unittest.cc:22: Failure
Value of: parsed_url.is_valid()
  Actual: false
Expected: true
{"url":"//[adef::beba:bfba:cdbe:cedb:253.254.157.250%25_]", "exception":"invalid URL"}
Stack trace:
#0 0x557a6a8907d0 url::(anonymous namespace)::URLParser_Parsing_Test::TestBody()

../../url/url_parsing_unittest.cc:22: Failure
Value of: parsed_url.is_valid()
  Actual: false
Expected: true
{"url":"//[::bbae:250.254.8.253]", "exception":"invalid URL"}
Stack trace:
#0 0x557a6a8907d0 url::(anonymous namespace)::URLParser_Parsing_Test::TestBody()

../../url/url_parsing_unittest.cc:22: Failure
Value of: parsed_url.is_valid()
  Actual: false
Expected: true
{"url":"//@/%cd", "exception":"invalid URL"}
Stack trace:
#0 0x557a6a8907d0 url::(anonymous namespace)::URLParser_Parsing_Test::TestBody()

../../url/url_parsing_unittest.cc:22: Failure
Value of: parsed_url.is_valid()
  Actual: false
Expected: true
{"url":"//[cfde::dbbc:beec:ffec:beda:252.251.0.254]", "exception":"invalid URL"}
Stack trace:
#0 0x557a6a8907d0 url::(anonymous namespace)::URLParser_Parsing_Test::TestBody()

../../url/url_parsing_unittest.cc:22: Failure
Value of: parsed_url.is_valid()
  Actual: false
Expected: true
{"url":"//[::7ddd%25.]", "exception":"invalid URL"}
Stack trace:
#0 0x557a6a8907d0 url::(anonymous namespace)::URLParser_Parsing_Test::TestBody()

../../url/url_parsing_unittest.cc:22: Failure
Value of: parsed_url.is_valid()
  Actual: false
Expected: true
{"url":"//[fbab:aaba:dafe:affd:eebf:bcfd:98.255.252.250%25~]", "exception":"invalid URL"}
Stack trace:
#0 0x557a6a8907d0 url::(anonymous namespace)::URLParser_Parsing_Test::TestBody()

[  FAILED  ] URLParser.Parsing (5 ms)
[----------] 1 test from URLParser (5 ms total)

[----------] Global test environment tear-down
[==========] 1 test from 1 test suite ran. (5 ms total)
[  PASSED  ] 0 tests.
[  FAILED  ] 1 test, listed below:
[  FAILED  ] URLParser.Parsing

 1 FAILED TEST
[1/1] URLParser.Parsing (5 ms)
1 test failed:
    URLParser.Parsing (../../url/url_parsing_unittest.cc:60)
Tests took 0 seconds.
