Already up to date.
[00:00:00] prepare result locations
[00:00:00] fuzzing targets all 
[00:00:00] fuzzing firefox
[00:00:00] removing old coverage data
[00:00:02] executing tests
[00:00:12] generating reports
[00:00:14] browser output cleanup
[00:00:14] fuzzing chromium
[2021-09-19 01:21:53,622 INFO] Building ['url_unittests'].
[00:00:16] ninja: Entering directory `/home/chromium/src/out/coverage'
[00:00:19] [0/1] Regenerating ninja files
[00:00:33] [1/2] CXX obj/url/url_unittests/url_parsing_unittest.o
[00:00:35] [2/2] LINK ./url_unittests
[2021-09-19 01:22:13,494 INFO] Running command: "out/coverage/url_unittests --gtest_filter=URLParser.Parsing", the output is redirected to "/home/chromium/src/out/report/linux/logs/url_unittests_output.log".
[2021-09-19 01:22:13,569 WARNING] Command: "out/coverage/url_unittests --gtest_filter=URLParser.Parsing" exited with non-zero return code.
[2021-09-19 01:22:13,569 INFO] Creating target profile data file.
[2021-09-19 01:22:14,548 INFO] Target "url_unittests" profile data is created as: "/home/chromium/src/out/report/url_unittests.profdata".
[2021-09-19 01:22:14,551 INFO] Creating the coverage profile data file.
[2021-09-19 01:22:14,576 INFO] Code coverage profile data is created as: "/home/chromium/src/out/report/linux/coverage.profdata".
[2021-09-19 01:22:14,577 INFO] Finding shared libraries for targets (if any).
[2021-09-19 01:22:14,586 INFO] Finished finding shared libraries for targets.
[2021-09-19 01:22:14,586 INFO] Generating code coverage report in html (this can take a while depending on size of target!).
[2021-09-19 01:22:16,114 INFO] Index file for html report is generated as: "file:///home/chromium/src/out/report/linux/index.html".
[00:00:38] browser output cleanup
[00:00:38] fuzzing languages
[00:00:38] fuzzing Python
[00:00:38] fuzzing C
[00:00:39] fuzzing Cpp
[00:00:48] fuzzing Java
[00:00:52] update-alternatives: using /usr/lib/jvm/java-8-openjdk-amd64/jre/bin/java to provide /usr/bin/java (java) in manual mode
[00:00:52] update-alternatives: using /usr/lib/jvm/java-8-openjdk-amd64/bin/javac to provide /usr/bin/javac (javac) in manual mode
WARNING : java.lang.Object can't be statically instrumented and was excluded
[00:01:20] fuzzing Ruby
[00:01:20] Coverage report generated for Unknown Test Framework to /home/url-fuzzing/languagefuzzing/RubyCoverage/coverage. 133 / 193 LOC (68.91%) covered.
[00:01:20] fuzzing JavaScript
[00:01:24] fuzzing PHP
[00:01:24] fuzzing Go
[00:01:26] finalizing results
[00:01:29] writing resultoverview
[00:01:29] writing browseroverview
[00:01:29] used seed: 1611701111059520980
[00:01:29] done
