Already up to date.
[00:00:00] prepare result locations
[00:00:00] fuzzing targets all 
[00:00:00] fuzzing firefox
[00:00:00] removing old coverage data
[00:00:03] executing tests
[00:12:05] generating reports
[00:12:10] browser output cleanup
[00:12:10] fuzzing chromium
[2021-06-23 05:53:48,949 INFO] Building ['url_unittests'].
[00:12:11] ninja: Entering directory `/home/chromium/src/out/coverage'
[00:12:18] [0/1] Regenerating ninja files
[00:12:47] [1/2] CXX obj/url/url_unittests/url_parsing_unittest.o
[00:12:50] [2/2] LINK ./url_unittests
[2021-06-23 05:54:28,481 INFO] Running command: "out/coverage/url_unittests --gtest_filter=URLParser.Parsing", the output is redirected to "/home/chromium/src/out/report/linux/logs/url_unittests_output.log".
[2021-06-23 05:54:29,081 WARNING] Command: "out/coverage/url_unittests --gtest_filter=URLParser.Parsing" exited with non-zero return code.
[2021-06-23 05:54:29,082 INFO] Creating target profile data file.
[2021-06-23 05:54:30,102 INFO] Target "url_unittests" profile data is created as: "/home/chromium/src/out/report/url_unittests.profdata".
[2021-06-23 05:54:30,106 INFO] Creating the coverage profile data file.
[2021-06-23 05:54:30,149 INFO] Code coverage profile data is created as: "/home/chromium/src/out/report/linux/coverage.profdata".
[2021-06-23 05:54:30,150 INFO] Finding shared libraries for targets (if any).
[2021-06-23 05:54:30,158 INFO] Finished finding shared libraries for targets.
[2021-06-23 05:54:30,158 INFO] Generating code coverage report in html (this can take a while depending on size of target!).
[2021-06-23 05:54:33,192 INFO] Index file for html report is generated as: "file:///home/chromium/src/out/report/linux/index.html".
[00:12:55] browser output cleanup
[00:12:55] fuzzing languages
[00:12:55] fuzzing Python
[00:12:57] fuzzing C
[00:12:58] fuzzing Cpp
[00:13:19] fuzzing Java
[00:13:19] update-alternatives: using /usr/lib/jvm/java-8-openjdk-amd64/jre/bin/java to provide /usr/bin/java (java) in manual mode
[00:13:19] update-alternatives: using /usr/lib/jvm/java-8-openjdk-amd64/bin/javac to provide /usr/bin/javac (javac) in manual mode
WARNING : java.lang.Object can't be statically instrumented and was excluded
[00:14:03] fuzzing Ruby
[00:14:04] Coverage report generated for Unknown Test Framework to /home/url-fuzzing/languagefuzzing/RubyCoverage/coverage. 139 / 193 LOC (72.02%) covered.
[00:14:04] fuzzing JavaScript
[00:14:16] fuzzing PHP
[00:14:18] fuzzing Go
[00:14:20] finalizing results
[00:14:27] writing resultoverview
[00:14:27] writing browseroverview
Traceback (most recent call last):
  File "produceResultPresentation.py", line 564, in <module>
    f=open("./used_seed", "r")
FileNotFoundError: [Errno 2] No such file or directory: './used_seed'
[00:14:27] done
