Already up to date.
[00:00:00] prepare result locations
[00:00:00] fuzzing targets all 
[00:00:00] fuzzing firefox
[00:00:01] removing old coverage data
[00:00:03] executing tests
[00:01:34] generating reports
[00:01:36] browser output cleanup
[00:01:36] fuzzing chromium
[2021-06-22 08:45:24,425 INFO] Building ['url_unittests'].
[00:01:37] ninja: Entering directory `/home/chromium/src/out/coverage'
[00:01:40] [0/1] Regenerating ninja files
[00:01:56] [1/2] CXX obj/url/url_unittests/url_parsing_unittest.o
[00:01:58] [2/2] LINK ./url_unittests
[2021-06-22 08:45:47,032 INFO] Running command: "out/coverage/url_unittests --gtest_filter=URLParser.Parsing", the output is redirected to "/home/chromium/src/out/report/linux/logs/url_unittests_output.log".
[2021-06-22 08:45:47,119 WARNING] Command: "out/coverage/url_unittests --gtest_filter=URLParser.Parsing" exited with non-zero return code.
[2021-06-22 08:45:47,119 INFO] Creating target profile data file.
[2021-06-22 08:45:47,872 INFO] Target "url_unittests" profile data is created as: "/home/chromium/src/out/report/url_unittests.profdata".
[2021-06-22 08:45:47,876 INFO] Creating the coverage profile data file.
[2021-06-22 08:45:47,904 INFO] Code coverage profile data is created as: "/home/chromium/src/out/report/linux/coverage.profdata".
[2021-06-22 08:45:47,905 INFO] Finding shared libraries for targets (if any).
[2021-06-22 08:45:47,913 INFO] Finished finding shared libraries for targets.
[2021-06-22 08:45:47,914 INFO] Generating code coverage report in html (this can take a while depending on size of target!).
[2021-06-22 08:45:50,091 INFO] Index file for html report is generated as: "file:///home/chromium/src/out/report/linux/index.html".
[00:02:02] browser output cleanup
[00:02:02] fuzzing languages
[00:02:02] fuzzing Python
[00:02:03] fuzzing C
[00:02:04] fuzzing Cpp
[00:02:16] fuzzing Java
[00:02:16] update-alternatives: using /usr/lib/jvm/java-8-openjdk-amd64/jre/bin/java to provide /usr/bin/java (java) in manual mode
[00:02:16] update-alternatives: using /usr/lib/jvm/java-8-openjdk-amd64/bin/javac to provide /usr/bin/javac (javac) in manual mode
WARNING : java.lang.Object can't be statically instrumented and was excluded
[00:02:44] fuzzing Ruby
[00:02:44] Coverage report generated for Unknown Test Framework to /home/url-fuzzing/languagefuzzing/RubyCoverage/coverage. 133 / 193 LOC (68.91%) covered.
[00:02:44] fuzzing JavaScript
[00:02:50] fuzzing PHP
[00:02:50] fuzzing Go
[00:02:52] finalizing results
[00:02:55] writing resultoverview
[00:02:55] writing browseroverview
[00:02:55] used seed: -1172303919929796114
[00:02:55] done
