fatal: unable to access 'https://github.com/s9varesc/url-fuzzing.git/': Could not resolve host: github.com
rm: cannot remove '/home/coverageReports/*overview.html': No such file or directory
[00:00:00] prepare result locations
[00:00:00] fuzzing targets all 
[00:00:00] fuzzing firefox
[00:00:01] removing old coverage data
[00:00:03] executing tests
[00:35:00] generating reports
[00:35:02] browser output cleanup
[00:35:02] fuzzing chromium
[2021-07-23 00:09:50,913 INFO] Building ['url_unittests'].
[00:35:04] ninja: Entering directory `/home/chromium/src/out/coverage'
[00:35:07] [0/1] Regenerating ninja files
[00:35:23] [1/2] CXX obj/url/url_unittests/url_parsing_unittest.o
[00:35:28] [2/2] LINK ./url_unittests
[2021-07-23 00:10:18,148 INFO] Running command: "out/coverage/url_unittests --gtest_filter=URLParser.Parsing", the output is redirected to "/home/chromium/src/out/report/linux/logs/url_unittests_output.log".
[2021-07-23 00:10:18,516 WARNING] Command: "out/coverage/url_unittests --gtest_filter=URLParser.Parsing" exited with non-zero return code.
[2021-07-23 00:10:18,516 INFO] Creating target profile data file.
[2021-07-23 00:10:19,071 INFO] Target "url_unittests" profile data is created as: "/home/chromium/src/out/report/url_unittests.profdata".
[2021-07-23 00:10:19,074 INFO] Creating the coverage profile data file.
[2021-07-23 00:10:19,094 INFO] Code coverage profile data is created as: "/home/chromium/src/out/report/linux/coverage.profdata".
[2021-07-23 00:10:19,095 INFO] Finding shared libraries for targets (if any).
[2021-07-23 00:10:19,104 INFO] Finished finding shared libraries for targets.
[2021-07-23 00:10:19,104 INFO] Generating code coverage report in html (this can take a while depending on size of target!).
[2021-07-23 00:10:21,093 INFO] Index file for html report is generated as: "file:///home/chromium/src/out/report/linux/index.html".
[00:35:33] browser output cleanup
[00:35:33] fuzzing languages
[00:35:33] fuzzing Python
[00:35:34] fuzzing C
[00:35:34] fuzzing Cpp
[00:35:43] fuzzing Java
[00:35:43] update-alternatives: using /usr/lib/jvm/java-8-openjdk-amd64/jre/bin/java to provide /usr/bin/java (java) in manual mode
[00:35:43] update-alternatives: using /usr/lib/jvm/java-8-openjdk-amd64/bin/javac to provide /usr/bin/javac (javac) in manual mode
WARNING : java.lang.Object can't be statically instrumented and was excluded
[00:36:14] fuzzing Ruby
[00:36:14] Coverage report generated for Unknown Test Framework to /home/url-fuzzing/languagefuzzing/RubyCoverage/coverage. 139 / 193 LOC (72.02%) covered.
[00:36:14] fuzzing JavaScript
[00:36:19] fuzzing PHP
[00:36:22] fuzzing Go
[00:36:24] finalizing results
[00:36:32] writing resultoverview
[00:36:32] writing browseroverview
[00:36:32] used seed: -4579146206372701188
[00:36:32] done
