IMPORTANT DEBUGGING NOTE: batches of tests are run inside their
own process. For debugging a test inside a debugger, use the
--gtest_filter=<your_test_name> flag along with
--single-process-tests.
Using sharding settings from environment. This is shard 0/1
Using 1 parallel jobs.
Note: Google Test filter = URLParser.Parsing
[==========] Running 1 test from 1 test suite.
[----------] Global test environment set-up.
[----------] 1 test from URLParser
[ RUN      ] URLParser.Parsing
../../url/url_parsing_unittest.cc:22: Failure
Value of: parsed_url.is_valid()
  Actual: false
Expected: true
{"url":"//[fbdd:bbfb:bdfe:cafd:efbe:cddd:2aae:fddc%25-]", "exception":"invalid URL"}
Stack trace:
#0 0x55dc43f92c50 url::(anonymous namespace)::URLParser_Parsing_Test::TestBody()

../../url/url_parsing_unittest.cc:22: Failure
Value of: parsed_url.is_valid()
  Actual: false
Expected: true
{"url":"//[::dbac:edbe:2.253.250.254]", "exception":"invalid URL"}
Stack trace:
#0 0x55dc43f92c50 url::(anonymous namespace)::URLParser_Parsing_Test::TestBody()

../../url/url_parsing_unittest.cc:22: Failure
Value of: parsed_url.is_valid()
  Actual: false
Expected: true
{"url":"//[::254.9.252.252]", "exception":"invalid URL"}
Stack trace:
#0 0x55dc43f92c50 url::(anonymous namespace)::URLParser_Parsing_Test::TestBody()

../../url/url_parsing_unittest.cc:22: Failure
Value of: parsed_url.is_valid()
  Actual: false
Expected: true
{"url":"//[adcf:dffc:ebfa:cbbc:beea:afcc:62.251.255.255]", "exception":"invalid URL"}
Stack trace:
#0 0x55dc43f92c50 url::(anonymous namespace)::URLParser_Parsing_Test::TestBody()

../../url/url_parsing_unittest.cc:22: Failure
Value of: parsed_url.is_valid()
  Actual: false
Expected: true
{"url":"///@/%1d", "exception":"invalid URL"}
Stack trace:
#0 0x55dc43f92c50 url::(anonymous namespace)::URLParser_Parsing_Test::TestBody()

../../url/url_parsing_unittest.cc:22: Failure
Value of: parsed_url.is_valid()
  Actual: false
Expected: true
{"url":"//[::abab:afdf:efbe:ddda:fcac:aadb:afea%25-]", "exception":"invalid URL"}
Stack trace:
#0 0x55dc43f92c50 url::(anonymous namespace)::URLParser_Parsing_Test::TestBody()

../../url/url_parsing_unittest.cc:22: Failure
Value of: parsed_url.is_valid()
  Actual: false
Expected: true
{"url":"//[6bef::bbbc:255.252.251.255]", "exception":"invalid URL"}
Stack trace:
#0 0x55dc43f92c50 url::(anonymous namespace)::URLParser_Parsing_Test::TestBody()

../../url/url_parsing_unittest.cc:22: Failure
Value of: parsed_url.is_valid()
  Actual: false
Expected: true
{"url":"///@/%e7", "exception":"invalid URL"}
Stack trace:
#0 0x55dc43f92c50 url::(anonymous namespace)::URLParser_Parsing_Test::TestBody()

../../url/url_parsing_unittest.cc:22: Failure
Value of: parsed_url.is_valid()
  Actual: false
Expected: true
{"url":"//[::aded:cffa:dcde:252.255.224.254%25_]", "exception":"invalid URL"}
Stack trace:
#0 0x55dc43f92c50 url::(anonymous namespace)::URLParser_Parsing_Test::TestBody()

../../url/url_parsing_unittest.cc:22: Failure
Value of: parsed_url.is_valid()
  Actual: false
Expected: true
{"url":"//[adcc::ceda:ddfb:bdeb:efbf:252.252.232.250]", "exception":"invalid URL"}
Stack trace:
#0 0x55dc43f92c50 url::(anonymous namespace)::URLParser_Parsing_Test::TestBody()

../../url/url_parsing_unittest.cc:22: Failure
Value of: parsed_url.is_valid()
  Actual: false
Expected: true
{"url":"//%d2", "exception":"invalid URL"}
Stack trace:
#0 0x55dc43f92c50 url::(anonymous namespace)::URLParser_Parsing_Test::TestBody()

../../url/url_parsing_unittest.cc:22: Failure
Value of: parsed_url.is_valid()
  Actual: false
Expected: true
{"url":"//[::abdd:addc:255.254.1.252%25_]", "exception":"invalid URL"}
Stack trace:
#0 0x55dc43f92c50 url::(anonymous namespace)::URLParser_Parsing_Test::TestBody()

../../url/url_parsing_unittest.cc:22: Failure
Value of: parsed_url.is_valid()
  Actual: false
Expected: true
{"url":"//N@", "exception":"invalid URL"}
Stack trace:
#0 0x55dc43f92c50 url::(anonymous namespace)::URLParser_Parsing_Test::TestBody()

../../url/url_parsing_unittest.cc:22: Failure
Value of: parsed_url.is_valid()
  Actual: false
Expected: true
{"url":"//[8abb:ceea::acec:adeb:251.251.254.250%25~]", "exception":"invalid URL"}
Stack trace:
#0 0x55dc43f92c50 url::(anonymous namespace)::URLParser_Parsing_Test::TestBody()

../../url/url_parsing_unittest.cc:22: Failure
Value of: parsed_url.is_valid()
  Actual: false
Expected: true
{"url":"//[eafd:aaac:bfba:faac:cbec:cdad:57.250.253.254%25~]", "exception":"invalid URL"}
Stack trace:
#0 0x55dc43f92c50 url::(anonymous namespace)::URLParser_Parsing_Test::TestBody()

../../url/url_parsing_unittest.cc:22: Failure
Value of: parsed_url.is_valid()
  Actual: false
Expected: true
{"url":"//[dcad:dbaf:cbda:ddaa:cdec:aeed:251.222.255.250%25~]", "exception":"invalid URL"}
Stack trace:
#0 0x55dc43f92c50 url::(anonymous namespace)::URLParser_Parsing_Test::TestBody()

../../url/url_parsing_unittest.cc:22: Failure
Value of: parsed_url.is_valid()
  Actual: false
Expected: true
{"url":"//[cacc::ebcc:edcd:adec:caaf:253.252.163.254%25_]", "exception":"invalid URL"}
Stack trace:
#0 0x55dc43f92c50 url::(anonymous namespace)::URLParser_Parsing_Test::TestBody()

../../url/url_parsing_unittest.cc:22: Failure
Value of: parsed_url.is_valid()
  Actual: false
Expected: true
{"url":"//[bfdc:aabd:adbc:ffaa:acfb:cfda:bdfc:9bde]", "exception":"invalid URL"}
Stack trace:
#0 0x55dc43f92c50 url::(anonymous namespace)::URLParser_Parsing_Test::TestBody()

[  FAILED  ] URLParser.Parsing (6 ms)
[----------] 1 test from URLParser (6 ms total)

[----------] Global test environment tear-down
[==========] 1 test from 1 test suite ran. (6 ms total)
[  PASSED  ] 0 tests.
[  FAILED  ] 1 test, listed below:
[  FAILED  ] URLParser.Parsing

 1 FAILED TEST
[1/1] URLParser.Parsing (6 ms)
1 test failed:
    URLParser.Parsing (../../url/url_parsing_unittest.cc:76)
Tests took 0 seconds.
