Already up to date.
[00:00:00] prepare result locations
[00:00:00] fuzzing targets all 
[00:00:00] fuzzing firefox
[00:00:00] removing old coverage data
[00:00:05] executing tests
[00:26:59] generating reports
[00:27:04] browser output cleanup
[00:27:05] fuzzing chromium
[2021-06-26 22:46:24,582 INFO] Building ['url_unittests'].
[00:27:06] ninja: Entering directory `/home/chromium/src/out/coverage'
[00:27:16] [0/1] Regenerating ninja files
[00:27:53] [1/2] CXX obj/url/url_unittests/url_parsing_unittest.o
[00:27:56] [2/2] LINK ./url_unittests
[2021-06-26 22:47:16,169 INFO] Running command: "out/coverage/url_unittests --gtest_filter=URLParser.Parsing", the output is redirected to "/home/chromium/src/out/report/linux/logs/url_unittests_output.log".
[2021-06-26 22:47:17,071 WARNING] Command: "out/coverage/url_unittests --gtest_filter=URLParser.Parsing" exited with non-zero return code.
[2021-06-26 22:47:17,076 INFO] Creating target profile data file.
[2021-06-26 22:47:18,176 INFO] Target "url_unittests" profile data is created as: "/home/chromium/src/out/report/url_unittests.profdata".
[2021-06-26 22:47:18,200 INFO] Creating the coverage profile data file.
[2021-06-26 22:47:18,252 INFO] Code coverage profile data is created as: "/home/chromium/src/out/report/linux/coverage.profdata".
[2021-06-26 22:47:18,255 INFO] Finding shared libraries for targets (if any).
[2021-06-26 22:47:18,320 INFO] Finished finding shared libraries for targets.
[2021-06-26 22:47:18,320 INFO] Generating code coverage report in html (this can take a while depending on size of target!).
[2021-06-26 22:47:22,062 INFO] Index file for html report is generated as: "file:///home/chromium/src/out/report/linux/index.html".
[00:28:03] browser output cleanup
[00:28:03] fuzzing languages
[00:28:03] fuzzing Python
[00:28:05] fuzzing C
[00:28:06] fuzzing Cpp
[00:28:33] fuzzing Java
[00:28:33] update-alternatives: using /usr/lib/jvm/java-8-openjdk-amd64/jre/bin/java to provide /usr/bin/java (java) in manual mode
[00:28:33] update-alternatives: using /usr/lib/jvm/java-8-openjdk-amd64/bin/javac to provide /usr/bin/javac (javac) in manual mode
WARNING : java.lang.Object can't be statically instrumented and was excluded
[00:29:31] fuzzing Ruby
[00:29:31] Coverage report generated for Unknown Test Framework to /home/url-fuzzing/languagefuzzing/RubyCoverage/coverage. 139 / 193 LOC (72.02%) covered.
[00:29:31] fuzzing JavaScript
[00:29:47] fuzzing PHP
[00:29:54] fuzzing Go
[00:29:55] finalizing results
[00:30:10] writing resultoverview
[00:30:10] writing browseroverview
Traceback (most recent call last):
  File "produceResultPresentation.py", line 564, in <module>
    f=open("./used_seed", "r")
FileNotFoundError: [Errno 2] No such file or directory: './used_seed'
[00:30:10] done
