Already up to date.
[00:00:00] prepare result locations
[00:00:00] fuzzing targets all 
[00:00:00] fuzzing firefox
[00:00:00] removing old coverage data
[00:00:04] executing tests
[00:05:38] generating reports
[00:05:44] browser output cleanup
[00:05:44] fuzzing chromium
[2021-06-22 16:00:25,794 INFO] Building ['url_unittests'].
[00:05:45] ninja: Entering directory `/home/chromium/src/out/coverage'
[00:05:51] [0/1] Regenerating ninja files
[00:06:20] [1/2] CXX obj/url/url_unittests/url_parsing_unittest.o
[00:06:23] [2/2] LINK ./url_unittests
[2021-06-22 16:01:04,597 INFO] Running command: "out/coverage/url_unittests --gtest_filter=URLParser.Parsing", the output is redirected to "/home/chromium/src/out/report/linux/logs/url_unittests_output.log".
[2021-06-22 16:01:05,240 WARNING] Command: "out/coverage/url_unittests --gtest_filter=URLParser.Parsing" exited with non-zero return code.
[2021-06-22 16:01:05,241 INFO] Creating target profile data file.
[2021-06-22 16:01:06,024 INFO] Target "url_unittests" profile data is created as: "/home/chromium/src/out/report/url_unittests.profdata".
[2021-06-22 16:01:06,029 INFO] Creating the coverage profile data file.
[2021-06-22 16:01:06,056 INFO] Code coverage profile data is created as: "/home/chromium/src/out/report/linux/coverage.profdata".
[2021-06-22 16:01:06,057 INFO] Finding shared libraries for targets (if any).
[2021-06-22 16:01:06,075 INFO] Finished finding shared libraries for targets.
[2021-06-22 16:01:06,075 INFO] Generating code coverage report in html (this can take a while depending on size of target!).
[2021-06-22 16:01:08,706 INFO] Index file for html report is generated as: "file:///home/chromium/src/out/report/linux/index.html".
[00:06:27] browser output cleanup
[00:06:27] fuzzing languages
[00:06:28] fuzzing Python
[00:06:29] fuzzing C
[00:06:30] fuzzing Cpp
[00:06:49] fuzzing Java
[00:06:49] update-alternatives: using /usr/lib/jvm/java-8-openjdk-amd64/jre/bin/java to provide /usr/bin/java (java) in manual mode
[00:06:49] update-alternatives: using /usr/lib/jvm/java-8-openjdk-amd64/bin/javac to provide /usr/bin/javac (javac) in manual mode
WARNING : java.lang.Object can't be statically instrumented and was excluded
[00:07:32] fuzzing Ruby
[00:07:32] Coverage report generated for Unknown Test Framework to /home/url-fuzzing/languagefuzzing/RubyCoverage/coverage. 133 / 193 LOC (68.91%) covered.
[00:07:32] fuzzing JavaScript
[00:07:43] fuzzing PHP
[00:07:43] fuzzing Go
[00:07:46] finalizing results
[00:07:54] writing resultoverview
[00:07:54] writing browseroverview
[00:07:54] used seed: -1172303919929796114
[00:07:54] done
