Already up to date.
[00:00:00] prepare result locations
[00:00:00] fuzzing targets all 
[00:00:00] fuzzing firefox
[00:00:00] removing old coverage data
[00:00:02] executing tests
[00:00:12] generating reports
[00:00:14] browser output cleanup
[00:00:14] fuzzing chromium
[2021-09-18 23:06:56,418 INFO] Building ['url_unittests'].
[00:00:16] ninja: Entering directory `/home/chromium/src/out/coverage'
[00:00:19] [0/1] Regenerating ninja files
[00:00:32] [1/2] CXX obj/url/url_unittests/url_parsing_unittest.o
[00:00:34] [2/2] LINK ./url_unittests
[2021-09-18 23:07:16,825 INFO] Running command: "out/coverage/url_unittests --gtest_filter=URLParser.Parsing", the output is redirected to "/home/chromium/src/out/report/linux/logs/url_unittests_output.log".
[2021-09-18 23:07:17,251 WARNING] Command: "out/coverage/url_unittests --gtest_filter=URLParser.Parsing" exited with non-zero return code.
[2021-09-18 23:07:17,253 INFO] Creating target profile data file.
[2021-09-18 23:07:17,838 INFO] Target "url_unittests" profile data is created as: "/home/chromium/src/out/report/url_unittests.profdata".
[2021-09-18 23:07:17,841 INFO] Creating the coverage profile data file.
[2021-09-18 23:07:17,869 INFO] Code coverage profile data is created as: "/home/chromium/src/out/report/linux/coverage.profdata".
[2021-09-18 23:07:17,870 INFO] Finding shared libraries for targets (if any).
[2021-09-18 23:07:17,879 INFO] Finished finding shared libraries for targets.
[2021-09-18 23:07:17,879 INFO] Generating code coverage report in html (this can take a while depending on size of target!).
[2021-09-18 23:07:19,421 INFO] Index file for html report is generated as: "file:///home/chromium/src/out/report/linux/index.html".
[00:00:37] browser output cleanup
[00:00:37] fuzzing languages
[00:00:37] fuzzing Python
[00:00:38] fuzzing C
[00:00:38] fuzzing Cpp
[00:00:48] fuzzing Java
[00:00:51] update-alternatives: using /usr/lib/jvm/java-8-openjdk-amd64/jre/bin/java to provide /usr/bin/java (java) in manual mode
[00:00:51] update-alternatives: using /usr/lib/jvm/java-8-openjdk-amd64/bin/javac to provide /usr/bin/javac (javac) in manual mode
WARNING : java.lang.Object can't be statically instrumented and was excluded
[00:01:17] fuzzing Ruby
[00:01:18] Coverage report generated for Unknown Test Framework to /home/url-fuzzing/languagefuzzing/RubyCoverage/coverage. 133 / 193 LOC (68.91%) covered.
[00:01:18] fuzzing JavaScript
[00:01:22] fuzzing PHP
[00:01:22] fuzzing Go
[00:01:23] finalizing results
[00:01:26] writing resultoverview
[00:01:26] writing browseroverview
[00:01:26] used seed: 1611701111059520980
[00:01:26] done
