IMPORTANT DEBUGGING NOTE: batches of tests are run inside their
own process. For debugging a test inside a debugger, use the
--gtest_filter=<your_test_name> flag along with
--single-process-tests.
Using sharding settings from environment. This is shard 0/1
Using 1 parallel jobs.
Note: Google Test filter = URLParser.Parsing
[==========] Running 1 test from 1 test suite.
[----------] Global test environment set-up.
[----------] 1 test from URLParser
[ RUN      ] URLParser.Parsing
../../url/url_parsing_unittest.cc:32: Failure
Value of: parsed_url.is_valid()
  Actual: false
Expected: true
{"url":"T://[::fcca:4.3.5.253]</", "exception":"invalid URL"}
Stack trace:
#0 0x5641267a3706 url::(anonymous namespace)::URLParser_Parsing_Test::TestBody()

../../url/url_parsing_unittest.cc:56: Failure
Expected equality of these values:
  parse_case.path
    Which is: "//////^"
  parsed_url.path()
    Which is: "//////%5E"
{"url":"file:///..//////^", "error":{"component":"path", "expected":"//////^", "actual":"//////%5E"}}
Stack trace:
#0 0x5641267a5b45 url::(anonymous namespace)::CheckComponents()
#1 0x5641267a3868 url::(anonymous namespace)::URLParser_Parsing_Test::TestBody()

../../url/url_parsing_unittest.cc:54: Failure
Expected equality of these values:
  parse_case.host
    Which is: "'"
  parsed_url.host()
    Which is: "%27"
{"url":"file:///<//'", "error":{"component":"host", "expected":"'", "actual":"%27"}}
Stack trace:
#0 0x5641267a5b45 url::(anonymous namespace)::CheckComponents()
#1 0x5641267a3868 url::(anonymous namespace)::URLParser_Parsing_Test::TestBody()

../../url/url_parsing_unittest.cc:54: Failure
Expected equality of these values:
  parse_case.host
    Which is: "[::]"
  parsed_url.host()
    Which is: ""
{"url":"file://[::]/%2e.////-</", "error":{"component":"host", "expected":"[::]", "actual":""}}
Stack trace:
#0 0x5641267a5b45 url::(anonymous namespace)::CheckComponents()
#1 0x5641267a3868 url::(anonymous namespace)::URLParser_Parsing_Test::TestBody()

../../url/url_parsing_unittest.cc:54: Failure
Expected equality of these values:
  parse_case.host
    Which is: "xn----pna0c"
  parsed_url.host()
    Which is: ""
{"url":"file://ū-ź</", "error":{"component":"host", "expected":"xn----pna0c", "actual":""}}
Stack trace:
#0 0x5641267a5b45 url::(anonymous namespace)::CheckComponents()
#1 0x5641267a3868 url::(anonymous namespace)::URLParser_Parsing_Test::TestBody()

../../url/url_parsing_unittest.cc:54: Failure
Expected equality of these values:
  parse_case.host
    Which is: "[2fbd::bbfa:cbff:ebbd:bbce]"
  parsed_url.host()
    Which is: ""
{"url":"file://[2fbd::bbfa:cbff:ebbd:bbce]</", "error":{"component":"host", "expected":"[2fbd::bbfa:cbff:ebbd:bbce]", "actual":""}}
Stack trace:
#0 0x5641267a5b45 url::(anonymous namespace)::CheckComponents()
#1 0x5641267a3868 url::(anonymous namespace)::URLParser_Parsing_Test::TestBody()

../../url/url_parsing_unittest.cc:32: Failure
Value of: parsed_url.is_valid()
  Actual: false
Expected: true
{"url":"O:///-</", "exception":"invalid URL"}
Stack trace:
#0 0x5641267a3706 url::(anonymous namespace)::URLParser_Parsing_Test::TestBody()

../../url/url_parsing_unittest.cc:54: Failure
Expected equality of these values:
  parse_case.host
    Which is: "*2"
  parsed_url.host()
    Which is: ""
{"url":"Y://*2", "error":{"component":"host", "expected":"*2", "actual":""}}
Stack trace:
#0 0x5641267a5b45 url::(anonymous namespace)::CheckComponents()
#1 0x5641267a3868 url::(anonymous namespace)::URLParser_Parsing_Test::TestBody()

../../url/url_parsing_unittest.cc:54: Failure
Expected equality of these values:
  parse_case.host
    Which is: "[::0:5fd]"
  parsed_url.host()
    Which is: "[::5fd]"
{"url":"C:/<//[::0.0.5.253]", "error":{"component":"host", "expected":"[::0:5fd]", "actual":"[::5fd]"}}
Stack trace:
#0 0x5641267a5b45 url::(anonymous namespace)::CheckComponents()
#1 0x5641267a3868 url::(anonymous namespace)::URLParser_Parsing_Test::TestBody()

../../url/url_parsing_unittest.cc:56: Failure
Expected equality of these values:
  parse_case.path
    Which is: "/^"
  parsed_url.path()
    Which is: "/%5E"
{"url":"ws://[::]<%2e/^", "error":{"component":"path", "expected":"/^", "actual":"/%5E"}}
Stack trace:
#0 0x5641267a5b45 url::(anonymous namespace)::CheckComponents()
#1 0x5641267a3868 url::(anonymous namespace)::URLParser_Parsing_Test::TestBody()

../../url/url_parsing_unittest.cc:54: Failure
Expected equality of these values:
  parse_case.host
    Which is: ""
  parsed_url.host()
    Which is: ".."
{"url":"Q:/<///%2e./////////%2e%2e", "error":{"component":"host", "expected":"", "actual":".."}}
Stack trace:
#0 0x5641267a5b45 url::(anonymous namespace)::CheckComponents()
#1 0x5641267a3868 url::(anonymous namespace)::URLParser_Parsing_Test::TestBody()

../../url/url_parsing_unittest.cc:54: Failure
Expected equality of these values:
  parse_case.host
    Which is: "[::ccca:aeeb:5:886]"
  parsed_url.host()
    Which is: ""
{"url":"E://[::ccca:aeeb:0.5.8.134]", "error":{"component":"host", "expected":"[::ccca:aeeb:5:886]", "actual":""}}
Stack trace:
#0 0x5641267a5b45 url::(anonymous namespace)::CheckComponents()
#1 0x5641267a3868 url::(anonymous namespace)::URLParser_Parsing_Test::TestBody()

../../url/url_parsing_unittest.cc:54: Failure
Expected equality of these values:
  parse_case.host
    Which is: ")"
  parsed_url.host()
    Which is: "%29"
{"url":"ftp://)</", "error":{"component":"host", "expected":")", "actual":"%29"}}
Stack trace:
#0 0x5641267a5b45 url::(anonymous namespace)::CheckComponents()
#1 0x5641267a3868 url::(anonymous namespace)::URLParser_Parsing_Test::TestBody()

../../url/url_parsing_unittest.cc:32: Failure
Value of: parsed_url.is_valid()
  Actual: false
Expected: true
{"url":"H://'1</", "exception":"invalid URL"}
Stack trace:
#0 0x5641267a3706 url::(anonymous namespace)::URLParser_Parsing_Test::TestBody()

../../url/url_parsing_unittest.cc:54: Failure
Expected equality of these values:
  parse_case.host
    Which is: "="
  parsed_url.host()
    Which is: "%3D"
{"url":"ws://=", "error":{"component":"host", "expected":"=", "actual":"%3D"}}
Stack trace:
#0 0x5641267a5b45 url::(anonymous namespace)::CheckComponents()
#1 0x5641267a3868 url::(anonymous namespace)::URLParser_Parsing_Test::TestBody()

../../url/url_parsing_unittest.cc:32: Failure
Value of: parsed_url.is_valid()
  Actual: false
Expected: true
{"url":"Q://[::fcbc:daea:6.3.7.198]</", "exception":"invalid URL"}
Stack trace:
#0 0x5641267a3706 url::(anonymous namespace)::URLParser_Parsing_Test::TestBody()

../../url/url_parsing_unittest.cc:56: Failure
Expected equality of these values:
  parse_case.path
    Which is: "/"
  parsed_url.path()
    Which is: "///./"
{"url":"S:///.////%22</", "error":{"component":"path", "expected":"/", "actual":"///./"}}
Stack trace:
#0 0x5641267a5b45 url::(anonymous namespace)::CheckComponents()
#1 0x5641267a3868 url::(anonymous namespace)::URLParser_Parsing_Test::TestBody()

../../url/url_parsing_unittest.cc:32: Failure
Value of: parsed_url.is_valid()
  Actual: false
Expected: true
{"url":"T://[bc4d::edba]</", "exception":"invalid URL"}
Stack trace:
#0 0x5641267a3706 url::(anonymous namespace)::URLParser_Parsing_Test::TestBody()

../../url/url_parsing_unittest.cc:56: Failure
Expected equality of these values:
  parse_case.path
    Which is: "/"
  parsed_url.path()
    Which is: "///.%2e/"
{"url":"F:///.%2e//////%3f</", "error":{"component":"path", "expected":"/", "actual":"///.%2e/"}}
Stack trace:
#0 0x5641267a5b45 url::(anonymous namespace)::CheckComponents()
#1 0x5641267a3868 url::(anonymous namespace)::URLParser_Parsing_Test::TestBody()

../../url/url_parsing_unittest.cc:54: Failure
Expected equality of these values:
  parse_case.host
    Which is: "h("
  parsed_url.host()
    Which is: ""
{"url":"file://H(</", "error":{"component":"host", "expected":"h(", "actual":""}}
Stack trace:
#0 0x5641267a5b45 url::(anonymous namespace)::CheckComponents()
#1 0x5641267a3868 url::(anonymous namespace)::URLParser_Parsing_Test::TestBody()

../../url/url_parsing_unittest.cc:54: Failure
Expected equality of these values:
  parse_case.host
    Which is: "[ab1f:ccea::ebeb:eebd]"
  parsed_url.host()
    Which is: ""
{"url":"D://[ab1f:ccea::ebeb:eebd]", "error":{"component":"host", "expected":"[ab1f:ccea::ebeb:eebd]", "actual":""}}
Stack trace:
#0 0x5641267a5b45 url::(anonymous namespace)::CheckComponents()
#1 0x5641267a3868 url::(anonymous namespace)::URLParser_Parsing_Test::TestBody()

../../url/url_parsing_unittest.cc:54: Failure
Expected equality of these values:
  parse_case.host
    Which is: "b&"
  parsed_url.host()
    Which is: "b%26"
{"url":"ftp://[::]<//B&", "error":{"component":"host", "expected":"b&", "actual":"b%26"}}
Stack trace:
#0 0x5641267a5b45 url::(anonymous namespace)::CheckComponents()
#1 0x5641267a3868 url::(anonymous namespace)::URLParser_Parsing_Test::TestBody()

../../url/url_parsing_unittest.cc:54: Failure
Expected equality of these values:
  parse_case.host
    Which is: "g`"
  parsed_url.host()
    Which is: ""
{"url":"T://G`", "error":{"component":"host", "expected":"g`", "actual":""}}
Stack trace:
#0 0x5641267a5b45 url::(anonymous namespace)::CheckComponents()
#1 0x5641267a3868 url::(anonymous namespace)::URLParser_Parsing_Test::TestBody()

../../url/url_parsing_unittest.cc:32: Failure
Value of: parsed_url.is_valid()
  Actual: false
Expected: true
{"url":"D://[::ebcc:253.6.2.9]</", "exception":"invalid URL"}
Stack trace:
#0 0x5641267a3706 url::(anonymous namespace)::URLParser_Parsing_Test::TestBody()

../../url/url_parsing_unittest.cc:54: Failure
Expected equality of these values:
  parse_case.host
    Which is: "*"
  parsed_url.host()
    Which is: "%2A"
{"url":"file:///<//*", "error":{"component":"host", "expected":"*", "actual":"%2A"}}
Stack trace:
#0 0x5641267a5b45 url::(anonymous namespace)::CheckComponents()
#1 0x5641267a3868 url::(anonymous namespace)::URLParser_Parsing_Test::TestBody()

../../url/url_parsing_unittest.cc:54: Failure
Expected equality of these values:
  parse_case.host
    Which is: ""
  parsed_url.host()
    Which is: ".."
{"url":"Y:/<///%2e.////////////", "error":{"component":"host", "expected":"", "actual":".."}}
Stack trace:
#0 0x5641267a5b45 url::(anonymous namespace)::CheckComponents()
#1 0x5641267a3868 url::(anonymous namespace)::URLParser_Parsing_Test::TestBody()

../../url/url_parsing_unittest.cc:54: Failure
Expected equality of these values:
  parse_case.host
    Which is: "[::ffcf:5d3:905]"
  parsed_url.host()
    Which is: ""
{"url":"T://[::ffcf:5.211.9.5]", "error":{"component":"host", "expected":"[::ffcf:5d3:905]", "actual":""}}
Stack trace:
#0 0x5641267a5b45 url::(anonymous namespace)::CheckComponents()
#1 0x5641267a3868 url::(anonymous namespace)::URLParser_Parsing_Test::TestBody()

../../url/url_parsing_unittest.cc:56: Failure
Expected equality of these values:
  parse_case.path
    Which is: "////////^"
  parsed_url.path()
    Which is: "////////%5E"
{"url":"J:/<..////////^", "error":{"component":"path", "expected":"////////^", "actual":"////////%5E"}}
Stack trace:
#0 0x5641267a5b45 url::(anonymous namespace)::CheckComponents()
#1 0x5641267a3868 url::(anonymous namespace)::URLParser_Parsing_Test::TestBody()

../../url/url_parsing_unittest.cc:54: Failure
Expected equality of these values:
  parse_case.host
    Which is: "l"
  parsed_url.host()
    Which is: ""
{"url":"file://L/.//////;</", "error":{"component":"host", "expected":"l", "actual":""}}
Stack trace:
#0 0x5641267a5b45 url::(anonymous namespace)::CheckComponents()
#1 0x5641267a3868 url::(anonymous namespace)::URLParser_Parsing_Test::TestBody()

../../url/url_parsing_unittest.cc:54: Failure
Expected equality of these values:
  parse_case.host
    Which is: "`+"
  parsed_url.host()
    Which is: "%60+"
{"url":"ftp://`+</", "error":{"component":"host", "expected":"`+", "actual":"%60+"}}
Stack trace:
#0 0x5641267a5b45 url::(anonymous namespace)::CheckComponents()
#1 0x5641267a3868 url::(anonymous namespace)::URLParser_Parsing_Test::TestBody()

../../url/url_parsing_unittest.cc:54: Failure
Expected equality of these values:
  parse_case.host
    Which is: "("
  parsed_url.host()
    Which is: "%28"
{"url":"K:/<//(", "error":{"component":"host", "expected":"(", "actual":"%28"}}
Stack trace:
#0 0x5641267a5b45 url::(anonymous namespace)::CheckComponents()
#1 0x5641267a3868 url::(anonymous namespace)::URLParser_Parsing_Test::TestBody()

../../url/url_parsing_unittest.cc:56: Failure
Expected equality of these values:
  parse_case.path
    Which is: "//^"
  parsed_url.path()
    Which is: "//%5E"
{"url":"file://[::]/.//^", "error":{"component":"path", "expected":"//^", "actual":"//%5E"}}
Stack trace:
#0 0x5641267a5b45 url::(anonymous namespace)::CheckComponents()
#1 0x5641267a3868 url::(anonymous namespace)::URLParser_Parsing_Test::TestBody()

../../url/url_parsing_unittest.cc:54: Failure
Expected equality of these values:
  parse_case.host
    Which is: "[::]"
  parsed_url.host()
    Which is: ""
{"url":"file://[::]/%2e.//////,</", "error":{"component":"host", "expected":"[::]", "actual":""}}
Stack trace:
#0 0x5641267a5b45 url::(anonymous namespace)::CheckComponents()
#1 0x5641267a3868 url::(anonymous namespace)::URLParser_Parsing_Test::TestBody()

../../url/url_parsing_unittest.cc:54: Failure
Expected equality of these values:
  parse_case.host
    Which is: "')"
  parsed_url.host()
    Which is: "%27%29"
{"url":"http://[::]<//')", "error":{"component":"host", "expected":"')", "actual":"%27%29"}}
Stack trace:
#0 0x5641267a5b45 url::(anonymous namespace)::CheckComponents()
#1 0x5641267a3868 url::(anonymous namespace)::URLParser_Parsing_Test::TestBody()

../../url/url_parsing_unittest.cc:32: Failure
Value of: parsed_url.is_valid()
  Actual: false
Expected: true
{"url":"B:/<///;", "exception":"invalid URL"}
Stack trace:
#0 0x5641267a3706 url::(anonymous namespace)::URLParser_Parsing_Test::TestBody()

../../url/url_parsing_unittest.cc:32: Failure
Value of: parsed_url.is_valid()
  Actual: false
Expected: true
{"url":"U://[::ccee:fabf:7.1.250.8]</", "exception":"invalid URL"}
Stack trace:
#0 0x5641267a3706 url::(anonymous namespace)::URLParser_Parsing_Test::TestBody()

../../url/url_parsing_unittest.cc:54: Failure
Expected equality of these values:
  parse_case.host
    Which is: ""
  parsed_url.host()
    Which is: ".."
{"url":"O:/<///%2e.//&", "error":{"component":"host", "expected":"", "actual":".."}}
Stack trace:
#0 0x5641267a5b45 url::(anonymous namespace)::CheckComponents()
#1 0x5641267a3868 url::(anonymous namespace)::URLParser_Parsing_Test::TestBody()

../../url/url_parsing_unittest.cc:54: Failure
Expected equality of these values:
  parse_case.host
    Which is: "[::701:205]"
  parsed_url.host()
    Which is: ""
{"url":"M://[::7.1.2.5]", "error":{"component":"host", "expected":"[::701:205]", "actual":""}}
Stack trace:
#0 0x5641267a5b45 url::(anonymous namespace)::CheckComponents()
#1 0x5641267a3868 url::(anonymous namespace)::URLParser_Parsing_Test::TestBody()

../../url/url_parsing_unittest.cc:54: Failure
Expected equality of these values:
  parse_case.host
    Which is: "-+"
  parsed_url.host()
    Which is: ""
{"url":"A://-+", "error":{"component":"host", "expected":"-+", "actual":""}}
Stack trace:
#0 0x5641267a5b45 url::(anonymous namespace)::CheckComponents()
#1 0x5641267a3868 url::(anonymous namespace)::URLParser_Parsing_Test::TestBody()

../../url/url_parsing_unittest.cc:54: Failure
Expected equality of these values:
  parse_case.host
    Which is: "!="
  parsed_url.host()
    Which is: "%21%3D"
{"url":"file://!=", "error":{"component":"host", "expected":"!=", "actual":"%21%3D"}}
Stack trace:
#0 0x5641267a5b45 url::(anonymous namespace)::CheckComponents()
#1 0x5641267a3868 url::(anonymous namespace)::URLParser_Parsing_Test::TestBody()

../../url/url_parsing_unittest.cc:54: Failure
Expected equality of these values:
  parse_case.host
    Which is: "(&"
  parsed_url.host()
    Which is: "%28%26"
{"url":"wss://(&</", "error":{"component":"host", "expected":"(&", "actual":"%28%26"}}
Stack trace:
#0 0x5641267a5b45 url::(anonymous namespace)::CheckComponents()
#1 0x5641267a3868 url::(anonymous namespace)::URLParser_Parsing_Test::TestBody()

../../url/url_parsing_unittest.cc:32: Failure
Value of: parsed_url.is_valid()
  Actual: false
Expected: true
{"url":"http://[::]<//;", "exception":"invalid URL"}
Stack trace:
#0 0x5641267a3706 url::(anonymous namespace)::URLParser_Parsing_Test::TestBody()

../../url/url_parsing_unittest.cc:54: Failure
Expected equality of these values:
  parse_case.host
    Which is: "a"
  parsed_url.host()
    Which is: ""
{"url":"file://A/%2e//////%2e%2e</", "error":{"component":"host", "expected":"a", "actual":""}}
Stack trace:
#0 0x5641267a5b45 url::(anonymous namespace)::CheckComponents()
#1 0x5641267a3868 url::(anonymous namespace)::URLParser_Parsing_Test::TestBody()

../../url/url_parsing_unittest.cc:54: Failure
Expected equality of these values:
  parse_case.host
    Which is: "[fadb:dbcb:baea:eecc:ddcb:ebcd:fd00:900]"
  parsed_url.host()
    Which is: ""
{"url":"file://[fadb:dbcb:baea:eecc:ddcb:ebcd:253.0.9.0]</", "error":{"component":"host", "expected":"[fadb:dbcb:baea:eecc:ddcb:ebcd:fd00:900]", "actual":""}}
Stack trace:
#0 0x5641267a5b45 url::(anonymous namespace)::CheckComponents()
#1 0x5641267a3868 url::(anonymous namespace)::URLParser_Parsing_Test::TestBody()

../../url/url_parsing_unittest.cc:54: Failure
Expected equality of these values:
  parse_case.host
    Which is: "[::]"
  parsed_url.host()
    Which is: ""
{"url":"file://[::]/%2e/////////󉟆</", "error":{"component":"host", "expected":"[::]", "actual":""}}
Stack trace:
#0 0x5641267a5b45 url::(anonymous namespace)::CheckComponents()
#1 0x5641267a3868 url::(anonymous namespace)::URLParser_Parsing_Test::TestBody()

../../url/url_parsing_unittest.cc:32: Failure
Value of: parsed_url.is_valid()
  Actual: false
Expected: true
{"url":"G://[::aade:132.4.5.3]</", "exception":"invalid URL"}
Stack trace:
#0 0x5641267a3706 url::(anonymous namespace)::URLParser_Parsing_Test::TestBody()

../../url/url_parsing_unittest.cc:54: Failure
Expected equality of these values:
  parse_case.host
    Which is: ""
  parsed_url.host()
    Which is: "."
{"url":"Z:/<///.///%", "error":{"component":"host", "expected":"", "actual":"."}}
Stack trace:
#0 0x5641267a5b45 url::(anonymous namespace)::CheckComponents()
#1 0x5641267a3868 url::(anonymous namespace)::URLParser_Parsing_Test::TestBody()

../../url/url_parsing_unittest.cc:54: Failure
Expected equality of these values:
  parse_case.host
    Which is: ""
  parsed_url.host()
    Which is: ".."
{"url":"B:/<///%2e./////////%2e.", "error":{"component":"host", "expected":"", "actual":".."}}
Stack trace:
#0 0x5641267a5b45 url::(anonymous namespace)::CheckComponents()
#1 0x5641267a3868 url::(anonymous namespace)::URLParser_Parsing_Test::TestBody()

../../url/url_parsing_unittest.cc:54: Failure
Expected equality of these values:
  parse_case.host
    Which is: "[::faae:804:7509]"
  parsed_url.host()
    Which is: ""
{"url":"C://[::faae:8.4.117.9]", "error":{"component":"host", "expected":"[::faae:804:7509]", "actual":""}}
Stack trace:
#0 0x5641267a5b45 url::(anonymous namespace)::CheckComponents()
#1 0x5641267a3868 url::(anonymous namespace)::URLParser_Parsing_Test::TestBody()

../../url/url_parsing_unittest.cc:32: Failure
Value of: parsed_url.is_valid()
  Actual: false
Expected: true
{"url":"B:/<///@", "exception":"invalid URL"}
Stack trace:
#0 0x5641267a3706 url::(anonymous namespace)::URLParser_Parsing_Test::TestBody()

../../url/url_parsing_unittest.cc:54: Failure
Expected equality of these values:
  parse_case.host
    Which is: "b{"
  parsed_url.host()
    Which is: "b%7B"
{"url":"wss://B{", "error":{"component":"host", "expected":"b{", "actual":"b%7B"}}
Stack trace:
#0 0x5641267a5b45 url::(anonymous namespace)::CheckComponents()
#1 0x5641267a3868 url::(anonymous namespace)::URLParser_Parsing_Test::TestBody()

../../url/url_parsing_unittest.cc:32: Failure
Value of: parsed_url.is_valid()
  Actual: false
Expected: true
{"url":"K://[::cdfa:fcff:253.2.7.5]</", "exception":"invalid URL"}
Stack trace:
#0 0x5641267a3706 url::(anonymous namespace)::URLParser_Parsing_Test::TestBody()

../../url/url_parsing_unittest.cc:54: Failure
Expected equality of these values:
  parse_case.host
    Which is: "[::aaef:ecbd:906:fe09]"
  parsed_url.host()
    Which is: ""
{"url":"Y://[::aaef:ecbd:9.6.254.9]", "error":{"component":"host", "expected":"[::aaef:ecbd:906:fe09]", "actual":""}}
Stack trace:
#0 0x5641267a5b45 url::(anonymous namespace)::CheckComponents()
#1 0x5641267a3868 url::(anonymous namespace)::URLParser_Parsing_Test::TestBody()

../../url/url_parsing_unittest.cc:54: Failure
Expected equality of these values:
  parse_case.host
    Which is: "`,"
  parsed_url.host()
    Which is: "%60%2C"
{"url":"ftp://`,", "error":{"component":"host", "expected":"`,", "actual":"%60%2C"}}
Stack trace:
#0 0x5641267a5b45 url::(anonymous namespace)::CheckComponents()
#1 0x5641267a3868 url::(anonymous namespace)::URLParser_Parsing_Test::TestBody()

../../url/url_parsing_unittest.cc:56: Failure
Expected equality of these values:
  parse_case.path
    Which is: "/"
  parsed_url.path()
    Which is: "///./"
{"url":"U:///.//////$</", "error":{"component":"path", "expected":"/", "actual":"///./"}}
Stack trace:
#0 0x5641267a5b45 url::(anonymous namespace)::CheckComponents()
#1 0x5641267a3868 url::(anonymous namespace)::URLParser_Parsing_Test::TestBody()

../../url/url_parsing_unittest.cc:54: Failure
Expected equality of these values:
  parse_case.host
    Which is: "("
  parsed_url.host()
    Which is: ""
{"url":"A://(", "error":{"component":"host", "expected":"(", "actual":""}}
Stack trace:
#0 0x5641267a5b45 url::(anonymous namespace)::CheckComponents()
#1 0x5641267a3868 url::(anonymous namespace)::URLParser_Parsing_Test::TestBody()

../../url/url_parsing_unittest.cc:54: Failure
Expected equality of these values:
  parse_case.host
    Which is: "[aeac:aace:dfde:eedb:bafa:cece:ea06:208]"
  parsed_url.host()
    Which is: ""
{"url":"L://[aeac:aace:dfde:eedb:bafa:cece:234.6.2.8]", "error":{"component":"host", "expected":"[aeac:aace:dfde:eedb:bafa:cece:ea06:208]", "actual":""}}
Stack trace:
#0 0x5641267a5b45 url::(anonymous namespace)::CheckComponents()
#1 0x5641267a3868 url::(anonymous namespace)::URLParser_Parsing_Test::TestBody()

../../url/url_parsing_unittest.cc:54: Failure
Expected equality of these values:
  parse_case.host
    Which is: "e\""
  parsed_url.host()
    Which is: ""
{"url":"file://E"</", "error":{"component":"host", "expected":"e"", "actual":""}}
Stack trace:
#0 0x5641267a5b45 url::(anonymous namespace)::CheckComponents()
#1 0x5641267a3868 url::(anonymous namespace)::URLParser_Parsing_Test::TestBody()

../../url/url_parsing_unittest.cc:54: Failure
Expected equality of these values:
  parse_case.host
    Which is: ""
  parsed_url.host()
    Which is: ".."
{"url":"E:/<///..////////////%7d", "error":{"component":"host", "expected":"", "actual":".."}}
Stack trace:
#0 0x5641267a5b45 url::(anonymous namespace)::CheckComponents()
#1 0x5641267a3868 url::(anonymous namespace)::URLParser_Parsing_Test::TestBody()

../../url/url_parsing_unittest.cc:54: Failure
Expected equality of these values:
  parse_case.host
    Which is: "[::4bea]"
  parsed_url.host()
    Which is: ""
{"url":"Y://[::4bea]", "error":{"component":"host", "expected":"[::4bea]", "actual":""}}
Stack trace:
#0 0x5641267a5b45 url::(anonymous namespace)::CheckComponents()
#1 0x5641267a3868 url::(anonymous namespace)::URLParser_Parsing_Test::TestBody()

../../url/url_parsing_unittest.cc:32: Failure
Value of: parsed_url.is_valid()
  Actual: false
Expected: true
{"url":"C:///'%7b</", "exception":"invalid URL"}
Stack trace:
#0 0x5641267a3706 url::(anonymous namespace)::URLParser_Parsing_Test::TestBody()

../../url/url_parsing_unittest.cc:32: Failure
Value of: parsed_url.is_valid()
  Actual: false
Expected: true
{"url":"Y://[fd7d::]</", "exception":"invalid URL"}
Stack trace:
#0 0x5641267a3706 url::(anonymous namespace)::URLParser_Parsing_Test::TestBody()

../../url/url_parsing_unittest.cc:54: Failure
Expected equality of these values:
  parse_case.host
    Which is: "("
  parsed_url.host()
    Which is: ""
{"url":"J://(", "error":{"component":"host", "expected":"(", "actual":""}}
Stack trace:
#0 0x5641267a5b45 url::(anonymous namespace)::CheckComponents()
#1 0x5641267a3868 url::(anonymous namespace)::URLParser_Parsing_Test::TestBody()

../../url/url_parsing_unittest.cc:54: Failure
Expected equality of these values:
  parse_case.host
    Which is: "[::]"
  parsed_url.host()
    Which is: ""
{"url":"file://[::]/.////'</", "error":{"component":"host", "expected":"[::]", "actual":""}}
Stack trace:
#0 0x5641267a5b45 url::(anonymous namespace)::CheckComponents()
#1 0x5641267a3868 url::(anonymous namespace)::URLParser_Parsing_Test::TestBody()

../../url/url_parsing_unittest.cc:54: Failure
Expected equality of these values:
  parse_case.host
    Which is: "(+"
  parsed_url.host()
    Which is: "%28+"
{"url":"wss://[::]<//(+", "error":{"component":"host", "expected":"(+", "actual":"%28+"}}
Stack trace:
#0 0x5641267a5b45 url::(anonymous namespace)::CheckComponents()
#1 0x5641267a3868 url::(anonymous namespace)::URLParser_Parsing_Test::TestBody()

../../url/url_parsing_unittest.cc:54: Failure
Expected equality of these values:
  parse_case.host
    Which is: ""
  parsed_url.host()
    Which is: "."
{"url":"L:/<///%2e/%60", "error":{"component":"host", "expected":"", "actual":"."}}
Stack trace:
#0 0x5641267a5b45 url::(anonymous namespace)::CheckComponents()
#1 0x5641267a3868 url::(anonymous namespace)::URLParser_Parsing_Test::TestBody()

../../url/url_parsing_unittest.cc:54: Failure
Expected equality of these values:
  parse_case.host
    Which is: "d"
  parsed_url.host()
    Which is: ""
{"url":"file://D/.///////=</", "error":{"component":"host", "expected":"d", "actual":""}}
Stack trace:
#0 0x5641267a5b45 url::(anonymous namespace)::CheckComponents()
#1 0x5641267a3868 url::(anonymous namespace)::URLParser_Parsing_Test::TestBody()

../../url/url_parsing_unittest.cc:54: Failure
Expected equality of these values:
  parse_case.host
    Which is: "[::]"
  parsed_url.host()
    Which is: ""
{"url":"file://[::]/..///////^</", "error":{"component":"host", "expected":"[::]", "actual":""}}
Stack trace:
#0 0x5641267a5b45 url::(anonymous namespace)::CheckComponents()
#1 0x5641267a3868 url::(anonymous namespace)::URLParser_Parsing_Test::TestBody()

../../url/url_parsing_unittest.cc:56: Failure
Expected equality of these values:
  parse_case.path
    Which is: "/"
  parsed_url.path()
    Which is: "///./"
{"url":"I:///.////%2e</", "error":{"component":"path", "expected":"/", "actual":"///./"}}
Stack trace:
#0 0x5641267a5b45 url::(anonymous namespace)::CheckComponents()
#1 0x5641267a3868 url::(anonymous namespace)::URLParser_Parsing_Test::TestBody()

../../url/url_parsing_unittest.cc:54: Failure
Expected equality of these values:
  parse_case.host
    Which is: "$"
  parsed_url.host()
    Which is: ""
{"url":"O://$", "error":{"component":"host", "expected":"$", "actual":""}}
Stack trace:
#0 0x5641267a5b45 url::(anonymous namespace)::CheckComponents()
#1 0x5641267a3868 url::(anonymous namespace)::URLParser_Parsing_Test::TestBody()

../../url/url_parsing_unittest.cc:54: Failure
Expected equality of these values:
  parse_case.host
    Which is: "6.3.223.3"
  parsed_url.host()
    Which is: ""
{"url":"file://6.3.223.3</", "error":{"component":"host", "expected":"6.3.223.3", "actual":""}}
Stack trace:
#0 0x5641267a5b45 url::(anonymous namespace)::CheckComponents()
#1 0x5641267a3868 url::(anonymous namespace)::URLParser_Parsing_Test::TestBody()

../../url/url_parsing_unittest.cc:54: Failure
Expected equality of these values:
  parse_case.host
    Which is: ")'"
  parsed_url.host()
    Which is: "%29%27"
{"url":"ftp://[::]<//)'", "error":{"component":"host", "expected":")'", "actual":"%29%27"}}
Stack trace:
#0 0x5641267a5b45 url::(anonymous namespace)::CheckComponents()
#1 0x5641267a3868 url::(anonymous namespace)::URLParser_Parsing_Test::TestBody()

../../url/url_parsing_unittest.cc:54: Failure
Expected equality of these values:
  parse_case.host
    Which is: ""
  parsed_url.host()
    Which is: "."
{"url":"W:/<///.///////󒎑", "error":{"component":"host", "expected":"", "actual":"."}}
Stack trace:
#0 0x5641267a5b45 url::(anonymous namespace)::CheckComponents()
#1 0x5641267a3868 url::(anonymous namespace)::URLParser_Parsing_Test::TestBody()

../../url/url_parsing_unittest.cc:56: Failure
Expected equality of these values:
  parse_case.path
    Which is: "////////^"
  parsed_url.path()
    Which is: "////////%5E"
{"url":"file:///<//U/.%2e////////^", "error":{"component":"path", "expected":"////////^", "actual":"////////%5E"}}
Stack trace:
#0 0x5641267a5b45 url::(anonymous namespace)::CheckComponents()
#1 0x5641267a3868 url::(anonymous namespace)::URLParser_Parsing_Test::TestBody()

../../url/url_parsing_unittest.cc:32: Failure
Value of: parsed_url.is_valid()
  Actual: false
Expected: true
{"url":"H://[::dfff:bbaa:0.7.253.6]</", "exception":"invalid URL"}
Stack trace:
#0 0x5641267a3706 url::(anonymous namespace)::URLParser_Parsing_Test::TestBody()

../../url/url_parsing_unittest.cc:54: Failure
Expected equality of these values:
  parse_case.host
    Which is: "[::]"
  parsed_url.host()
    Which is: ""
{"url":"file://[::]/..//(</", "error":{"component":"host", "expected":"[::]", "actual":""}}
Stack trace:
#0 0x5641267a5b45 url::(anonymous namespace)::CheckComponents()
#1 0x5641267a3868 url::(anonymous namespace)::URLParser_Parsing_Test::TestBody()

../../url/url_parsing_unittest.cc:54: Failure
Expected equality of these values:
  parse_case.host
    Which is: ""
  parsed_url.host()
    Which is: ".."
{"url":"C:/<///%2e./%3e", "error":{"component":"host", "expected":"", "actual":".."}}
Stack trace:
#0 0x5641267a5b45 url::(anonymous namespace)::CheckComponents()
#1 0x5641267a3868 url::(anonymous namespace)::URLParser_Parsing_Test::TestBody()

../../url/url_parsing_unittest.cc:32: Failure
Value of: parsed_url.is_valid()
  Actual: false
Expected: true
{"url":"G://[::aeae:ebef:223.3.3.7]</", "exception":"invalid URL"}
Stack trace:
#0 0x5641267a3706 url::(anonymous namespace)::URLParser_Parsing_Test::TestBody()

../../url/url_parsing_unittest.cc:54: Failure
Expected equality of these values:
  parse_case.host
    Which is: "}"
  parsed_url.host()
    Which is: "%7D"
{"url":"https://[::]<//}", "error":{"component":"host", "expected":"}", "actual":"%7D"}}
Stack trace:
#0 0x5641267a5b45 url::(anonymous namespace)::CheckComponents()
#1 0x5641267a3868 url::(anonymous namespace)::URLParser_Parsing_Test::TestBody()

../../url/url_parsing_unittest.cc:54: Failure
Expected equality of these values:
  parse_case.host
    Which is: "}"
  parsed_url.host()
    Which is: ""
{"url":"B://}", "error":{"component":"host", "expected":"}", "actual":""}}
Stack trace:
#0 0x5641267a5b45 url::(anonymous namespace)::CheckComponents()
#1 0x5641267a3868 url::(anonymous namespace)::URLParser_Parsing_Test::TestBody()

../../url/url_parsing_unittest.cc:32: Failure
Value of: parsed_url.is_valid()
  Actual: false
Expected: true
{"url":"F://[cbd6:eefe::cbef:cbca]</", "exception":"invalid URL"}
Stack trace:
#0 0x5641267a3706 url::(anonymous namespace)::URLParser_Parsing_Test::TestBody()

../../url/url_parsing_unittest.cc:56: Failure
Expected equality of these values:
  parse_case.path
    Which is: "/^"
  parsed_url.path()
    Which is: "/%5E"
{"url":"file://[::]/^", "error":{"component":"path", "expected":"/^", "actual":"/%5E"}}
Stack trace:
#0 0x5641267a5b45 url::(anonymous namespace)::CheckComponents()
#1 0x5641267a3868 url::(anonymous namespace)::URLParser_Parsing_Test::TestBody()

../../url/url_parsing_unittest.cc:54: Failure
Expected equality of these values:
  parse_case.host
    Which is: "[cecb:cbdb:eabb:cbaa:babe:ceea:ff3e:dbcd]"
  parsed_url.host()
    Which is: ""
{"url":"file://[cecb:cbdb:eabb:cbaa:babe:ceea:ff3e:dbcd]</", "error":{"component":"host", "expected":"[cecb:cbdb:eabb:cbaa:babe:ceea:ff3e:dbcd]", "actual":""}}
Stack trace:
#0 0x5641267a5b45 url::(anonymous namespace)::CheckComponents()
#1 0x5641267a3868 url::(anonymous namespace)::URLParser_Parsing_Test::TestBody()

../../url/url_parsing_unittest.cc:54: Failure
Expected equality of these values:
  parse_case.host
    Which is: ""
  parsed_url.host()
    Which is: ".."
{"url":"O:/<///%2e.////////|", "error":{"component":"host", "expected":"", "actual":".."}}
Stack trace:
#0 0x5641267a5b45 url::(anonymous namespace)::CheckComponents()
#1 0x5641267a3868 url::(anonymous namespace)::URLParser_Parsing_Test::TestBody()

../../url/url_parsing_unittest.cc:56: Failure
Expected equality of these values:
  parse_case.path
    Which is: "/"
  parsed_url.path()
    Which is: "///./"
{"url":"T:///./////..</", "error":{"component":"path", "expected":"/", "actual":"///./"}}
Stack trace:
#0 0x5641267a5b45 url::(anonymous namespace)::CheckComponents()
#1 0x5641267a3868 url::(anonymous namespace)::URLParser_Parsing_Test::TestBody()

../../url/url_parsing_unittest.cc:54: Failure
Expected equality of these values:
  parse_case.host
    Which is: "[::]"
  parsed_url.host()
    Which is: ""
{"url":"file://[::]/.//&</", "error":{"component":"host", "expected":"[::]", "actual":""}}
Stack trace:
#0 0x5641267a5b45 url::(anonymous namespace)::CheckComponents()
#1 0x5641267a3868 url::(anonymous namespace)::URLParser_Parsing_Test::TestBody()

../../url/url_parsing_unittest.cc:54: Failure
Expected equality of these values:
  parse_case.host
    Which is: "j$"
  parsed_url.host()
    Which is: "j%24"
{"url":"file:///<//J$", "error":{"component":"host", "expected":"j$", "actual":"j%24"}}
Stack trace:
#0 0x5641267a5b45 url::(anonymous namespace)::CheckComponents()
#1 0x5641267a3868 url::(anonymous namespace)::URLParser_Parsing_Test::TestBody()

../../url/url_parsing_unittest.cc:54: Failure
Expected equality of these values:
  parse_case.host
    Which is: "j&"
  parsed_url.host()
    Which is: "j%26"
{"url":"file:///<//J&", "error":{"component":"host", "expected":"j&", "actual":"j%26"}}
Stack trace:
#0 0x5641267a5b45 url::(anonymous namespace)::CheckComponents()
#1 0x5641267a3868 url::(anonymous namespace)::URLParser_Parsing_Test::TestBody()

../../url/url_parsing_unittest.cc:54: Failure
Expected equality of these values:
  parse_case.host
    Which is: "[::aac6:bdae]"
  parsed_url.host()
    Which is: ""
{"url":"file://[::aac6:bdae]</", "error":{"component":"host", "expected":"[::aac6:bdae]", "actual":""}}
Stack trace:
#0 0x5641267a5b45 url::(anonymous namespace)::CheckComponents()
#1 0x5641267a3868 url::(anonymous namespace)::URLParser_Parsing_Test::TestBody()

../../url/url_parsing_unittest.cc:54: Failure
Expected equality of these values:
  parse_case.host
    Which is: "[::caed:9b02:609]"
  parsed_url.host()
    Which is: ""
{"url":"C://[::caed:155.2.6.9]", "error":{"component":"host", "expected":"[::caed:9b02:609]", "actual":""}}
Stack trace:
#0 0x5641267a5b45 url::(anonymous namespace)::CheckComponents()
#1 0x5641267a3868 url::(anonymous namespace)::URLParser_Parsing_Test::TestBody()

../../url/url_parsing_unittest.cc:32: Failure
Value of: parsed_url.is_valid()
  Actual: false
Expected: true
{"url":"R://%dd</", "exception":"invalid URL"}
Stack trace:
#0 0x5641267a3706 url::(anonymous namespace)::URLParser_Parsing_Test::TestBody()

../../url/url_parsing_unittest.cc:56: Failure
Expected equality of these values:
  parse_case.path
    Which is: "/"
  parsed_url.path()
    Which is: "///./"
{"url":"O:///./%23</", "error":{"component":"path", "expected":"/", "actual":"///./"}}
Stack trace:
#0 0x5641267a5b45 url::(anonymous namespace)::CheckComponents()
#1 0x5641267a3868 url::(anonymous namespace)::URLParser_Parsing_Test::TestBody()

../../url/url_parsing_unittest.cc:54: Failure
Expected equality of these values:
  parse_case.host
    Which is: "[df0d:fadc::daca]"
  parsed_url.host()
    Which is: ""
{"url":"P://[df0d:fadc::daca]", "error":{"component":"host", "expected":"[df0d:fadc::daca]", "actual":""}}
Stack trace:
#0 0x5641267a5b45 url::(anonymous namespace)::CheckComponents()
#1 0x5641267a3868 url::(anonymous namespace)::URLParser_Parsing_Test::TestBody()

../../url/url_parsing_unittest.cc:54: Failure
Expected equality of these values:
  parse_case.host
    Which is: "[::]"
  parsed_url.host()
    Which is: ""
{"url":"file://[::]/..//%3e</", "error":{"component":"host", "expected":"[::]", "actual":""}}
Stack trace:
#0 0x5641267a5b45 url::(anonymous namespace)::CheckComponents()
#1 0x5641267a3868 url::(anonymous namespace)::URLParser_Parsing_Test::TestBody()

../../url/url_parsing_unittest.cc:54: Failure
Expected equality of these values:
  parse_case.host
    Which is: "'"
  parsed_url.host()
    Which is: "%27"
{"url":"wss://'</", "error":{"component":"host", "expected":"'", "actual":"%27"}}
Stack trace:
#0 0x5641267a5b45 url::(anonymous namespace)::CheckComponents()
#1 0x5641267a3868 url::(anonymous namespace)::URLParser_Parsing_Test::TestBody()

../../url/url_parsing_unittest.cc:54: Failure
Expected equality of these values:
  parse_case.host
    Which is: "*\""
  parsed_url.host()
    Which is: ""
{"url":"file://*"</", "error":{"component":"host", "expected":"*"", "actual":""}}
Stack trace:
#0 0x5641267a5b45 url::(anonymous namespace)::CheckComponents()
#1 0x5641267a3868 url::(anonymous namespace)::URLParser_Parsing_Test::TestBody()

../../url/url_parsing_unittest.cc:54: Failure
Expected equality of these values:
  parse_case.host
    Which is: "[aafb:addd:dace:cfdc:cacd:acca:fb4d:dede]"
  parsed_url.host()
    Which is: ""
{"url":"O://[aafb:addd:dace:cfdc:cacd:acca:fb4d:dede]", "error":{"component":"host", "expected":"[aafb:addd:dace:cfdc:cacd:acca:fb4d:dede]", "actual":""}}
Stack trace:
#0 0x5641267a5b45 url::(anonymous namespace)::CheckComponents()
#1 0x5641267a3868 url::(anonymous namespace)::URLParser_Parsing_Test::TestBody()

../../url/url_parsing_unittest.cc:54: Failure
Expected equality of these values:
  parse_case.host
    Which is: ""
  parsed_url.host()
    Which is: "t"
{"url":"N:/<///@T", "error":{"component":"host", "expected":"", "actual":"t"}}
Stack trace:
#0 0x5641267a5b45 url::(anonymous namespace)::CheckComponents()
#1 0x5641267a3868 url::(anonymous namespace)::URLParser_Parsing_Test::TestBody()

../../url/url_parsing_unittest.cc:54: Failure
Expected equality of these values:
  parse_case.host
    Which is: ""
  parsed_url.host()
    Which is: "."
{"url":"N:/<///%2e////////%7b", "error":{"component":"host", "expected":"", "actual":"."}}
Stack trace:
#0 0x5641267a5b45 url::(anonymous namespace)::CheckComponents()
#1 0x5641267a3868 url::(anonymous namespace)::URLParser_Parsing_Test::TestBody()

../../url/url_parsing_unittest.cc:32: Failure
Value of: parsed_url.is_valid()
  Actual: false
Expected: true
{"url":"http://[::]<//;$", "exception":"invalid URL"}
Stack trace:
#0 0x5641267a3706 url::(anonymous namespace)::URLParser_Parsing_Test::TestBody()

../../url/url_parsing_unittest.cc:54: Failure
Expected equality of these values:
  parse_case.host
    Which is: "--"
  parsed_url.host()
    Which is: ""
{"url":"M://--", "error":{"component":"host", "expected":"--", "actual":""}}
Stack trace:
#0 0x5641267a5b45 url::(anonymous namespace)::CheckComponents()
#1 0x5641267a3868 url::(anonymous namespace)::URLParser_Parsing_Test::TestBody()

../../url/url_parsing_unittest.cc:56: Failure
Expected equality of these values:
  parse_case.path
    Which is: "/|"
  parsed_url.path()
    Which is: "/%7C"
{"url":"https://[::]<./|", "error":{"component":"path", "expected":"/|", "actual":"/%7C"}}
Stack trace:
#0 0x5641267a5b45 url::(anonymous namespace)::CheckComponents()
#1 0x5641267a3868 url::(anonymous namespace)::URLParser_Parsing_Test::TestBody()

../../url/url_parsing_unittest.cc:54: Failure
Expected equality of these values:
  parse_case.host
    Which is: "[::bccf:eadb:1ef:407]"
  parsed_url.host()
    Which is: ""
{"url":"L://[::bccf:eadb:1.239.4.7]", "error":{"component":"host", "expected":"[::bccf:eadb:1ef:407]", "actual":""}}
Stack trace:
#0 0x5641267a5b45 url::(anonymous namespace)::CheckComponents()
#1 0x5641267a3868 url::(anonymous namespace)::URLParser_Parsing_Test::TestBody()

../../url/url_parsing_unittest.cc:32: Failure
Value of: parsed_url.is_valid()
  Actual: false
Expected: true
{"url":"P://[::dbcf:0.7.254.8]</", "exception":"invalid URL"}
Stack trace:
#0 0x5641267a3706 url::(anonymous namespace)::URLParser_Parsing_Test::TestBody()

../../url/url_parsing_unittest.cc:54: Failure
Expected equality of these values:
  parse_case.host
    Which is: "e("
  parsed_url.host()
    Which is: ""
{"url":"file://E(</", "error":{"component":"host", "expected":"e(", "actual":""}}
Stack trace:
#0 0x5641267a5b45 url::(anonymous namespace)::CheckComponents()
#1 0x5641267a3868 url::(anonymous namespace)::URLParser_Parsing_Test::TestBody()

../../url/url_parsing_unittest.cc:54: Failure
Expected equality of these values:
  parse_case.host
    Which is: "9.5.3.202"
  parsed_url.host()
    Which is: ""
{"url":"file://9.5.3.202</", "error":{"component":"host", "expected":"9.5.3.202", "actual":""}}
Stack trace:
#0 0x5641267a5b45 url::(anonymous namespace)::CheckComponents()
#1 0x5641267a3868 url::(anonymous namespace)::URLParser_Parsing_Test::TestBody()

../../url/url_parsing_unittest.cc:56: Failure
Expected equality of these values:
  parse_case.path
    Which is: "/"
  parsed_url.path()
    Which is: "///./"
{"url":"Y:///.////W</", "error":{"component":"path", "expected":"/", "actual":"///./"}}
Stack trace:
#0 0x5641267a5b45 url::(anonymous namespace)::CheckComponents()
#1 0x5641267a3868 url::(anonymous namespace)::URLParser_Parsing_Test::TestBody()

../../url/url_parsing_unittest.cc:54: Failure
Expected equality of these values:
  parse_case.host
    Which is: "[c6ef:edbb::bdce:edfd]"
  parsed_url.host()
    Which is: ""
{"url":"file://[c6ef:edbb::bdce:edfd]</", "error":{"component":"host", "expected":"[c6ef:edbb::bdce:edfd]", "actual":""}}
Stack trace:
#0 0x5641267a5b45 url::(anonymous namespace)::CheckComponents()
#1 0x5641267a3868 url::(anonymous namespace)::URLParser_Parsing_Test::TestBody()

../../url/url_parsing_unittest.cc:56: Failure
Expected equality of these values:
  parse_case.path
    Which is: "/"
  parsed_url.path()
    Which is: "///./"
{"url":"S:///.////:</", "error":{"component":"path", "expected":"/", "actual":"///./"}}
Stack trace:
#0 0x5641267a5b45 url::(anonymous namespace)::CheckComponents()
#1 0x5641267a3868 url::(anonymous namespace)::URLParser_Parsing_Test::TestBody()

../../url/url_parsing_unittest.cc:54: Failure
Expected equality of these values:
  parse_case.host
    Which is: ""
  parsed_url.host()
    Which is: "."
{"url":"D:/<///%2e//", "error":{"component":"host", "expected":"", "actual":"."}}
Stack trace:
#0 0x5641267a5b45 url::(anonymous namespace)::CheckComponents()
#1 0x5641267a3868 url::(anonymous namespace)::URLParser_Parsing_Test::TestBody()

../../url/url_parsing_unittest.cc:32: Failure
Value of: parsed_url.is_valid()
  Actual: false
Expected: true
{"url":"T://[edad:ebaf:efdb:cede:abfd:fcfd:0.1.219.5]</", "exception":"invalid URL"}
Stack trace:
#0 0x5641267a3706 url::(anonymous namespace)::URLParser_Parsing_Test::TestBody()

../../url/url_parsing_unittest.cc:32: Failure
Value of: parsed_url.is_valid()
  Actual: false
Expected: true
{"url":"E://[baff:ebbb:bbed:abfe:cdec:adad:7.2.238.5]</", "exception":"invalid URL"}
Stack trace:
#0 0x5641267a3706 url::(anonymous namespace)::URLParser_Parsing_Test::TestBody()

../../url/url_parsing_unittest.cc:54: Failure
Expected equality of these values:
  parse_case.host
    Which is: "o'"
  parsed_url.host()
    Which is: "o%27"
{"url":"ws://[::]<//O'", "error":{"component":"host", "expected":"o'", "actual":"o%27"}}
Stack trace:
#0 0x5641267a5b45 url::(anonymous namespace)::CheckComponents()
#1 0x5641267a3868 url::(anonymous namespace)::URLParser_Parsing_Test::TestBody()

../../url/url_parsing_unittest.cc:54: Failure
Expected equality of these values:
  parse_case.host
    Which is: "[::]"
  parsed_url.host()
    Which is: ""
{"url":"file://[::]/..//%3f</", "error":{"component":"host", "expected":"[::]", "actual":""}}
Stack trace:
#0 0x5641267a5b45 url::(anonymous namespace)::CheckComponents()
#1 0x5641267a3868 url::(anonymous namespace)::URLParser_Parsing_Test::TestBody()

../../url/url_parsing_unittest.cc:56: Failure
Expected equality of these values:
  parse_case.path
    Which is: "//////|"
  parsed_url.path()
    Which is: "//////%7C"
{"url":"file:///</%2e//////|", "error":{"component":"path", "expected":"//////|", "actual":"//////%7C"}}
Stack trace:
#0 0x5641267a5b45 url::(anonymous namespace)::CheckComponents()
#1 0x5641267a3868 url::(anonymous namespace)::URLParser_Parsing_Test::TestBody()

../../url/url_parsing_unittest.cc:32: Failure
Value of: parsed_url.is_valid()
  Actual: false
Expected: true
{"url":"J://[3adf:fbff::5.9.0.8]</", "exception":"invalid URL"}
Stack trace:
#0 0x5641267a3706 url::(anonymous namespace)::URLParser_Parsing_Test::TestBody()

../../url/url_parsing_unittest.cc:54: Failure
Expected equality of these values:
  parse_case.host
    Which is: "y!"
  parsed_url.host()
    Which is: "y%21"
{"url":"http://[::]<//Y!", "error":{"component":"host", "expected":"y!", "actual":"y%21"}}
Stack trace:
#0 0x5641267a5b45 url::(anonymous namespace)::CheckComponents()
#1 0x5641267a3868 url::(anonymous namespace)::URLParser_Parsing_Test::TestBody()

../../url/url_parsing_unittest.cc:54: Failure
Expected equality of these values:
  parse_case.host
    Which is: "e"
  parsed_url.host()
    Which is: ""
{"url":"file://E/%2e%2e/////%7d</", "error":{"component":"host", "expected":"e", "actual":""}}
Stack trace:
#0 0x5641267a5b45 url::(anonymous namespace)::CheckComponents()
#1 0x5641267a3868 url::(anonymous namespace)::URLParser_Parsing_Test::TestBody()

../../url/url_parsing_unittest.cc:56: Failure
Expected equality of these values:
  parse_case.path
    Which is: "///^"
  parsed_url.path()
    Which is: "///%5E"
{"url":"https://[::]</%2e%2e///^", "error":{"component":"path", "expected":"///^", "actual":"///%5E"}}
Stack trace:
#0 0x5641267a5b45 url::(anonymous namespace)::CheckComponents()
#1 0x5641267a3868 url::(anonymous namespace)::URLParser_Parsing_Test::TestBody()

../../url/url_parsing_unittest.cc:54: Failure
Expected equality of these values:
  parse_case.host
    Which is: "{"
  parsed_url.host()
    Which is: "%7B"
{"url":"https://{", "error":{"component":"host", "expected":"{", "actual":"%7B"}}
Stack trace:
#0 0x5641267a5b45 url::(anonymous namespace)::CheckComponents()
#1 0x5641267a3868 url::(anonymous namespace)::URLParser_Parsing_Test::TestBody()

../../url/url_parsing_unittest.cc:54: Failure
Expected equality of these values:
  parse_case.host
    Which is: "[::]"
  parsed_url.host()
    Which is: ""
{"url":"file://[::]/%2e.///////////.</", "error":{"component":"host", "expected":"[::]", "actual":""}}
Stack trace:
#0 0x5641267a5b45 url::(anonymous namespace)::CheckComponents()
#1 0x5641267a3868 url::(anonymous namespace)::URLParser_Parsing_Test::TestBody()

../../url/url_parsing_unittest.cc:54: Failure
Expected equality of these values:
  parse_case.host
    Which is: "[3bae::aaeb:308:608]"
  parsed_url.host()
    Which is: ""
{"url":"G://[3bae::aaeb:3.8.6.8]", "error":{"component":"host", "expected":"[3bae::aaeb:308:608]", "actual":""}}
Stack trace:
#0 0x5641267a5b45 url::(anonymous namespace)::CheckComponents()
#1 0x5641267a3868 url::(anonymous namespace)::URLParser_Parsing_Test::TestBody()

../../url/url_parsing_unittest.cc:54: Failure
Expected equality of these values:
  parse_case.host
    Which is: "[::cedf:eefd:fc02:705]"
  parsed_url.host()
    Which is: ""
{"url":"file://[::cedf:eefd:252.2.7.5]</", "error":{"component":"host", "expected":"[::cedf:eefd:fc02:705]", "actual":""}}
Stack trace:
#0 0x5641267a5b45 url::(anonymous namespace)::CheckComponents()
#1 0x5641267a3868 url::(anonymous namespace)::URLParser_Parsing_Test::TestBody()

../../url/url_parsing_unittest.cc:56: Failure
Expected equality of these values:
  parse_case.path
    Which is: "/"
  parsed_url.path()
    Which is: "///%2e/"
{"url":"R:///%2e/////////..</", "error":{"component":"path", "expected":"/", "actual":"///%2e/"}}
Stack trace:
#0 0x5641267a5b45 url::(anonymous namespace)::CheckComponents()
#1 0x5641267a3868 url::(anonymous namespace)::URLParser_Parsing_Test::TestBody()

../../url/url_parsing_unittest.cc:54: Failure
Expected equality of these values:
  parse_case.host
    Which is: "&}"
  parsed_url.host()
    Which is: "%26%7D"
{"url":"file://&}", "error":{"component":"host", "expected":"&}", "actual":"%26%7D"}}
Stack trace:
#0 0x5641267a5b45 url::(anonymous namespace)::CheckComponents()
#1 0x5641267a3868 url::(anonymous namespace)::URLParser_Parsing_Test::TestBody()

../../url/url_parsing_unittest.cc:54: Failure
Expected equality of these values:
  parse_case.host
    Which is: "[::]"
  parsed_url.host()
    Which is: ""
{"url":"file://[::]/.//%2e%2e</", "error":{"component":"host", "expected":"[::]", "actual":""}}
Stack trace:
#0 0x5641267a5b45 url::(anonymous namespace)::CheckComponents()
#1 0x5641267a3868 url::(anonymous namespace)::URLParser_Parsing_Test::TestBody()

../../url/url_parsing_unittest.cc:56: Failure
Expected equality of these values:
  parse_case.path
    Which is: "/"
  parsed_url.path()
    Which is: "///.%2e/"
{"url":"Q:///.%2e//////%3e</", "error":{"component":"path", "expected":"/", "actual":"///.%2e/"}}
Stack trace:
#0 0x5641267a5b45 url::(anonymous namespace)::CheckComponents()
#1 0x5641267a3868 url::(anonymous namespace)::URLParser_Parsing_Test::TestBody()

../../url/url_parsing_unittest.cc:32: Failure
Value of: parsed_url.is_valid()
  Actual: false
Expected: true
{"url":"O://[::aaee:7.240.6.0]</", "exception":"invalid URL"}
Stack trace:
#0 0x5641267a3706 url::(anonymous namespace)::URLParser_Parsing_Test::TestBody()

../../url/url_parsing_unittest.cc:56: Failure
Expected equality of these values:
  parse_case.path
    Which is: "////|"
  parsed_url.path()
    Which is: "////%7C"
{"url":"http://[::]<.%2e////|", "error":{"component":"path", "expected":"////|", "actual":"////%7C"}}
Stack trace:
#0 0x5641267a5b45 url::(anonymous namespace)::CheckComponents()
#1 0x5641267a3868 url::(anonymous namespace)::URLParser_Parsing_Test::TestBody()

../../url/url_parsing_unittest.cc:54: Failure
Expected equality of these values:
  parse_case.host
    Which is: "\"}"
  parsed_url.host()
    Which is: ""
{"url":"F://"}", "error":{"component":"host", "expected":""}", "actual":""}}
Stack trace:
#0 0x5641267a5b45 url::(anonymous namespace)::CheckComponents()
#1 0x5641267a3868 url::(anonymous namespace)::URLParser_Parsing_Test::TestBody()

../../url/url_parsing_unittest.cc:35: Failure
Value of: parsed_url.is_valid()
  Actual: false
Expected: true
{"url":"wss://;", "exception":"invalid URL"}
Stack trace:
#0 0x5641267a3706 url::(anonymous namespace)::URLParser_Parsing_Test::TestBody()

../../url/url_parsing_unittest.cc:54: Failure
Expected equality of these values:
  parse_case.host
    Which is: "f&"
  parsed_url.host()
    Which is: "f%26"
{"url":"file:///<//F&", "error":{"component":"host", "expected":"f&", "actual":"f%26"}}
Stack trace:
#0 0x5641267a5b45 url::(anonymous namespace)::CheckComponents()
#1 0x5641267a3868 url::(anonymous namespace)::URLParser_Parsing_Test::TestBody()

../../url/url_parsing_unittest.cc:54: Failure
Expected equality of these values:
  parse_case.host
    Which is: ""
  parsed_url.host()
    Which is: ".."
{"url":"F:/<///..////..", "error":{"component":"host", "expected":"", "actual":".."}}
Stack trace:
#0 0x5641267a5b45 url::(anonymous namespace)::CheckComponents()
#1 0x5641267a3868 url::(anonymous namespace)::URLParser_Parsing_Test::TestBody()

../../url/url_parsing_unittest.cc:32: Failure
Value of: parsed_url.is_valid()
  Actual: false
Expected: true
{"url":"https://[::]<//~", "exception":"invalid URL"}
Stack trace:
#0 0x5641267a3706 url::(anonymous namespace)::URLParser_Parsing_Test::TestBody()

[  FAILED  ] URLParser.Parsing (66 ms)
[----------] 1 test from URLParser (67 ms total)

[----------] Global test environment tear-down
[==========] 1 test from 1 test suite ran. (67 ms total)
[  PASSED  ] 0 tests.
[  FAILED  ] 1 test, listed below:
[  FAILED  ] URLParser.Parsing

 1 FAILED TEST
[1/1] URLParser.Parsing (66 ms)
1 test failed:
    URLParser.Parsing (../../url/url_parsing_unittest.cc:604)
Tests took 0 seconds.
