IMPORTANT DEBUGGING NOTE: batches of tests are run inside their
own process. For debugging a test inside a debugger, use the
--gtest_filter=<your_test_name> flag along with
--single-process-tests.
Using sharding settings from environment. This is shard 0/1
Using 1 parallel jobs.
Note: Google Test filter = URLParser.Parsing
[==========] Running 1 test from 1 test suite.
[----------] Global test environment set-up.
[----------] 1 test from URLParser
[ RUN      ] URLParser.Parsing
../../url/url_parsing_unittest.cc:22: Failure
Value of: parsed_url.is_valid()
  Actual: false
Expected: true
{"url":"//[::efcd:edba:dcde:250.244.251.251]", "exception":"invalid URL"}
Stack trace:
#0 0x5607c2509590 url::(anonymous namespace)::URLParser_Parsing_Test::TestBody()

../../url/url_parsing_unittest.cc:22: Failure
Value of: parsed_url.is_valid()
  Actual: false
Expected: true
{"url":"//[::250.254.2.251%25~]", "exception":"invalid URL"}
Stack trace:
#0 0x5607c2509590 url::(anonymous namespace)::URLParser_Parsing_Test::TestBody()

../../url/url_parsing_unittest.cc:22: Failure
Value of: parsed_url.is_valid()
  Actual: false
Expected: true
{"url":"//[::bffb:bfbd:ceda:255.253.255.7%25_]", "exception":"invalid URL"}
Stack trace:
#0 0x5607c2509590 url::(anonymous namespace)::URLParser_Parsing_Test::TestBody()

../../url/url_parsing_unittest.cc:22: Failure
Value of: parsed_url.is_valid()
  Actual: false
Expected: true
{"url":"//[::ddab:aece:abad:5dda%25-]", "exception":"invalid URL"}
Stack trace:
#0 0x5607c2509590 url::(anonymous namespace)::URLParser_Parsing_Test::TestBody()

../../url/url_parsing_unittest.cc:22: Failure
Value of: parsed_url.is_valid()
  Actual: false
Expected: true
{"url":"//[::cdbb:ddda:251.252.95.250]", "exception":"invalid URL"}
Stack trace:
#0 0x5607c2509590 url::(anonymous namespace)::URLParser_Parsing_Test::TestBody()

../../url/url_parsing_unittest.cc:22: Failure
Value of: parsed_url.is_valid()
  Actual: false
Expected: true
{"url":"//[ccad::ceba:adde:aaba:feac:1.251.252.254]", "exception":"invalid URL"}
Stack trace:
#0 0x5607c2509590 url::(anonymous namespace)::URLParser_Parsing_Test::TestBody()

../../url/url_parsing_unittest.cc:22: Failure
Value of: parsed_url.is_valid()
  Actual: false
Expected: true
{"url":"//?%0c", "exception":"invalid URL"}
Stack trace:
#0 0x5607c2509590 url::(anonymous namespace)::URLParser_Parsing_Test::TestBody()

../../url/url_parsing_unittest.cc:22: Failure
Value of: parsed_url.is_valid()
  Actual: false
Expected: true
{"url":"//[::deaf:abcb:fffd:6.254.251.250]", "exception":"invalid URL"}
Stack trace:
#0 0x5607c2509590 url::(anonymous namespace)::URLParser_Parsing_Test::TestBody()

../../url/url_parsing_unittest.cc:22: Failure
Value of: parsed_url.is_valid()
  Actual: false
Expected: true
{"url":"//[::9ceb:252.252.252.255%25~]", "exception":"invalid URL"}
Stack trace:
#0 0x5607c2509590 url::(anonymous namespace)::URLParser_Parsing_Test::TestBody()

../../url/url_parsing_unittest.cc:22: Failure
Value of: parsed_url.is_valid()
  Actual: false
Expected: true
{"url":"//[::eabb:cbeb:dcbc:250.251.253.7]", "exception":"invalid URL"}
Stack trace:
#0 0x5607c2509590 url::(anonymous namespace)::URLParser_Parsing_Test::TestBody()

../../url/url_parsing_unittest.cc:22: Failure
Value of: parsed_url.is_valid()
  Actual: false
Expected: true
{"url":"///@/9", "exception":"invalid URL"}
Stack trace:
#0 0x5607c2509590 url::(anonymous namespace)::URLParser_Parsing_Test::TestBody()

../../url/url_parsing_unittest.cc:22: Failure
Value of: parsed_url.is_valid()
  Actual: false
Expected: true
{"url":"//%2f", "exception":"invalid URL"}
Stack trace:
#0 0x5607c2509590 url::(anonymous namespace)::URLParser_Parsing_Test::TestBody()

../../url/url_parsing_unittest.cc:22: Failure
Value of: parsed_url.is_valid()
  Actual: false
Expected: true
{"url":"//[::dbdb:abbf:addc:baaa:eecc:142.250.254.251]", "exception":"invalid URL"}
Stack trace:
#0 0x5607c2509590 url::(anonymous namespace)::URLParser_Parsing_Test::TestBody()

../../url/url_parsing_unittest.cc:22: Failure
Value of: parsed_url.is_valid()
  Actual: false
Expected: true
{"url":"//[::dace:dfbd:8.251.252.250]", "exception":"invalid URL"}
Stack trace:
#0 0x5607c2509590 url::(anonymous namespace)::URLParser_Parsing_Test::TestBody()

../../url/url_parsing_unittest.cc:22: Failure
Value of: parsed_url.is_valid()
  Actual: false
Expected: true
{"url":"//251.252.250.92", "exception":"invalid URL"}
Stack trace:
#0 0x5607c2509590 url::(anonymous namespace)::URLParser_Parsing_Test::TestBody()

../../url/url_parsing_unittest.cc:22: Failure
Value of: parsed_url.is_valid()
  Actual: false
Expected: true
{"url":"//250.28.250.254", "exception":"invalid URL"}
Stack trace:
#0 0x5607c2509590 url::(anonymous namespace)::URLParser_Parsing_Test::TestBody()

../../url/url_parsing_unittest.cc:22: Failure
Value of: parsed_url.is_valid()
  Actual: false
Expected: true
{"url":"//[faea::fcbc:affd:fcab:ddbe:253.252.254.37%25_]", "exception":"invalid URL"}
Stack trace:
#0 0x5607c2509590 url::(anonymous namespace)::URLParser_Parsing_Test::TestBody()

../../url/url_parsing_unittest.cc:22: Failure
Value of: parsed_url.is_valid()
  Actual: false
Expected: true
{"url":"//[::caab:cbfa:cebf:6dec:ccad]", "exception":"invalid URL"}
Stack trace:
#0 0x5607c2509590 url::(anonymous namespace)::URLParser_Parsing_Test::TestBody()

../../url/url_parsing_unittest.cc:22: Failure
Value of: parsed_url.is_valid()
  Actual: false
Expected: true
{"url":"//%e4", "exception":"invalid URL"}
Stack trace:
#0 0x5607c2509590 url::(anonymous namespace)::URLParser_Parsing_Test::TestBody()

../../url/url_parsing_unittest.cc:22: Failure
Value of: parsed_url.is_valid()
  Actual: false
Expected: true
{"url":"//x", "exception":"invalid URL"}
Stack trace:
#0 0x5607c2509590 url::(anonymous namespace)::URLParser_Parsing_Test::TestBody()

../../url/url_parsing_unittest.cc:22: Failure
Value of: parsed_url.is_valid()
  Actual: false
Expected: true
{"url":"//[vb.d]", "exception":"invalid URL"}
Stack trace:
#0 0x5607c2509590 url::(anonymous namespace)::URLParser_Parsing_Test::TestBody()

../../url/url_parsing_unittest.cc:22: Failure
Value of: parsed_url.is_valid()
  Actual: false
Expected: true
{"url":"//[::dbcf:18.254.255.255%25-]", "exception":"invalid URL"}
Stack trace:
#0 0x5607c2509590 url::(anonymous namespace)::URLParser_Parsing_Test::TestBody()

../../url/url_parsing_unittest.cc:22: Failure
Value of: parsed_url.is_valid()
  Actual: false
Expected: true
{"url":"//253.211.255.253", "exception":"invalid URL"}
Stack trace:
#0 0x5607c2509590 url::(anonymous namespace)::URLParser_Parsing_Test::TestBody()

../../url/url_parsing_unittest.cc:22: Failure
Value of: parsed_url.is_valid()
  Actual: false
Expected: true
{"url":"//[::%25r]", "exception":"invalid URL"}
Stack trace:
#0 0x5607c2509590 url::(anonymous namespace)::URLParser_Parsing_Test::TestBody()

../../url/url_parsing_unittest.cc:22: Failure
Value of: parsed_url.is_valid()
  Actual: false
Expected: true
{"url":"//[::acff:255.194.253.252%25-]", "exception":"invalid URL"}
Stack trace:
#0 0x5607c2509590 url::(anonymous namespace)::URLParser_Parsing_Test::TestBody()

../../url/url_parsing_unittest.cc:22: Failure
Value of: parsed_url.is_valid()
  Actual: false
Expected: true
{"url":"//[::becd:bbee:253.253.252.232%25-]", "exception":"invalid URL"}
Stack trace:
#0 0x5607c2509590 url::(anonymous namespace)::URLParser_Parsing_Test::TestBody()

../../url/url_parsing_unittest.cc:22: Failure
Value of: parsed_url.is_valid()
  Actual: false
Expected: true
{"url":"//[::feec:dbbd:afbc:ceae:acbf:253.255.255.229%25_]", "exception":"invalid URL"}
Stack trace:
#0 0x5607c2509590 url::(anonymous namespace)::URLParser_Parsing_Test::TestBody()

../../url/url_parsing_unittest.cc:22: Failure
Value of: parsed_url.is_valid()
  Actual: false
Expected: true
{"url":"//[afbb:acda:bdbd:edea:ccbe:fbbd:252.255.253.32]", "exception":"invalid URL"}
Stack trace:
#0 0x5607c2509590 url::(anonymous namespace)::URLParser_Parsing_Test::TestBody()

../../url/url_parsing_unittest.cc:22: Failure
Value of: parsed_url.is_valid()
  Actual: false
Expected: true
{"url":"//[::ddcc:ccdc:252.251.250.65]", "exception":"invalid URL"}
Stack trace:
#0 0x5607c2509590 url::(anonymous namespace)::URLParser_Parsing_Test::TestBody()

../../url/url_parsing_unittest.cc:22: Failure
Value of: parsed_url.is_valid()
  Actual: false
Expected: true
{"url":"//253.251.251.227", "exception":"invalid URL"}
Stack trace:
#0 0x5607c2509590 url::(anonymous namespace)::URLParser_Parsing_Test::TestBody()

../../url/url_parsing_unittest.cc:22: Failure
Value of: parsed_url.is_valid()
  Actual: false
Expected: true
{"url":"//[::cdcc:225.253.252.253%25-]", "exception":"invalid URL"}
Stack trace:
#0 0x5607c2509590 url::(anonymous namespace)::URLParser_Parsing_Test::TestBody()

../../url/url_parsing_unittest.cc:22: Failure
Value of: parsed_url.is_valid()
  Actual: false
Expected: true
{"url":"//[::bfab:253.59.250.254]", "exception":"invalid URL"}
Stack trace:
#0 0x5607c2509590 url::(anonymous namespace)::URLParser_Parsing_Test::TestBody()

../../url/url_parsing_unittest.cc:22: Failure
Value of: parsed_url.is_valid()
  Actual: false
Expected: true
{"url":"//[bebd::ebeb:abde:bceb:edcc:252.251.106.255%25~]", "exception":"invalid URL"}
Stack trace:
#0 0x5607c2509590 url::(anonymous namespace)::URLParser_Parsing_Test::TestBody()

../../url/url_parsing_unittest.cc:22: Failure
Value of: parsed_url.is_valid()
  Actual: false
Expected: true
{"url":"//[afee:fdab:dffd:ceca:bbfc:beef:250.250.241.255%25_]", "exception":"invalid URL"}
Stack trace:
#0 0x5607c2509590 url::(anonymous namespace)::URLParser_Parsing_Test::TestBody()

../../url/url_parsing_unittest.cc:22: Failure
Value of: parsed_url.is_valid()
  Actual: false
Expected: true
{"url":"//[1beb::cbcd:cdfd:efcb:efda:254.251.253.255]", "exception":"invalid URL"}
Stack trace:
#0 0x5607c2509590 url::(anonymous namespace)::URLParser_Parsing_Test::TestBody()

../../url/url_parsing_unittest.cc:22: Failure
Value of: parsed_url.is_valid()
  Actual: false
Expected: true
{"url":"//[::9dfd:250.254.251.254]", "exception":"invalid URL"}
Stack trace:
#0 0x5607c2509590 url::(anonymous namespace)::URLParser_Parsing_Test::TestBody()

../../url/url_parsing_unittest.cc:22: Failure
Value of: parsed_url.is_valid()
  Actual: false
Expected: true
{"url":"//[::fddf:fcdc:fadc:bffe:fefb%25.]", "exception":"invalid URL"}
Stack trace:
#0 0x5607c2509590 url::(anonymous namespace)::URLParser_Parsing_Test::TestBody()

../../url/url_parsing_unittest.cc:22: Failure
Value of: parsed_url.is_valid()
  Actual: false
Expected: true
{"url":"//[::1ecd:dddd:254.250.251.254%25-]", "exception":"invalid URL"}
Stack trace:
#0 0x5607c2509590 url::(anonymous namespace)::URLParser_Parsing_Test::TestBody()

../../url/url_parsing_unittest.cc:22: Failure
Value of: parsed_url.is_valid()
  Actual: false
Expected: true
{"url":"//[::3ffe:effd]", "exception":"invalid URL"}
Stack trace:
#0 0x5607c2509590 url::(anonymous namespace)::URLParser_Parsing_Test::TestBody()

../../url/url_parsing_unittest.cc:22: Failure
Value of: parsed_url.is_valid()
  Actual: false
Expected: true
{"url":"//[eaee:ecbc:ebad:eadf:ecee:eecd:152.250.252.250]", "exception":"invalid URL"}
Stack trace:
#0 0x5607c2509590 url::(anonymous namespace)::URLParser_Parsing_Test::TestBody()

../../url/url_parsing_unittest.cc:22: Failure
Value of: parsed_url.is_valid()
  Actual: false
Expected: true
{"url":"//[4cae::cdbb:fafa:bdaa:253.252.252.252%25-]", "exception":"invalid URL"}
Stack trace:
#0 0x5607c2509590 url::(anonymous namespace)::URLParser_Parsing_Test::TestBody()

../../url/url_parsing_unittest.cc:22: Failure
Value of: parsed_url.is_valid()
  Actual: false
Expected: true
{"url":"//[::bbfd:fbfc:caef:42.255.252.254%25.]", "exception":"invalid URL"}
Stack trace:
#0 0x5607c2509590 url::(anonymous namespace)::URLParser_Parsing_Test::TestBody()

../../url/url_parsing_unittest.cc:22: Failure
Value of: parsed_url.is_valid()
  Actual: false
Expected: true
{"url":"//[9cec:afed:ffeb:adba:ebaa:efac:250.255.251.251%25-]", "exception":"invalid URL"}
Stack trace:
#0 0x5607c2509590 url::(anonymous namespace)::URLParser_Parsing_Test::TestBody()

../../url/url_parsing_unittest.cc:22: Failure
Value of: parsed_url.is_valid()
  Actual: false
Expected: true
{"url":"//?%7a", "exception":"invalid URL"}
Stack trace:
#0 0x5607c2509590 url::(anonymous namespace)::URLParser_Parsing_Test::TestBody()

../../url/url_parsing_unittest.cc:22: Failure
Value of: parsed_url.is_valid()
  Actual: false
Expected: true
{"url":"//[::fecd:adfd:debe:dccc:badc:255.83.251.254%25~]", "exception":"invalid URL"}
Stack trace:
#0 0x5607c2509590 url::(anonymous namespace)::URLParser_Parsing_Test::TestBody()

../../url/url_parsing_unittest.cc:22: Failure
Value of: parsed_url.is_valid()
  Actual: false
Expected: true
{"url":"//[ddec::bbae:cfbf:bfae:bfac:252.255.251.254%25-]", "exception":"invalid URL"}
Stack trace:
#0 0x5607c2509590 url::(anonymous namespace)::URLParser_Parsing_Test::TestBody()

../../url/url_parsing_unittest.cc:22: Failure
Value of: parsed_url.is_valid()
  Actual: false
Expected: true
{"url":"//[6fdd::afbe:252.254.251.252%25~]", "exception":"invalid URL"}
Stack trace:
#0 0x5607c2509590 url::(anonymous namespace)::URLParser_Parsing_Test::TestBody()

../../url/url_parsing_unittest.cc:22: Failure
Value of: parsed_url.is_valid()
  Actual: false
Expected: true
{"url":"//[::edae:255.240.250.254]", "exception":"invalid URL"}
Stack trace:
#0 0x5607c2509590 url::(anonymous namespace)::URLParser_Parsing_Test::TestBody()

../../url/url_parsing_unittest.cc:22: Failure
Value of: parsed_url.is_valid()
  Actual: false
Expected: true
{"url":"//[::febe:254.251.254.184%25.]", "exception":"invalid URL"}
Stack trace:
#0 0x5607c2509590 url::(anonymous namespace)::URLParser_Parsing_Test::TestBody()

../../url/url_parsing_unittest.cc:22: Failure
Value of: parsed_url.is_valid()
  Actual: false
Expected: true
{"url":"//:5", "exception":"invalid URL"}
Stack trace:
#0 0x5607c2509590 url::(anonymous namespace)::URLParser_Parsing_Test::TestBody()

../../url/url_parsing_unittest.cc:22: Failure
Value of: parsed_url.is_valid()
  Actual: false
Expected: true
{"url":"//[::ddcf:197.254.252.255]", "exception":"invalid URL"}
Stack trace:
#0 0x5607c2509590 url::(anonymous namespace)::URLParser_Parsing_Test::TestBody()

../../url/url_parsing_unittest.cc:22: Failure
Value of: parsed_url.is_valid()
  Actual: false
Expected: true
{"url":"//[::aada:255.255.255.214%25_]", "exception":"invalid URL"}
Stack trace:
#0 0x5607c2509590 url::(anonymous namespace)::URLParser_Parsing_Test::TestBody()

../../url/url_parsing_unittest.cc:22: Failure
Value of: parsed_url.is_valid()
  Actual: false
Expected: true
{"url":"//252.250.175.250", "exception":"invalid URL"}
Stack trace:
#0 0x5607c2509590 url::(anonymous namespace)::URLParser_Parsing_Test::TestBody()

../../url/url_parsing_unittest.cc:22: Failure
Value of: parsed_url.is_valid()
  Actual: false
Expected: true
{"url":"//[ffeb::ddfb:253.250.252.255%25.]", "exception":"invalid URL"}
Stack trace:
#0 0x5607c2509590 url::(anonymous namespace)::URLParser_Parsing_Test::TestBody()

../../url/url_parsing_unittest.cc:22: Failure
Value of: parsed_url.is_valid()
  Actual: false
Expected: true
{"url":"//9@", "exception":"invalid URL"}
Stack trace:
#0 0x5607c2509590 url::(anonymous namespace)::URLParser_Parsing_Test::TestBody()

../../url/url_parsing_unittest.cc:22: Failure
Value of: parsed_url.is_valid()
  Actual: false
Expected: true
{"url":"//[::aeba:dfec:afaa:250.239.251.252]", "exception":"invalid URL"}
Stack trace:
#0 0x5607c2509590 url::(anonymous namespace)::URLParser_Parsing_Test::TestBody()

../../url/url_parsing_unittest.cc:22: Failure
Value of: parsed_url.is_valid()
  Actual: false
Expected: true
{"url":"//[::aeee:35.250.250.253%25.]", "exception":"invalid URL"}
Stack trace:
#0 0x5607c2509590 url::(anonymous namespace)::URLParser_Parsing_Test::TestBody()

../../url/url_parsing_unittest.cc:22: Failure
Value of: parsed_url.is_valid()
  Actual: false
Expected: true
{"url":"//#l", "exception":"invalid URL"}
Stack trace:
#0 0x5607c2509590 url::(anonymous namespace)::URLParser_Parsing_Test::TestBody()

../../url/url_parsing_unittest.cc:22: Failure
Value of: parsed_url.is_valid()
  Actual: false
Expected: true
{"url":"//[::253.255.140.250%25-]", "exception":"invalid URL"}
Stack trace:
#0 0x5607c2509590 url::(anonymous namespace)::URLParser_Parsing_Test::TestBody()

../../url/url_parsing_unittest.cc:22: Failure
Value of: parsed_url.is_valid()
  Actual: false
Expected: true
{"url":"//[::faeb:fdea:eecc:eccb:ebdc:251.243.254.254%25_]", "exception":"invalid URL"}
Stack trace:
#0 0x5607c2509590 url::(anonymous namespace)::URLParser_Parsing_Test::TestBody()

../../url/url_parsing_unittest.cc:22: Failure
Value of: parsed_url.is_valid()
  Actual: false
Expected: true
{"url":"//[::adec:123.254.253.253]", "exception":"invalid URL"}
Stack trace:
#0 0x5607c2509590 url::(anonymous namespace)::URLParser_Parsing_Test::TestBody()

../../url/url_parsing_unittest.cc:22: Failure
Value of: parsed_url.is_valid()
  Actual: false
Expected: true
{"url":"//[::cfbf:bfbe:efda:255.6.254.255]", "exception":"invalid URL"}
Stack trace:
#0 0x5607c2509590 url::(anonymous namespace)::URLParser_Parsing_Test::TestBody()

../../url/url_parsing_unittest.cc:22: Failure
Value of: parsed_url.is_valid()
  Actual: false
Expected: true
{"url":"//y", "exception":"invalid URL"}
Stack trace:
#0 0x5607c2509590 url::(anonymous namespace)::URLParser_Parsing_Test::TestBody()

../../url/url_parsing_unittest.cc:22: Failure
Value of: parsed_url.is_valid()
  Actual: false
Expected: true
{"url":"//[afba::baec:ceea:caec:dafd:252.251.250.1%25_]", "exception":"invalid URL"}
Stack trace:
#0 0x5607c2509590 url::(anonymous namespace)::URLParser_Parsing_Test::TestBody()

../../url/url_parsing_unittest.cc:22: Failure
Value of: parsed_url.is_valid()
  Actual: false
Expected: true
{"url":"//[::cdcd:250.253.252.208%25~]", "exception":"invalid URL"}
Stack trace:
#0 0x5607c2509590 url::(anonymous namespace)::URLParser_Parsing_Test::TestBody()

../../url/url_parsing_unittest.cc:22: Failure
Value of: parsed_url.is_valid()
  Actual: false
Expected: true
{"url":"//[6bde:bfaf::ceeb:bfdc:254.251.250.253]", "exception":"invalid URL"}
Stack trace:
#0 0x5607c2509590 url::(anonymous namespace)::URLParser_Parsing_Test::TestBody()

../../url/url_parsing_unittest.cc:22: Failure
Value of: parsed_url.is_valid()
  Actual: false
Expected: true
{"url":"//[::ccac:eebc:bbba:1.253.254.251]", "exception":"invalid URL"}
Stack trace:
#0 0x5607c2509590 url::(anonymous namespace)::URLParser_Parsing_Test::TestBody()

../../url/url_parsing_unittest.cc:22: Failure
Value of: parsed_url.is_valid()
  Actual: false
Expected: true
{"url":"//[::255.2.252.252%25~]", "exception":"invalid URL"}
Stack trace:
#0 0x5607c2509590 url::(anonymous namespace)::URLParser_Parsing_Test::TestBody()

../../url/url_parsing_unittest.cc:22: Failure
Value of: parsed_url.is_valid()
  Actual: false
Expected: true
{"url":"//[4aff::bceb:adaa:ddaf:250.255.251.252]", "exception":"invalid URL"}
Stack trace:
#0 0x5607c2509590 url::(anonymous namespace)::URLParser_Parsing_Test::TestBody()

../../url/url_parsing_unittest.cc:22: Failure
Value of: parsed_url.is_valid()
  Actual: false
Expected: true
{"url":"//%0f", "exception":"invalid URL"}
Stack trace:
#0 0x5607c2509590 url::(anonymous namespace)::URLParser_Parsing_Test::TestBody()

../../url/url_parsing_unittest.cc:22: Failure
Value of: parsed_url.is_valid()
  Actual: false
Expected: true
{"url":"//#m", "exception":"invalid URL"}
Stack trace:
#0 0x5607c2509590 url::(anonymous namespace)::URLParser_Parsing_Test::TestBody()

../../url/url_parsing_unittest.cc:22: Failure
Value of: parsed_url.is_valid()
  Actual: false
Expected: true
{"url":"//[::3cfe:fadb:254.254.254.252%25.]", "exception":"invalid URL"}
Stack trace:
#0 0x5607c2509590 url::(anonymous namespace)::URLParser_Parsing_Test::TestBody()

../../url/url_parsing_unittest.cc:22: Failure
Value of: parsed_url.is_valid()
  Actual: false
Expected: true
{"url":"//[::254.250.192.251%25_]", "exception":"invalid URL"}
Stack trace:
#0 0x5607c2509590 url::(anonymous namespace)::URLParser_Parsing_Test::TestBody()

../../url/url_parsing_unittest.cc:22: Failure
Value of: parsed_url.is_valid()
  Actual: false
Expected: true
{"url":"//[::ceff:cddb:ecac:252.7.253.251%25_]", "exception":"invalid URL"}
Stack trace:
#0 0x5607c2509590 url::(anonymous namespace)::URLParser_Parsing_Test::TestBody()

../../url/url_parsing_unittest.cc:22: Failure
Value of: parsed_url.is_valid()
  Actual: false
Expected: true
{"url":"//[ffaa:ddab:dddf:cfea:adbe:babd:254.253.91.254%25~]", "exception":"invalid URL"}
Stack trace:
#0 0x5607c2509590 url::(anonymous namespace)::URLParser_Parsing_Test::TestBody()

../../url/url_parsing_unittest.cc:22: Failure
Value of: parsed_url.is_valid()
  Actual: false
Expected: true
{"url":"//[::cceb:bfae:efbc:dcfb:efff:252.255.255.103%25-]", "exception":"invalid URL"}
Stack trace:
#0 0x5607c2509590 url::(anonymous namespace)::URLParser_Parsing_Test::TestBody()

../../url/url_parsing_unittest.cc:22: Failure
Value of: parsed_url.is_valid()
  Actual: false
Expected: true
{"url":"//[3bca:cffe::252.254.255.251]", "exception":"invalid URL"}
Stack trace:
#0 0x5607c2509590 url::(anonymous namespace)::URLParser_Parsing_Test::TestBody()

../../url/url_parsing_unittest.cc:22: Failure
Value of: parsed_url.is_valid()
  Actual: false
Expected: true
{"url":"//&@", "exception":"invalid URL"}
Stack trace:
#0 0x5607c2509590 url::(anonymous namespace)::URLParser_Parsing_Test::TestBody()

../../url/url_parsing_unittest.cc:22: Failure
Value of: parsed_url.is_valid()
  Actual: false
Expected: true
{"url":"//[::225.250.250.253%25-]", "exception":"invalid URL"}
Stack trace:
#0 0x5607c2509590 url::(anonymous namespace)::URLParser_Parsing_Test::TestBody()

../../url/url_parsing_unittest.cc:22: Failure
Value of: parsed_url.is_valid()
  Actual: false
Expected: true
{"url":"//[::bbdb:2faf%25.]", "exception":"invalid URL"}
Stack trace:
#0 0x5607c2509590 url::(anonymous namespace)::URLParser_Parsing_Test::TestBody()

../../url/url_parsing_unittest.cc:22: Failure
Value of: parsed_url.is_valid()
  Actual: false
Expected: true
{"url":"//[::cddf:250.250.250.1]", "exception":"invalid URL"}
Stack trace:
#0 0x5607c2509590 url::(anonymous namespace)::URLParser_Parsing_Test::TestBody()

../../url/url_parsing_unittest.cc:22: Failure
Value of: parsed_url.is_valid()
  Actual: false
Expected: true
{"url":"//254.252.255.142", "exception":"invalid URL"}
Stack trace:
#0 0x5607c2509590 url::(anonymous namespace)::URLParser_Parsing_Test::TestBody()

../../url/url_parsing_unittest.cc:22: Failure
Value of: parsed_url.is_valid()
  Actual: false
Expected: true
{"url":"//[dfec::0bac:bccf:fabb:dfdb:251.251.251.255%25-]", "exception":"invalid URL"}
Stack trace:
#0 0x5607c2509590 url::(anonymous namespace)::URLParser_Parsing_Test::TestBody()

../../url/url_parsing_unittest.cc:22: Failure
Value of: parsed_url.is_valid()
  Actual: false
Expected: true
{"url":"//[::eddf:aecf:cbff:0aeb%25.]", "exception":"invalid URL"}
Stack trace:
#0 0x5607c2509590 url::(anonymous namespace)::URLParser_Parsing_Test::TestBody()

../../url/url_parsing_unittest.cc:22: Failure
Value of: parsed_url.is_valid()
  Actual: false
Expected: true
{"url":"//[afad::dadd:dada:cfeb:ebbc:251.253.202.253]", "exception":"invalid URL"}
Stack trace:
#0 0x5607c2509590 url::(anonymous namespace)::URLParser_Parsing_Test::TestBody()

../../url/url_parsing_unittest.cc:22: Failure
Value of: parsed_url.is_valid()
  Actual: false
Expected: true
{"url":"//[::bcbf:fdfa:cbec:254.250.253.253%25.]", "exception":"invalid URL"}
Stack trace:
#0 0x5607c2509590 url::(anonymous namespace)::URLParser_Parsing_Test::TestBody()

../../url/url_parsing_unittest.cc:22: Failure
Value of: parsed_url.is_valid()
  Actual: false
Expected: true
{"url":"//[bcff:affa::eaff:254.250.252.253%25-]", "exception":"invalid URL"}
Stack trace:
#0 0x5607c2509590 url::(anonymous namespace)::URLParser_Parsing_Test::TestBody()

../../url/url_parsing_unittest.cc:22: Failure
Value of: parsed_url.is_valid()
  Actual: false
Expected: true
{"url":"//[::addb:afde:ffdd:254.250.201.255]", "exception":"invalid URL"}
Stack trace:
#0 0x5607c2509590 url::(anonymous namespace)::URLParser_Parsing_Test::TestBody()

../../url/url_parsing_unittest.cc:22: Failure
Value of: parsed_url.is_valid()
  Actual: false
Expected: true
{"url":"//[bbcb:afac:fffa:bbfc:dacf:ccde:212.252.252.254]", "exception":"invalid URL"}
Stack trace:
#0 0x5607c2509590 url::(anonymous namespace)::URLParser_Parsing_Test::TestBody()

../../url/url_parsing_unittest.cc:22: Failure
Value of: parsed_url.is_valid()
  Actual: false
Expected: true
{"url":"//[::255.251.82.253%25.]", "exception":"invalid URL"}
Stack trace:
#0 0x5607c2509590 url::(anonymous namespace)::URLParser_Parsing_Test::TestBody()

../../url/url_parsing_unittest.cc:22: Failure
Value of: parsed_url.is_valid()
  Actual: false
Expected: true
{"url":"//[cefa:cedc:bfba:ceef:cdff:dfba:252.225.252.252%25~]", "exception":"invalid URL"}
Stack trace:
#0 0x5607c2509590 url::(anonymous namespace)::URLParser_Parsing_Test::TestBody()

../../url/url_parsing_unittest.cc:22: Failure
Value of: parsed_url.is_valid()
  Actual: false
Expected: true
{"url":"//[adef::beba:bfba:cdbe:cedb:253.254.157.250%25_]", "exception":"invalid URL"}
Stack trace:
#0 0x5607c2509590 url::(anonymous namespace)::URLParser_Parsing_Test::TestBody()

../../url/url_parsing_unittest.cc:22: Failure
Value of: parsed_url.is_valid()
  Actual: false
Expected: true
{"url":"//[::ceeb:fbad:fedb:250.254.8.252]", "exception":"invalid URL"}
Stack trace:
#0 0x5607c2509590 url::(anonymous namespace)::URLParser_Parsing_Test::TestBody()

../../url/url_parsing_unittest.cc:22: Failure
Value of: parsed_url.is_valid()
  Actual: false
Expected: true
{"url":"///u", "exception":"invalid URL"}
Stack trace:
#0 0x5607c2509590 url::(anonymous namespace)::URLParser_Parsing_Test::TestBody()

../../url/url_parsing_unittest.cc:22: Failure
Value of: parsed_url.is_valid()
  Actual: false
Expected: true
{"url":"//[bcbd::ffbf:ffaa:cdaa:baec:238.250.253.253]", "exception":"invalid URL"}
Stack trace:
#0 0x5607c2509590 url::(anonymous namespace)::URLParser_Parsing_Test::TestBody()

../../url/url_parsing_unittest.cc:22: Failure
Value of: parsed_url.is_valid()
  Actual: false
Expected: true
{"url":"//[::feaf:255.0.250.252%25_]", "exception":"invalid URL"}
Stack trace:
#0 0x5607c2509590 url::(anonymous namespace)::URLParser_Parsing_Test::TestBody()

../../url/url_parsing_unittest.cc:22: Failure
Value of: parsed_url.is_valid()
  Actual: false
Expected: true
{"url":"//[::abaa:eabc:252.156.253.252%25.]", "exception":"invalid URL"}
Stack trace:
#0 0x5607c2509590 url::(anonymous namespace)::URLParser_Parsing_Test::TestBody()

../../url/url_parsing_unittest.cc:22: Failure
Value of: parsed_url.is_valid()
  Actual: false
Expected: true
{"url":"//[::dfcf:cadb:fcda:bfbc:cabd:253.251.172.253%25_]", "exception":"invalid URL"}
Stack trace:
#0 0x5607c2509590 url::(anonymous namespace)::URLParser_Parsing_Test::TestBody()

../../url/url_parsing_unittest.cc:22: Failure
Value of: parsed_url.is_valid()
  Actual: false
Expected: true
{"url":"//[3eab::efda]", "exception":"invalid URL"}
Stack trace:
#0 0x5607c2509590 url::(anonymous namespace)::URLParser_Parsing_Test::TestBody()

../../url/url_parsing_unittest.cc:22: Failure
Value of: parsed_url.is_valid()
  Actual: false
Expected: true
{"url":"//[0ecb:febe:baeb:cfbf:dccd:fcbb:254.255.254.250%25~]", "exception":"invalid URL"}
Stack trace:
#0 0x5607c2509590 url::(anonymous namespace)::URLParser_Parsing_Test::TestBody()

../../url/url_parsing_unittest.cc:22: Failure
Value of: parsed_url.is_valid()
  Actual: false
Expected: true
{"url":"//[::bbae:250.254.8.253]", "exception":"invalid URL"}
Stack trace:
#0 0x5607c2509590 url::(anonymous namespace)::URLParser_Parsing_Test::TestBody()

../../url/url_parsing_unittest.cc:22: Failure
Value of: parsed_url.is_valid()
  Actual: false
Expected: true
{"url":"//[1ddf::fdfe:aeaf:254.250.252.253%25-]", "exception":"invalid URL"}
Stack trace:
#0 0x5607c2509590 url::(anonymous namespace)::URLParser_Parsing_Test::TestBody()

../../url/url_parsing_unittest.cc:22: Failure
Value of: parsed_url.is_valid()
  Actual: false
Expected: true
{"url":"//[::%25l]", "exception":"invalid URL"}
Stack trace:
#0 0x5607c2509590 url::(anonymous namespace)::URLParser_Parsing_Test::TestBody()

../../url/url_parsing_unittest.cc:22: Failure
Value of: parsed_url.is_valid()
  Actual: false
Expected: true
{"url":"//[adac:dfba:cefb:dddd:edae:fcdc:8ddd:cced]", "exception":"invalid URL"}
Stack trace:
#0 0x5607c2509590 url::(anonymous namespace)::URLParser_Parsing_Test::TestBody()

../../url/url_parsing_unittest.cc:22: Failure
Value of: parsed_url.is_valid()
  Actual: false
Expected: true
{"url":"//[::faab:cebf:bdcd:254.254.243.251%25_]", "exception":"invalid URL"}
Stack trace:
#0 0x5607c2509590 url::(anonymous namespace)::URLParser_Parsing_Test::TestBody()

../../url/url_parsing_unittest.cc:22: Failure
Value of: parsed_url.is_valid()
  Actual: false
Expected: true
{"url":"//[::cfca:aebb:0ebd:ebcd]", "exception":"invalid URL"}
Stack trace:
#0 0x5607c2509590 url::(anonymous namespace)::URLParser_Parsing_Test::TestBody()

../../url/url_parsing_unittest.cc:22: Failure
Value of: parsed_url.is_valid()
  Actual: false
Expected: true
{"url":"//%3e", "exception":"invalid URL"}
Stack trace:
#0 0x5607c2509590 url::(anonymous namespace)::URLParser_Parsing_Test::TestBody()

../../url/url_parsing_unittest.cc:22: Failure
Value of: parsed_url.is_valid()
  Actual: false
Expected: true
{"url":"//[::abcd:aaad:aeff:feac:3dbb]", "exception":"invalid URL"}
Stack trace:
#0 0x5607c2509590 url::(anonymous namespace)::URLParser_Parsing_Test::TestBody()

../../url/url_parsing_unittest.cc:22: Failure
Value of: parsed_url.is_valid()
  Actual: false
Expected: true
{"url":"//[::%25%f8]", "exception":"invalid URL"}
Stack trace:
#0 0x5607c2509590 url::(anonymous namespace)::URLParser_Parsing_Test::TestBody()

../../url/url_parsing_unittest.cc:22: Failure
Value of: parsed_url.is_valid()
  Actual: false
Expected: true
{"url":"//[::aaab:edcf:bcfa:138.252.255.252]", "exception":"invalid URL"}
Stack trace:
#0 0x5607c2509590 url::(anonymous namespace)::URLParser_Parsing_Test::TestBody()

../../url/url_parsing_unittest.cc:22: Failure
Value of: parsed_url.is_valid()
  Actual: false
Expected: true
{"url":"//[3cdd::255.250.253.252%25~]", "exception":"invalid URL"}
Stack trace:
#0 0x5607c2509590 url::(anonymous namespace)::URLParser_Parsing_Test::TestBody()

../../url/url_parsing_unittest.cc:22: Failure
Value of: parsed_url.is_valid()
  Actual: false
Expected: true
{"url":"//@/%cd", "exception":"invalid URL"}
Stack trace:
#0 0x5607c2509590 url::(anonymous namespace)::URLParser_Parsing_Test::TestBody()

../../url/url_parsing_unittest.cc:22: Failure
Value of: parsed_url.is_valid()
  Actual: false
Expected: true
{"url":"//[cfde::dbbc:beec:ffec:beda:252.251.0.254]", "exception":"invalid URL"}
Stack trace:
#0 0x5607c2509590 url::(anonymous namespace)::URLParser_Parsing_Test::TestBody()

../../url/url_parsing_unittest.cc:22: Failure
Value of: parsed_url.is_valid()
  Actual: false
Expected: true
{"url":"//[::cacf:4.254.254.253]", "exception":"invalid URL"}
Stack trace:
#0 0x5607c2509590 url::(anonymous namespace)::URLParser_Parsing_Test::TestBody()

../../url/url_parsing_unittest.cc:22: Failure
Value of: parsed_url.is_valid()
  Actual: false
Expected: true
{"url":"//252.255.252.206", "exception":"invalid URL"}
Stack trace:
#0 0x5607c2509590 url::(anonymous namespace)::URLParser_Parsing_Test::TestBody()

../../url/url_parsing_unittest.cc:22: Failure
Value of: parsed_url.is_valid()
  Actual: false
Expected: true
{"url":"//[::7ddd%25.]", "exception":"invalid URL"}
Stack trace:
#0 0x5607c2509590 url::(anonymous namespace)::URLParser_Parsing_Test::TestBody()

../../url/url_parsing_unittest.cc:22: Failure
Value of: parsed_url.is_valid()
  Actual: false
Expected: true
{"url":"//v", "exception":"invalid URL"}
Stack trace:
#0 0x5607c2509590 url::(anonymous namespace)::URLParser_Parsing_Test::TestBody()

../../url/url_parsing_unittest.cc:22: Failure
Value of: parsed_url.is_valid()
  Actual: false
Expected: true
{"url":"//0", "exception":"invalid URL"}
Stack trace:
#0 0x5607c2509590 url::(anonymous namespace)::URLParser_Parsing_Test::TestBody()

../../url/url_parsing_unittest.cc:22: Failure
Value of: parsed_url.is_valid()
  Actual: false
Expected: true
{"url":"//[fbcf::cefc:efaf:cdce:cdff:253.251.251.213%25_]", "exception":"invalid URL"}
Stack trace:
#0 0x5607c2509590 url::(anonymous namespace)::URLParser_Parsing_Test::TestBody()

../../url/url_parsing_unittest.cc:22: Failure
Value of: parsed_url.is_valid()
  Actual: false
Expected: true
{"url":"//[7aff:ecde:babf:edda:aade:cedb:254.252.250.252%25_]", "exception":"invalid URL"}
Stack trace:
#0 0x5607c2509590 url::(anonymous namespace)::URLParser_Parsing_Test::TestBody()

../../url/url_parsing_unittest.cc:22: Failure
Value of: parsed_url.is_valid()
  Actual: false
Expected: true
{"url":"//[ddcd::bbfb:cafc:caee:fecf:255.254.9.250%25.]", "exception":"invalid URL"}
Stack trace:
#0 0x5607c2509590 url::(anonymous namespace)::URLParser_Parsing_Test::TestBody()

../../url/url_parsing_unittest.cc:22: Failure
Value of: parsed_url.is_valid()
  Actual: false
Expected: true
{"url":"//[bfad:deaa:bbba:afec:baef:fcdd:250.253.253.17%25.]", "exception":"invalid URL"}
Stack trace:
#0 0x5607c2509590 url::(anonymous namespace)::URLParser_Parsing_Test::TestBody()

../../url/url_parsing_unittest.cc:22: Failure
Value of: parsed_url.is_valid()
  Actual: false
Expected: true
{"url":"//[fbab:aaba:dafe:affd:eebf:bcfd:98.255.252.250%25~]", "exception":"invalid URL"}
Stack trace:
#0 0x5607c2509590 url::(anonymous namespace)::URLParser_Parsing_Test::TestBody()

../../url/url_parsing_unittest.cc:22: Failure
Value of: parsed_url.is_valid()
  Actual: false
Expected: true
{"url":"//[::fdbf:255.255.250.205%25_]", "exception":"invalid URL"}
Stack trace:
#0 0x5607c2509590 url::(anonymous namespace)::URLParser_Parsing_Test::TestBody()

[  FAILED  ] URLParser.Parsing (25 ms)
[----------] 1 test from URLParser (25 ms total)

[----------] Global test environment tear-down
[==========] 1 test from 1 test suite ran. (25 ms total)
[  PASSED  ] 0 tests.
[  FAILED  ] 1 test, listed below:
[  FAILED  ] URLParser.Parsing

 1 FAILED TEST
[1/1] URLParser.Parsing (25 ms)
1 test failed:
    URLParser.Parsing (../../url/url_parsing_unittest.cc:270)
Tests took 0 seconds.
