Already up to date.
[00:00:00] prepare result locations
[00:00:00] fuzzing targets all 
[00:00:00] fuzzing firefox
[00:00:00] removing old coverage data
[00:00:04] executing tests
[00:07:48] generating reports
[00:07:53] browser output cleanup
[00:07:53] fuzzing chromium
[2021-06-22 20:17:12,665 INFO] Building ['url_unittests'].
[00:07:54] ninja: Entering directory `/home/chromium/src/out/coverage'
[00:08:00] [0/1] Regenerating ninja files
[00:08:30] [1/2] CXX obj/url/url_unittests/url_parsing_unittest.o
[00:08:32] [2/2] LINK ./url_unittests
[2021-06-22 20:17:52,184 INFO] Running command: "out/coverage/url_unittests --gtest_filter=URLParser.Parsing", the output is redirected to "/home/chromium/src/out/report/linux/logs/url_unittests_output.log".
[2021-06-22 20:17:52,655 WARNING] Command: "out/coverage/url_unittests --gtest_filter=URLParser.Parsing" exited with non-zero return code.
[2021-06-22 20:17:52,656 INFO] Creating target profile data file.
[2021-06-22 20:17:53,461 INFO] Target "url_unittests" profile data is created as: "/home/chromium/src/out/report/url_unittests.profdata".
[2021-06-22 20:17:53,465 INFO] Creating the coverage profile data file.
[2021-06-22 20:17:53,513 INFO] Code coverage profile data is created as: "/home/chromium/src/out/report/linux/coverage.profdata".
[2021-06-22 20:17:53,514 INFO] Finding shared libraries for targets (if any).
[2021-06-22 20:17:53,522 INFO] Finished finding shared libraries for targets.
[2021-06-22 20:17:53,522 INFO] Generating code coverage report in html (this can take a while depending on size of target!).
[2021-06-22 20:17:56,465 INFO] Index file for html report is generated as: "file:///home/chromium/src/out/report/linux/index.html".
[00:08:37] browser output cleanup
[00:08:37] fuzzing languages
[00:08:37] fuzzing Python
[00:08:39] fuzzing C
[00:08:40] fuzzing Cpp
[00:08:58] fuzzing Java
[00:08:59] update-alternatives: using /usr/lib/jvm/java-8-openjdk-amd64/jre/bin/java to provide /usr/bin/java (java) in manual mode
[00:08:59] update-alternatives: using /usr/lib/jvm/java-8-openjdk-amd64/bin/javac to provide /usr/bin/javac (javac) in manual mode
WARNING : java.lang.Object can't be statically instrumented and was excluded
[00:09:42] fuzzing Ruby
[00:09:42] Coverage report generated for Unknown Test Framework to /home/url-fuzzing/languagefuzzing/RubyCoverage/coverage. 139 / 193 LOC (72.02%) covered.
[00:09:42] fuzzing JavaScript
[00:09:53] fuzzing PHP
[00:09:55] fuzzing Go
[00:09:58] finalizing results
[00:10:05] writing resultoverview
[00:10:05] writing browseroverview
Traceback (most recent call last):
  File "produceResultPresentation.py", line 564, in <module>
    f=open("./used_seed", "r")
FileNotFoundError: [Errno 2] No such file or directory: './used_seed'
[00:10:05] done
