Test configuration changed. Regenerating backend.
 0:05.08 INFO Found node at /usr/bin/nodejs
 0:05.08 INFO Found moz-http2 at /home/mozilla-unified/testing/xpcshell/moz-http2/moz-http2.js
 0:05.33 INFO Found /home/mozilla-unified/obj-x86_64-pc-linux-gnu/dist/bin/http3server
 0:05.33 INFO Using /home/mozilla-unified/netwerk/test/http3serverDB
 0:05.36 INFO Running tests sequentially.
 0:05.36 SUITE_START: xpcshell - running 1 tests
 0:05.37 INFO profile dir is /tmp/firefox/xpcshellprofile
 0:05.37 TEST_START: netwerk/test/URLTestFiles/test_URIs_3.js
 0:05.37 INFO netwerk/test/URLTestFiles/test_URIs_3.js | full command: ['/home/mozilla-unified/obj-x86_64-pc-linux-gnu/dist/bin/xpcshell', '-g', '/home/mozilla-unified/obj-x86_64-pc-linux-gnu/dist/bin', '-a', '/home/mozilla-unified/obj-x86_64-pc-linux-gnu/dist/bin', '-m', '-e', 'const _HEAD_JS_PATH = "/home/mozilla-unified/testing/xpcshell/head.js";', '-e', 'const _MOZINFO_JS_PATH = "/tmp/firefox/xpcshellprofile/mozinfo.json";', '-e', 'const _PREFS_FILE = "/home/mozilla-unified/obj-x86_64-pc-linux-gnu/temp/user.js";', '-e', 'const _TESTING_MODULES_DIR = "/home/mozilla-unified/obj-x86_64-pc-linux-gnu/_tests/modules/";', '-f', '/home/mozilla-unified/testing/xpcshell/head.js', '-p', '/home/mozilla-unified/obj-x86_64-pc-linux-gnu/temp/xpc-plugins-kgmwnof1', '-e', 'const _HEAD_FILES = ["/home/mozilla-unified/obj-x86_64-pc-linux-gnu/_tests/xpcshell/netwerk/test/URLTestFiles/head_channels.js", "/home/mozilla-unified/obj-x86_64-pc-linux-gnu/_tests/xpcshell/netwerk/test/URLTestFiles/head_cache.js", "/home/mozilla-unified/obj-x86_64-pc-linux-gnu/_tests/xpcshell/netwerk/test/URLTestFiles/head_cache2.js", "/home/mozilla-unified/obj-x86_64-pc-linux-gnu/_tests/xpcshell/netwerk/test/URLTestFiles/head_cookies.js"];', '-e', 'const _JSDEBUGGER_PORT = 0;', '-e', 'const _TEST_FILE = ["/home/mozilla-unified/obj-x86_64-pc-linux-gnu/_tests/xpcshell/netwerk/test/URLTestFiles/test_URIs_3.js"];', '-e', 'const _TEST_NAME = "netwerk/test/URLTestFiles/test_URIs_3.js";', '-e', '_execute_test(); quit(0);']
 0:05.37 INFO netwerk/test/URLTestFiles/test_URIs_3.js | current directory: '/home/mozilla-unified/obj-x86_64-pc-linux-gnu/_tests/xpcshell/netwerk/test/URLTestFiles'
 0:05.37 INFO netwerk/test/URLTestFiles/test_URIs_3.js | environment: ['MOZ_DISABLE_CONTENT_SANDBOX=1', 'MOZ_DEVELOPER_REPO_DIR=/home/mozilla-unified', 'MOZ_CRASHREPORTER=1', 'MOZ_WEBRENDER=0', 'MOZNODE_EXEC_PORT=46403', 'DISPLAY=77', 'LD_LIBRARY_PATH=/home/mozilla-unified/obj-x86_64-pc-linux-gnu/dist/bin', 'MOZ_DISABLE_NONLOCAL_CONNECTIONS=1', 'MOZHTTP3_PORT_FAILED=52753', 'MOZHTTP2_PORT=44729', 'MOZHTTP3_PORT_NO_RESPONSE=45057', 'XPCSHELL_TEST_PROFILE_DIR=/tmp/firefox/xpcshellprofile', 'MOZ_HEADLESS=1', 'MOZ_CRASHREPORTER_NO_REPORT=1', 'MOZ_DISABLE_SOCKET_PROCESS=1', 'MOZHTTP3_PORT=38945', 'XPCSHELL_TEST_TEMP_DIR=/home/mozilla-unified/obj-x86_64-pc-linux-gnu/temp/xpc-other-ajjgdwt0', 'XPCOM_DEBUG_BREAK=stack-and-abort', 'MOZ_DISABLE_SOCKET_PROCESS_SANDBOX=1']
 0:05.37 INFO netwerk/test/URLTestFiles/test_URIs_3.js | as shell command: (cd /home/mozilla-unified/obj-x86_64-pc-linux-gnu/_tests/xpcshell/netwerk/test/URLTestFiles; MOZ_DISABLE_CONTENT_SANDBOX=1 MOZ_DEVELOPER_REPO_DIR=/home/mozilla-unified MOZ_CRASHREPORTER=1 MOZ_WEBRENDER=0 MOZNODE_EXEC_PORT=46403 DISPLAY=77 LD_LIBRARY_PATH=/home/mozilla-unified/obj-x86_64-pc-linux-gnu/dist/bin MOZ_DISABLE_NONLOCAL_CONNECTIONS=1 MOZHTTP3_PORT_FAILED=52753 MOZHTTP2_PORT=44729 MOZHTTP3_PORT_NO_RESPONSE=45057 XPCSHELL_TEST_PROFILE_DIR=/tmp/firefox/xpcshellprofile MOZ_HEADLESS=1 MOZ_CRASHREPORTER_NO_REPORT=1 MOZ_DISABLE_SOCKET_PROCESS=1 MOZHTTP3_PORT=38945 XPCSHELL_TEST_TEMP_DIR=/home/mozilla-unified/obj-x86_64-pc-linux-gnu/temp/xpc-other-ajjgdwt0 XPCOM_DEBUG_BREAK=stack-and-abort MOZ_DISABLE_SOCKET_PROCESS_SANDBOX=1 /home/mozilla-unified/obj-x86_64-pc-linux-gnu/dist/bin/xpcshell -g /home/mozilla-unified/obj-x86_64-pc-linux-gnu/dist/bin -a /home/mozilla-unified/obj-x86_64-pc-linux-gnu/dist/bin -m -e 'const _HEAD_JS_PATH = "/home/mozilla-unified/testing/xpcshell/head.js";' -e 'const _MOZINFO_JS_PATH = "/tmp/firefox/xpcshellprofile/mozinfo.json";' -e 'const _PREFS_FILE = "/home/mozilla-unified/obj-x86_64-pc-linux-gnu/temp/user.js";' -e 'const _TESTING_MODULES_DIR = "/home/mozilla-unified/obj-x86_64-pc-linux-gnu/_tests/modules/";' -f /home/mozilla-unified/testing/xpcshell/head.js -p /home/mozilla-unified/obj-x86_64-pc-linux-gnu/temp/xpc-plugins-kgmwnof1 -e 'const _HEAD_FILES = ["/home/mozilla-unified/obj-x86_64-pc-linux-gnu/_tests/xpcshell/netwerk/test/URLTestFiles/head_channels.js", "/home/mozilla-unified/obj-x86_64-pc-linux-gnu/_tests/xpcshell/netwerk/test/URLTestFiles/head_cache.js", "/home/mozilla-unified/obj-x86_64-pc-linux-gnu/_tests/xpcshell/netwerk/test/URLTestFiles/head_cache2.js", "/home/mozilla-unified/obj-x86_64-pc-linux-gnu/_tests/xpcshell/netwerk/test/URLTestFiles/head_cookies.js"];' -e 'const _JSDEBUGGER_PORT = 0;' -e 'const _TEST_FILE = ["/home/mozilla-unified/obj-x86_64-pc-linux-gnu/_tests/xpcshell/netwerk/test/URLTestFiles/test_URIs_3.js"];' -e 'const _TEST_NAME = "netwerk/test/URLTestFiles/test_URIs_3.js";' -e '_execute_test(); quit(0);')
 0:05.66 pid:463 Full command: ['/home/mozilla-unified/obj-x86_64-pc-linux-gnu/dist/bin/xpcshell', '-g', '/home/mozilla-unified/obj-x86_64-pc-linux-gnu/dist/bin', '-a', '/home/mozilla-unified/obj-x86_64-pc-linux-gnu/dist/bin', '-m', '-e', 'const _HEAD_JS_PATH = "/home/mozilla-unified/testing/xpcshell/head.js";', '-e', 'const _MOZINFO_JS_PATH = "/tmp/firefox/xpcshellprofile/mozinfo.json";', '-e', 'const _PREFS_FILE = "/home/mozilla-unified/obj-x86_64-pc-linux-gnu/temp/user.js";', '-e', 'const _TESTING_MODULES_DIR = "/home/mozilla-unified/obj-x86_64-pc-linux-gnu/_tests/modules/";', '-f', '/home/mozilla-unified/testing/xpcshell/head.js', '-p', '/home/mozilla-unified/obj-x86_64-pc-linux-gnu/temp/xpc-plugins-kgmwnof1', '-e', 'const _HEAD_FILES = ["/home/mozilla-unified/obj-x86_64-pc-linux-gnu/_tests/xpcshell/netwerk/test/URLTestFiles/head_channels.js", "/home/mozilla-unified/obj-x86_64-pc-linux-gnu/_tests/xpcshell/netwerk/test/URLTestFiles/head_cache.js", "/home/mozilla-unified/obj-x86_64-pc-linux-gnu/_tests/xpcshell/netwerk/test/URLTestFiles/head_cache2.js", "/home/mozilla-unified/obj-x86_64-pc-linux-gnu/_tests/xpcshell/netwerk/test/URLTestFiles/head_cookies.js"];', '-e', 'const _JSDEBUGGER_PORT = 0;', '-e', 'const _TEST_FILE = ["/home/mozilla-unified/obj-x86_64-pc-linux-gnu/_tests/xpcshell/netwerk/test/URLTestFiles/test_URIs_3.js"];', '-e', 'const _TEST_NAME = "netwerk/test/URLTestFiles/test_URIs_3.js";', '-e', '_execute_test(); quit(0);']
pid:463 [CodeCoverage] Setting handlers for process 463.
 0:06.19 INFO (xpcshell/head.js) | test MAIN run_test pending (1)
 0:06.19 INFO (xpcshell/head.js) | test run_next_test 0 pending (2)
 0:06.20 INFO (xpcshell/head.js) | test MAIN run_test finished (2)
 0:06.20 INFO running event loop
 0:06.20 INFO netwerk/test/URLTestFiles/test_URIs_3.js | Starting mainTest
 0:06.20 INFO (xpcshell/head.js) | test mainTest pending (2)
 0:06.22 pid:463 {"url":"https://%3d@"", "exception":"NS_ERROR_MALFORMED_URI 2152398858"}
 0:06.21 ERROR 2152398858
/home/mozilla-unified/obj-x86_64-pc-linux-gnu/_tests/xpcshell/netwerk/test/URLTestFiles/test_URIs_3.js:do_test_uri_basic:84
/home/mozilla-unified/obj-x86_64-pc-linux-gnu/_tests/xpcshell/netwerk/test/URLTestFiles/test_URIs_3.js:mainTest/<:147
/home/mozilla-unified/obj-x86_64-pc-linux-gnu/_tests/xpcshell/netwerk/test/URLTestFiles/test_URIs_3.js:mainTest:144
/home/mozilla-unified/testing/xpcshell/head.js:_run_next_test/<:1627
/home/mozilla-unified/testing/xpcshell/head.js:_run_next_test:1627
/home/mozilla-unified/testing/xpcshell/head.js:run:774
/home/mozilla-unified/testing/xpcshell/head.js:_do_main:239
/home/mozilla-unified/testing/xpcshell/head.js:_execute_test:567
-e:null:1
 0:06.22 INFO exiting test
 0:06.22 pid:463 TEST-INFO | /home/mozilla-unified/obj-x86_64-pc-linux-gnu/_tests/xpcshell/netwerk/test/URLTestFiles/test_URIs_3.js | [mainTest/< : 149] caught [Exception... "Abort"  nsresult: "0x80004004 (NS_ERROR_ABORT)"  location: "JS frame :: /home/mozilla-unified/testing/xpcshell/head.js :: _abort_failed_test :: line 830"  data: no] in main
 0:06.22 INFO (xpcshell/head.js) | test run_next_test 0 finished (2)
 0:06.23 INFO (xpcshell/head.js) | test run_next_test 1 pending (2)
 0:06.23 INFO (xpcshell/head.js) | test mainTest finished (2)
 0:06.23 INFO (xpcshell/head.js) | test run_next_test 1 finished (1)
 0:06.23 INFO exiting test
 0:07.40 TEST_END: FAIL, expected PASS - xpcshell return code: 0
 0:07.42 INFO INFO | Result summary:
 0:07.42 INFO INFO | Passed: 0
 0:07.42 INFO INFO | Failed: 1
 0:07.42 INFO INFO | Todo: 0
 0:07.42 INFO INFO | Retried: 0
 0:07.42 SUITE_END
 0:07.42 INFO Node moz-http2 server shutting down ...
 0:07.44 INFO http3Server server shutting down ...
 0:07.54 
Overall Summary
===============

xpcshell
~~~~~~~~
Ran 1 checks (1 tests)
Expected results: 0
Unexpected results: 1
  test: 1 (1 fail)

Unexpected Results
------------------
FAIL netwerk/test/URLTestFiles/test_URIs_3.js - xpcshell return code: 0
ERROR 2152398858
/home/mozilla-unified/obj-x86_64-pc-linux-gnu/_tests/xpcshell/netwerk/test/URLTestFiles/test_URIs_3.js:do_test_uri_basic:84
/home/mozilla-unified/obj-x86_64-pc-linux-gnu/_tests/xpcshell/netwerk/test/URLTestFiles/test_URIs_3.js:mainTest/<:147
/home/mozilla-unified/obj-x86_64-pc-linux-gnu/_tests/xpcshell/netwerk/test/URLTestFiles/test_URIs_3.js:mainTest:144
/home/mozilla-unified/testing/xpcshell/head.js:_run_next_test/<:1627
/home/mozilla-unified/testing/xpcshell/head.js:_run_next_test:1627
/home/mozilla-unified/testing/xpcshell/head.js:run:774
/home/mozilla-unified/testing/xpcshell/head.js:_do_main:239
/home/mozilla-unified/testing/xpcshell/head.js:_execute_test:567
-e:null:1
