IMPORTANT DEBUGGING NOTE: batches of tests are run inside their
own process. For debugging a test inside a debugger, use the
--gtest_filter=<your_test_name> flag along with
--single-process-tests.
Using sharding settings from environment. This is shard 0/1
Using 1 parallel jobs.
Note: Google Test filter = URLParser.Parsing
[==========] Running 1 test from 1 test suite.
[----------] Global test environment set-up.
[----------] 1 test from URLParser
[ RUN      ] URLParser.Parsing
../../url/url_parsing_unittest.cc:22: Failure
Value of: parsed_url.is_valid()
  Actual: false
Expected: true
{"url":"//?.", "exception":"invalid URL"}
Stack trace:
#0 0x55761ade44d0 url::(anonymous namespace)::URLParser_Parsing_Test::TestBody()

../../url/url_parsing_unittest.cc:22: Failure
Value of: parsed_url.is_valid()
  Actual: false
Expected: true
{"url":"//[::227.5.8.5]", "exception":"invalid URL"}
Stack trace:
#0 0x55761ade44d0 url::(anonymous namespace)::URLParser_Parsing_Test::TestBody()

../../url/url_parsing_unittest.cc:22: Failure
Value of: parsed_url.is_valid()
  Actual: false
Expected: true
{"url":"//[::becd:dcde:feab:dabb:beaa:1.2.252.9]", "exception":"invalid URL"}
Stack trace:
#0 0x55761ade44d0 url::(anonymous namespace)::URLParser_Parsing_Test::TestBody()

../../url/url_parsing_unittest.cc:22: Failure
Value of: parsed_url.is_valid()
  Actual: false
Expected: true
{"url":"//[dadb::fafb:eeeb:bcfb:dffd:210.1.2.9%25_]", "exception":"invalid URL"}
Stack trace:
#0 0x55761ade44d0 url::(anonymous namespace)::URLParser_Parsing_Test::TestBody()

../../url/url_parsing_unittest.cc:22: Failure
Value of: parsed_url.is_valid()
  Actual: false
Expected: true
{"url":"//[::bfda:acda:5.8.3.252%25_]", "exception":"invalid URL"}
Stack trace:
#0 0x55761ade44d0 url::(anonymous namespace)::URLParser_Parsing_Test::TestBody()

../../url/url_parsing_unittest.cc:22: Failure
Value of: parsed_url.is_valid()
  Actual: false
Expected: true
{"url":"//[fffd::beae:bdbb:acde:bbfc:184.4.5.2]", "exception":"invalid URL"}
Stack trace:
#0 0x55761ade44d0 url::(anonymous namespace)::URLParser_Parsing_Test::TestBody()

../../url/url_parsing_unittest.cc:22: Failure
Value of: parsed_url.is_valid()
  Actual: false
Expected: true
{"url":"//[::aaeb:eaad:cedf:5.8.100.3%25.]", "exception":"invalid URL"}
Stack trace:
#0 0x55761ade44d0 url::(anonymous namespace)::URLParser_Parsing_Test::TestBody()

../../url/url_parsing_unittest.cc:22: Failure
Value of: parsed_url.is_valid()
  Actual: false
Expected: true
{"url":"//5.8.8.252", "exception":"invalid URL"}
Stack trace:
#0 0x55761ade44d0 url::(anonymous namespace)::URLParser_Parsing_Test::TestBody()

../../url/url_parsing_unittest.cc:22: Failure
Value of: parsed_url.is_valid()
  Actual: false
Expected: true
{"url":"//[::6.255.8.9%25~]", "exception":"invalid URL"}
Stack trace:
#0 0x55761ade44d0 url::(anonymous namespace)::URLParser_Parsing_Test::TestBody()

../../url/url_parsing_unittest.cc:22: Failure
Value of: parsed_url.is_valid()
  Actual: false
Expected: true
{"url":"//[::fecf:befc:0.7.153.9%25-]", "exception":"invalid URL"}
Stack trace:
#0 0x55761ade44d0 url::(anonymous namespace)::URLParser_Parsing_Test::TestBody()

../../url/url_parsing_unittest.cc:22: Failure
Value of: parsed_url.is_valid()
  Actual: false
Expected: true
{"url":"//[::ecdf:abea:bbac:eabc:fddc:8.200.8.5%25~]", "exception":"invalid URL"}
Stack trace:
#0 0x55761ade44d0 url::(anonymous namespace)::URLParser_Parsing_Test::TestBody()

../../url/url_parsing_unittest.cc:22: Failure
Value of: parsed_url.is_valid()
  Actual: false
Expected: true
{"url":"//[::fdcb:fbca:bbbd:3.8.8.251%25-]", "exception":"invalid URL"}
Stack trace:
#0 0x55761ade44d0 url::(anonymous namespace)::URLParser_Parsing_Test::TestBody()

../../url/url_parsing_unittest.cc:22: Failure
Value of: parsed_url.is_valid()
  Actual: false
Expected: true
{"url":"//[eedf:cabe:abcd:cfef:ceda:facc:250.4.7.7]", "exception":"invalid URL"}
Stack trace:
#0 0x55761ade44d0 url::(anonymous namespace)::URLParser_Parsing_Test::TestBody()

../../url/url_parsing_unittest.cc:22: Failure
Value of: parsed_url.is_valid()
  Actual: false
Expected: true
{"url":"///'", "exception":"invalid URL"}
Stack trace:
#0 0x55761ade44d0 url::(anonymous namespace)::URLParser_Parsing_Test::TestBody()

../../url/url_parsing_unittest.cc:22: Failure
Value of: parsed_url.is_valid()
  Actual: false
Expected: true
{"url":"//[::7.7.255.5]", "exception":"invalid URL"}
Stack trace:
#0 0x55761ade44d0 url::(anonymous namespace)::URLParser_Parsing_Test::TestBody()

../../url/url_parsing_unittest.cc:22: Failure
Value of: parsed_url.is_valid()
  Actual: false
Expected: true
{"url":"//[aced:cfef:bdbd:beff:cdae:dabd:247.9.3.1%25_]", "exception":"invalid URL"}
Stack trace:
#0 0x55761ade44d0 url::(anonymous namespace)::URLParser_Parsing_Test::TestBody()

../../url/url_parsing_unittest.cc:22: Failure
Value of: parsed_url.is_valid()
  Actual: false
Expected: true
{"url":"//[::ebec:ebda:7.1.208.1]", "exception":"invalid URL"}
Stack trace:
#0 0x55761ade44d0 url::(anonymous namespace)::URLParser_Parsing_Test::TestBody()

../../url/url_parsing_unittest.cc:22: Failure
Value of: parsed_url.is_valid()
  Actual: false
Expected: true
{"url":"///@/,", "exception":"invalid URL"}
Stack trace:
#0 0x55761ade44d0 url::(anonymous namespace)::URLParser_Parsing_Test::TestBody()

../../url/url_parsing_unittest.cc:22: Failure
Value of: parsed_url.is_valid()
  Actual: false
Expected: true
{"url":"//[::dcfa:eaea:ffde:3.26.7.8%25-]", "exception":"invalid URL"}
Stack trace:
#0 0x55761ade44d0 url::(anonymous namespace)::URLParser_Parsing_Test::TestBody()

../../url/url_parsing_unittest.cc:22: Failure
Value of: parsed_url.is_valid()
  Actual: false
Expected: true
{"url":"//[::fafb:cbfb:8afb:aadc%25_]", "exception":"invalid URL"}
Stack trace:
#0 0x55761ade44d0 url::(anonymous namespace)::URLParser_Parsing_Test::TestBody()

../../url/url_parsing_unittest.cc:22: Failure
Value of: parsed_url.is_valid()
  Actual: false
Expected: true
{"url":"//[::cfcc:baba:ceea:3.0.3.205]", "exception":"invalid URL"}
Stack trace:
#0 0x55761ade44d0 url::(anonymous namespace)::URLParser_Parsing_Test::TestBody()

../../url/url_parsing_unittest.cc:22: Failure
Value of: parsed_url.is_valid()
  Actual: false
Expected: true
{"url":"//[::aefa:beae:0.5.7.212%25~]", "exception":"invalid URL"}
Stack trace:
#0 0x55761ade44d0 url::(anonymous namespace)::URLParser_Parsing_Test::TestBody()

../../url/url_parsing_unittest.cc:22: Failure
Value of: parsed_url.is_valid()
  Actual: false
Expected: true
{"url":"//[::0.8.253.8%25-]", "exception":"invalid URL"}
Stack trace:
#0 0x55761ade44d0 url::(anonymous namespace)::URLParser_Parsing_Test::TestBody()

../../url/url_parsing_unittest.cc:22: Failure
Value of: parsed_url.is_valid()
  Actual: false
Expected: true
{"url":"//@/@", "exception":"invalid URL"}
Stack trace:
#0 0x55761ade44d0 url::(anonymous namespace)::URLParser_Parsing_Test::TestBody()

../../url/url_parsing_unittest.cc:22: Failure
Value of: parsed_url.is_valid()
  Actual: false
Expected: true
{"url":"//[::3.4.3.203%25.]", "exception":"invalid URL"}
Stack trace:
#0 0x55761ade44d0 url::(anonymous namespace)::URLParser_Parsing_Test::TestBody()

../../url/url_parsing_unittest.cc:22: Failure
Value of: parsed_url.is_valid()
  Actual: false
Expected: true
{"url":"//[::aeaf:aecf:abdf:5.5.7.206]", "exception":"invalid URL"}
Stack trace:
#0 0x55761ade44d0 url::(anonymous namespace)::URLParser_Parsing_Test::TestBody()

../../url/url_parsing_unittest.cc:22: Failure
Value of: parsed_url.is_valid()
  Actual: false
Expected: true
{"url":"//[::abaa:ccbc:8.253.9.3%25~]", "exception":"invalid URL"}
Stack trace:
#0 0x55761ade44d0 url::(anonymous namespace)::URLParser_Parsing_Test::TestBody()

../../url/url_parsing_unittest.cc:22: Failure
Value of: parsed_url.is_valid()
  Actual: false
Expected: true
{"url":"//[::%252]", "exception":"invalid URL"}
Stack trace:
#0 0x55761ade44d0 url::(anonymous namespace)::URLParser_Parsing_Test::TestBody()

../../url/url_parsing_unittest.cc:22: Failure
Value of: parsed_url.is_valid()
  Actual: false
Expected: true
{"url":"//[becf:dfaa:ebda:eebe:fabc:dfff:4.254.3.5]", "exception":"invalid URL"}
Stack trace:
#0 0x55761ade44d0 url::(anonymous namespace)::URLParser_Parsing_Test::TestBody()

../../url/url_parsing_unittest.cc:22: Failure
Value of: parsed_url.is_valid()
  Actual: false
Expected: true
{"url":"//_", "exception":"invalid URL"}
Stack trace:
#0 0x55761ade44d0 url::(anonymous namespace)::URLParser_Parsing_Test::TestBody()

../../url/url_parsing_unittest.cc:22: Failure
Value of: parsed_url.is_valid()
  Actual: false
Expected: true
{"url":"//[decf:febf:efcb:daac:fedb:cefc:1.216.4.9%25-]", "exception":"invalid URL"}
Stack trace:
#0 0x55761ade44d0 url::(anonymous namespace)::URLParser_Parsing_Test::TestBody()

../../url/url_parsing_unittest.cc:22: Failure
Value of: parsed_url.is_valid()
  Actual: false
Expected: true
{"url":"//[::bead:daba:dcdb:fefa:eaaa:0.208.8.9]", "exception":"invalid URL"}
Stack trace:
#0 0x55761ade44d0 url::(anonymous namespace)::URLParser_Parsing_Test::TestBody()

../../url/url_parsing_unittest.cc:22: Failure
Value of: parsed_url.is_valid()
  Actual: false
Expected: true
{"url":"//[::daaf:ffae:1.251.2.1]", "exception":"invalid URL"}
Stack trace:
#0 0x55761ade44d0 url::(anonymous namespace)::URLParser_Parsing_Test::TestBody()

../../url/url_parsing_unittest.cc:22: Failure
Value of: parsed_url.is_valid()
  Actual: false
Expected: true
{"url":"//[aebc:dbea::]", "exception":"invalid URL"}
Stack trace:
#0 0x55761ade44d0 url::(anonymous namespace)::URLParser_Parsing_Test::TestBody()

../../url/url_parsing_unittest.cc:22: Failure
Value of: parsed_url.is_valid()
  Actual: false
Expected: true
{"url":"//[cbdd:fecd:befc:eace:bcae:cbee:8.8.2.251]", "exception":"invalid URL"}
Stack trace:
#0 0x55761ade44d0 url::(anonymous namespace)::URLParser_Parsing_Test::TestBody()

../../url/url_parsing_unittest.cc:22: Failure
Value of: parsed_url.is_valid()
  Actual: false
Expected: true
{"url":"//[::cdca:dcda:dfbd:fcce:baac:236.6.8.2%25-]", "exception":"invalid URL"}
Stack trace:
#0 0x55761ade44d0 url::(anonymous namespace)::URLParser_Parsing_Test::TestBody()

../../url/url_parsing_unittest.cc:22: Failure
Value of: parsed_url.is_valid()
  Actual: false
Expected: true
{"url":"//[::cbaa:aabf:caae:caca:fdbd:1.1.5.251%25~]", "exception":"invalid URL"}
Stack trace:
#0 0x55761ade44d0 url::(anonymous namespace)::URLParser_Parsing_Test::TestBody()

../../url/url_parsing_unittest.cc:22: Failure
Value of: parsed_url.is_valid()
  Actual: false
Expected: true
{"url":"///:/+", "exception":"invalid URL"}
Stack trace:
#0 0x55761ade44d0 url::(anonymous namespace)::URLParser_Parsing_Test::TestBody()

../../url/url_parsing_unittest.cc:22: Failure
Value of: parsed_url.is_valid()
  Actual: false
Expected: true
{"url":"///@/+", "exception":"invalid URL"}
Stack trace:
#0 0x55761ade44d0 url::(anonymous namespace)::URLParser_Parsing_Test::TestBody()

../../url/url_parsing_unittest.cc:22: Failure
Value of: parsed_url.is_valid()
  Actual: false
Expected: true
{"url":"//[::fcbf:dfdd:ecba:cbba:bfff:8.3.254.0%25_]", "exception":"invalid URL"}
Stack trace:
#0 0x55761ade44d0 url::(anonymous namespace)::URLParser_Parsing_Test::TestBody()

../../url/url_parsing_unittest.cc:22: Failure
Value of: parsed_url.is_valid()
  Actual: false
Expected: true
{"url":"//[fddb::adae:bccc:abad:ceac:5.228.1.0]", "exception":"invalid URL"}
Stack trace:
#0 0x55761ade44d0 url::(anonymous namespace)::URLParser_Parsing_Test::TestBody()

../../url/url_parsing_unittest.cc:22: Failure
Value of: parsed_url.is_valid()
  Actual: false
Expected: true
{"url":"//%b5", "exception":"invalid URL"}
Stack trace:
#0 0x55761ade44d0 url::(anonymous namespace)::URLParser_Parsing_Test::TestBody()

../../url/url_parsing_unittest.cc:22: Failure
Value of: parsed_url.is_valid()
  Actual: false
Expected: true
{"url":"//[::fdad:afff:255.1.4.5%25~]", "exception":"invalid URL"}
Stack trace:
#0 0x55761ade44d0 url::(anonymous namespace)::URLParser_Parsing_Test::TestBody()

../../url/url_parsing_unittest.cc:22: Failure
Value of: parsed_url.is_valid()
  Actual: false
Expected: true
{"url":"//[::dabc:0.0.252.3]", "exception":"invalid URL"}
Stack trace:
#0 0x55761ade44d0 url::(anonymous namespace)::URLParser_Parsing_Test::TestBody()

../../url/url_parsing_unittest.cc:22: Failure
Value of: parsed_url.is_valid()
  Actual: false
Expected: true
{"url":"//[eeed::bdfe:feca:bfca:afee:6.246.8.9]", "exception":"invalid URL"}
Stack trace:
#0 0x55761ade44d0 url::(anonymous namespace)::URLParser_Parsing_Test::TestBody()

../../url/url_parsing_unittest.cc:22: Failure
Value of: parsed_url.is_valid()
  Actual: false
Expected: true
{"url":"//[bbfe:fdff:fbad:bcdd:fcdc:ceed:254.4.2.4]", "exception":"invalid URL"}
Stack trace:
#0 0x55761ade44d0 url::(anonymous namespace)::URLParser_Parsing_Test::TestBody()

../../url/url_parsing_unittest.cc:22: Failure
Value of: parsed_url.is_valid()
  Actual: false
Expected: true
{"url":"///@/%c1", "exception":"invalid URL"}
Stack trace:
#0 0x55761ade44d0 url::(anonymous namespace)::URLParser_Parsing_Test::TestBody()

../../url/url_parsing_unittest.cc:22: Failure
Value of: parsed_url.is_valid()
  Actual: false
Expected: true
{"url":"//[::3.232.0.9]", "exception":"invalid URL"}
Stack trace:
#0 0x55761ade44d0 url::(anonymous namespace)::URLParser_Parsing_Test::TestBody()

../../url/url_parsing_unittest.cc:22: Failure
Value of: parsed_url.is_valid()
  Actual: false
Expected: true
{"url":"//[::abea:fdbf:cbaa:252.4.3.5%25.]", "exception":"invalid URL"}
Stack trace:
#0 0x55761ade44d0 url::(anonymous namespace)::URLParser_Parsing_Test::TestBody()

../../url/url_parsing_unittest.cc:22: Failure
Value of: parsed_url.is_valid()
  Actual: false
Expected: true
{"url":"//[3eda:beca::ffbd:aade:edda:cbbd:beea%25-]", "exception":"invalid URL"}
Stack trace:
#0 0x55761ade44d0 url::(anonymous namespace)::URLParser_Parsing_Test::TestBody()

../../url/url_parsing_unittest.cc:22: Failure
Value of: parsed_url.is_valid()
  Actual: false
Expected: true
{"url":"//[::eabb:adbb:bdab:4.8.7.245]", "exception":"invalid URL"}
Stack trace:
#0 0x55761ade44d0 url::(anonymous namespace)::URLParser_Parsing_Test::TestBody()

../../url/url_parsing_unittest.cc:22: Failure
Value of: parsed_url.is_valid()
  Actual: false
Expected: true
{"url":"//[::dced:adba:2ecb:cdfa%25-]", "exception":"invalid URL"}
Stack trace:
#0 0x55761ade44d0 url::(anonymous namespace)::URLParser_Parsing_Test::TestBody()

../../url/url_parsing_unittest.cc:22: Failure
Value of: parsed_url.is_valid()
  Actual: false
Expected: true
{"url":"//[::aabc:edeb:dfab:238.4.3.9%25~]", "exception":"invalid URL"}
Stack trace:
#0 0x55761ade44d0 url::(anonymous namespace)::URLParser_Parsing_Test::TestBody()

../../url/url_parsing_unittest.cc:22: Failure
Value of: parsed_url.is_valid()
  Actual: false
Expected: true
{"url":"//[::253.0.7.8%25~]", "exception":"invalid URL"}
Stack trace:
#0 0x55761ade44d0 url::(anonymous namespace)::URLParser_Parsing_Test::TestBody()

../../url/url_parsing_unittest.cc:22: Failure
Value of: parsed_url.is_valid()
  Actual: false
Expected: true
{"url":"//[::ebaf:4.185.2.8]", "exception":"invalid URL"}
Stack trace:
#0 0x55761ade44d0 url::(anonymous namespace)::URLParser_Parsing_Test::TestBody()

../../url/url_parsing_unittest.cc:22: Failure
Value of: parsed_url.is_valid()
  Actual: false
Expected: true
{"url":"//[fdaa:fbea:fbbd:cebe:eece:fdbc:4.8.207.0]", "exception":"invalid URL"}
Stack trace:
#0 0x55761ade44d0 url::(anonymous namespace)::URLParser_Parsing_Test::TestBody()

../../url/url_parsing_unittest.cc:22: Failure
Value of: parsed_url.is_valid()
  Actual: false
Expected: true
{"url":"//@/T", "exception":"invalid URL"}
Stack trace:
#0 0x55761ade44d0 url::(anonymous namespace)::URLParser_Parsing_Test::TestBody()

../../url/url_parsing_unittest.cc:22: Failure
Value of: parsed_url.is_valid()
  Actual: false
Expected: true
{"url":"//[::cdeb:adff:2aeb:ccde%25~]", "exception":"invalid URL"}
Stack trace:
#0 0x55761ade44d0 url::(anonymous namespace)::URLParser_Parsing_Test::TestBody()

../../url/url_parsing_unittest.cc:22: Failure
Value of: parsed_url.is_valid()
  Actual: false
Expected: true
{"url":"//[vf._]", "exception":"invalid URL"}
Stack trace:
#0 0x55761ade44d0 url::(anonymous namespace)::URLParser_Parsing_Test::TestBody()

../../url/url_parsing_unittest.cc:22: Failure
Value of: parsed_url.is_valid()
  Actual: false
Expected: true
{"url":"//[::bfeb:adcd:fcac:eeae:aafa:251.3.7.6]", "exception":"invalid URL"}
Stack trace:
#0 0x55761ade44d0 url::(anonymous namespace)::URLParser_Parsing_Test::TestBody()

../../url/url_parsing_unittest.cc:22: Failure
Value of: parsed_url.is_valid()
  Actual: false
Expected: true
{"url":"//[::eebb:ebfe:aebb:228.1.9.7]", "exception":"invalid URL"}
Stack trace:
#0 0x55761ade44d0 url::(anonymous namespace)::URLParser_Parsing_Test::TestBody()

../../url/url_parsing_unittest.cc:22: Failure
Value of: parsed_url.is_valid()
  Actual: false
Expected: true
{"url":"///M", "exception":"invalid URL"}
Stack trace:
#0 0x55761ade44d0 url::(anonymous namespace)::URLParser_Parsing_Test::TestBody()

../../url/url_parsing_unittest.cc:22: Failure
Value of: parsed_url.is_valid()
  Actual: false
Expected: true
{"url":"//[adca:faab:bfea:acfc:fdbe:dcec:2.1.1.251%25~]", "exception":"invalid URL"}
Stack trace:
#0 0x55761ade44d0 url::(anonymous namespace)::URLParser_Parsing_Test::TestBody()

../../url/url_parsing_unittest.cc:22: Failure
Value of: parsed_url.is_valid()
  Actual: false
Expected: true
{"url":"//[::bbff:bddf:aaba:4.239.9.3]", "exception":"invalid URL"}
Stack trace:
#0 0x55761ade44d0 url::(anonymous namespace)::URLParser_Parsing_Test::TestBody()

../../url/url_parsing_unittest.cc:22: Failure
Value of: parsed_url.is_valid()
  Actual: false
Expected: true
{"url":"//@/;", "exception":"invalid URL"}
Stack trace:
#0 0x55761ade44d0 url::(anonymous namespace)::URLParser_Parsing_Test::TestBody()

../../url/url_parsing_unittest.cc:22: Failure
Value of: parsed_url.is_valid()
  Actual: false
Expected: true
{"url":"//[afdb::fcdf:bafc:feac:ccae:226.6.1.4]", "exception":"invalid URL"}
Stack trace:
#0 0x55761ade44d0 url::(anonymous namespace)::URLParser_Parsing_Test::TestBody()

../../url/url_parsing_unittest.cc:22: Failure
Value of: parsed_url.is_valid()
  Actual: false
Expected: true
{"url":"//[::bfcf:dcdf:aacb:9.2.3.227%25_]", "exception":"invalid URL"}
Stack trace:
#0 0x55761ade44d0 url::(anonymous namespace)::URLParser_Parsing_Test::TestBody()

../../url/url_parsing_unittest.cc:22: Failure
Value of: parsed_url.is_valid()
  Actual: false
Expected: true
{"url":"//[::edae:9.2.253.9]", "exception":"invalid URL"}
Stack trace:
#0 0x55761ade44d0 url::(anonymous namespace)::URLParser_Parsing_Test::TestBody()

../../url/url_parsing_unittest.cc:22: Failure
Value of: parsed_url.is_valid()
  Actual: false
Expected: true
{"url":"//[ebcd::dbbe:abcd:bbac:eebd:4.3.2.250%25_]", "exception":"invalid URL"}
Stack trace:
#0 0x55761ade44d0 url::(anonymous namespace)::URLParser_Parsing_Test::TestBody()

../../url/url_parsing_unittest.cc:22: Failure
Value of: parsed_url.is_valid()
  Actual: false
Expected: true
{"url":"//[::ffdc:bebe:1.255.6.6%25-]", "exception":"invalid URL"}
Stack trace:
#0 0x55761ade44d0 url::(anonymous namespace)::URLParser_Parsing_Test::TestBody()

../../url/url_parsing_unittest.cc:22: Failure
Value of: parsed_url.is_valid()
  Actual: false
Expected: true
{"url":"///@/%b3", "exception":"invalid URL"}
Stack trace:
#0 0x55761ade44d0 url::(anonymous namespace)::URLParser_Parsing_Test::TestBody()

../../url/url_parsing_unittest.cc:22: Failure
Value of: parsed_url.is_valid()
  Actual: false
Expected: true
{"url":"//[::8.4.7.219]", "exception":"invalid URL"}
Stack trace:
#0 0x55761ade44d0 url::(anonymous namespace)::URLParser_Parsing_Test::TestBody()

../../url/url_parsing_unittest.cc:22: Failure
Value of: parsed_url.is_valid()
  Actual: false
Expected: true
{"url":"//%ff", "exception":"invalid URL"}
Stack trace:
#0 0x55761ade44d0 url::(anonymous namespace)::URLParser_Parsing_Test::TestBody()

../../url/url_parsing_unittest.cc:22: Failure
Value of: parsed_url.is_valid()
  Actual: false
Expected: true
{"url":"//[::fcbe:fccc:dfbe:255.1.7.2%25.]", "exception":"invalid URL"}
Stack trace:
#0 0x55761ade44d0 url::(anonymous namespace)::URLParser_Parsing_Test::TestBody()

../../url/url_parsing_unittest.cc:22: Failure
Value of: parsed_url.is_valid()
  Actual: false
Expected: true
{"url":"//[bade::cbaf:bbad:fdca:eefb:5.3.240.5]", "exception":"invalid URL"}
Stack trace:
#0 0x55761ade44d0 url::(anonymous namespace)::URLParser_Parsing_Test::TestBody()

../../url/url_parsing_unittest.cc:22: Failure
Value of: parsed_url.is_valid()
  Actual: false
Expected: true
{"url":"//0.253.2.8", "exception":"invalid URL"}
Stack trace:
#0 0x55761ade44d0 url::(anonymous namespace)::URLParser_Parsing_Test::TestBody()

../../url/url_parsing_unittest.cc:22: Failure
Value of: parsed_url.is_valid()
  Actual: false
Expected: true
{"url":"//[::253.1.0.8]", "exception":"invalid URL"}
Stack trace:
#0 0x55761ade44d0 url::(anonymous namespace)::URLParser_Parsing_Test::TestBody()

../../url/url_parsing_unittest.cc:22: Failure
Value of: parsed_url.is_valid()
  Actual: false
Expected: true
{"url":"//[::badb:fbfa:dceb:9.7.225.1%25~]", "exception":"invalid URL"}
Stack trace:
#0 0x55761ade44d0 url::(anonymous namespace)::URLParser_Parsing_Test::TestBody()

../../url/url_parsing_unittest.cc:22: Failure
Value of: parsed_url.is_valid()
  Actual: false
Expected: true
{"url":"//@/5", "exception":"invalid URL"}
Stack trace:
#0 0x55761ade44d0 url::(anonymous namespace)::URLParser_Parsing_Test::TestBody()

../../url/url_parsing_unittest.cc:22: Failure
Value of: parsed_url.is_valid()
  Actual: false
Expected: true
{"url":"//5.243.5.5", "exception":"invalid URL"}
Stack trace:
#0 0x55761ade44d0 url::(anonymous namespace)::URLParser_Parsing_Test::TestBody()

../../url/url_parsing_unittest.cc:22: Failure
Value of: parsed_url.is_valid()
  Actual: false
Expected: true
{"url":"//254.0.9.1", "exception":"invalid URL"}
Stack trace:
#0 0x55761ade44d0 url::(anonymous namespace)::URLParser_Parsing_Test::TestBody()

../../url/url_parsing_unittest.cc:22: Failure
Value of: parsed_url.is_valid()
  Actual: false
Expected: true
{"url":"//U", "exception":"invalid URL"}
Stack trace:
#0 0x55761ade44d0 url::(anonymous namespace)::URLParser_Parsing_Test::TestBody()

../../url/url_parsing_unittest.cc:22: Failure
Value of: parsed_url.is_valid()
  Actual: false
Expected: true
{"url":"//[::ceff:ecfc:ebdf:215.0.4.2%25-]", "exception":"invalid URL"}
Stack trace:
#0 0x55761ade44d0 url::(anonymous namespace)::URLParser_Parsing_Test::TestBody()

../../url/url_parsing_unittest.cc:22: Failure
Value of: parsed_url.is_valid()
  Actual: false
Expected: true
{"url":"//[edeb::cadc:aada:bccc:dbfe:8.6.251.1%25.]", "exception":"invalid URL"}
Stack trace:
#0 0x55761ade44d0 url::(anonymous namespace)::URLParser_Parsing_Test::TestBody()

../../url/url_parsing_unittest.cc:22: Failure
Value of: parsed_url.is_valid()
  Actual: false
Expected: true
{"url":"//[::ccfa:cbab:ecca:dcfd:edcd:2.8.8.2]", "exception":"invalid URL"}
Stack trace:
#0 0x55761ade44d0 url::(anonymous namespace)::URLParser_Parsing_Test::TestBody()

../../url/url_parsing_unittest.cc:22: Failure
Value of: parsed_url.is_valid()
  Actual: false
Expected: true
{"url":"//[::aaaf:254.3.0.7]", "exception":"invalid URL"}
Stack trace:
#0 0x55761ade44d0 url::(anonymous namespace)::URLParser_Parsing_Test::TestBody()

../../url/url_parsing_unittest.cc:22: Failure
Value of: parsed_url.is_valid()
  Actual: false
Expected: true
{"url":"//[::cdab:51.1.6.1]", "exception":"invalid URL"}
Stack trace:
#0 0x55761ade44d0 url::(anonymous namespace)::URLParser_Parsing_Test::TestBody()

../../url/url_parsing_unittest.cc:22: Failure
Value of: parsed_url.is_valid()
  Actual: false
Expected: true
{"url":"//[::adba:bfbc:0.0.3.221]", "exception":"invalid URL"}
Stack trace:
#0 0x55761ade44d0 url::(anonymous namespace)::URLParser_Parsing_Test::TestBody()

../../url/url_parsing_unittest.cc:22: Failure
Value of: parsed_url.is_valid()
  Actual: false
Expected: true
{"url":"//[::efec:5.217.0.1%25-]", "exception":"invalid URL"}
Stack trace:
#0 0x55761ade44d0 url::(anonymous namespace)::URLParser_Parsing_Test::TestBody()

../../url/url_parsing_unittest.cc:22: Failure
Value of: parsed_url.is_valid()
  Actual: false
Expected: true
{"url":"//[fbdb:fcdf:faef:edbf:bbef:defe:0.231.4.9%25_]", "exception":"invalid URL"}
Stack trace:
#0 0x55761ade44d0 url::(anonymous namespace)::URLParser_Parsing_Test::TestBody()

../../url/url_parsing_unittest.cc:22: Failure
Value of: parsed_url.is_valid()
  Actual: false
Expected: true
{"url":"//[::efda:faaa:aced:3.211.7.5%25~]", "exception":"invalid URL"}
Stack trace:
#0 0x55761ade44d0 url::(anonymous namespace)::URLParser_Parsing_Test::TestBody()

../../url/url_parsing_unittest.cc:22: Failure
Value of: parsed_url.is_valid()
  Actual: false
Expected: true
{"url":"//[::cada:bfdb:1.1.3.214]", "exception":"invalid URL"}
Stack trace:
#0 0x55761ade44d0 url::(anonymous namespace)::URLParser_Parsing_Test::TestBody()

../../url/url_parsing_unittest.cc:22: Failure
Value of: parsed_url.is_valid()
  Actual: false
Expected: true
{"url":"//[affe::eecd:cfef:adbe:ddcc:0.2.3.252]", "exception":"invalid URL"}
Stack trace:
#0 0x55761ade44d0 url::(anonymous namespace)::URLParser_Parsing_Test::TestBody()

../../url/url_parsing_unittest.cc:22: Failure
Value of: parsed_url.is_valid()
  Actual: false
Expected: true
{"url":"//[aeae:afcc:adfe:ffaa:fbaa:ebee:5.209.7.6%25-]", "exception":"invalid URL"}
Stack trace:
#0 0x55761ade44d0 url::(anonymous namespace)::URLParser_Parsing_Test::TestBody()

../../url/url_parsing_unittest.cc:22: Failure
Value of: parsed_url.is_valid()
  Actual: false
Expected: true
{"url":"//[::5fae:bfbb:8.1.6.9]", "exception":"invalid URL"}
Stack trace:
#0 0x55761ade44d0 url::(anonymous namespace)::URLParser_Parsing_Test::TestBody()

../../url/url_parsing_unittest.cc:22: Failure
Value of: parsed_url.is_valid()
  Actual: false
Expected: true
{"url":"//[8aed:ebec::cade:eddf:facc]", "exception":"invalid URL"}
Stack trace:
#0 0x55761ade44d0 url::(anonymous namespace)::URLParser_Parsing_Test::TestBody()

../../url/url_parsing_unittest.cc:22: Failure
Value of: parsed_url.is_valid()
  Actual: false
Expected: true
{"url":"//[::8.6.5.255%25.]", "exception":"invalid URL"}
Stack trace:
#0 0x55761ade44d0 url::(anonymous namespace)::URLParser_Parsing_Test::TestBody()

../../url/url_parsing_unittest.cc:22: Failure
Value of: parsed_url.is_valid()
  Actual: false
Expected: true
{"url":"//[dfde:adbc:eadc:aafa:eaaf:bbce:6.4.207.0%25.]", "exception":"invalid URL"}
Stack trace:
#0 0x55761ade44d0 url::(anonymous namespace)::URLParser_Parsing_Test::TestBody()

../../url/url_parsing_unittest.cc:22: Failure
Value of: parsed_url.is_valid()
  Actual: false
Expected: true
{"url":"//5.99.0.8", "exception":"invalid URL"}
Stack trace:
#0 0x55761ade44d0 url::(anonymous namespace)::URLParser_Parsing_Test::TestBody()

../../url/url_parsing_unittest.cc:22: Failure
Value of: parsed_url.is_valid()
  Actual: false
Expected: true
{"url":"//[::fbfc:cadf%25-]", "exception":"invalid URL"}
Stack trace:
#0 0x55761ade44d0 url::(anonymous namespace)::URLParser_Parsing_Test::TestBody()

../../url/url_parsing_unittest.cc:22: Failure
Value of: parsed_url.is_valid()
  Actual: false
Expected: true
{"url":"//;", "exception":"invalid URL"}
Stack trace:
#0 0x55761ade44d0 url::(anonymous namespace)::URLParser_Parsing_Test::TestBody()

../../url/url_parsing_unittest.cc:22: Failure
Value of: parsed_url.is_valid()
  Actual: false
Expected: true
{"url":"//[::abab:deff:8.168.9.7]", "exception":"invalid URL"}
Stack trace:
#0 0x55761ade44d0 url::(anonymous namespace)::URLParser_Parsing_Test::TestBody()

../../url/url_parsing_unittest.cc:22: Failure
Value of: parsed_url.is_valid()
  Actual: false
Expected: true
{"url":"//[::cffd:fcec:adbe:cfac:cafd:56.3.8.6]", "exception":"invalid URL"}
Stack trace:
#0 0x55761ade44d0 url::(anonymous namespace)::URLParser_Parsing_Test::TestBody()

../../url/url_parsing_unittest.cc:22: Failure
Value of: parsed_url.is_valid()
  Actual: false
Expected: true
{"url":"//[::2.0.4.251%25.]", "exception":"invalid URL"}
Stack trace:
#0 0x55761ade44d0 url::(anonymous namespace)::URLParser_Parsing_Test::TestBody()

../../url/url_parsing_unittest.cc:22: Failure
Value of: parsed_url.is_valid()
  Actual: false
Expected: true
{"url":"//[::beec:ebbc:dedc:daed:5efe%25-]", "exception":"invalid URL"}
Stack trace:
#0 0x55761ade44d0 url::(anonymous namespace)::URLParser_Parsing_Test::TestBody()

../../url/url_parsing_unittest.cc:22: Failure
Value of: parsed_url.is_valid()
  Actual: false
Expected: true
{"url":"//[vd.:]", "exception":"invalid URL"}
Stack trace:
#0 0x55761ade44d0 url::(anonymous namespace)::URLParser_Parsing_Test::TestBody()

../../url/url_parsing_unittest.cc:22: Failure
Value of: parsed_url.is_valid()
  Actual: false
Expected: true
{"url":"//1.253.7.6", "exception":"invalid URL"}
Stack trace:
#0 0x55761ade44d0 url::(anonymous namespace)::URLParser_Parsing_Test::TestBody()

../../url/url_parsing_unittest.cc:22: Failure
Value of: parsed_url.is_valid()
  Actual: false
Expected: true
{"url":"//[::defc:4.251.7.0]", "exception":"invalid URL"}
Stack trace:
#0 0x55761ade44d0 url::(anonymous namespace)::URLParser_Parsing_Test::TestBody()

../../url/url_parsing_unittest.cc:22: Failure
Value of: parsed_url.is_valid()
  Actual: false
Expected: true
{"url":"//[::baac:ccce:8.1.5.202%25.]", "exception":"invalid URL"}
Stack trace:
#0 0x55761ade44d0 url::(anonymous namespace)::URLParser_Parsing_Test::TestBody()

../../url/url_parsing_unittest.cc:22: Failure
Value of: parsed_url.is_valid()
  Actual: false
Expected: true
{"url":"//1.4.3.251", "exception":"invalid URL"}
Stack trace:
#0 0x55761ade44d0 url::(anonymous namespace)::URLParser_Parsing_Test::TestBody()

../../url/url_parsing_unittest.cc:22: Failure
Value of: parsed_url.is_valid()
  Actual: false
Expected: true
{"url":"//[::ddfe:fedb:bbaa:efce:adab:253.8.9.0]", "exception":"invalid URL"}
Stack trace:
#0 0x55761ade44d0 url::(anonymous namespace)::URLParser_Parsing_Test::TestBody()

../../url/url_parsing_unittest.cc:22: Failure
Value of: parsed_url.is_valid()
  Actual: false
Expected: true
{"url":"//[adde::cbff:babb:dcca:efad:7.6.4.241]", "exception":"invalid URL"}
Stack trace:
#0 0x55761ade44d0 url::(anonymous namespace)::URLParser_Parsing_Test::TestBody()

../../url/url_parsing_unittest.cc:22: Failure
Value of: parsed_url.is_valid()
  Actual: false
Expected: true
{"url":"//[aada:bbcb:cada:fedc:fbdd:fccc:5.1.255.7]", "exception":"invalid URL"}
Stack trace:
#0 0x55761ade44d0 url::(anonymous namespace)::URLParser_Parsing_Test::TestBody()

../../url/url_parsing_unittest.cc:22: Failure
Value of: parsed_url.is_valid()
  Actual: false
Expected: true
{"url":"//[aeae::bfcb:cefa:faad:caeb:163.2.7.2%25-]", "exception":"invalid URL"}
Stack trace:
#0 0x55761ade44d0 url::(anonymous namespace)::URLParser_Parsing_Test::TestBody()

../../url/url_parsing_unittest.cc:22: Failure
Value of: parsed_url.is_valid()
  Actual: false
Expected: true
{"url":"//[::efbc:ebbf:eacc:2.2.2.252]", "exception":"invalid URL"}
Stack trace:
#0 0x55761ade44d0 url::(anonymous namespace)::URLParser_Parsing_Test::TestBody()

../../url/url_parsing_unittest.cc:22: Failure
Value of: parsed_url.is_valid()
  Actual: false
Expected: true
{"url":"//[::ebfe:8.218.9.9]", "exception":"invalid URL"}
Stack trace:
#0 0x55761ade44d0 url::(anonymous namespace)::URLParser_Parsing_Test::TestBody()

../../url/url_parsing_unittest.cc:22: Failure
Value of: parsed_url.is_valid()
  Actual: false
Expected: true
{"url":"//+@", "exception":"invalid URL"}
Stack trace:
#0 0x55761ade44d0 url::(anonymous namespace)::URLParser_Parsing_Test::TestBody()

../../url/url_parsing_unittest.cc:22: Failure
Value of: parsed_url.is_valid()
  Actual: false
Expected: true
{"url":"//[::fadc:beaa:ceff:efcf:eaaf:167.6.6.9]", "exception":"invalid URL"}
Stack trace:
#0 0x55761ade44d0 url::(anonymous namespace)::URLParser_Parsing_Test::TestBody()

../../url/url_parsing_unittest.cc:22: Failure
Value of: parsed_url.is_valid()
  Actual: false
Expected: true
{"url":"//[::2cad:aeae]", "exception":"invalid URL"}
Stack trace:
#0 0x55761ade44d0 url::(anonymous namespace)::URLParser_Parsing_Test::TestBody()

../../url/url_parsing_unittest.cc:22: Failure
Value of: parsed_url.is_valid()
  Actual: false
Expected: true
{"url":"//[::bcfa:fbee:fcae:244.1.5.8]", "exception":"invalid URL"}
Stack trace:
#0 0x55761ade44d0 url::(anonymous namespace)::URLParser_Parsing_Test::TestBody()

../../url/url_parsing_unittest.cc:22: Failure
Value of: parsed_url.is_valid()
  Actual: false
Expected: true
{"url":"//[ddfc::cdfb:aadb:ddee:dbfa:7.244.4.9]", "exception":"invalid URL"}
Stack trace:
#0 0x55761ade44d0 url::(anonymous namespace)::URLParser_Parsing_Test::TestBody()

../../url/url_parsing_unittest.cc:22: Failure
Value of: parsed_url.is_valid()
  Actual: false
Expected: true
{"url":"//[dcaf:edce:beaf:ddaa:dcad:afeb:223.8.2.5%25.]", "exception":"invalid URL"}
Stack trace:
#0 0x55761ade44d0 url::(anonymous namespace)::URLParser_Parsing_Test::TestBody()

../../url/url_parsing_unittest.cc:22: Failure
Value of: parsed_url.is_valid()
  Actual: false
Expected: true
{"url":"//9.8.250.7", "exception":"invalid URL"}
Stack trace:
#0 0x55761ade44d0 url::(anonymous namespace)::URLParser_Parsing_Test::TestBody()

../../url/url_parsing_unittest.cc:22: Failure
Value of: parsed_url.is_valid()
  Actual: false
Expected: true
{"url":"//)", "exception":"invalid URL"}
Stack trace:
#0 0x55761ade44d0 url::(anonymous namespace)::URLParser_Parsing_Test::TestBody()

../../url/url_parsing_unittest.cc:22: Failure
Value of: parsed_url.is_valid()
  Actual: false
Expected: true
{"url":"//[cabd::dede:cabb:ccef:fbde:2.225.3.5%25_]", "exception":"invalid URL"}
Stack trace:
#0 0x55761ade44d0 url::(anonymous namespace)::URLParser_Parsing_Test::TestBody()

../../url/url_parsing_unittest.cc:22: Failure
Value of: parsed_url.is_valid()
  Actual: false
Expected: true
{"url":"//%c3", "exception":"invalid URL"}
Stack trace:
#0 0x55761ade44d0 url::(anonymous namespace)::URLParser_Parsing_Test::TestBody()

../../url/url_parsing_unittest.cc:22: Failure
Value of: parsed_url.is_valid()
  Actual: false
Expected: true
{"url":"//[::cdbb:bebe:bebc:214.6.4.5]", "exception":"invalid URL"}
Stack trace:
#0 0x55761ade44d0 url::(anonymous namespace)::URLParser_Parsing_Test::TestBody()

../../url/url_parsing_unittest.cc:22: Failure
Value of: parsed_url.is_valid()
  Actual: false
Expected: true
{"url":"//[::bffa:ffaa:6.4.247.9]", "exception":"invalid URL"}
Stack trace:
#0 0x55761ade44d0 url::(anonymous namespace)::URLParser_Parsing_Test::TestBody()

../../url/url_parsing_unittest.cc:22: Failure
Value of: parsed_url.is_valid()
  Actual: false
Expected: true
{"url":"//[::5.66.7.2]", "exception":"invalid URL"}
Stack trace:
#0 0x55761ade44d0 url::(anonymous namespace)::URLParser_Parsing_Test::TestBody()

../../url/url_parsing_unittest.cc:22: Failure
Value of: parsed_url.is_valid()
  Actual: false
Expected: true
{"url":"//[ffaf::addf:daaf:deed:cfdb:3.5.7.254%25_]", "exception":"invalid URL"}
Stack trace:
#0 0x55761ade44d0 url::(anonymous namespace)::URLParser_Parsing_Test::TestBody()

../../url/url_parsing_unittest.cc:22: Failure
Value of: parsed_url.is_valid()
  Actual: false
Expected: true
{"url":"//[::234.0.4.9]", "exception":"invalid URL"}
Stack trace:
#0 0x55761ade44d0 url::(anonymous namespace)::URLParser_Parsing_Test::TestBody()

../../url/url_parsing_unittest.cc:22: Failure
Value of: parsed_url.is_valid()
  Actual: false
Expected: true
{"url":"///&", "exception":"invalid URL"}
Stack trace:
#0 0x55761ade44d0 url::(anonymous namespace)::URLParser_Parsing_Test::TestBody()

../../url/url_parsing_unittest.cc:22: Failure
Value of: parsed_url.is_valid()
  Actual: false
Expected: true
{"url":"//[::fadb:edaa:6.0.4.241]", "exception":"invalid URL"}
Stack trace:
#0 0x55761ade44d0 url::(anonymous namespace)::URLParser_Parsing_Test::TestBody()

../../url/url_parsing_unittest.cc:22: Failure
Value of: parsed_url.is_valid()
  Actual: false
Expected: true
{"url":"//[::bcef:eaed:fcde:0.252.3.3%25_]", "exception":"invalid URL"}
Stack trace:
#0 0x55761ade44d0 url::(anonymous namespace)::URLParser_Parsing_Test::TestBody()

../../url/url_parsing_unittest.cc:22: Failure
Value of: parsed_url.is_valid()
  Actual: false
Expected: true
{"url":"///:/-", "exception":"invalid URL"}
Stack trace:
#0 0x55761ade44d0 url::(anonymous namespace)::URLParser_Parsing_Test::TestBody()

../../url/url_parsing_unittest.cc:22: Failure
Value of: parsed_url.is_valid()
  Actual: false
Expected: true
{"url":"//[::beee:abfb:effb:2.1.0.171]", "exception":"invalid URL"}
Stack trace:
#0 0x55761ade44d0 url::(anonymous namespace)::URLParser_Parsing_Test::TestBody()

../../url/url_parsing_unittest.cc:22: Failure
Value of: parsed_url.is_valid()
  Actual: false
Expected: true
{"url":"//[::dfcb:bfbf:acdf:254.9.1.4]", "exception":"invalid URL"}
Stack trace:
#0 0x55761ade44d0 url::(anonymous namespace)::URLParser_Parsing_Test::TestBody()

../../url/url_parsing_unittest.cc:22: Failure
Value of: parsed_url.is_valid()
  Actual: false
Expected: true
{"url":"//[fbba:abdc:dfcf:cbab:adfb:aebc:5.2.234.9]", "exception":"invalid URL"}
Stack trace:
#0 0x55761ade44d0 url::(anonymous namespace)::URLParser_Parsing_Test::TestBody()

../../url/url_parsing_unittest.cc:22: Failure
Value of: parsed_url.is_valid()
  Actual: false
Expected: true
{"url":"//[::eecd:adfb:7bfb:dcac]", "exception":"invalid URL"}
Stack trace:
#0 0x55761ade44d0 url::(anonymous namespace)::URLParser_Parsing_Test::TestBody()

../../url/url_parsing_unittest.cc:22: Failure
Value of: parsed_url.is_valid()
  Actual: false
Expected: true
{"url":"//[dcff:ffcc:ddae:baad:febe:fdcf:252.3.4.3%25_]", "exception":"invalid URL"}
Stack trace:
#0 0x55761ade44d0 url::(anonymous namespace)::URLParser_Parsing_Test::TestBody()

../../url/url_parsing_unittest.cc:22: Failure
Value of: parsed_url.is_valid()
  Actual: false
Expected: true
{"url":"//[fdbc:eefa:ccfe:aaad:efed:edec:251.2.5.3%25~]", "exception":"invalid URL"}
Stack trace:
#0 0x55761ade44d0 url::(anonymous namespace)::URLParser_Parsing_Test::TestBody()

../../url/url_parsing_unittest.cc:22: Failure
Value of: parsed_url.is_valid()
  Actual: false
Expected: true
{"url":"//@/%6e", "exception":"invalid URL"}
Stack trace:
#0 0x55761ade44d0 url::(anonymous namespace)::URLParser_Parsing_Test::TestBody()

../../url/url_parsing_unittest.cc:22: Failure
Value of: parsed_url.is_valid()
  Actual: false
Expected: true
{"url":"//[::dcde:3.7.9.251%25_]", "exception":"invalid URL"}
Stack trace:
#0 0x55761ade44d0 url::(anonymous namespace)::URLParser_Parsing_Test::TestBody()

../../url/url_parsing_unittest.cc:22: Failure
Value of: parsed_url.is_valid()
  Actual: false
Expected: true
{"url":"//[::adeb:decf:fcbb:4.254.3.7]", "exception":"invalid URL"}
Stack trace:
#0 0x55761ade44d0 url::(anonymous namespace)::URLParser_Parsing_Test::TestBody()

../../url/url_parsing_unittest.cc:22: Failure
Value of: parsed_url.is_valid()
  Actual: false
Expected: true
{"url":"//9.1.1.253", "exception":"invalid URL"}
Stack trace:
#0 0x55761ade44d0 url::(anonymous namespace)::URLParser_Parsing_Test::TestBody()

../../url/url_parsing_unittest.cc:22: Failure
Value of: parsed_url.is_valid()
  Actual: false
Expected: true
{"url":"//[::cdbf:250.0.6.4]", "exception":"invalid URL"}
Stack trace:
#0 0x55761ade44d0 url::(anonymous namespace)::URLParser_Parsing_Test::TestBody()

../../url/url_parsing_unittest.cc:22: Failure
Value of: parsed_url.is_valid()
  Actual: false
Expected: true
{"url":"//[8acc::afba:bbff:bcde:cefb:feec:caff%25_]", "exception":"invalid URL"}
Stack trace:
#0 0x55761ade44d0 url::(anonymous namespace)::URLParser_Parsing_Test::TestBody()

../../url/url_parsing_unittest.cc:22: Failure
Value of: parsed_url.is_valid()
  Actual: false
Expected: true
{"url":"//[aabc::bbfc:bceb:bbbf:bbac:5.1.216.2]", "exception":"invalid URL"}
Stack trace:
#0 0x55761ade44d0 url::(anonymous namespace)::URLParser_Parsing_Test::TestBody()

../../url/url_parsing_unittest.cc:22: Failure
Value of: parsed_url.is_valid()
  Actual: false
Expected: true
{"url":"//[cfcf::aeaa:bafa:afac:dddd:0.208.2.6%25_]", "exception":"invalid URL"}
Stack trace:
#0 0x55761ade44d0 url::(anonymous namespace)::URLParser_Parsing_Test::TestBody()

../../url/url_parsing_unittest.cc:22: Failure
Value of: parsed_url.is_valid()
  Actual: false
Expected: true
{"url":"//[::edaf:efca:3.6.253.4%25_]", "exception":"invalid URL"}
Stack trace:
#0 0x55761ade44d0 url::(anonymous namespace)::URLParser_Parsing_Test::TestBody()

../../url/url_parsing_unittest.cc:22: Failure
Value of: parsed_url.is_valid()
  Actual: false
Expected: true
{"url":"//[::bbda:8.9.8.200]", "exception":"invalid URL"}
Stack trace:
#0 0x55761ade44d0 url::(anonymous namespace)::URLParser_Parsing_Test::TestBody()

../../url/url_parsing_unittest.cc:22: Failure
Value of: parsed_url.is_valid()
  Actual: false
Expected: true
{"url":"//[::cfff:faef:cdcd:9.9.224.2]", "exception":"invalid URL"}
Stack trace:
#0 0x55761ade44d0 url::(anonymous namespace)::URLParser_Parsing_Test::TestBody()

../../url/url_parsing_unittest.cc:22: Failure
Value of: parsed_url.is_valid()
  Actual: false
Expected: true
{"url":"//[::6.0.9.208%25_]", "exception":"invalid URL"}
Stack trace:
#0 0x55761ade44d0 url::(anonymous namespace)::URLParser_Parsing_Test::TestBody()

../../url/url_parsing_unittest.cc:22: Failure
Value of: parsed_url.is_valid()
  Actual: false
Expected: true
{"url":"//[1bce:cbdb::efab:beac]", "exception":"invalid URL"}
Stack trace:
#0 0x55761ade44d0 url::(anonymous namespace)::URLParser_Parsing_Test::TestBody()

../../url/url_parsing_unittest.cc:22: Failure
Value of: parsed_url.is_valid()
  Actual: false
Expected: true
{"url":"//[::eabf:fdab:fcee:85.6.3.4%25_]", "exception":"invalid URL"}
Stack trace:
#0 0x55761ade44d0 url::(anonymous namespace)::URLParser_Parsing_Test::TestBody()

../../url/url_parsing_unittest.cc:22: Failure
Value of: parsed_url.is_valid()
  Actual: false
Expected: true
{"url":"//[::afad:251.7.8.7%25.]", "exception":"invalid URL"}
Stack trace:
#0 0x55761ade44d0 url::(anonymous namespace)::URLParser_Parsing_Test::TestBody()

../../url/url_parsing_unittest.cc:22: Failure
Value of: parsed_url.is_valid()
  Actual: false
Expected: true
{"url":"//[::debf:afff:0.4.255.5]", "exception":"invalid URL"}
Stack trace:
#0 0x55761ade44d0 url::(anonymous namespace)::URLParser_Parsing_Test::TestBody()

../../url/url_parsing_unittest.cc:22: Failure
Value of: parsed_url.is_valid()
  Actual: false
Expected: true
{"url":"///;", "exception":"invalid URL"}
Stack trace:
#0 0x55761ade44d0 url::(anonymous namespace)::URLParser_Parsing_Test::TestBody()

../../url/url_parsing_unittest.cc:22: Failure
Value of: parsed_url.is_valid()
  Actual: false
Expected: true
{"url":"//[::cafe:bcaa:badc:200.1.0.9]", "exception":"invalid URL"}
Stack trace:
#0 0x55761ade44d0 url::(anonymous namespace)::URLParser_Parsing_Test::TestBody()

../../url/url_parsing_unittest.cc:22: Failure
Value of: parsed_url.is_valid()
  Actual: false
Expected: true
{"url":"//[abfe:ebfb:dbdb:aacd:eadf:eeed:251.7.9.9]", "exception":"invalid URL"}
Stack trace:
#0 0x55761ade44d0 url::(anonymous namespace)::URLParser_Parsing_Test::TestBody()

../../url/url_parsing_unittest.cc:22: Failure
Value of: parsed_url.is_valid()
  Actual: false
Expected: true
{"url":"//[::baed:dfbe:207.5.1.8%25.]", "exception":"invalid URL"}
Stack trace:
#0 0x55761ade44d0 url::(anonymous namespace)::URLParser_Parsing_Test::TestBody()

../../url/url_parsing_unittest.cc:22: Failure
Value of: parsed_url.is_valid()
  Actual: false
Expected: true
{"url":"//[::6.0.4.155%25~]", "exception":"invalid URL"}
Stack trace:
#0 0x55761ade44d0 url::(anonymous namespace)::URLParser_Parsing_Test::TestBody()

../../url/url_parsing_unittest.cc:22: Failure
Value of: parsed_url.is_valid()
  Actual: false
Expected: true
{"url":"//[::ddda:cfad:cdec:dfae:beda:234.0.8.5]", "exception":"invalid URL"}
Stack trace:
#0 0x55761ade44d0 url::(anonymous namespace)::URLParser_Parsing_Test::TestBody()

../../url/url_parsing_unittest.cc:22: Failure
Value of: parsed_url.is_valid()
  Actual: false
Expected: true
{"url":"//[::ccee:acca:249.8.3.9]", "exception":"invalid URL"}
Stack trace:
#0 0x55761ade44d0 url::(anonymous namespace)::URLParser_Parsing_Test::TestBody()

../../url/url_parsing_unittest.cc:22: Failure
Value of: parsed_url.is_valid()
  Actual: false
Expected: true
{"url":"//[::fcee:dddc:ecbb:7fcb%25~]", "exception":"invalid URL"}
Stack trace:
#0 0x55761ade44d0 url::(anonymous namespace)::URLParser_Parsing_Test::TestBody()

../../url/url_parsing_unittest.cc:22: Failure
Value of: parsed_url.is_valid()
  Actual: false
Expected: true
{"url":"//[::fcfc:254.4.1.2]", "exception":"invalid URL"}
Stack trace:
#0 0x55761ade44d0 url::(anonymous namespace)::URLParser_Parsing_Test::TestBody()

../../url/url_parsing_unittest.cc:22: Failure
Value of: parsed_url.is_valid()
  Actual: false
Expected: true
{"url":"//[dcce:bdfa:adff:cfff:ffae:bcdb:5.5.214.6]", "exception":"invalid URL"}
Stack trace:
#0 0x55761ade44d0 url::(anonymous namespace)::URLParser_Parsing_Test::TestBody()

../../url/url_parsing_unittest.cc:22: Failure
Value of: parsed_url.is_valid()
  Actual: false
Expected: true
{"url":"//[::ffbb:ffbd:7.254.7.0]", "exception":"invalid URL"}
Stack trace:
#0 0x55761ade44d0 url::(anonymous namespace)::URLParser_Parsing_Test::TestBody()

../../url/url_parsing_unittest.cc:22: Failure
Value of: parsed_url.is_valid()
  Actual: false
Expected: true
{"url":"//[fbde:ecdc:cabe:ffba:efbc:cafb:9.6.9.254]", "exception":"invalid URL"}
Stack trace:
#0 0x55761ade44d0 url::(anonymous namespace)::URLParser_Parsing_Test::TestBody()

../../url/url_parsing_unittest.cc:22: Failure
Value of: parsed_url.is_valid()
  Actual: false
Expected: true
{"url":"//[::ccec:abfc:ddbc:efea:fabb:0bbe:cfba]", "exception":"invalid URL"}
Stack trace:
#0 0x55761ade44d0 url::(anonymous namespace)::URLParser_Parsing_Test::TestBody()

../../url/url_parsing_unittest.cc:22: Failure
Value of: parsed_url.is_valid()
  Actual: false
Expected: true
{"url":"//[daec:dbfc::adab:abcf:adab]", "exception":"invalid URL"}
Stack trace:
#0 0x55761ade44d0 url::(anonymous namespace)::URLParser_Parsing_Test::TestBody()

../../url/url_parsing_unittest.cc:22: Failure
Value of: parsed_url.is_valid()
  Actual: false
Expected: true
{"url":"//[::afdb:ccec:fabe:ebce:ffef:217.1.3.5]", "exception":"invalid URL"}
Stack trace:
#0 0x55761ade44d0 url::(anonymous namespace)::URLParser_Parsing_Test::TestBody()

../../url/url_parsing_unittest.cc:22: Failure
Value of: parsed_url.is_valid()
  Actual: false
Expected: true
{"url":"//[0fcf::ebfc:7.6.6.4%25.]", "exception":"invalid URL"}
Stack trace:
#0 0x55761ade44d0 url::(anonymous namespace)::URLParser_Parsing_Test::TestBody()

../../url/url_parsing_unittest.cc:22: Failure
Value of: parsed_url.is_valid()
  Actual: false
Expected: true
{"url":"//[::eeea:cfab:bede:caac:faba:9.226.2.1]", "exception":"invalid URL"}
Stack trace:
#0 0x55761ade44d0 url::(anonymous namespace)::URLParser_Parsing_Test::TestBody()

../../url/url_parsing_unittest.cc:22: Failure
Value of: parsed_url.is_valid()
  Actual: false
Expected: true
{"url":"//[::acbb:bddb:dedf:fdcd:bdcb:239.3.4.3%25~]", "exception":"invalid URL"}
Stack trace:
#0 0x55761ade44d0 url::(anonymous namespace)::URLParser_Parsing_Test::TestBody()

../../url/url_parsing_unittest.cc:22: Failure
Value of: parsed_url.is_valid()
  Actual: false
Expected: true
{"url":"//[::ceaa:abec:ecca:ecae:dcfc:6.251.8.4%25.]", "exception":"invalid URL"}
Stack trace:
#0 0x55761ade44d0 url::(anonymous namespace)::URLParser_Parsing_Test::TestBody()

../../url/url_parsing_unittest.cc:22: Failure
Value of: parsed_url.is_valid()
  Actual: false
Expected: true
{"url":"//[::3.103.0.4]", "exception":"invalid URL"}
Stack trace:
#0 0x55761ade44d0 url::(anonymous namespace)::URLParser_Parsing_Test::TestBody()

../../url/url_parsing_unittest.cc:22: Failure
Value of: parsed_url.is_valid()
  Actual: false
Expected: true
{"url":"//@/.", "exception":"invalid URL"}
Stack trace:
#0 0x55761ade44d0 url::(anonymous namespace)::URLParser_Parsing_Test::TestBody()

../../url/url_parsing_unittest.cc:22: Failure
Value of: parsed_url.is_valid()
  Actual: false
Expected: true
{"url":"//[0aed::aacc:eadc:4.4.8.6]", "exception":"invalid URL"}
Stack trace:
#0 0x55761ade44d0 url::(anonymous namespace)::URLParser_Parsing_Test::TestBody()

../../url/url_parsing_unittest.cc:22: Failure
Value of: parsed_url.is_valid()
  Actual: false
Expected: true
{"url":"//[dcad::aeab:ddcc:cadb:dfff:5.5.240.0]", "exception":"invalid URL"}
Stack trace:
#0 0x55761ade44d0 url::(anonymous namespace)::URLParser_Parsing_Test::TestBody()

../../url/url_parsing_unittest.cc:22: Failure
Value of: parsed_url.is_valid()
  Actual: false
Expected: true
{"url":"//[eedc::bdea:bebb:eada:dedc:9.8.8.255]", "exception":"invalid URL"}
Stack trace:
#0 0x55761ade44d0 url::(anonymous namespace)::URLParser_Parsing_Test::TestBody()

../../url/url_parsing_unittest.cc:22: Failure
Value of: parsed_url.is_valid()
  Actual: false
Expected: true
{"url":"//[dafd::cddc:dcdc:bccc:ebcd:cbba:4eed%25.]", "exception":"invalid URL"}
Stack trace:
#0 0x55761ade44d0 url::(anonymous namespace)::URLParser_Parsing_Test::TestBody()

../../url/url_parsing_unittest.cc:22: Failure
Value of: parsed_url.is_valid()
  Actual: false
Expected: true
{"url":"//[::4.6.1.234%25_]", "exception":"invalid URL"}
Stack trace:
#0 0x55761ade44d0 url::(anonymous namespace)::URLParser_Parsing_Test::TestBody()

../../url/url_parsing_unittest.cc:22: Failure
Value of: parsed_url.is_valid()
  Actual: false
Expected: true
{"url":"//[::ffca:2.225.5.8%25-]", "exception":"invalid URL"}
Stack trace:
#0 0x55761ade44d0 url::(anonymous namespace)::URLParser_Parsing_Test::TestBody()

../../url/url_parsing_unittest.cc:22: Failure
Value of: parsed_url.is_valid()
  Actual: false
Expected: true
{"url":"//[eabf:bbba::cfff%25.]", "exception":"invalid URL"}
Stack trace:
#0 0x55761ade44d0 url::(anonymous namespace)::URLParser_Parsing_Test::TestBody()

../../url/url_parsing_unittest.cc:22: Failure
Value of: parsed_url.is_valid()
  Actual: false
Expected: true
{"url":"//[ebbf:dfcb:eecf:dbee:cbfc:bfff:3.6.253.7%25_]", "exception":"invalid URL"}
Stack trace:
#0 0x55761ade44d0 url::(anonymous namespace)::URLParser_Parsing_Test::TestBody()

../../url/url_parsing_unittest.cc:22: Failure
Value of: parsed_url.is_valid()
  Actual: false
Expected: true
{"url":"//[eefb:ceaa:eece:debd:decd:acbb:8cfd:cbbf]", "exception":"invalid URL"}
Stack trace:
#0 0x55761ade44d0 url::(anonymous namespace)::URLParser_Parsing_Test::TestBody()

../../url/url_parsing_unittest.cc:22: Failure
Value of: parsed_url.is_valid()
  Actual: false
Expected: true
{"url":"//[fdee:beda:beeb:cdff:abdc:caed:2.239.2.3]", "exception":"invalid URL"}
Stack trace:
#0 0x55761ade44d0 url::(anonymous namespace)::URLParser_Parsing_Test::TestBody()

../../url/url_parsing_unittest.cc:22: Failure
Value of: parsed_url.is_valid()
  Actual: false
Expected: true
{"url":"//&", "exception":"invalid URL"}
Stack trace:
#0 0x55761ade44d0 url::(anonymous namespace)::URLParser_Parsing_Test::TestBody()

../../url/url_parsing_unittest.cc:22: Failure
Value of: parsed_url.is_valid()
  Actual: false
Expected: true
{"url":"//[cdea::bcfa:bbcd:cefc:defb:7.6.9.243]", "exception":"invalid URL"}
Stack trace:
#0 0x55761ade44d0 url::(anonymous namespace)::URLParser_Parsing_Test::TestBody()

../../url/url_parsing_unittest.cc:22: Failure
Value of: parsed_url.is_valid()
  Actual: false
Expected: true
{"url":"//[::fbef:6.7.0.214%25.]", "exception":"invalid URL"}
Stack trace:
#0 0x55761ade44d0 url::(anonymous namespace)::URLParser_Parsing_Test::TestBody()

../../url/url_parsing_unittest.cc:22: Failure
Value of: parsed_url.is_valid()
  Actual: false
Expected: true
{"url":"//[::ebcb:cbed:aedb:dbfb:3ccd%25-]", "exception":"invalid URL"}
Stack trace:
#0 0x55761ade44d0 url::(anonymous namespace)::URLParser_Parsing_Test::TestBody()

../../url/url_parsing_unittest.cc:22: Failure
Value of: parsed_url.is_valid()
  Actual: false
Expected: true
{"url":"//[afaf::eedf:bccd:aece:acdf:6.1.8.205%25-]", "exception":"invalid URL"}
Stack trace:
#0 0x55761ade44d0 url::(anonymous namespace)::URLParser_Parsing_Test::TestBody()

../../url/url_parsing_unittest.cc:22: Failure
Value of: parsed_url.is_valid()
  Actual: false
Expected: true
{"url":"//[::ddcd:eabe:4.2.105.0%25.]", "exception":"invalid URL"}
Stack trace:
#0 0x55761ade44d0 url::(anonymous namespace)::URLParser_Parsing_Test::TestBody()

../../url/url_parsing_unittest.cc:22: Failure
Value of: parsed_url.is_valid()
  Actual: false
Expected: true
{"url":"//[::edfc:bdec:afad:cdaf:bdea:9.1.0.240]", "exception":"invalid URL"}
Stack trace:
#0 0x55761ade44d0 url::(anonymous namespace)::URLParser_Parsing_Test::TestBody()

../../url/url_parsing_unittest.cc:22: Failure
Value of: parsed_url.is_valid()
  Actual: false
Expected: true
{"url":"//201.0.3.2", "exception":"invalid URL"}
Stack trace:
#0 0x55761ade44d0 url::(anonymous namespace)::URLParser_Parsing_Test::TestBody()

../../url/url_parsing_unittest.cc:22: Failure
Value of: parsed_url.is_valid()
  Actual: false
Expected: true
{"url":"//[::4.9.227.1]", "exception":"invalid URL"}
Stack trace:
#0 0x55761ade44d0 url::(anonymous namespace)::URLParser_Parsing_Test::TestBody()

../../url/url_parsing_unittest.cc:22: Failure
Value of: parsed_url.is_valid()
  Actual: false
Expected: true
{"url":"//[caef:bffe::]", "exception":"invalid URL"}
Stack trace:
#0 0x55761ade44d0 url::(anonymous namespace)::URLParser_Parsing_Test::TestBody()

../../url/url_parsing_unittest.cc:22: Failure
Value of: parsed_url.is_valid()
  Actual: false
Expected: true
{"url":"//[::adeb:faac:cfda:2efa:bffc]", "exception":"invalid URL"}
Stack trace:
#0 0x55761ade44d0 url::(anonymous namespace)::URLParser_Parsing_Test::TestBody()

../../url/url_parsing_unittest.cc:22: Failure
Value of: parsed_url.is_valid()
  Actual: false
Expected: true
{"url":"//[::fcea:ebaa:1.6.209.7]", "exception":"invalid URL"}
Stack trace:
#0 0x55761ade44d0 url::(anonymous namespace)::URLParser_Parsing_Test::TestBody()

../../url/url_parsing_unittest.cc:22: Failure
Value of: parsed_url.is_valid()
  Actual: false
Expected: true
{"url":"//[::7.253.8.5]", "exception":"invalid URL"}
Stack trace:
#0 0x55761ade44d0 url::(anonymous namespace)::URLParser_Parsing_Test::TestBody()

../../url/url_parsing_unittest.cc:22: Failure
Value of: parsed_url.is_valid()
  Actual: false
Expected: true
{"url":"//[::fefb:6.9.5.214]", "exception":"invalid URL"}
Stack trace:
#0 0x55761ade44d0 url::(anonymous namespace)::URLParser_Parsing_Test::TestBody()

../../url/url_parsing_unittest.cc:22: Failure
Value of: parsed_url.is_valid()
  Actual: false
Expected: true
{"url":"//[::cfdb:6.201.6.9%25_]", "exception":"invalid URL"}
Stack trace:
#0 0x55761ade44d0 url::(anonymous namespace)::URLParser_Parsing_Test::TestBody()

../../url/url_parsing_unittest.cc:22: Failure
Value of: parsed_url.is_valid()
  Actual: false
Expected: true
{"url":"//[::fdca:5.9.5.133]", "exception":"invalid URL"}
Stack trace:
#0 0x55761ade44d0 url::(anonymous namespace)::URLParser_Parsing_Test::TestBody()

../../url/url_parsing_unittest.cc:22: Failure
Value of: parsed_url.is_valid()
  Actual: false
Expected: true
{"url":"//[::fbdc:eecd:ceca:51.6.1.3%25.]", "exception":"invalid URL"}
Stack trace:
#0 0x55761ade44d0 url::(anonymous namespace)::URLParser_Parsing_Test::TestBody()

../../url/url_parsing_unittest.cc:22: Failure
Value of: parsed_url.is_valid()
  Actual: false
Expected: true
{"url":"///@", "exception":"invalid URL"}
Stack trace:
#0 0x55761ade44d0 url::(anonymous namespace)::URLParser_Parsing_Test::TestBody()

../../url/url_parsing_unittest.cc:22: Failure
Value of: parsed_url.is_valid()
  Actual: false
Expected: true
{"url":"///:/=", "exception":"invalid URL"}
Stack trace:
#0 0x55761ade44d0 url::(anonymous namespace)::URLParser_Parsing_Test::TestBody()

../../url/url_parsing_unittest.cc:22: Failure
Value of: parsed_url.is_valid()
  Actual: false
Expected: true
{"url":"//[::baac:1.253.1.3%25_]", "exception":"invalid URL"}
Stack trace:
#0 0x55761ade44d0 url::(anonymous namespace)::URLParser_Parsing_Test::TestBody()

../../url/url_parsing_unittest.cc:22: Failure
Value of: parsed_url.is_valid()
  Actual: false
Expected: true
{"url":"//[::aeaf:dbed:6.4.219.2%25-]", "exception":"invalid URL"}
Stack trace:
#0 0x55761ade44d0 url::(anonymous namespace)::URLParser_Parsing_Test::TestBody()

../../url/url_parsing_unittest.cc:22: Failure
Value of: parsed_url.is_valid()
  Actual: false
Expected: true
{"url":"//[vd.:]", "exception":"invalid URL"}
Stack trace:
#0 0x55761ade44d0 url::(anonymous namespace)::URLParser_Parsing_Test::TestBody()

../../url/url_parsing_unittest.cc:22: Failure
Value of: parsed_url.is_valid()
  Actual: false
Expected: true
{"url":"//[::3.253.1.1]", "exception":"invalid URL"}
Stack trace:
#0 0x55761ade44d0 url::(anonymous namespace)::URLParser_Parsing_Test::TestBody()

../../url/url_parsing_unittest.cc:22: Failure
Value of: parsed_url.is_valid()
  Actual: false
Expected: true
{"url":"//[::205.8.4.6]", "exception":"invalid URL"}
Stack trace:
#0 0x55761ade44d0 url::(anonymous namespace)::URLParser_Parsing_Test::TestBody()

../../url/url_parsing_unittest.cc:22: Failure
Value of: parsed_url.is_valid()
  Actual: false
Expected: true
{"url":"//[cfee::cebb:bece:eccf:cefa:119.8.0.3%25.]", "exception":"invalid URL"}
Stack trace:
#0 0x55761ade44d0 url::(anonymous namespace)::URLParser_Parsing_Test::TestBody()

../../url/url_parsing_unittest.cc:22: Failure
Value of: parsed_url.is_valid()
  Actual: false
Expected: true
{"url":"//[::cece:8.213.1.9%25-]", "exception":"invalid URL"}
Stack trace:
#0 0x55761ade44d0 url::(anonymous namespace)::URLParser_Parsing_Test::TestBody()

../../url/url_parsing_unittest.cc:22: Failure
Value of: parsed_url.is_valid()
  Actual: false
Expected: true
{"url":"//[adeb:fbaa:efcd:beac:bcea:ebfe:5.201.8.6%25.]", "exception":"invalid URL"}
Stack trace:
#0 0x55761ade44d0 url::(anonymous namespace)::URLParser_Parsing_Test::TestBody()

../../url/url_parsing_unittest.cc:22: Failure
Value of: parsed_url.is_valid()
  Actual: false
Expected: true
{"url":"//225.7.3.9", "exception":"invalid URL"}
Stack trace:
#0 0x55761ade44d0 url::(anonymous namespace)::URLParser_Parsing_Test::TestBody()

../../url/url_parsing_unittest.cc:22: Failure
Value of: parsed_url.is_valid()
  Actual: false
Expected: true
{"url":"//[::fdfb:efde:baed:ccbf:adcc:252.6.1.1%25.]", "exception":"invalid URL"}
Stack trace:
#0 0x55761ade44d0 url::(anonymous namespace)::URLParser_Parsing_Test::TestBody()

../../url/url_parsing_unittest.cc:22: Failure
Value of: parsed_url.is_valid()
  Actual: false
Expected: true
{"url":"//[::fbcd:cbeb:dedb:8.7.232.0]", "exception":"invalid URL"}
Stack trace:
#0 0x55761ade44d0 url::(anonymous namespace)::URLParser_Parsing_Test::TestBody()

../../url/url_parsing_unittest.cc:22: Failure
Value of: parsed_url.is_valid()
  Actual: false
Expected: true
{"url":"//[::dfba:8.7.7.255%25_]", "exception":"invalid URL"}
Stack trace:
#0 0x55761ade44d0 url::(anonymous namespace)::URLParser_Parsing_Test::TestBody()

../../url/url_parsing_unittest.cc:22: Failure
Value of: parsed_url.is_valid()
  Actual: false
Expected: true
{"url":"//[::faab:dcbe:fdcd:7.254.3.3]", "exception":"invalid URL"}
Stack trace:
#0 0x55761ade44d0 url::(anonymous namespace)::URLParser_Parsing_Test::TestBody()

../../url/url_parsing_unittest.cc:22: Failure
Value of: parsed_url.is_valid()
  Actual: false
Expected: true
{"url":"//[0ddf::fcad%25-]", "exception":"invalid URL"}
Stack trace:
#0 0x55761ade44d0 url::(anonymous namespace)::URLParser_Parsing_Test::TestBody()

../../url/url_parsing_unittest.cc:22: Failure
Value of: parsed_url.is_valid()
  Actual: false
Expected: true
{"url":"//[faad::edad:ddce:abac:eaaf:5.252.3.2]", "exception":"invalid URL"}
Stack trace:
#0 0x55761ade44d0 url::(anonymous namespace)::URLParser_Parsing_Test::TestBody()

../../url/url_parsing_unittest.cc:22: Failure
Value of: parsed_url.is_valid()
  Actual: false
Expected: true
{"url":"//[::daae:dcab:ffbe:eccd:bcad:9.9.7.254]", "exception":"invalid URL"}
Stack trace:
#0 0x55761ade44d0 url::(anonymous namespace)::URLParser_Parsing_Test::TestBody()

../../url/url_parsing_unittest.cc:22: Failure
Value of: parsed_url.is_valid()
  Actual: false
Expected: true
{"url":"//[::ecdd:caba:fdfd:255.2.8.8%25-]", "exception":"invalid URL"}
Stack trace:
#0 0x55761ade44d0 url::(anonymous namespace)::URLParser_Parsing_Test::TestBody()

../../url/url_parsing_unittest.cc:22: Failure
Value of: parsed_url.is_valid()
  Actual: false
Expected: true
{"url":"///:", "exception":"invalid URL"}
Stack trace:
#0 0x55761ade44d0 url::(anonymous namespace)::URLParser_Parsing_Test::TestBody()

../../url/url_parsing_unittest.cc:22: Failure
Value of: parsed_url.is_valid()
  Actual: false
Expected: true
{"url":"//[fdde:fabb:acfb:bfdc:eaca:afcc:4.8.105.3]", "exception":"invalid URL"}
Stack trace:
#0 0x55761ade44d0 url::(anonymous namespace)::URLParser_Parsing_Test::TestBody()

../../url/url_parsing_unittest.cc:22: Failure
Value of: parsed_url.is_valid()
  Actual: false
Expected: true
{"url":"//[::aade:cbee:192.8.2.3]", "exception":"invalid URL"}
Stack trace:
#0 0x55761ade44d0 url::(anonymous namespace)::URLParser_Parsing_Test::TestBody()

../../url/url_parsing_unittest.cc:22: Failure
Value of: parsed_url.is_valid()
  Actual: false
Expected: true
{"url":"//[dcdc::ceff:daef:cffb:fdaa:254.5.6.6]", "exception":"invalid URL"}
Stack trace:
#0 0x55761ade44d0 url::(anonymous namespace)::URLParser_Parsing_Test::TestBody()

[  FAILED  ] URLParser.Parsing (65 ms)
[----------] 1 test from URLParser (65 ms total)

[----------] Global test environment tear-down
[==========] 1 test from 1 test suite ran. (66 ms total)
[  PASSED  ] 0 tests.
[  FAILED  ] 1 test, listed below:
[  FAILED  ] URLParser.Parsing

 1 FAILED TEST
[1/1] URLParser.Parsing (65 ms)
1 test failed:
    URLParser.Parsing (../../url/url_parsing_unittest.cc:510)
Tests took 0 seconds.
