fatal: unable to access 'https://github.com/s9varesc/url-fuzzing.git/': Could not resolve host: github.com
rm: cannot remove '/home/coverageReports/*overview.html': No such file or directory
[00:00:00] prepare result locations
[00:00:00] fuzzing targets all 
[00:00:00] fuzzing firefox
[00:00:01] removing old coverage data
[00:00:03] executing tests
[00:34:55] generating reports
[00:34:58] browser output cleanup
[00:34:58] fuzzing chromium
[2021-07-23 00:09:53,352 INFO] Building ['url_unittests'].
[00:34:59] ninja: Entering directory `/home/chromium/src/out/coverage'
[00:35:02] [0/1] Regenerating ninja files
[00:35:17] [1/2] CXX obj/url/url_unittests/url_parsing_unittest.o
[00:35:19] [2/2] LINK ./url_unittests
[2021-07-23 00:10:18,767 INFO] Running command: "out/coverage/url_unittests --gtest_filter=URLParser.Parsing", the output is redirected to "/home/chromium/src/out/report/linux/logs/url_unittests_output.log".
[2021-07-23 00:10:19,350 WARNING] Command: "out/coverage/url_unittests --gtest_filter=URLParser.Parsing" exited with non-zero return code.
[2021-07-23 00:10:19,351 INFO] Creating target profile data file.
[2021-07-23 00:10:19,944 INFO] Target "url_unittests" profile data is created as: "/home/chromium/src/out/report/url_unittests.profdata".
[2021-07-23 00:10:19,948 INFO] Creating the coverage profile data file.
[2021-07-23 00:10:19,970 INFO] Code coverage profile data is created as: "/home/chromium/src/out/report/linux/coverage.profdata".
[2021-07-23 00:10:19,970 INFO] Finding shared libraries for targets (if any).
[2021-07-23 00:10:19,977 INFO] Finished finding shared libraries for targets.
[2021-07-23 00:10:19,977 INFO] Generating code coverage report in html (this can take a while depending on size of target!).
[2021-07-23 00:10:21,858 INFO] Index file for html report is generated as: "file:///home/chromium/src/out/report/linux/index.html".
[00:35:26] browser output cleanup
[00:35:26] fuzzing languages
[00:35:27] fuzzing Python
[00:35:27] fuzzing C
[00:35:28] fuzzing Cpp
[00:35:37] fuzzing Java
[00:35:37] update-alternatives: using /usr/lib/jvm/java-8-openjdk-amd64/jre/bin/java to provide /usr/bin/java (java) in manual mode
[00:35:37] update-alternatives: using /usr/lib/jvm/java-8-openjdk-amd64/bin/javac to provide /usr/bin/javac (javac) in manual mode
WARNING : java.lang.Object can't be statically instrumented and was excluded
[00:36:09] fuzzing Ruby
[00:36:10] Coverage report generated for Unknown Test Framework to /home/url-fuzzing/languagefuzzing/RubyCoverage/coverage. 133 / 193 LOC (68.91%) covered.
[00:36:10] fuzzing JavaScript
[00:36:15] fuzzing PHP
[00:36:16] fuzzing Go
[00:36:17] finalizing results
[00:37:00] writing resultoverview
[00:37:00] writing browseroverview
[00:37:00] used seed: -7031782754395100634
[00:37:00] done
