Already up to date.
[00:00:00] prepare result locations
[00:00:00] fuzzing targets all 
[00:00:00] fuzzing firefox
[00:00:00] removing old coverage data
[00:00:03] executing tests
[00:02:46] generating reports
[00:02:49] browser output cleanup
[00:02:49] fuzzing chromium
[2021-06-22 10:51:47,720 INFO] Building ['url_unittests'].
[00:02:50] ninja: Entering directory `/home/chromium/src/out/coverage'
[00:02:55] [0/1] Regenerating ninja files
[00:03:18] [1/2] CXX obj/url/url_unittests/url_parsing_unittest.o
[00:03:19] [2/2] LINK ./url_unittests
[2021-06-22 10:52:18,219 INFO] Running command: "out/coverage/url_unittests --gtest_filter=URLParser.Parsing", the output is redirected to "/home/chromium/src/out/report/linux/logs/url_unittests_output.log".
[2021-06-22 10:52:18,341 WARNING] Command: "out/coverage/url_unittests --gtest_filter=URLParser.Parsing" exited with non-zero return code.
[2021-06-22 10:52:18,341 INFO] Creating target profile data file.
[2021-06-22 10:52:19,087 INFO] Target "url_unittests" profile data is created as: "/home/chromium/src/out/report/url_unittests.profdata".
[2021-06-22 10:52:19,092 INFO] Creating the coverage profile data file.
[2021-06-22 10:52:19,120 INFO] Code coverage profile data is created as: "/home/chromium/src/out/report/linux/coverage.profdata".
[2021-06-22 10:52:19,121 INFO] Finding shared libraries for targets (if any).
[2021-06-22 10:52:19,175 INFO] Finished finding shared libraries for targets.
[2021-06-22 10:52:19,175 INFO] Generating code coverage report in html (this can take a while depending on size of target!).
[2021-06-22 10:52:21,569 INFO] Index file for html report is generated as: "file:///home/chromium/src/out/report/linux/index.html".
[00:03:23] browser output cleanup
[00:03:23] fuzzing languages
[00:03:23] fuzzing Python
[00:03:24] fuzzing C
[00:03:25] fuzzing Cpp
[00:03:38] fuzzing Java
[00:03:38] update-alternatives: using /usr/lib/jvm/java-8-openjdk-amd64/jre/bin/java to provide /usr/bin/java (java) in manual mode
[00:03:38] update-alternatives: using /usr/lib/jvm/java-8-openjdk-amd64/bin/javac to provide /usr/bin/javac (javac) in manual mode
WARNING : java.lang.Object can't be statically instrumented and was excluded
[00:04:14] fuzzing Ruby
[00:04:14] Coverage report generated for Unknown Test Framework to /home/url-fuzzing/languagefuzzing/RubyCoverage/coverage. 133 / 193 LOC (68.91%) covered.
[00:04:14] fuzzing JavaScript
[00:04:23] fuzzing PHP
[00:04:23] fuzzing Go
[00:04:25] finalizing results
[00:04:30] writing resultoverview
[00:04:30] writing browseroverview
[00:04:30] used seed: -1172303919929796114
[00:04:30] done
