IMPORTANT DEBUGGING NOTE: batches of tests are run inside their
own process. For debugging a test inside a debugger, use the
--gtest_filter=<your_test_name> flag along with
--single-process-tests.
Using sharding settings from environment. This is shard 0/1
Using 1 parallel jobs.
Note: Google Test filter = URLParser.Parsing
[==========] Running 1 test from 1 test suite.
[----------] Global test environment set-up.
[----------] 1 test from URLParser
[ RUN      ] URLParser.Parsing
../../url/url_parsing_unittest.cc:22: Failure
Value of: parsed_url.is_valid()
  Actual: false
Expected: true
{"url":"//[::bffb:bfbd:ceda:255.253.255.7%25_]", "exception":"invalid URL"}
Stack trace:
#0 0x55a531c92710 url::(anonymous namespace)::URLParser_Parsing_Test::TestBody()

../../url/url_parsing_unittest.cc:22: Failure
Value of: parsed_url.is_valid()
  Actual: false
Expected: true
{"url":"//[ccad::ceba:adde:aaba:feac:1.251.252.254]", "exception":"invalid URL"}
Stack trace:
#0 0x55a531c92710 url::(anonymous namespace)::URLParser_Parsing_Test::TestBody()

../../url/url_parsing_unittest.cc:22: Failure
Value of: parsed_url.is_valid()
  Actual: false
Expected: true
{"url":"//[::deaf:abcb:fffd:6.254.251.250]", "exception":"invalid URL"}
Stack trace:
#0 0x55a531c92710 url::(anonymous namespace)::URLParser_Parsing_Test::TestBody()

../../url/url_parsing_unittest.cc:22: Failure
Value of: parsed_url.is_valid()
  Actual: false
Expected: true
{"url":"//[::eabb:cbeb:dcbc:250.251.253.7]", "exception":"invalid URL"}
Stack trace:
#0 0x55a531c92710 url::(anonymous namespace)::URLParser_Parsing_Test::TestBody()

../../url/url_parsing_unittest.cc:22: Failure
Value of: parsed_url.is_valid()
  Actual: false
Expected: true
{"url":"//%2f", "exception":"invalid URL"}
Stack trace:
#0 0x55a531c92710 url::(anonymous namespace)::URLParser_Parsing_Test::TestBody()

../../url/url_parsing_unittest.cc:22: Failure
Value of: parsed_url.is_valid()
  Actual: false
Expected: true
{"url":"//[::dbdb:abbf:addc:baaa:eecc:142.250.254.251]", "exception":"invalid URL"}
Stack trace:
#0 0x55a531c92710 url::(anonymous namespace)::URLParser_Parsing_Test::TestBody()

../../url/url_parsing_unittest.cc:22: Failure
Value of: parsed_url.is_valid()
  Actual: false
Expected: true
{"url":"//[::dace:dfbd:8.251.252.250]", "exception":"invalid URL"}
Stack trace:
#0 0x55a531c92710 url::(anonymous namespace)::URLParser_Parsing_Test::TestBody()

../../url/url_parsing_unittest.cc:22: Failure
Value of: parsed_url.is_valid()
  Actual: false
Expected: true
{"url":"//251.252.250.92", "exception":"invalid URL"}
Stack trace:
#0 0x55a531c92710 url::(anonymous namespace)::URLParser_Parsing_Test::TestBody()

../../url/url_parsing_unittest.cc:22: Failure
Value of: parsed_url.is_valid()
  Actual: false
Expected: true
{"url":"//250.28.250.254", "exception":"invalid URL"}
Stack trace:
#0 0x55a531c92710 url::(anonymous namespace)::URLParser_Parsing_Test::TestBody()

../../url/url_parsing_unittest.cc:22: Failure
Value of: parsed_url.is_valid()
  Actual: false
Expected: true
{"url":"//[::dbcf:18.254.255.255%25-]", "exception":"invalid URL"}
Stack trace:
#0 0x55a531c92710 url::(anonymous namespace)::URLParser_Parsing_Test::TestBody()

../../url/url_parsing_unittest.cc:22: Failure
Value of: parsed_url.is_valid()
  Actual: false
Expected: true
{"url":"//253.211.255.253", "exception":"invalid URL"}
Stack trace:
#0 0x55a531c92710 url::(anonymous namespace)::URLParser_Parsing_Test::TestBody()

../../url/url_parsing_unittest.cc:22: Failure
Value of: parsed_url.is_valid()
  Actual: false
Expected: true
{"url":"//[::acff:255.194.253.252%25-]", "exception":"invalid URL"}
Stack trace:
#0 0x55a531c92710 url::(anonymous namespace)::URLParser_Parsing_Test::TestBody()

../../url/url_parsing_unittest.cc:22: Failure
Value of: parsed_url.is_valid()
  Actual: false
Expected: true
{"url":"//[bebd::ebeb:abde:bceb:edcc:252.251.106.255%25~]", "exception":"invalid URL"}
Stack trace:
#0 0x55a531c92710 url::(anonymous namespace)::URLParser_Parsing_Test::TestBody()

../../url/url_parsing_unittest.cc:22: Failure
Value of: parsed_url.is_valid()
  Actual: false
Expected: true
{"url":"//[afee:fdab:dffd:ceca:bbfc:beef:250.250.241.255%25_]", "exception":"invalid URL"}
Stack trace:
#0 0x55a531c92710 url::(anonymous namespace)::URLParser_Parsing_Test::TestBody()

../../url/url_parsing_unittest.cc:22: Failure
Value of: parsed_url.is_valid()
  Actual: false
Expected: true
{"url":"//[::fddf:fcdc:fadc:bffe:fefb%25.]", "exception":"invalid URL"}
Stack trace:
#0 0x55a531c92710 url::(anonymous namespace)::URLParser_Parsing_Test::TestBody()

../../url/url_parsing_unittest.cc:22: Failure
Value of: parsed_url.is_valid()
  Actual: false
Expected: true
{"url":"//[::1ecd:dddd:254.250.251.254%25-]", "exception":"invalid URL"}
Stack trace:
#0 0x55a531c92710 url::(anonymous namespace)::URLParser_Parsing_Test::TestBody()

../../url/url_parsing_unittest.cc:22: Failure
Value of: parsed_url.is_valid()
  Actual: false
Expected: true
{"url":"//[4cae::cdbb:fafa:bdaa:253.252.252.252%25-]", "exception":"invalid URL"}
Stack trace:
#0 0x55a531c92710 url::(anonymous namespace)::URLParser_Parsing_Test::TestBody()

../../url/url_parsing_unittest.cc:22: Failure
Value of: parsed_url.is_valid()
  Actual: false
Expected: true
{"url":"//[::bbfd:fbfc:caef:42.255.252.254%25.]", "exception":"invalid URL"}
Stack trace:
#0 0x55a531c92710 url::(anonymous namespace)::URLParser_Parsing_Test::TestBody()

../../url/url_parsing_unittest.cc:22: Failure
Value of: parsed_url.is_valid()
  Actual: false
Expected: true
{"url":"//[::fecd:adfd:debe:dccc:badc:255.83.251.254%25~]", "exception":"invalid URL"}
Stack trace:
#0 0x55a531c92710 url::(anonymous namespace)::URLParser_Parsing_Test::TestBody()

../../url/url_parsing_unittest.cc:22: Failure
Value of: parsed_url.is_valid()
  Actual: false
Expected: true
{"url":"//[6fdd::afbe:252.254.251.252%25~]", "exception":"invalid URL"}
Stack trace:
#0 0x55a531c92710 url::(anonymous namespace)::URLParser_Parsing_Test::TestBody()

../../url/url_parsing_unittest.cc:22: Failure
Value of: parsed_url.is_valid()
  Actual: false
Expected: true
{"url":"//[::febe:254.251.254.184%25.]", "exception":"invalid URL"}
Stack trace:
#0 0x55a531c92710 url::(anonymous namespace)::URLParser_Parsing_Test::TestBody()

../../url/url_parsing_unittest.cc:22: Failure
Value of: parsed_url.is_valid()
  Actual: false
Expected: true
{"url":"//:5", "exception":"invalid URL"}
Stack trace:
#0 0x55a531c92710 url::(anonymous namespace)::URLParser_Parsing_Test::TestBody()

../../url/url_parsing_unittest.cc:22: Failure
Value of: parsed_url.is_valid()
  Actual: false
Expected: true
{"url":"//[::aada:255.255.255.214%25_]", "exception":"invalid URL"}
Stack trace:
#0 0x55a531c92710 url::(anonymous namespace)::URLParser_Parsing_Test::TestBody()

../../url/url_parsing_unittest.cc:22: Failure
Value of: parsed_url.is_valid()
  Actual: false
Expected: true
{"url":"//[ffeb::ddfb:253.250.252.255%25.]", "exception":"invalid URL"}
Stack trace:
#0 0x55a531c92710 url::(anonymous namespace)::URLParser_Parsing_Test::TestBody()

../../url/url_parsing_unittest.cc:22: Failure
Value of: parsed_url.is_valid()
  Actual: false
Expected: true
{"url":"//9@", "exception":"invalid URL"}
Stack trace:
#0 0x55a531c92710 url::(anonymous namespace)::URLParser_Parsing_Test::TestBody()

../../url/url_parsing_unittest.cc:22: Failure
Value of: parsed_url.is_valid()
  Actual: false
Expected: true
{"url":"//[::aeee:35.250.250.253%25.]", "exception":"invalid URL"}
Stack trace:
#0 0x55a531c92710 url::(anonymous namespace)::URLParser_Parsing_Test::TestBody()

../../url/url_parsing_unittest.cc:22: Failure
Value of: parsed_url.is_valid()
  Actual: false
Expected: true
{"url":"//[::faeb:fdea:eecc:eccb:ebdc:251.243.254.254%25_]", "exception":"invalid URL"}
Stack trace:
#0 0x55a531c92710 url::(anonymous namespace)::URLParser_Parsing_Test::TestBody()

../../url/url_parsing_unittest.cc:22: Failure
Value of: parsed_url.is_valid()
  Actual: false
Expected: true
{"url":"//[afba::baec:ceea:caec:dafd:252.251.250.1%25_]", "exception":"invalid URL"}
Stack trace:
#0 0x55a531c92710 url::(anonymous namespace)::URLParser_Parsing_Test::TestBody()

../../url/url_parsing_unittest.cc:22: Failure
Value of: parsed_url.is_valid()
  Actual: false
Expected: true
{"url":"//%0f", "exception":"invalid URL"}
Stack trace:
#0 0x55a531c92710 url::(anonymous namespace)::URLParser_Parsing_Test::TestBody()

../../url/url_parsing_unittest.cc:22: Failure
Value of: parsed_url.is_valid()
  Actual: false
Expected: true
{"url":"//#m", "exception":"invalid URL"}
Stack trace:
#0 0x55a531c92710 url::(anonymous namespace)::URLParser_Parsing_Test::TestBody()

../../url/url_parsing_unittest.cc:22: Failure
Value of: parsed_url.is_valid()
  Actual: false
Expected: true
{"url":"//[::3cfe:fadb:254.254.254.252%25.]", "exception":"invalid URL"}
Stack trace:
#0 0x55a531c92710 url::(anonymous namespace)::URLParser_Parsing_Test::TestBody()

../../url/url_parsing_unittest.cc:22: Failure
Value of: parsed_url.is_valid()
  Actual: false
Expected: true
{"url":"//[::cceb:bfae:efbc:dcfb:efff:252.255.255.103%25-]", "exception":"invalid URL"}
Stack trace:
#0 0x55a531c92710 url::(anonymous namespace)::URLParser_Parsing_Test::TestBody()

../../url/url_parsing_unittest.cc:22: Failure
Value of: parsed_url.is_valid()
  Actual: false
Expected: true
{"url":"//&@", "exception":"invalid URL"}
Stack trace:
#0 0x55a531c92710 url::(anonymous namespace)::URLParser_Parsing_Test::TestBody()

../../url/url_parsing_unittest.cc:22: Failure
Value of: parsed_url.is_valid()
  Actual: false
Expected: true
{"url":"//254.252.255.142", "exception":"invalid URL"}
Stack trace:
#0 0x55a531c92710 url::(anonymous namespace)::URLParser_Parsing_Test::TestBody()

../../url/url_parsing_unittest.cc:22: Failure
Value of: parsed_url.is_valid()
  Actual: false
Expected: true
{"url":"//[dfec::0bac:bccf:fabb:dfdb:251.251.251.255%25-]", "exception":"invalid URL"}
Stack trace:
#0 0x55a531c92710 url::(anonymous namespace)::URLParser_Parsing_Test::TestBody()

../../url/url_parsing_unittest.cc:22: Failure
Value of: parsed_url.is_valid()
  Actual: false
Expected: true
{"url":"//[::addb:afde:ffdd:254.250.201.255]", "exception":"invalid URL"}
Stack trace:
#0 0x55a531c92710 url::(anonymous namespace)::URLParser_Parsing_Test::TestBody()

../../url/url_parsing_unittest.cc:22: Failure
Value of: parsed_url.is_valid()
  Actual: false
Expected: true
{"url":"//[bbcb:afac:fffa:bbfc:dacf:ccde:212.252.252.254]", "exception":"invalid URL"}
Stack trace:
#0 0x55a531c92710 url::(anonymous namespace)::URLParser_Parsing_Test::TestBody()

../../url/url_parsing_unittest.cc:22: Failure
Value of: parsed_url.is_valid()
  Actual: false
Expected: true
{"url":"//[adef::beba:bfba:cdbe:cedb:253.254.157.250%25_]", "exception":"invalid URL"}
Stack trace:
#0 0x55a531c92710 url::(anonymous namespace)::URLParser_Parsing_Test::TestBody()

../../url/url_parsing_unittest.cc:22: Failure
Value of: parsed_url.is_valid()
  Actual: false
Expected: true
{"url":"//[::abaa:eabc:252.156.253.252%25.]", "exception":"invalid URL"}
Stack trace:
#0 0x55a531c92710 url::(anonymous namespace)::URLParser_Parsing_Test::TestBody()

../../url/url_parsing_unittest.cc:22: Failure
Value of: parsed_url.is_valid()
  Actual: false
Expected: true
{"url":"//[::bbae:250.254.8.253]", "exception":"invalid URL"}
Stack trace:
#0 0x55a531c92710 url::(anonymous namespace)::URLParser_Parsing_Test::TestBody()

../../url/url_parsing_unittest.cc:22: Failure
Value of: parsed_url.is_valid()
  Actual: false
Expected: true
{"url":"//[1ddf::fdfe:aeaf:254.250.252.253%25-]", "exception":"invalid URL"}
Stack trace:
#0 0x55a531c92710 url::(anonymous namespace)::URLParser_Parsing_Test::TestBody()

../../url/url_parsing_unittest.cc:22: Failure
Value of: parsed_url.is_valid()
  Actual: false
Expected: true
{"url":"//[::cfca:aebb:0ebd:ebcd]", "exception":"invalid URL"}
Stack trace:
#0 0x55a531c92710 url::(anonymous namespace)::URLParser_Parsing_Test::TestBody()

../../url/url_parsing_unittest.cc:22: Failure
Value of: parsed_url.is_valid()
  Actual: false
Expected: true
{"url":"//%3e", "exception":"invalid URL"}
Stack trace:
#0 0x55a531c92710 url::(anonymous namespace)::URLParser_Parsing_Test::TestBody()

../../url/url_parsing_unittest.cc:22: Failure
Value of: parsed_url.is_valid()
  Actual: false
Expected: true
{"url":"//[::abcd:aaad:aeff:feac:3dbb]", "exception":"invalid URL"}
Stack trace:
#0 0x55a531c92710 url::(anonymous namespace)::URLParser_Parsing_Test::TestBody()

../../url/url_parsing_unittest.cc:22: Failure
Value of: parsed_url.is_valid()
  Actual: false
Expected: true
{"url":"//[::%25%f8]", "exception":"invalid URL"}
Stack trace:
#0 0x55a531c92710 url::(anonymous namespace)::URLParser_Parsing_Test::TestBody()

../../url/url_parsing_unittest.cc:22: Failure
Value of: parsed_url.is_valid()
  Actual: false
Expected: true
{"url":"//@/%cd", "exception":"invalid URL"}
Stack trace:
#0 0x55a531c92710 url::(anonymous namespace)::URLParser_Parsing_Test::TestBody()

../../url/url_parsing_unittest.cc:22: Failure
Value of: parsed_url.is_valid()
  Actual: false
Expected: true
{"url":"//[cfde::dbbc:beec:ffec:beda:252.251.0.254]", "exception":"invalid URL"}
Stack trace:
#0 0x55a531c92710 url::(anonymous namespace)::URLParser_Parsing_Test::TestBody()

../../url/url_parsing_unittest.cc:22: Failure
Value of: parsed_url.is_valid()
  Actual: false
Expected: true
{"url":"//[::cacf:4.254.254.253]", "exception":"invalid URL"}
Stack trace:
#0 0x55a531c92710 url::(anonymous namespace)::URLParser_Parsing_Test::TestBody()

../../url/url_parsing_unittest.cc:22: Failure
Value of: parsed_url.is_valid()
  Actual: false
Expected: true
{"url":"//[::7ddd%25.]", "exception":"invalid URL"}
Stack trace:
#0 0x55a531c92710 url::(anonymous namespace)::URLParser_Parsing_Test::TestBody()

../../url/url_parsing_unittest.cc:22: Failure
Value of: parsed_url.is_valid()
  Actual: false
Expected: true
{"url":"//v", "exception":"invalid URL"}
Stack trace:
#0 0x55a531c92710 url::(anonymous namespace)::URLParser_Parsing_Test::TestBody()

../../url/url_parsing_unittest.cc:22: Failure
Value of: parsed_url.is_valid()
  Actual: false
Expected: true
{"url":"//[ddcd::bbfb:cafc:caee:fecf:255.254.9.250%25.]", "exception":"invalid URL"}
Stack trace:
#0 0x55a531c92710 url::(anonymous namespace)::URLParser_Parsing_Test::TestBody()

../../url/url_parsing_unittest.cc:22: Failure
Value of: parsed_url.is_valid()
  Actual: false
Expected: true
{"url":"//[bfad:deaa:bbba:afec:baef:fcdd:250.253.253.17%25.]", "exception":"invalid URL"}
Stack trace:
#0 0x55a531c92710 url::(anonymous namespace)::URLParser_Parsing_Test::TestBody()

../../url/url_parsing_unittest.cc:22: Failure
Value of: parsed_url.is_valid()
  Actual: false
Expected: true
{"url":"//[fbab:aaba:dafe:affd:eebf:bcfd:98.255.252.250%25~]", "exception":"invalid URL"}
Stack trace:
#0 0x55a531c92710 url::(anonymous namespace)::URLParser_Parsing_Test::TestBody()

[  FAILED  ] URLParser.Parsing (16 ms)
[----------] 1 test from URLParser (16 ms total)

[----------] Global test environment tear-down
[==========] 1 test from 1 test suite ran. (16 ms total)
[  PASSED  ] 0 tests.
[  FAILED  ] 1 test, listed below:
[  FAILED  ] URLParser.Parsing

 1 FAILED TEST
[1/1] URLParser.Parsing (16 ms)
1 test failed:
    URLParser.Parsing (../../url/url_parsing_unittest.cc:130)
Tests took 1 seconds.
