IMPORTANT DEBUGGING NOTE: batches of tests are run inside their
own process. For debugging a test inside a debugger, use the
--gtest_filter=<your_test_name> flag along with
--single-process-tests.
Using sharding settings from environment. This is shard 0/1
Using 1 parallel jobs.
Note: Google Test filter = URLParser.Parsing
[==========] Running 1 test from 1 test suite.
[----------] Global test environment set-up.
[----------] 1 test from URLParser
[ RUN      ] URLParser.Parsing
../../url/url_parsing_unittest.cc:54: Failure
Expected equality of these values:
  parse_case.host
    Which is: "\""
  parsed_url.host()
    Which is: "%22"
{"url":"https://%3d@"", "error":{"component":"host", "expected":""", "actual":"%22"}}
Stack trace:
#0 0x5621cf6e26a5 url::(anonymous namespace)::CheckComponents()
#1 0x5621cf6e03a1 url::(anonymous namespace)::URLParser_Parsing_Test::TestBody()

[  FAILED  ] URLParser.Parsing (1 ms)
[----------] 1 test from URLParser (1 ms total)

[----------] Global test environment tear-down
[==========] 1 test from 1 test suite ran. (1 ms total)
[  PASSED  ] 0 tests.
[  FAILED  ] 1 test, listed below:
[  FAILED  ] URLParser.Parsing

 1 FAILED TEST
[1/1] URLParser.Parsing (1 ms)
1 test failed:
    URLParser.Parsing (../../url/url_parsing_unittest.cc:65)
Tests took 0 seconds.
