IMPORTANT DEBUGGING NOTE: batches of tests are run inside their
own process. For debugging a test inside a debugger, use the
--gtest_filter=<your_test_name> flag along with
--single-process-tests.
Using sharding settings from environment. This is shard 0/1
Using 1 parallel jobs.
Note: Google Test filter = URLParser.Parsing
[==========] Running 1 test from 1 test suite.
[----------] Global test environment set-up.
[----------] 1 test from URLParser
[ RUN      ] URLParser.Parsing
../../url/url_parsing_unittest.cc:22: Failure
Value of: parsed_url.is_valid()
  Actual: false
Expected: true
{"url":"//?.", "exception":"invalid URL"}
Stack trace:
#0 0x564f6888b0d0 url::(anonymous namespace)::URLParser_Parsing_Test::TestBody()

../../url/url_parsing_unittest.cc:22: Failure
Value of: parsed_url.is_valid()
  Actual: false
Expected: true
{"url":"//[::227.5.8.5]", "exception":"invalid URL"}
Stack trace:
#0 0x564f6888b0d0 url::(anonymous namespace)::URLParser_Parsing_Test::TestBody()

../../url/url_parsing_unittest.cc:22: Failure
Value of: parsed_url.is_valid()
  Actual: false
Expected: true
{"url":"//[::becd:dcde:feab:dabb:beaa:1.2.252.9]", "exception":"invalid URL"}
Stack trace:
#0 0x564f6888b0d0 url::(anonymous namespace)::URLParser_Parsing_Test::TestBody()

../../url/url_parsing_unittest.cc:22: Failure
Value of: parsed_url.is_valid()
  Actual: false
Expected: true
{"url":"//[dadb::fafb:eeeb:bcfb:dffd:210.1.2.9%25_]", "exception":"invalid URL"}
Stack trace:
#0 0x564f6888b0d0 url::(anonymous namespace)::URLParser_Parsing_Test::TestBody()

../../url/url_parsing_unittest.cc:22: Failure
Value of: parsed_url.is_valid()
  Actual: false
Expected: true
{"url":"//[::bfda:acda:5.8.3.252%25_]", "exception":"invalid URL"}
Stack trace:
#0 0x564f6888b0d0 url::(anonymous namespace)::URLParser_Parsing_Test::TestBody()

../../url/url_parsing_unittest.cc:22: Failure
Value of: parsed_url.is_valid()
  Actual: false
Expected: true
{"url":"//[fffd::beae:bdbb:acde:bbfc:184.4.5.2]", "exception":"invalid URL"}
Stack trace:
#0 0x564f6888b0d0 url::(anonymous namespace)::URLParser_Parsing_Test::TestBody()

../../url/url_parsing_unittest.cc:22: Failure
Value of: parsed_url.is_valid()
  Actual: false
Expected: true
{"url":"//[::aaeb:eaad:cedf:5.8.100.3%25.]", "exception":"invalid URL"}
Stack trace:
#0 0x564f6888b0d0 url::(anonymous namespace)::URLParser_Parsing_Test::TestBody()

../../url/url_parsing_unittest.cc:22: Failure
Value of: parsed_url.is_valid()
  Actual: false
Expected: true
{"url":"//5.8.8.252", "exception":"invalid URL"}
Stack trace:
#0 0x564f6888b0d0 url::(anonymous namespace)::URLParser_Parsing_Test::TestBody()

../../url/url_parsing_unittest.cc:22: Failure
Value of: parsed_url.is_valid()
  Actual: false
Expected: true
{"url":"//[::6.255.8.9%25~]", "exception":"invalid URL"}
Stack trace:
#0 0x564f6888b0d0 url::(anonymous namespace)::URLParser_Parsing_Test::TestBody()

../../url/url_parsing_unittest.cc:22: Failure
Value of: parsed_url.is_valid()
  Actual: false
Expected: true
{"url":"//[::fecf:befc:0.7.153.9%25-]", "exception":"invalid URL"}
Stack trace:
#0 0x564f6888b0d0 url::(anonymous namespace)::URLParser_Parsing_Test::TestBody()

../../url/url_parsing_unittest.cc:22: Failure
Value of: parsed_url.is_valid()
  Actual: false
Expected: true
{"url":"//[::ecdf:abea:bbac:eabc:fddc:8.200.8.5%25~]", "exception":"invalid URL"}
Stack trace:
#0 0x564f6888b0d0 url::(anonymous namespace)::URLParser_Parsing_Test::TestBody()

../../url/url_parsing_unittest.cc:22: Failure
Value of: parsed_url.is_valid()
  Actual: false
Expected: true
{"url":"//[::fdcb:fbca:bbbd:3.8.8.251%25-]", "exception":"invalid URL"}
Stack trace:
#0 0x564f6888b0d0 url::(anonymous namespace)::URLParser_Parsing_Test::TestBody()

../../url/url_parsing_unittest.cc:22: Failure
Value of: parsed_url.is_valid()
  Actual: false
Expected: true
{"url":"//[eedf:cabe:abcd:cfef:ceda:facc:250.4.7.7]", "exception":"invalid URL"}
Stack trace:
#0 0x564f6888b0d0 url::(anonymous namespace)::URLParser_Parsing_Test::TestBody()

../../url/url_parsing_unittest.cc:22: Failure
Value of: parsed_url.is_valid()
  Actual: false
Expected: true
{"url":"///'", "exception":"invalid URL"}
Stack trace:
#0 0x564f6888b0d0 url::(anonymous namespace)::URLParser_Parsing_Test::TestBody()

../../url/url_parsing_unittest.cc:22: Failure
Value of: parsed_url.is_valid()
  Actual: false
Expected: true
{"url":"//[::7.7.255.5]", "exception":"invalid URL"}
Stack trace:
#0 0x564f6888b0d0 url::(anonymous namespace)::URLParser_Parsing_Test::TestBody()

../../url/url_parsing_unittest.cc:22: Failure
Value of: parsed_url.is_valid()
  Actual: false
Expected: true
{"url":"//[aced:cfef:bdbd:beff:cdae:dabd:247.9.3.1%25_]", "exception":"invalid URL"}
Stack trace:
#0 0x564f6888b0d0 url::(anonymous namespace)::URLParser_Parsing_Test::TestBody()

../../url/url_parsing_unittest.cc:22: Failure
Value of: parsed_url.is_valid()
  Actual: false
Expected: true
{"url":"//[::ebec:ebda:7.1.208.1]", "exception":"invalid URL"}
Stack trace:
#0 0x564f6888b0d0 url::(anonymous namespace)::URLParser_Parsing_Test::TestBody()

../../url/url_parsing_unittest.cc:22: Failure
Value of: parsed_url.is_valid()
  Actual: false
Expected: true
{"url":"///@/,", "exception":"invalid URL"}
Stack trace:
#0 0x564f6888b0d0 url::(anonymous namespace)::URLParser_Parsing_Test::TestBody()

../../url/url_parsing_unittest.cc:22: Failure
Value of: parsed_url.is_valid()
  Actual: false
Expected: true
{"url":"//[::dcfa:eaea:ffde:3.26.7.8%25-]", "exception":"invalid URL"}
Stack trace:
#0 0x564f6888b0d0 url::(anonymous namespace)::URLParser_Parsing_Test::TestBody()

../../url/url_parsing_unittest.cc:22: Failure
Value of: parsed_url.is_valid()
  Actual: false
Expected: true
{"url":"//[::fafb:cbfb:8afb:aadc%25_]", "exception":"invalid URL"}
Stack trace:
#0 0x564f6888b0d0 url::(anonymous namespace)::URLParser_Parsing_Test::TestBody()

../../url/url_parsing_unittest.cc:22: Failure
Value of: parsed_url.is_valid()
  Actual: false
Expected: true
{"url":"//[::cfcc:baba:ceea:3.0.3.205]", "exception":"invalid URL"}
Stack trace:
#0 0x564f6888b0d0 url::(anonymous namespace)::URLParser_Parsing_Test::TestBody()

../../url/url_parsing_unittest.cc:22: Failure
Value of: parsed_url.is_valid()
  Actual: false
Expected: true
{"url":"//[::aefa:beae:0.5.7.212%25~]", "exception":"invalid URL"}
Stack trace:
#0 0x564f6888b0d0 url::(anonymous namespace)::URLParser_Parsing_Test::TestBody()

../../url/url_parsing_unittest.cc:22: Failure
Value of: parsed_url.is_valid()
  Actual: false
Expected: true
{"url":"//[::0.8.253.8%25-]", "exception":"invalid URL"}
Stack trace:
#0 0x564f6888b0d0 url::(anonymous namespace)::URLParser_Parsing_Test::TestBody()

../../url/url_parsing_unittest.cc:22: Failure
Value of: parsed_url.is_valid()
  Actual: false
Expected: true
{"url":"//@/@", "exception":"invalid URL"}
Stack trace:
#0 0x564f6888b0d0 url::(anonymous namespace)::URLParser_Parsing_Test::TestBody()

../../url/url_parsing_unittest.cc:22: Failure
Value of: parsed_url.is_valid()
  Actual: false
Expected: true
{"url":"//[::3.4.3.203%25.]", "exception":"invalid URL"}
Stack trace:
#0 0x564f6888b0d0 url::(anonymous namespace)::URLParser_Parsing_Test::TestBody()

../../url/url_parsing_unittest.cc:22: Failure
Value of: parsed_url.is_valid()
  Actual: false
Expected: true
{"url":"//[::aeaf:aecf:abdf:5.5.7.206]", "exception":"invalid URL"}
Stack trace:
#0 0x564f6888b0d0 url::(anonymous namespace)::URLParser_Parsing_Test::TestBody()

../../url/url_parsing_unittest.cc:22: Failure
Value of: parsed_url.is_valid()
  Actual: false
Expected: true
{"url":"//[::abaa:ccbc:8.253.9.3%25~]", "exception":"invalid URL"}
Stack trace:
#0 0x564f6888b0d0 url::(anonymous namespace)::URLParser_Parsing_Test::TestBody()

../../url/url_parsing_unittest.cc:22: Failure
Value of: parsed_url.is_valid()
  Actual: false
Expected: true
{"url":"//[::%252]", "exception":"invalid URL"}
Stack trace:
#0 0x564f6888b0d0 url::(anonymous namespace)::URLParser_Parsing_Test::TestBody()

../../url/url_parsing_unittest.cc:22: Failure
Value of: parsed_url.is_valid()
  Actual: false
Expected: true
{"url":"//[becf:dfaa:ebda:eebe:fabc:dfff:4.254.3.5]", "exception":"invalid URL"}
Stack trace:
#0 0x564f6888b0d0 url::(anonymous namespace)::URLParser_Parsing_Test::TestBody()

../../url/url_parsing_unittest.cc:22: Failure
Value of: parsed_url.is_valid()
  Actual: false
Expected: true
{"url":"//_", "exception":"invalid URL"}
Stack trace:
#0 0x564f6888b0d0 url::(anonymous namespace)::URLParser_Parsing_Test::TestBody()

../../url/url_parsing_unittest.cc:22: Failure
Value of: parsed_url.is_valid()
  Actual: false
Expected: true
{"url":"//[decf:febf:efcb:daac:fedb:cefc:1.216.4.9%25-]", "exception":"invalid URL"}
Stack trace:
#0 0x564f6888b0d0 url::(anonymous namespace)::URLParser_Parsing_Test::TestBody()

../../url/url_parsing_unittest.cc:22: Failure
Value of: parsed_url.is_valid()
  Actual: false
Expected: true
{"url":"//[::bead:daba:dcdb:fefa:eaaa:0.208.8.9]", "exception":"invalid URL"}
Stack trace:
#0 0x564f6888b0d0 url::(anonymous namespace)::URLParser_Parsing_Test::TestBody()

../../url/url_parsing_unittest.cc:22: Failure
Value of: parsed_url.is_valid()
  Actual: false
Expected: true
{"url":"//[::daaf:ffae:1.251.2.1]", "exception":"invalid URL"}
Stack trace:
#0 0x564f6888b0d0 url::(anonymous namespace)::URLParser_Parsing_Test::TestBody()

../../url/url_parsing_unittest.cc:22: Failure
Value of: parsed_url.is_valid()
  Actual: false
Expected: true
{"url":"//[aebc:dbea::]", "exception":"invalid URL"}
Stack trace:
#0 0x564f6888b0d0 url::(anonymous namespace)::URLParser_Parsing_Test::TestBody()

../../url/url_parsing_unittest.cc:22: Failure
Value of: parsed_url.is_valid()
  Actual: false
Expected: true
{"url":"//[cbdd:fecd:befc:eace:bcae:cbee:8.8.2.251]", "exception":"invalid URL"}
Stack trace:
#0 0x564f6888b0d0 url::(anonymous namespace)::URLParser_Parsing_Test::TestBody()

../../url/url_parsing_unittest.cc:22: Failure
Value of: parsed_url.is_valid()
  Actual: false
Expected: true
{"url":"//[::cdca:dcda:dfbd:fcce:baac:236.6.8.2%25-]", "exception":"invalid URL"}
Stack trace:
#0 0x564f6888b0d0 url::(anonymous namespace)::URLParser_Parsing_Test::TestBody()

../../url/url_parsing_unittest.cc:22: Failure
Value of: parsed_url.is_valid()
  Actual: false
Expected: true
{"url":"//[::cbaa:aabf:caae:caca:fdbd:1.1.5.251%25~]", "exception":"invalid URL"}
Stack trace:
#0 0x564f6888b0d0 url::(anonymous namespace)::URLParser_Parsing_Test::TestBody()

../../url/url_parsing_unittest.cc:22: Failure
Value of: parsed_url.is_valid()
  Actual: false
Expected: true
{"url":"///:/+", "exception":"invalid URL"}
Stack trace:
#0 0x564f6888b0d0 url::(anonymous namespace)::URLParser_Parsing_Test::TestBody()

../../url/url_parsing_unittest.cc:22: Failure
Value of: parsed_url.is_valid()
  Actual: false
Expected: true
{"url":"///@/+", "exception":"invalid URL"}
Stack trace:
#0 0x564f6888b0d0 url::(anonymous namespace)::URLParser_Parsing_Test::TestBody()

../../url/url_parsing_unittest.cc:22: Failure
Value of: parsed_url.is_valid()
  Actual: false
Expected: true
{"url":"//[::fcbf:dfdd:ecba:cbba:bfff:8.3.254.0%25_]", "exception":"invalid URL"}
Stack trace:
#0 0x564f6888b0d0 url::(anonymous namespace)::URLParser_Parsing_Test::TestBody()

../../url/url_parsing_unittest.cc:22: Failure
Value of: parsed_url.is_valid()
  Actual: false
Expected: true
{"url":"//[fddb::adae:bccc:abad:ceac:5.228.1.0]", "exception":"invalid URL"}
Stack trace:
#0 0x564f6888b0d0 url::(anonymous namespace)::URLParser_Parsing_Test::TestBody()

../../url/url_parsing_unittest.cc:22: Failure
Value of: parsed_url.is_valid()
  Actual: false
Expected: true
{"url":"//%b5", "exception":"invalid URL"}
Stack trace:
#0 0x564f6888b0d0 url::(anonymous namespace)::URLParser_Parsing_Test::TestBody()

../../url/url_parsing_unittest.cc:22: Failure
Value of: parsed_url.is_valid()
  Actual: false
Expected: true
{"url":"//[::fdad:afff:255.1.4.5%25~]", "exception":"invalid URL"}
Stack trace:
#0 0x564f6888b0d0 url::(anonymous namespace)::URLParser_Parsing_Test::TestBody()

../../url/url_parsing_unittest.cc:22: Failure
Value of: parsed_url.is_valid()
  Actual: false
Expected: true
{"url":"//[::dabc:0.0.252.3]", "exception":"invalid URL"}
Stack trace:
#0 0x564f6888b0d0 url::(anonymous namespace)::URLParser_Parsing_Test::TestBody()

../../url/url_parsing_unittest.cc:22: Failure
Value of: parsed_url.is_valid()
  Actual: false
Expected: true
{"url":"//[eeed::bdfe:feca:bfca:afee:6.246.8.9]", "exception":"invalid URL"}
Stack trace:
#0 0x564f6888b0d0 url::(anonymous namespace)::URLParser_Parsing_Test::TestBody()

../../url/url_parsing_unittest.cc:22: Failure
Value of: parsed_url.is_valid()
  Actual: false
Expected: true
{"url":"//[bbfe:fdff:fbad:bcdd:fcdc:ceed:254.4.2.4]", "exception":"invalid URL"}
Stack trace:
#0 0x564f6888b0d0 url::(anonymous namespace)::URLParser_Parsing_Test::TestBody()

../../url/url_parsing_unittest.cc:22: Failure
Value of: parsed_url.is_valid()
  Actual: false
Expected: true
{"url":"///@/%c1", "exception":"invalid URL"}
Stack trace:
#0 0x564f6888b0d0 url::(anonymous namespace)::URLParser_Parsing_Test::TestBody()

../../url/url_parsing_unittest.cc:22: Failure
Value of: parsed_url.is_valid()
  Actual: false
Expected: true
{"url":"//[::3.232.0.9]", "exception":"invalid URL"}
Stack trace:
#0 0x564f6888b0d0 url::(anonymous namespace)::URLParser_Parsing_Test::TestBody()

../../url/url_parsing_unittest.cc:22: Failure
Value of: parsed_url.is_valid()
  Actual: false
Expected: true
{"url":"//[::abea:fdbf:cbaa:252.4.3.5%25.]", "exception":"invalid URL"}
Stack trace:
#0 0x564f6888b0d0 url::(anonymous namespace)::URLParser_Parsing_Test::TestBody()

../../url/url_parsing_unittest.cc:22: Failure
Value of: parsed_url.is_valid()
  Actual: false
Expected: true
{"url":"//[3eda:beca::ffbd:aade:edda:cbbd:beea%25-]", "exception":"invalid URL"}
Stack trace:
#0 0x564f6888b0d0 url::(anonymous namespace)::URLParser_Parsing_Test::TestBody()

../../url/url_parsing_unittest.cc:22: Failure
Value of: parsed_url.is_valid()
  Actual: false
Expected: true
{"url":"//[::eabb:adbb:bdab:4.8.7.245]", "exception":"invalid URL"}
Stack trace:
#0 0x564f6888b0d0 url::(anonymous namespace)::URLParser_Parsing_Test::TestBody()

../../url/url_parsing_unittest.cc:22: Failure
Value of: parsed_url.is_valid()
  Actual: false
Expected: true
{"url":"//[::dced:adba:2ecb:cdfa%25-]", "exception":"invalid URL"}
Stack trace:
#0 0x564f6888b0d0 url::(anonymous namespace)::URLParser_Parsing_Test::TestBody()

../../url/url_parsing_unittest.cc:22: Failure
Value of: parsed_url.is_valid()
  Actual: false
Expected: true
{"url":"//[::aabc:edeb:dfab:238.4.3.9%25~]", "exception":"invalid URL"}
Stack trace:
#0 0x564f6888b0d0 url::(anonymous namespace)::URLParser_Parsing_Test::TestBody()

../../url/url_parsing_unittest.cc:22: Failure
Value of: parsed_url.is_valid()
  Actual: false
Expected: true
{"url":"//[::253.0.7.8%25~]", "exception":"invalid URL"}
Stack trace:
#0 0x564f6888b0d0 url::(anonymous namespace)::URLParser_Parsing_Test::TestBody()

../../url/url_parsing_unittest.cc:22: Failure
Value of: parsed_url.is_valid()
  Actual: false
Expected: true
{"url":"//[::ebaf:4.185.2.8]", "exception":"invalid URL"}
Stack trace:
#0 0x564f6888b0d0 url::(anonymous namespace)::URLParser_Parsing_Test::TestBody()

../../url/url_parsing_unittest.cc:22: Failure
Value of: parsed_url.is_valid()
  Actual: false
Expected: true
{"url":"//[fdaa:fbea:fbbd:cebe:eece:fdbc:4.8.207.0]", "exception":"invalid URL"}
Stack trace:
#0 0x564f6888b0d0 url::(anonymous namespace)::URLParser_Parsing_Test::TestBody()

../../url/url_parsing_unittest.cc:22: Failure
Value of: parsed_url.is_valid()
  Actual: false
Expected: true
{"url":"//@/T", "exception":"invalid URL"}
Stack trace:
#0 0x564f6888b0d0 url::(anonymous namespace)::URLParser_Parsing_Test::TestBody()

../../url/url_parsing_unittest.cc:22: Failure
Value of: parsed_url.is_valid()
  Actual: false
Expected: true
{"url":"//[::cdeb:adff:2aeb:ccde%25~]", "exception":"invalid URL"}
Stack trace:
#0 0x564f6888b0d0 url::(anonymous namespace)::URLParser_Parsing_Test::TestBody()

../../url/url_parsing_unittest.cc:22: Failure
Value of: parsed_url.is_valid()
  Actual: false
Expected: true
{"url":"//[vf._]", "exception":"invalid URL"}
Stack trace:
#0 0x564f6888b0d0 url::(anonymous namespace)::URLParser_Parsing_Test::TestBody()

../../url/url_parsing_unittest.cc:22: Failure
Value of: parsed_url.is_valid()
  Actual: false
Expected: true
{"url":"//[::bfeb:adcd:fcac:eeae:aafa:251.3.7.6]", "exception":"invalid URL"}
Stack trace:
#0 0x564f6888b0d0 url::(anonymous namespace)::URLParser_Parsing_Test::TestBody()

../../url/url_parsing_unittest.cc:22: Failure
Value of: parsed_url.is_valid()
  Actual: false
Expected: true
{"url":"//[::eebb:ebfe:aebb:228.1.9.7]", "exception":"invalid URL"}
Stack trace:
#0 0x564f6888b0d0 url::(anonymous namespace)::URLParser_Parsing_Test::TestBody()

../../url/url_parsing_unittest.cc:22: Failure
Value of: parsed_url.is_valid()
  Actual: false
Expected: true
{"url":"///M", "exception":"invalid URL"}
Stack trace:
#0 0x564f6888b0d0 url::(anonymous namespace)::URLParser_Parsing_Test::TestBody()

../../url/url_parsing_unittest.cc:22: Failure
Value of: parsed_url.is_valid()
  Actual: false
Expected: true
{"url":"//[adca:faab:bfea:acfc:fdbe:dcec:2.1.1.251%25~]", "exception":"invalid URL"}
Stack trace:
#0 0x564f6888b0d0 url::(anonymous namespace)::URLParser_Parsing_Test::TestBody()

../../url/url_parsing_unittest.cc:22: Failure
Value of: parsed_url.is_valid()
  Actual: false
Expected: true
{"url":"//[::bbff:bddf:aaba:4.239.9.3]", "exception":"invalid URL"}
Stack trace:
#0 0x564f6888b0d0 url::(anonymous namespace)::URLParser_Parsing_Test::TestBody()

../../url/url_parsing_unittest.cc:22: Failure
Value of: parsed_url.is_valid()
  Actual: false
Expected: true
{"url":"//@/;", "exception":"invalid URL"}
Stack trace:
#0 0x564f6888b0d0 url::(anonymous namespace)::URLParser_Parsing_Test::TestBody()

[  FAILED  ] URLParser.Parsing (19 ms)
[----------] 1 test from URLParser (19 ms total)

[----------] Global test environment tear-down
[==========] 1 test from 1 test suite ran. (19 ms total)
[  PASSED  ] 0 tests.
[  FAILED  ] 1 test, listed below:
[  FAILED  ] URLParser.Parsing

 1 FAILED TEST
[1/1] URLParser.Parsing (19 ms)
1 test failed:
    URLParser.Parsing (../../url/url_parsing_unittest.cc:180)
Tests took 0 seconds.
