Test configuration changed. Regenerating backend.
 0:06.95 INFO Found node at /usr/bin/nodejs
 0:06.95 INFO Found moz-http2 at /home/mozilla-unified/testing/xpcshell/moz-http2/moz-http2.js
 0:07.43 INFO Found /home/mozilla-unified/obj-x86_64-pc-linux-gnu/dist/bin/http3server
 0:07.43 INFO Using /home/mozilla-unified/netwerk/test/http3serverDB
 0:07.45 INFO Running tests sequentially.
 0:07.45 SUITE_START: xpcshell - running 1 tests
 0:07.45 INFO profile dir is /tmp/firefox/xpcshellprofile
 0:07.46 TEST_START: netwerk/test/URLTestFiles/test_URIs_3.js
 0:07.46 INFO netwerk/test/URLTestFiles/test_URIs_3.js | full command: ['/home/mozilla-unified/obj-x86_64-pc-linux-gnu/dist/bin/xpcshell', '-g', '/home/mozilla-unified/obj-x86_64-pc-linux-gnu/dist/bin', '-a', '/home/mozilla-unified/obj-x86_64-pc-linux-gnu/dist/bin', '-m', '-e', 'const _HEAD_JS_PATH = "/home/mozilla-unified/testing/xpcshell/head.js";', '-e', 'const _MOZINFO_JS_PATH = "/tmp/firefox/xpcshellprofile/mozinfo.json";', '-e', 'const _PREFS_FILE = "/home/mozilla-unified/obj-x86_64-pc-linux-gnu/temp/user.js";', '-e', 'const _TESTING_MODULES_DIR = "/home/mozilla-unified/obj-x86_64-pc-linux-gnu/_tests/modules/";', '-f', '/home/mozilla-unified/testing/xpcshell/head.js', '-p', '/home/mozilla-unified/obj-x86_64-pc-linux-gnu/temp/xpc-plugins-0pi8832p', '-e', 'const _HEAD_FILES = ["/home/mozilla-unified/obj-x86_64-pc-linux-gnu/_tests/xpcshell/netwerk/test/URLTestFiles/head_channels.js", "/home/mozilla-unified/obj-x86_64-pc-linux-gnu/_tests/xpcshell/netwerk/test/URLTestFiles/head_cache.js", "/home/mozilla-unified/obj-x86_64-pc-linux-gnu/_tests/xpcshell/netwerk/test/URLTestFiles/head_cache2.js", "/home/mozilla-unified/obj-x86_64-pc-linux-gnu/_tests/xpcshell/netwerk/test/URLTestFiles/head_cookies.js"];', '-e', 'const _JSDEBUGGER_PORT = 0;', '-e', 'const _TEST_FILE = ["/home/mozilla-unified/obj-x86_64-pc-linux-gnu/_tests/xpcshell/netwerk/test/URLTestFiles/test_URIs_3.js"];', '-e', 'const _TEST_NAME = "netwerk/test/URLTestFiles/test_URIs_3.js";', '-e', '_execute_test(); quit(0);']
 0:07.46 INFO netwerk/test/URLTestFiles/test_URIs_3.js | current directory: '/home/mozilla-unified/obj-x86_64-pc-linux-gnu/_tests/xpcshell/netwerk/test/URLTestFiles'
 0:07.46 INFO netwerk/test/URLTestFiles/test_URIs_3.js | environment: ['MOZ_DISABLE_NONLOCAL_CONNECTIONS=1', 'MOZHTTP3_PORT=43088', 'XPCSHELL_TEST_PROFILE_DIR=/tmp/firefox/xpcshellprofile', 'MOZ_DISABLE_CONTENT_SANDBOX=1', 'MOZNODE_EXEC_PORT=36589', 'MOZ_CRASHREPORTER=1', 'MOZ_HEADLESS=1', 'XPCOM_DEBUG_BREAK=stack-and-abort', 'MOZHTTP2_PORT=42205', 'DISPLAY=77', 'MOZ_DISABLE_SOCKET_PROCESS=1', 'MOZ_CRASHREPORTER_NO_REPORT=1', 'MOZ_WEBRENDER=0', 'MOZ_DEVELOPER_REPO_DIR=/home/mozilla-unified', 'MOZHTTP3_PORT_FAILED=57401', 'XPCSHELL_TEST_TEMP_DIR=/home/mozilla-unified/obj-x86_64-pc-linux-gnu/temp/xpc-other-yfl7js5d', 'MOZ_DISABLE_SOCKET_PROCESS_SANDBOX=1', 'MOZHTTP3_PORT_NO_RESPONSE=54720', 'LD_LIBRARY_PATH=/home/mozilla-unified/obj-x86_64-pc-linux-gnu/dist/bin']
 0:07.46 INFO netwerk/test/URLTestFiles/test_URIs_3.js | as shell command: (cd /home/mozilla-unified/obj-x86_64-pc-linux-gnu/_tests/xpcshell/netwerk/test/URLTestFiles; MOZ_DISABLE_NONLOCAL_CONNECTIONS=1 MOZHTTP3_PORT=43088 XPCSHELL_TEST_PROFILE_DIR=/tmp/firefox/xpcshellprofile MOZ_DISABLE_CONTENT_SANDBOX=1 MOZNODE_EXEC_PORT=36589 MOZ_CRASHREPORTER=1 MOZ_HEADLESS=1 XPCOM_DEBUG_BREAK=stack-and-abort MOZHTTP2_PORT=42205 DISPLAY=77 MOZ_DISABLE_SOCKET_PROCESS=1 MOZ_CRASHREPORTER_NO_REPORT=1 MOZ_WEBRENDER=0 MOZ_DEVELOPER_REPO_DIR=/home/mozilla-unified MOZHTTP3_PORT_FAILED=57401 XPCSHELL_TEST_TEMP_DIR=/home/mozilla-unified/obj-x86_64-pc-linux-gnu/temp/xpc-other-yfl7js5d MOZ_DISABLE_SOCKET_PROCESS_SANDBOX=1 MOZHTTP3_PORT_NO_RESPONSE=54720 LD_LIBRARY_PATH=/home/mozilla-unified/obj-x86_64-pc-linux-gnu/dist/bin /home/mozilla-unified/obj-x86_64-pc-linux-gnu/dist/bin/xpcshell -g /home/mozilla-unified/obj-x86_64-pc-linux-gnu/dist/bin -a /home/mozilla-unified/obj-x86_64-pc-linux-gnu/dist/bin -m -e 'const _HEAD_JS_PATH = "/home/mozilla-unified/testing/xpcshell/head.js";' -e 'const _MOZINFO_JS_PATH = "/tmp/firefox/xpcshellprofile/mozinfo.json";' -e 'const _PREFS_FILE = "/home/mozilla-unified/obj-x86_64-pc-linux-gnu/temp/user.js";' -e 'const _TESTING_MODULES_DIR = "/home/mozilla-unified/obj-x86_64-pc-linux-gnu/_tests/modules/";' -f /home/mozilla-unified/testing/xpcshell/head.js -p /home/mozilla-unified/obj-x86_64-pc-linux-gnu/temp/xpc-plugins-0pi8832p -e 'const _HEAD_FILES = ["/home/mozilla-unified/obj-x86_64-pc-linux-gnu/_tests/xpcshell/netwerk/test/URLTestFiles/head_channels.js", "/home/mozilla-unified/obj-x86_64-pc-linux-gnu/_tests/xpcshell/netwerk/test/URLTestFiles/head_cache.js", "/home/mozilla-unified/obj-x86_64-pc-linux-gnu/_tests/xpcshell/netwerk/test/URLTestFiles/head_cache2.js", "/home/mozilla-unified/obj-x86_64-pc-linux-gnu/_tests/xpcshell/netwerk/test/URLTestFiles/head_cookies.js"];' -e 'const _JSDEBUGGER_PORT = 0;' -e 'const _TEST_FILE = ["/home/mozilla-unified/obj-x86_64-pc-linux-gnu/_tests/xpcshell/netwerk/test/URLTestFiles/test_URIs_3.js"];' -e 'const _TEST_NAME = "netwerk/test/URLTestFiles/test_URIs_3.js";' -e '_execute_test(); quit(0);')
 0:07.74 pid:466 Full command: ['/home/mozilla-unified/obj-x86_64-pc-linux-gnu/dist/bin/xpcshell', '-g', '/home/mozilla-unified/obj-x86_64-pc-linux-gnu/dist/bin', '-a', '/home/mozilla-unified/obj-x86_64-pc-linux-gnu/dist/bin', '-m', '-e', 'const _HEAD_JS_PATH = "/home/mozilla-unified/testing/xpcshell/head.js";', '-e', 'const _MOZINFO_JS_PATH = "/tmp/firefox/xpcshellprofile/mozinfo.json";', '-e', 'const _PREFS_FILE = "/home/mozilla-unified/obj-x86_64-pc-linux-gnu/temp/user.js";', '-e', 'const _TESTING_MODULES_DIR = "/home/mozilla-unified/obj-x86_64-pc-linux-gnu/_tests/modules/";', '-f', '/home/mozilla-unified/testing/xpcshell/head.js', '-p', '/home/mozilla-unified/obj-x86_64-pc-linux-gnu/temp/xpc-plugins-0pi8832p', '-e', 'const _HEAD_FILES = ["/home/mozilla-unified/obj-x86_64-pc-linux-gnu/_tests/xpcshell/netwerk/test/URLTestFiles/head_channels.js", "/home/mozilla-unified/obj-x86_64-pc-linux-gnu/_tests/xpcshell/netwerk/test/URLTestFiles/head_cache.js", "/home/mozilla-unified/obj-x86_64-pc-linux-gnu/_tests/xpcshell/netwerk/test/URLTestFiles/head_cache2.js", "/home/mozilla-unified/obj-x86_64-pc-linux-gnu/_tests/xpcshell/netwerk/test/URLTestFiles/head_cookies.js"];', '-e', 'const _JSDEBUGGER_PORT = 0;', '-e', 'const _TEST_FILE = ["/home/mozilla-unified/obj-x86_64-pc-linux-gnu/_tests/xpcshell/netwerk/test/URLTestFiles/test_URIs_3.js"];', '-e', 'const _TEST_NAME = "netwerk/test/URLTestFiles/test_URIs_3.js";', '-e', '_execute_test(); quit(0);']
pid:466 [CodeCoverage] Setting handlers for process 466.
 0:08.26 INFO (xpcshell/head.js) | test MAIN run_test pending (1)
 0:08.26 INFO (xpcshell/head.js) | test run_next_test 0 pending (2)
 0:08.26 INFO (xpcshell/head.js) | test MAIN run_test finished (2)
 0:08.27 INFO running event loop
 0:08.27 INFO netwerk/test/URLTestFiles/test_URIs_3.js | Starting mainTest
 0:08.27 INFO (xpcshell/head.js) | test mainTest pending (2)
 0:08.27 INFO (xpcshell/head.js) | test run_next_test 0 finished (2)
 0:08.27 INFO (xpcshell/head.js) | test run_next_test 1 pending (2)
 0:08.27 INFO (xpcshell/head.js) | test mainTest finished (2)
 0:08.28 INFO (xpcshell/head.js) | test run_next_test 1 finished (1)
 0:08.28 INFO exiting test
 0:09.78 TEST_END: PASS
 0:09.79 INFO INFO | Result summary:
 0:09.79 INFO INFO | Passed: 1
 0:09.79 INFO INFO | Failed: 0
 0:09.79 INFO INFO | Todo: 0
 0:09.79 INFO INFO | Retried: 0
 0:09.79 SUITE_END
 0:09.79 INFO Node moz-http2 server shutting down ...
 0:09.79 INFO http3Server server shutting down ...
 0:09.89 
Overall Summary
===============

xpcshell
~~~~~~~~
Ran 1 checks (1 tests)
Expected results: 1
Unexpected results: 0
OK
