Already up to date.
[00:00:00] prepare result locations
[00:00:00] fuzzing targets all 
[00:00:00] fuzzing firefox
[00:00:00] removing old coverage data
[00:00:04] executing tests
[00:16:03] generating reports
[00:16:08] browser output cleanup
[00:16:08] fuzzing chromium
[2021-06-24 01:16:55,063 INFO] Building ['url_unittests'].
[00:16:09] ninja: Entering directory `/home/chromium/src/out/coverage'
[00:16:16] [0/1] Regenerating ninja files
[00:16:47] [1/2] CXX obj/url/url_unittests/url_parsing_unittest.o
[00:16:50] [2/2] LINK ./url_unittests
[2021-06-24 01:17:37,260 INFO] Running command: "out/coverage/url_unittests --gtest_filter=URLParser.Parsing", the output is redirected to "/home/chromium/src/out/report/linux/logs/url_unittests_output.log".
[2021-06-24 01:17:37,765 WARNING] Command: "out/coverage/url_unittests --gtest_filter=URLParser.Parsing" exited with non-zero return code.
[2021-06-24 01:17:37,766 INFO] Creating target profile data file.
[2021-06-24 01:17:38,818 INFO] Target "url_unittests" profile data is created as: "/home/chromium/src/out/report/url_unittests.profdata".
[2021-06-24 01:17:38,828 INFO] Creating the coverage profile data file.
[2021-06-24 01:17:38,874 INFO] Code coverage profile data is created as: "/home/chromium/src/out/report/linux/coverage.profdata".
[2021-06-24 01:17:38,875 INFO] Finding shared libraries for targets (if any).
[2021-06-24 01:17:38,884 INFO] Finished finding shared libraries for targets.
[2021-06-24 01:17:38,885 INFO] Generating code coverage report in html (this can take a while depending on size of target!).
[2021-06-24 01:17:41,878 INFO] Index file for html report is generated as: "file:///home/chromium/src/out/report/linux/index.html".
[00:16:56] browser output cleanup
[00:16:56] fuzzing languages
[00:16:56] fuzzing Python
[00:16:58] fuzzing C
[00:16:59] fuzzing Cpp
[00:17:19] fuzzing Java
[00:17:19] update-alternatives: using /usr/lib/jvm/java-8-openjdk-amd64/jre/bin/java to provide /usr/bin/java (java) in manual mode
[00:17:19] update-alternatives: using /usr/lib/jvm/java-8-openjdk-amd64/bin/javac to provide /usr/bin/javac (javac) in manual mode
WARNING : java.lang.Object can't be statically instrumented and was excluded
[00:18:03] fuzzing Ruby
[00:18:03] Coverage report generated for Unknown Test Framework to /home/url-fuzzing/languagefuzzing/RubyCoverage/coverage. 133 / 193 LOC (68.91%) covered.
[00:18:03] fuzzing JavaScript
[00:18:15] fuzzing PHP
[00:18:16] fuzzing Go
[00:18:17] finalizing results
[00:18:41] writing resultoverview
[00:18:41] writing browseroverview
[00:18:41] used seed: -1172303919929796114
[00:18:41] done
