Already up to date.
[00:00:00] prepare result locations
[00:00:00] fuzzing targets all 
[00:00:00] fuzzing firefox
[00:00:00] removing old coverage data
[00:00:02] executing tests
[00:00:12] generating reports
[00:00:16] browser output cleanup
[00:00:16] fuzzing chromium
[2021-09-19 01:57:17,167 INFO] Building ['url_unittests'].
[00:00:17] ninja: Entering directory `/home/chromium/src/out/coverage'
[00:00:20] [0/1] Regenerating ninja files
[00:00:34] [1/2] CXX obj/url/url_unittests/url_parsing_unittest.o
[00:00:36] [2/2] LINK ./url_unittests
[2021-09-19 01:57:37,349 INFO] Running command: "out/coverage/url_unittests --gtest_filter=URLParser.Parsing", the output is redirected to "/home/chromium/src/out/report/linux/logs/url_unittests_output.log".
[2021-09-19 01:57:37,436 WARNING] Command: "out/coverage/url_unittests --gtest_filter=URLParser.Parsing" exited with non-zero return code.
[2021-09-19 01:57:37,436 INFO] Creating target profile data file.
[2021-09-19 01:57:37,999 INFO] Target "url_unittests" profile data is created as: "/home/chromium/src/out/report/url_unittests.profdata".
[2021-09-19 01:57:38,077 INFO] Creating the coverage profile data file.
[2021-09-19 01:57:38,103 INFO] Code coverage profile data is created as: "/home/chromium/src/out/report/linux/coverage.profdata".
[2021-09-19 01:57:38,103 INFO] Finding shared libraries for targets (if any).
[2021-09-19 01:57:38,110 INFO] Finished finding shared libraries for targets.
[2021-09-19 01:57:38,111 INFO] Generating code coverage report in html (this can take a while depending on size of target!).
[2021-09-19 01:57:40,200 INFO] Index file for html report is generated as: "file:///home/chromium/src/out/report/linux/index.html".
[00:00:39] browser output cleanup
[00:00:40] fuzzing languages
[00:00:43] fuzzing Python
[00:00:44] fuzzing C
[00:00:46] fuzzing Cpp
[00:00:56] fuzzing Java
[00:00:57] update-alternatives: using /usr/lib/jvm/java-8-openjdk-amd64/jre/bin/java to provide /usr/bin/java (java) in manual mode
[00:00:57] update-alternatives: using /usr/lib/jvm/java-8-openjdk-amd64/bin/javac to provide /usr/bin/javac (javac) in manual mode
WARNING : java.lang.Object can't be statically instrumented and was excluded
[00:01:25] fuzzing Ruby
[00:01:25] Coverage report generated for Unknown Test Framework to /home/url-fuzzing/languagefuzzing/RubyCoverage/coverage. 133 / 193 LOC (68.91%) covered.
[00:01:25] fuzzing JavaScript
[00:01:32] fuzzing PHP
[00:01:32] fuzzing Go
[00:01:33] finalizing results
[00:01:36] writing resultoverview
[00:01:36] writing browseroverview
[00:01:36] used seed: 1611701111059520980
[00:01:36] done
