Already up to date.
[00:00:00] prepare result locations
[00:00:00] fuzzing targets all 
[00:00:00] fuzzing firefox
[00:00:00] removing old coverage data
[00:00:02] executing tests
[00:32:44] generating reports
[00:32:47] browser output cleanup
[00:32:47] fuzzing chromium
[2021-06-28 09:55:35,312 INFO] Building ['url_unittests'].
[00:32:48] ninja: Entering directory `/home/chromium/src/out/coverage'
[00:32:53] [0/1] Regenerating ninja files
[00:33:16] [1/2] CXX obj/url/url_unittests/url_parsing_unittest.o
[00:33:18] [2/2] LINK ./url_unittests
[2021-06-28 09:56:05,848 INFO] Running command: "out/coverage/url_unittests --gtest_filter=URLParser.Parsing", the output is redirected to "/home/chromium/src/out/report/linux/logs/url_unittests_output.log".
[2021-06-28 09:56:06,654 WARNING] Command: "out/coverage/url_unittests --gtest_filter=URLParser.Parsing" exited with non-zero return code.
[2021-06-28 09:56:06,654 INFO] Creating target profile data file.
[2021-06-28 09:56:07,405 INFO] Target "url_unittests" profile data is created as: "/home/chromium/src/out/report/url_unittests.profdata".
[2021-06-28 09:56:07,409 INFO] Creating the coverage profile data file.
[2021-06-28 09:56:07,438 INFO] Code coverage profile data is created as: "/home/chromium/src/out/report/linux/coverage.profdata".
[2021-06-28 09:56:07,439 INFO] Finding shared libraries for targets (if any).
[2021-06-28 09:56:07,455 INFO] Finished finding shared libraries for targets.
[2021-06-28 09:56:07,455 INFO] Generating code coverage report in html (this can take a while depending on size of target!).
[2021-06-28 09:56:10,236 INFO] Index file for html report is generated as: "file:///home/chromium/src/out/report/linux/index.html".
[00:33:23] browser output cleanup
[00:33:23] fuzzing languages
[00:33:23] fuzzing Python
[00:33:24] fuzzing C
[00:33:25] fuzzing Cpp
[00:33:37] fuzzing Java
[00:33:37] update-alternatives: using /usr/lib/jvm/java-8-openjdk-amd64/jre/bin/java to provide /usr/bin/java (java) in manual mode
[00:33:37] update-alternatives: using /usr/lib/jvm/java-8-openjdk-amd64/bin/javac to provide /usr/bin/javac (javac) in manual mode
WARNING : java.lang.Object can't be statically instrumented and was excluded
[00:34:12] fuzzing Ruby
[00:34:13] Coverage report generated for Unknown Test Framework to /home/url-fuzzing/languagefuzzing/RubyCoverage/coverage. 139 / 193 LOC (72.02%) covered.
[00:34:13] fuzzing JavaScript
[00:34:22] fuzzing PHP
[00:34:26] fuzzing Go
[00:34:29] finalizing results
Traceback (most recent call last):
  File "produceResultPresentation.py", line 564, in <module>
[00:34:40] writing resultoverview
[00:34:40] writing browseroverview
    f=open("./used_seed", "r")
FileNotFoundError: [Errno 2] No such file or directory: './used_seed'
[00:34:40] done
