Already up to date.
[00:00:00] prepare result locations
[00:00:00] fuzzing targets all 
[00:00:00] fuzzing firefox
[00:00:00] removing old coverage data
[00:00:03] executing tests
[00:21:57] generating reports
[00:22:00] browser output cleanup
[00:22:00] fuzzing chromium
[2021-06-25 05:57:32,875 INFO] Building ['url_unittests'].
[00:22:01] ninja: Entering directory `/home/chromium/src/out/coverage'
[00:22:07] [0/1] Regenerating ninja files
[00:22:30] [1/2] CXX obj/url/url_unittests/url_parsing_unittest.o
[00:22:32] [2/2] LINK ./url_unittests
[2021-06-25 05:58:04,653 INFO] Running command: "out/coverage/url_unittests --gtest_filter=URLParser.Parsing", the output is redirected to "/home/chromium/src/out/report/linux/logs/url_unittests_output.log".
[2021-06-25 05:58:05,176 WARNING] Command: "out/coverage/url_unittests --gtest_filter=URLParser.Parsing" exited with non-zero return code.
[2021-06-25 05:58:05,177 INFO] Creating target profile data file.
[2021-06-25 05:58:05,916 INFO] Target "url_unittests" profile data is created as: "/home/chromium/src/out/report/url_unittests.profdata".
[2021-06-25 05:58:06,531 INFO] Creating the coverage profile data file.
[2021-06-25 05:58:06,559 INFO] Code coverage profile data is created as: "/home/chromium/src/out/report/linux/coverage.profdata".
[2021-06-25 05:58:06,560 INFO] Finding shared libraries for targets (if any).
[2021-06-25 05:58:06,572 INFO] Finished finding shared libraries for targets.
[2021-06-25 05:58:06,572 INFO] Generating code coverage report in html (this can take a while depending on size of target!).
[2021-06-25 05:58:08,639 INFO] Index file for html report is generated as: "file:///home/chromium/src/out/report/linux/index.html".
[00:22:36] browser output cleanup
[00:22:36] fuzzing languages
[00:22:36] fuzzing Python
[00:22:38] fuzzing C
[00:22:38] fuzzing Cpp
[00:22:50] fuzzing Java
[00:22:50] update-alternatives: using /usr/lib/jvm/java-8-openjdk-amd64/jre/bin/java to provide /usr/bin/java (java) in manual mode
[00:22:50] update-alternatives: using /usr/lib/jvm/java-8-openjdk-amd64/bin/javac to provide /usr/bin/javac (javac) in manual mode
WARNING : java.lang.Object can't be statically instrumented and was excluded
[00:23:26] fuzzing Ruby
[00:23:27] Coverage report generated for Unknown Test Framework to /home/url-fuzzing/languagefuzzing/RubyCoverage/coverage. 133 / 193 LOC (68.91%) covered.
[00:23:27] fuzzing JavaScript
[00:23:34] fuzzing PHP
[00:23:35] fuzzing Go
[00:23:37] finalizing results
[00:24:08] writing resultoverview
[00:24:08] writing browseroverview
[00:24:08] used seed: -1172303919929796114
[00:24:08] done
