Test configuration changed. Regenerating backend.
 0:05.30 INFO Found node at /usr/bin/nodejs
 0:05.30 INFO Found moz-http2 at /home/mozilla-unified/testing/xpcshell/moz-http2/moz-http2.js
 0:05.58 INFO Found /home/mozilla-unified/obj-x86_64-pc-linux-gnu/dist/bin/http3server
 0:05.58 INFO Using /home/mozilla-unified/netwerk/test/http3serverDB
 0:05.59 INFO Running tests sequentially.
 0:05.59 SUITE_START: xpcshell - running 1 tests
 0:05.60 INFO profile dir is /tmp/firefox/xpcshellprofile
 0:05.60 TEST_START: netwerk/test/URLTestFiles/test_URIs_3.js
 0:05.60 INFO netwerk/test/URLTestFiles/test_URIs_3.js | full command: ['/home/mozilla-unified/obj-x86_64-pc-linux-gnu/dist/bin/xpcshell', '-g', '/home/mozilla-unified/obj-x86_64-pc-linux-gnu/dist/bin', '-a', '/home/mozilla-unified/obj-x86_64-pc-linux-gnu/dist/bin', '-m', '-e', 'const _HEAD_JS_PATH = "/home/mozilla-unified/testing/xpcshell/head.js";', '-e', 'const _MOZINFO_JS_PATH = "/tmp/firefox/xpcshellprofile/mozinfo.json";', '-e', 'const _PREFS_FILE = "/home/mozilla-unified/obj-x86_64-pc-linux-gnu/temp/user.js";', '-e', 'const _TESTING_MODULES_DIR = "/home/mozilla-unified/obj-x86_64-pc-linux-gnu/_tests/modules/";', '-f', '/home/mozilla-unified/testing/xpcshell/head.js', '-p', '/home/mozilla-unified/obj-x86_64-pc-linux-gnu/temp/xpc-plugins-xqtydrwe', '-e', 'const _HEAD_FILES = ["/home/mozilla-unified/obj-x86_64-pc-linux-gnu/_tests/xpcshell/netwerk/test/URLTestFiles/head_channels.js", "/home/mozilla-unified/obj-x86_64-pc-linux-gnu/_tests/xpcshell/netwerk/test/URLTestFiles/head_cache.js", "/home/mozilla-unified/obj-x86_64-pc-linux-gnu/_tests/xpcshell/netwerk/test/URLTestFiles/head_cache2.js", "/home/mozilla-unified/obj-x86_64-pc-linux-gnu/_tests/xpcshell/netwerk/test/URLTestFiles/head_cookies.js"];', '-e', 'const _JSDEBUGGER_PORT = 0;', '-e', 'const _TEST_FILE = ["/home/mozilla-unified/obj-x86_64-pc-linux-gnu/_tests/xpcshell/netwerk/test/URLTestFiles/test_URIs_3.js"];', '-e', 'const _TEST_NAME = "netwerk/test/URLTestFiles/test_URIs_3.js";', '-e', '_execute_test(); quit(0);']
 0:05.60 INFO netwerk/test/URLTestFiles/test_URIs_3.js | current directory: '/home/mozilla-unified/obj-x86_64-pc-linux-gnu/_tests/xpcshell/netwerk/test/URLTestFiles'
 0:05.60 INFO netwerk/test/URLTestFiles/test_URIs_3.js | environment: ['MOZHTTP3_PORT_NO_RESPONSE=50531', 'MOZHTTP3_PORT_FAILED=57167', 'MOZ_DISABLE_SOCKET_PROCESS=1', 'MOZ_WEBRENDER=0', 'MOZHTTP3_PORT=54457', 'MOZ_HEADLESS=1', 'MOZNODE_EXEC_PORT=37173', 'DISPLAY=77', 'XPCSHELL_TEST_TEMP_DIR=/home/mozilla-unified/obj-x86_64-pc-linux-gnu/temp/xpc-other-j9p1qrjk', 'MOZ_CRASHREPORTER_NO_REPORT=1', 'MOZ_DISABLE_SOCKET_PROCESS_SANDBOX=1', 'LD_LIBRARY_PATH=/home/mozilla-unified/obj-x86_64-pc-linux-gnu/dist/bin', 'MOZHTTP2_PORT=41239', 'MOZ_DISABLE_NONLOCAL_CONNECTIONS=1', 'XPCSHELL_TEST_PROFILE_DIR=/tmp/firefox/xpcshellprofile', 'XPCOM_DEBUG_BREAK=stack-and-abort', 'MOZ_CRASHREPORTER=1', 'MOZ_DEVELOPER_REPO_DIR=/home/mozilla-unified', 'MOZ_DISABLE_CONTENT_SANDBOX=1']
 0:05.60 INFO netwerk/test/URLTestFiles/test_URIs_3.js | as shell command: (cd /home/mozilla-unified/obj-x86_64-pc-linux-gnu/_tests/xpcshell/netwerk/test/URLTestFiles; MOZHTTP3_PORT_NO_RESPONSE=50531 MOZHTTP3_PORT_FAILED=57167 MOZ_DISABLE_SOCKET_PROCESS=1 MOZ_WEBRENDER=0 MOZHTTP3_PORT=54457 MOZ_HEADLESS=1 MOZNODE_EXEC_PORT=37173 DISPLAY=77 XPCSHELL_TEST_TEMP_DIR=/home/mozilla-unified/obj-x86_64-pc-linux-gnu/temp/xpc-other-j9p1qrjk MOZ_CRASHREPORTER_NO_REPORT=1 MOZ_DISABLE_SOCKET_PROCESS_SANDBOX=1 LD_LIBRARY_PATH=/home/mozilla-unified/obj-x86_64-pc-linux-gnu/dist/bin MOZHTTP2_PORT=41239 MOZ_DISABLE_NONLOCAL_CONNECTIONS=1 XPCSHELL_TEST_PROFILE_DIR=/tmp/firefox/xpcshellprofile XPCOM_DEBUG_BREAK=stack-and-abort MOZ_CRASHREPORTER=1 MOZ_DEVELOPER_REPO_DIR=/home/mozilla-unified MOZ_DISABLE_CONTENT_SANDBOX=1 /home/mozilla-unified/obj-x86_64-pc-linux-gnu/dist/bin/xpcshell -g /home/mozilla-unified/obj-x86_64-pc-linux-gnu/dist/bin -a /home/mozilla-unified/obj-x86_64-pc-linux-gnu/dist/bin -m -e 'const _HEAD_JS_PATH = "/home/mozilla-unified/testing/xpcshell/head.js";' -e 'const _MOZINFO_JS_PATH = "/tmp/firefox/xpcshellprofile/mozinfo.json";' -e 'const _PREFS_FILE = "/home/mozilla-unified/obj-x86_64-pc-linux-gnu/temp/user.js";' -e 'const _TESTING_MODULES_DIR = "/home/mozilla-unified/obj-x86_64-pc-linux-gnu/_tests/modules/";' -f /home/mozilla-unified/testing/xpcshell/head.js -p /home/mozilla-unified/obj-x86_64-pc-linux-gnu/temp/xpc-plugins-xqtydrwe -e 'const _HEAD_FILES = ["/home/mozilla-unified/obj-x86_64-pc-linux-gnu/_tests/xpcshell/netwerk/test/URLTestFiles/head_channels.js", "/home/mozilla-unified/obj-x86_64-pc-linux-gnu/_tests/xpcshell/netwerk/test/URLTestFiles/head_cache.js", "/home/mozilla-unified/obj-x86_64-pc-linux-gnu/_tests/xpcshell/netwerk/test/URLTestFiles/head_cache2.js", "/home/mozilla-unified/obj-x86_64-pc-linux-gnu/_tests/xpcshell/netwerk/test/URLTestFiles/head_cookies.js"];' -e 'const _JSDEBUGGER_PORT = 0;' -e 'const _TEST_FILE = ["/home/mozilla-unified/obj-x86_64-pc-linux-gnu/_tests/xpcshell/netwerk/test/URLTestFiles/test_URIs_3.js"];' -e 'const _TEST_NAME = "netwerk/test/URLTestFiles/test_URIs_3.js";' -e '_execute_test(); quit(0);')
 0:05.96 pid:465 Full command: ['/home/mozilla-unified/obj-x86_64-pc-linux-gnu/dist/bin/xpcshell', '-g', '/home/mozilla-unified/obj-x86_64-pc-linux-gnu/dist/bin', '-a', '/home/mozilla-unified/obj-x86_64-pc-linux-gnu/dist/bin', '-m', '-e', 'const _HEAD_JS_PATH = "/home/mozilla-unified/testing/xpcshell/head.js";', '-e', 'const _MOZINFO_JS_PATH = "/tmp/firefox/xpcshellprofile/mozinfo.json";', '-e', 'const _PREFS_FILE = "/home/mozilla-unified/obj-x86_64-pc-linux-gnu/temp/user.js";', '-e', 'const _TESTING_MODULES_DIR = "/home/mozilla-unified/obj-x86_64-pc-linux-gnu/_tests/modules/";', '-f', '/home/mozilla-unified/testing/xpcshell/head.js', '-p', '/home/mozilla-unified/obj-x86_64-pc-linux-gnu/temp/xpc-plugins-xqtydrwe', '-e', 'const _HEAD_FILES = ["/home/mozilla-unified/obj-x86_64-pc-linux-gnu/_tests/xpcshell/netwerk/test/URLTestFiles/head_channels.js", "/home/mozilla-unified/obj-x86_64-pc-linux-gnu/_tests/xpcshell/netwerk/test/URLTestFiles/head_cache.js", "/home/mozilla-unified/obj-x86_64-pc-linux-gnu/_tests/xpcshell/netwerk/test/URLTestFiles/head_cache2.js", "/home/mozilla-unified/obj-x86_64-pc-linux-gnu/_tests/xpcshell/netwerk/test/URLTestFiles/head_cookies.js"];', '-e', 'const _JSDEBUGGER_PORT = 0;', '-e', 'const _TEST_FILE = ["/home/mozilla-unified/obj-x86_64-pc-linux-gnu/_tests/xpcshell/netwerk/test/URLTestFiles/test_URIs_3.js"];', '-e', 'const _TEST_NAME = "netwerk/test/URLTestFiles/test_URIs_3.js";', '-e', '_execute_test(); quit(0);']
pid:465 [CodeCoverage] Setting handlers for process 465.
 0:06.22 INFO (xpcshell/head.js) | test MAIN run_test pending (1)
 0:06.22 INFO (xpcshell/head.js) | test run_next_test 0 pending (2)
 0:06.22 INFO (xpcshell/head.js) | test MAIN run_test finished (2)
 0:06.22 INFO running event loop
 0:06.23 INFO netwerk/test/URLTestFiles/test_URIs_3.js | Starting mainTest
 0:06.23 INFO (xpcshell/head.js) | test mainTest pending (2)
 0:06.25 PASS mainTest - [mainTest : 262] "http" == "http"
 0:06.25 PASS mainTest - [mainTest : 262] "::cafb:dbcb:baaf:b3ae" == "::cafb:dbcb:baaf:b3ae"
 0:06.25 PASS mainTest - [mainTest : 262] "/" == "/"
 0:06.25 PASS mainTest - [mainTest : 262] "ws" == "ws"
 0:06.25 PASS mainTest - [mainTest : 262] "::" == "::"
 0:06.25 PASS mainTest - [mainTest : 262] "/" == "/"
 0:06.25 pid:465 {"url":"ws://[::]?⍭", "error":{"component":"query", "expected":"?%E2%8D%AD", "actual":"%E2%8D%AD"}}
 0:06.25 ERROR componens do not match
/home/mozilla-unified/obj-x86_64-pc-linux-gnu/_tests/xpcshell/netwerk/test/URLTestFiles/test_URIs_3.js:do_check_property:259
/home/mozilla-unified/obj-x86_64-pc-linux-gnu/_tests/xpcshell/netwerk/test/URLTestFiles/test_URIs_3.js:do_test_uri_basic:323
/home/mozilla-unified/obj-x86_64-pc-linux-gnu/_tests/xpcshell/netwerk/test/URLTestFiles/test_URIs_3.js:mainTest/<:344
/home/mozilla-unified/obj-x86_64-pc-linux-gnu/_tests/xpcshell/netwerk/test/URLTestFiles/test_URIs_3.js:mainTest:341
/home/mozilla-unified/testing/xpcshell/head.js:_run_next_test/<:1627
/home/mozilla-unified/testing/xpcshell/head.js:_run_next_test:1627
/home/mozilla-unified/testing/xpcshell/head.js:run:774
/home/mozilla-unified/testing/xpcshell/head.js:_do_main:239
/home/mozilla-unified/testing/xpcshell/head.js:_execute_test:567
-e:null:1
 0:06.25 INFO exiting test
 0:06.26 pid:465 caught exception from components
 0:06.25 PASS mainTest - [mainTest : 262] "file" == "file"
 0:06.26 PASS mainTest - [mainTest : 262] "/+%EE%B3%97" == "/+%EE%B3%97"
 0:06.26 PASS mainTest - [mainTest : 262] "file" == "file"
 0:06.27 PASS mainTest - [mainTest : 262] "/%E7%90%AE" == "/%E7%90%AE"
 0:06.28 PASS mainTest - [mainTest : 262] "https" == "https"
 0:06.28 PASS mainTest - [mainTest : 262] "::cbfa:eded:6aab" == "::cbfa:eded:6aab"
 0:06.28 PASS mainTest - [mainTest : 262] "/" == "/"
 0:06.28 PASS mainTest - [mainTest : 262] "file" == "file"
 0:06.28 pid:465 {"url":"file://{</", "error":{"component":"host", "expected":"{", "actual":""}}
 0:06.28 ERROR componens do not match
/home/mozilla-unified/obj-x86_64-pc-linux-gnu/_tests/xpcshell/netwerk/test/URLTestFiles/test_URIs_3.js:do_check_property:259
/home/mozilla-unified/obj-x86_64-pc-linux-gnu/_tests/xpcshell/netwerk/test/URLTestFiles/test_URIs_3.js:do_test_uri_basic:320
/home/mozilla-unified/obj-x86_64-pc-linux-gnu/_tests/xpcshell/netwerk/test/URLTestFiles/test_URIs_3.js:mainTest/<:344
/home/mozilla-unified/obj-x86_64-pc-linux-gnu/_tests/xpcshell/netwerk/test/URLTestFiles/test_URIs_3.js:mainTest:341
/home/mozilla-unified/testing/xpcshell/head.js:_run_next_test/<:1627
/home/mozilla-unified/testing/xpcshell/head.js:_run_next_test:1627
/home/mozilla-unified/testing/xpcshell/head.js:run:774
/home/mozilla-unified/testing/xpcshell/head.js:_do_main:239
/home/mozilla-unified/testing/xpcshell/head.js:_execute_test:567
-e:null:1
 0:06.28 INFO exiting test
 0:06.28 pid:465 caught exception from components
 0:06.28 PASS mainTest - [mainTest : 262] "file" == "file"
 0:06.28 pid:465 {"url":"file://{", "error":{"component":"host", "expected":"{", "actual":""}}
 0:06.28 ERROR componens do not match
/home/mozilla-unified/obj-x86_64-pc-linux-gnu/_tests/xpcshell/netwerk/test/URLTestFiles/test_URIs_3.js:do_check_property:259
/home/mozilla-unified/obj-x86_64-pc-linux-gnu/_tests/xpcshell/netwerk/test/URLTestFiles/test_URIs_3.js:do_test_uri_basic:320
/home/mozilla-unified/obj-x86_64-pc-linux-gnu/_tests/xpcshell/netwerk/test/URLTestFiles/test_URIs_3.js:mainTest/<:344
/home/mozilla-unified/obj-x86_64-pc-linux-gnu/_tests/xpcshell/netwerk/test/URLTestFiles/test_URIs_3.js:mainTest:341
/home/mozilla-unified/testing/xpcshell/head.js:_run_next_test/<:1627
/home/mozilla-unified/testing/xpcshell/head.js:_run_next_test:1627
/home/mozilla-unified/testing/xpcshell/head.js:run:774
/home/mozilla-unified/testing/xpcshell/head.js:_do_main:239
/home/mozilla-unified/testing/xpcshell/head.js:_execute_test:567
-e:null:1
 0:06.28 INFO exiting test
 0:06.28 pid:465 caught exception from components
 0:06.28 PASS mainTest - [mainTest : 262] "file" == "file"
 0:06.28 pid:465 {"url":"file:///<//[cae2:ebaa::feff:fadc:251.254.253.254]", "error":{"component":"host", "expected":"cae2:ebaa::feff:fadc:fbfe:fdfe", "actual":""}}
 0:06.28 ERROR componens do not match
/home/mozilla-unified/obj-x86_64-pc-linux-gnu/_tests/xpcshell/netwerk/test/URLTestFiles/test_URIs_3.js:do_check_property:259
/home/mozilla-unified/obj-x86_64-pc-linux-gnu/_tests/xpcshell/netwerk/test/URLTestFiles/test_URIs_3.js:do_test_uri_basic:320
/home/mozilla-unified/obj-x86_64-pc-linux-gnu/_tests/xpcshell/netwerk/test/URLTestFiles/test_URIs_3.js:mainTest/<:344
/home/mozilla-unified/obj-x86_64-pc-linux-gnu/_tests/xpcshell/netwerk/test/URLTestFiles/test_URIs_3.js:mainTest:341
/home/mozilla-unified/testing/xpcshell/head.js:_run_next_test/<:1627
/home/mozilla-unified/testing/xpcshell/head.js:_run_next_test:1627
/home/mozilla-unified/testing/xpcshell/head.js:run:774
/home/mozilla-unified/testing/xpcshell/head.js:_do_main:239
/home/mozilla-unified/testing/xpcshell/head.js:_execute_test:567
-e:null:1
 0:06.28 INFO exiting test
 0:06.28 pid:465 caught exception from components
 0:06.28 PASS mainTest - [mainTest : 262] "q" == "q"
 0:06.28 PASS mainTest - [mainTest : 262] "/" == "/"
 0:06.29 PASS mainTest - [mainTest : 262] "ws" == "ws"
 0:06.29 PASS mainTest - [mainTest : 262] "::" == "::"
 0:06.29 PASS mainTest - [mainTest : 262] 65530 == "65530"
 0:06.29 PASS mainTest - [mainTest : 262] "/" == "/"
 0:06.29 PASS mainTest - [mainTest : 262] "http" == "http"
 0:06.29 PASS mainTest - [mainTest : 262] "::" == "::"
 0:06.29 PASS mainTest - [mainTest : 262] "/" == "/"
 0:06.29 pid:465 {"url":"https://%3d@"", "exception":"NS_ERROR_MALFORMED_URI 2152398858"}
 0:06.29 ERROR 2152398858
/home/mozilla-unified/obj-x86_64-pc-linux-gnu/_tests/xpcshell/netwerk/test/URLTestFiles/test_URIs_3.js:do_test_uri_basic:281
/home/mozilla-unified/obj-x86_64-pc-linux-gnu/_tests/xpcshell/netwerk/test/URLTestFiles/test_URIs_3.js:mainTest/<:344
/home/mozilla-unified/obj-x86_64-pc-linux-gnu/_tests/xpcshell/netwerk/test/URLTestFiles/test_URIs_3.js:mainTest:341
/home/mozilla-unified/testing/xpcshell/head.js:_run_next_test/<:1627
/home/mozilla-unified/testing/xpcshell/head.js:_run_next_test:1627
/home/mozilla-unified/testing/xpcshell/head.js:run:774
/home/mozilla-unified/testing/xpcshell/head.js:_do_main:239
/home/mozilla-unified/testing/xpcshell/head.js:_execute_test:567
-e:null:1
 0:06.29 INFO exiting test
 0:06.29 pid:465 TEST-INFO | /home/mozilla-unified/obj-x86_64-pc-linux-gnu/_tests/xpcshell/netwerk/test/URLTestFiles/test_URIs_3.js | [mainTest/< : 346] caught [Exception... "Abort"  nsresult: "0x80004004 (NS_ERROR_ABORT)"  location: "JS frame :: /home/mozilla-unified/testing/xpcshell/head.js :: _abort_failed_test :: line 830"  data: no] in main
 0:06.29 PASS mainTest - [mainTest : 262] "e" == "e"
 0:06.30 pid:465 {"url":"e:/<//[eada:fffc:eede:fdeb:adbc:edce:96.254.250.254]", "error":{"component":"host", "expected":"eada:fffc:eede:fdeb:adbc:edce:60fe:fafe", "actual":"NS_ERROR_FAILURE 2147500037"}}
 0:06.29 ERROR 2147500037
/home/mozilla-unified/obj-x86_64-pc-linux-gnu/_tests/xpcshell/netwerk/test/URLTestFiles/test_URIs_3.js:do_check_property:253
/home/mozilla-unified/obj-x86_64-pc-linux-gnu/_tests/xpcshell/netwerk/test/URLTestFiles/test_URIs_3.js:do_test_uri_basic:320
/home/mozilla-unified/obj-x86_64-pc-linux-gnu/_tests/xpcshell/netwerk/test/URLTestFiles/test_URIs_3.js:mainTest/<:344
/home/mozilla-unified/obj-x86_64-pc-linux-gnu/_tests/xpcshell/netwerk/test/URLTestFiles/test_URIs_3.js:mainTest:341
/home/mozilla-unified/testing/xpcshell/head.js:_run_next_test/<:1627
/home/mozilla-unified/testing/xpcshell/head.js:_run_next_test:1627
/home/mozilla-unified/testing/xpcshell/head.js:run:774
/home/mozilla-unified/testing/xpcshell/head.js:_do_main:239
/home/mozilla-unified/testing/xpcshell/head.js:_execute_test:567
-e:null:1
 0:06.30 INFO exiting test
 0:06.30 pid:465 caught exception from components
 0:06.30 PASS mainTest - [mainTest : 262] "file" == "file"
 0:06.31 pid:465 {"url":"file://ž2", "error":{"component":"host", "expected":"xn--2-soa", "actual":""}}
 0:06.30 ERROR componens do not match
/home/mozilla-unified/obj-x86_64-pc-linux-gnu/_tests/xpcshell/netwerk/test/URLTestFiles/test_URIs_3.js:do_check_property:259
/home/mozilla-unified/obj-x86_64-pc-linux-gnu/_tests/xpcshell/netwerk/test/URLTestFiles/test_URIs_3.js:do_test_uri_basic:320
/home/mozilla-unified/obj-x86_64-pc-linux-gnu/_tests/xpcshell/netwerk/test/URLTestFiles/test_URIs_3.js:mainTest/<:344
/home/mozilla-unified/obj-x86_64-pc-linux-gnu/_tests/xpcshell/netwerk/test/URLTestFiles/test_URIs_3.js:mainTest:341
/home/mozilla-unified/testing/xpcshell/head.js:_run_next_test/<:1627
/home/mozilla-unified/testing/xpcshell/head.js:_run_next_test:1627
/home/mozilla-unified/testing/xpcshell/head.js:run:774
/home/mozilla-unified/testing/xpcshell/head.js:_do_main:239
/home/mozilla-unified/testing/xpcshell/head.js:_execute_test:567
-e:null:1
 0:06.31 INFO exiting test
 0:06.32 pid:465 caught exception from components
 0:06.31 PASS mainTest - [mainTest : 262] "r" == "r"
 0:06.32 pid:465 {"url":"R:/<//[::eded]", "error":{"component":"host", "expected":"::eded", "actual":"NS_ERROR_FAILURE 2147500037"}}
 0:06.31 ERROR 2147500037
/home/mozilla-unified/obj-x86_64-pc-linux-gnu/_tests/xpcshell/netwerk/test/URLTestFiles/test_URIs_3.js:do_check_property:253
/home/mozilla-unified/obj-x86_64-pc-linux-gnu/_tests/xpcshell/netwerk/test/URLTestFiles/test_URIs_3.js:do_test_uri_basic:320
/home/mozilla-unified/obj-x86_64-pc-linux-gnu/_tests/xpcshell/netwerk/test/URLTestFiles/test_URIs_3.js:mainTest/<:344
/home/mozilla-unified/obj-x86_64-pc-linux-gnu/_tests/xpcshell/netwerk/test/URLTestFiles/test_URIs_3.js:mainTest:341
/home/mozilla-unified/testing/xpcshell/head.js:_run_next_test/<:1627
/home/mozilla-unified/testing/xpcshell/head.js:_run_next_test:1627
/home/mozilla-unified/testing/xpcshell/head.js:run:774
/home/mozilla-unified/testing/xpcshell/head.js:_do_main:239
/home/mozilla-unified/testing/xpcshell/head.js:_execute_test:567
-e:null:1
 0:06.31 INFO exiting test
 0:06.32 pid:465 caught exception from components
 0:06.31 PASS mainTest - [mainTest : 262] "f" == "f"
 0:06.32 pid:465 {"url":"F:/<//M~", "error":{"component":"host", "expected":"m~", "actual":"NS_ERROR_FAILURE 2147500037"}}
 0:06.31 ERROR 2147500037
/home/mozilla-unified/obj-x86_64-pc-linux-gnu/_tests/xpcshell/netwerk/test/URLTestFiles/test_URIs_3.js:do_check_property:253
/home/mozilla-unified/obj-x86_64-pc-linux-gnu/_tests/xpcshell/netwerk/test/URLTestFiles/test_URIs_3.js:do_test_uri_basic:320
/home/mozilla-unified/obj-x86_64-pc-linux-gnu/_tests/xpcshell/netwerk/test/URLTestFiles/test_URIs_3.js:mainTest/<:344
/home/mozilla-unified/obj-x86_64-pc-linux-gnu/_tests/xpcshell/netwerk/test/URLTestFiles/test_URIs_3.js:mainTest:341
/home/mozilla-unified/testing/xpcshell/head.js:_run_next_test/<:1627
/home/mozilla-unified/testing/xpcshell/head.js:_run_next_test:1627
/home/mozilla-unified/testing/xpcshell/head.js:run:774
/home/mozilla-unified/testing/xpcshell/head.js:_do_main:239
/home/mozilla-unified/testing/xpcshell/head.js:_execute_test:567
-e:null:1
 0:06.31 INFO exiting test
 0:06.32 pid:465 caught exception from components
 0:06.31 PASS mainTest - [mainTest : 262] "w" == "w"
 0:06.31 PASS mainTest - [mainTest : 262] "/" == "/"
 0:06.31 PASS mainTest - [mainTest : 262] "m" == "m"
 0:06.32 PASS mainTest - [mainTest : 262] "/" == "/"
 0:06.32 pid:465 {"url":"m:/</?ｷ", "error":{"component":"query", "expected":"?%EF%BD%B7", "actual":"%EF%BD%B7"}}
 0:06.32 ERROR componens do not match
/home/mozilla-unified/obj-x86_64-pc-linux-gnu/_tests/xpcshell/netwerk/test/URLTestFiles/test_URIs_3.js:do_check_property:259
/home/mozilla-unified/obj-x86_64-pc-linux-gnu/_tests/xpcshell/netwerk/test/URLTestFiles/test_URIs_3.js:do_test_uri_basic:323
/home/mozilla-unified/obj-x86_64-pc-linux-gnu/_tests/xpcshell/netwerk/test/URLTestFiles/test_URIs_3.js:mainTest/<:344
/home/mozilla-unified/obj-x86_64-pc-linux-gnu/_tests/xpcshell/netwerk/test/URLTestFiles/test_URIs_3.js:mainTest:341
/home/mozilla-unified/testing/xpcshell/head.js:_run_next_test/<:1627
/home/mozilla-unified/testing/xpcshell/head.js:_run_next_test:1627
/home/mozilla-unified/testing/xpcshell/head.js:run:774
/home/mozilla-unified/testing/xpcshell/head.js:_do_main:239
/home/mozilla-unified/testing/xpcshell/head.js:_execute_test:567
-e:null:1
 0:06.32 INFO exiting test
 0:06.32 pid:465 caught exception from components
 0:06.32 INFO (xpcshell/head.js) | test run_next_test 0 finished (2)
 0:06.32 INFO (xpcshell/head.js) | test run_next_test 1 pending (2)
 0:06.32 INFO (xpcshell/head.js) | test mainTest finished (2)
 0:06.32 INFO (xpcshell/head.js) | test run_next_test 1 finished (1)
 0:06.32 INFO exiting test
 0:07.55 TEST_END: Test FAIL, expected PASS. Subtests passed 33/33. Unexpected 0 - xpcshell return code: 0
 0:07.56 INFO INFO | Result summary:
 0:07.56 INFO INFO | Passed: 0
 0:07.56 INFO INFO | Failed: 1
 0:07.56 INFO INFO | Todo: 0
 0:07.56 INFO INFO | Retried: 0
 0:07.56 SUITE_END
 0:07.56 INFO Node moz-http2 server shutting down ...
 0:07.56 INFO http3Server server shutting down ...
 0:07.67 
Overall Summary
===============

xpcshell
~~~~~~~~
Ran 34 checks (33 subtests, 1 tests)
Expected results: 33
Unexpected results: 1
  test: 1 (1 fail)

Unexpected Results
------------------
netwerk/test/URLTestFiles/test_URIs_3.js
  FAIL netwerk/test/URLTestFiles/test_URIs_3.js - xpcshell return code: 0
ERROR componens do not match
/home/mozilla-unified/obj-x86_64-pc-linux-gnu/_tests/xpcshell/netwerk/test/URLTestFiles/test_URIs_3.js:do_check_property:259
/home/mozilla-unified/obj-x86_64-pc-linux-gnu/_tests/xpcshell/netwerk/test/URLTestFiles/test_URIs_3.js:do_test_uri_basic:323
/home/mozilla-unified/obj-x86_64-pc-linux-gnu/_tests/xpcshell/netwerk/test/URLTestFiles/test_URIs_3.js:mainTest/<:344
/home/mozilla-unified/obj-x86_64-pc-linux-gnu/_tests/xpcshell/netwerk/test/URLTestFiles/test_URIs_3.js:mainTest:341
/home/mozilla-unified/testing/xpcshell/head.js:_run_next_test/<:1627
/home/mozilla-unified/testing/xpcshell/head.js:_run_next_test:1627
/home/mozilla-unified/testing/xpcshell/head.js:run:774
/home/mozilla-unified/testing/xpcshell/head.js:_do_main:239
/home/mozilla-unified/testing/xpcshell/head.js:_execute_test:567
-e:null:1
ERROR componens do not match
/home/mozilla-unified/obj-x86_64-pc-linux-gnu/_tests/xpcshell/netwerk/test/URLTestFiles/test_URIs_3.js:do_check_property:259
/home/mozilla-unified/obj-x86_64-pc-linux-gnu/_tests/xpcshell/netwerk/test/URLTestFiles/test_URIs_3.js:do_test_uri_basic:320
/home/mozilla-unified/obj-x86_64-pc-linux-gnu/_tests/xpcshell/netwerk/test/URLTestFiles/test_URIs_3.js:mainTest/<:344
/home/mozilla-unified/obj-x86_64-pc-linux-gnu/_tests/xpcshell/netwerk/test/URLTestFiles/test_URIs_3.js:mainTest:341
/home/mozilla-unified/testing/xpcshell/head.js:_run_next_test/<:1627
/home/mozilla-unified/testing/xpcshell/head.js:_run_next_test:1627
/home/mozilla-unified/testing/xpcshell/head.js:run:774
/home/mozilla-unified/testing/xpcshell/head.js:_do_main:239
/home/mozilla-unified/testing/xpcshell/head.js:_execute_test:567
-e:null:1
ERROR componens do not match
/home/mozilla-unified/obj-x86_64-pc-linux-gnu/_tests/xpcshell/netwerk/test/URLTestFiles/test_URIs_3.js:do_check_property:259
/home/mozilla-unified/obj-x86_64-pc-linux-gnu/_tests/xpcshell/netwerk/test/URLTestFiles/test_URIs_3.js:do_test_uri_basic:320
/home/mozilla-unified/obj-x86_64-pc-linux-gnu/_tests/xpcshell/netwerk/test/URLTestFiles/test_URIs_3.js:mainTest/<:344
/home/mozilla-unified/obj-x86_64-pc-linux-gnu/_tests/xpcshell/netwerk/test/URLTestFiles/test_URIs_3.js:mainTest:341
/home/mozilla-unified/testing/xpcshell/head.js:_run_next_test/<:1627
/home/mozilla-unified/testing/xpcshell/head.js:_run_next_test:1627
/home/mozilla-unified/testing/xpcshell/head.js:run:774
/home/mozilla-unified/testing/xpcshell/head.js:_do_main:239
/home/mozilla-unified/testing/xpcshell/head.js:_execute_test:567
-e:null:1
ERROR componens do not match
/home/mozilla-unified/obj-x86_64-pc-linux-gnu/_tests/xpcshell/netwerk/test/URLTestFiles/test_URIs_3.js:do_check_property:259
/home/mozilla-unified/obj-x86_64-pc-linux-gnu/_tests/xpcshell/netwerk/test/URLTestFiles/test_URIs_3.js:do_test_uri_basic:320
/home/mozilla-unified/obj-x86_64-pc-linux-gnu/_tests/xpcshell/netwerk/test/URLTestFiles/test_URIs_3.js:mainTest/<:344
/home/mozilla-unified/obj-x86_64-pc-linux-gnu/_tests/xpcshell/netwerk/test/URLTestFiles/test_URIs_3.js:mainTest:341
/home/mozilla-unified/testing/xpcshell/head.js:_run_next_test/<:1627
/home/mozilla-unified/testing/xpcshell/head.js:_run_next_test:1627
/home/mozilla-unified/testing/xpcshell/head.js:run:774
/home/mozilla-unified/testing/xpcshell/head.js:_do_main:239
/home/mozilla-unified/testing/xpcshell/head.js:_execute_test:567
-e:null:1
ERROR 2152398858
/home/mozilla-unified/obj-x86_64-pc-linux-gnu/_tests/xpcshell/netwerk/test/URLTestFiles/test_URIs_3.js:do_test_uri_basic:281
/home/mozilla-unified/obj-x86_64-pc-linux-gnu/_tests/xpcshell/netwerk/test/URLTestFiles/test_URIs_3.js:mainTest/<:344
/home/mozilla-unified/obj-x86_64-pc-linux-gnu/_tests/xpcshell/netwerk/test/URLTestFiles/test_URIs_3.js:mainTest:341
/home/mozilla-unified/testing/xpcshell/head.js:_run_next_test/<:1627
/home/mozilla-unified/testing/xpcshell/head.js:_run_next_test:1627
/home/mozilla-unified/testing/xpcshell/head.js:run:774
/home/mozilla-unified/testing/xpcshell/head.js:_do_main:239
/home/mozilla-unified/testing/xpcshell/head.js:_execute_test:567
-e:null:1
ERROR 2147500037
/home/mozilla-unified/obj-x86_64-pc-linux-gnu/_tests/xpcshell/netwerk/test/URLTestFiles/test_URIs_3.js:do_check_property:253
/home/mozilla-unified/obj-x86_64-pc-linux-gnu/_tests/xpcshell/netwerk/test/URLTestFiles/test_URIs_3.js:do_test_uri_basic:320
/home/mozilla-unified/obj-x86_64-pc-linux-gnu/_tests/xpcshell/netwerk/test/URLTestFiles/test_URIs_3.js:mainTest/<:344
/home/mozilla-unified/obj-x86_64-pc-linux-gnu/_tests/xpcshell/netwerk/test/URLTestFiles/test_URIs_3.js:mainTest:341
/home/mozilla-unified/testing/xpcshell/head.js:_run_next_test/<:1627
/home/mozilla-unified/testing/xpcshell/head.js:_run_next_test:1627
/home/mozilla-unified/testing/xpcshell/head.js:run:774
/home/mozilla-unified/testing/xpcshell/head.js:_do_main:239
/home/mozilla-unified/testing/xpcshell/head.js:_execute_test:567
-e:null:1
ERROR componens do not match
/home/mozilla-unified/obj-x86_64-pc-linux-gnu/_tests/xpcshell/netwerk/test/URLTestFiles/test_URIs_3.js:do_check_property:259
/home/mozilla-unified/obj-x86_64-pc-linux-gnu/_tests/xpcshell/netwerk/test/URLTestFiles/test_URIs_3.js:do_test_uri_basic:320
/home/mozilla-unified/obj-x86_64-pc-linux-gnu/_tests/xpcshell/netwerk/test/URLTestFiles/test_URIs_3.js:mainTest/<:344
/home/mozilla-unified/obj-x86_64-pc-linux-gnu/_tests/xpcshell/netwerk/test/URLTestFiles/test_URIs_3.js:mainTest:341
/home/mozilla-unified/testing/xpcshell/head.js:_run_next_test/<:1627
/home/mozilla-unified/testing/xpcshell/head.js:_run_next_test:1627
/home/mozilla-unified/testing/xpcshell/head.js:run:774
/home/mozilla-unified/testing/xpcshell/head.js:_do_main:239
/home/mozilla-unified/testing/xpcshell/head.js:_execute_test:567
-e:null:1
ERROR 2147500037
/home/mozilla-unified/obj-x86_64-pc-linux-gnu/_tests/xpcshell/netwerk/test/URLTestFiles/test_URIs_3.js:do_check_property:253
/home/mozilla-unified/obj-x86_64-pc-linux-gnu/_tests/xpcshell/netwerk/test/URLTestFiles/test_URIs_3.js:do_test_uri_basic:320
/home/mozilla-unified/obj-x86_64-pc-linux-gnu/_tests/xpcshell/netwerk/test/URLTestFiles/test_URIs_3.js:mainTest/<:344
/home/mozilla-unified/obj-x86_64-pc-linux-gnu/_tests/xpcshell/netwerk/test/URLTestFiles/test_URIs_3.js:mainTest:341
/home/mozilla-unified/testing/xpcshell/head.js:_run_next_test/<:1627
/home/mozilla-unified/testing/xpcshell/head.js:_run_next_test:1627
/home/mozilla-unified/testing/xpcshell/head.js:run:774
/home/mozilla-unified/testing/xpcshell/head.js:_do_main:239
/home/mozilla-unified/testing/xpcshell/head.js:_execute_test:567
-e:null:1
ERROR 2147500037
/home/mozilla-unified/obj-x86_64-pc-linux-gnu/_tests/xpcshell/netwerk/test/URLTestFiles/test_URIs_3.js:do_check_property:253
/home/mozilla-unified/obj-x86_64-pc-linux-gnu/_tests/xpcshell/netwerk/test/URLTestFiles/test_URIs_3.js:do_test_uri_basic:320
/home/mozilla-unified/obj-x86_64-pc-linux-gnu/_tests/xpcshell/netwerk/test/URLTestFiles/test_URIs_3.js:mainTest/<:344
/home/mozilla-unified/obj-x86_64-pc-linux-gnu/_tests/xpcshell/netwerk/test/URLTestFiles/test_URIs_3.js:mainTest:341
/home/mozilla-unified/testing/xpcshell/head.js:_run_next_test/<:1627
/home/mozilla-unified/testing/xpcshell/head.js:_run_next_test:1627
/home/mozilla-unified/testing/xpcshell/head.js:run:774
/home/mozilla-unified/testing/xpcshell/head.js:_do_main:239
/home/mozilla-unified/testing/xpcshell/head.js:_execute_test:567
-e:null:1
ERROR componens do not match
/home/mozilla-unified/obj-x86_64-pc-linux-gnu/_tests/xpcshell/netwerk/test/URLTestFiles/test_URIs_3.js:do_check_property:259
/home/mozilla-unified/obj-x86_64-pc-linux-gnu/_tests/xpcshell/netwerk/test/URLTestFiles/test_URIs_3.js:do_test_uri_basic:323
/home/mozilla-unified/obj-x86_64-pc-linux-gnu/_tests/xpcshell/netwerk/test/URLTestFiles/test_URIs_3.js:mainTest/<:344
/home/mozilla-unified/obj-x86_64-pc-linux-gnu/_tests/xpcshell/netwerk/test/URLTestFiles/test_URIs_3.js:mainTest:341
/home/mozilla-unified/testing/xpcshell/head.js:_run_next_test/<:1627
/home/mozilla-unified/testing/xpcshell/head.js:_run_next_test:1627
/home/mozilla-unified/testing/xpcshell/head.js:run:774
/home/mozilla-unified/testing/xpcshell/head.js:_do_main:239
/home/mozilla-unified/testing/xpcshell/head.js:_execute_test:567
-e:null:1
