Already up to date.
[00:00:00] prepare result locations
[00:00:00] fuzzing targets all 
[00:00:00] fuzzing firefox
[00:00:00] removing old coverage data
[00:00:02] executing tests
[00:08:35] generating reports
[00:08:39] browser output cleanup
[00:08:39] fuzzing chromium
[2021-06-23 00:14:45,823 INFO] Building ['url_unittests'].
[00:08:40] ninja: Entering directory `/home/chromium/src/out/coverage'
[00:08:44] [0/1] Regenerating ninja files
[00:09:01] [1/2] CXX obj/url/url_unittests/url_parsing_unittest.o
[00:09:03] [2/2] LINK ./url_unittests
[2021-06-23 00:15:09,738 INFO] Running command: "out/coverage/url_unittests --gtest_filter=URLParser.Parsing", the output is redirected to "/home/chromium/src/out/report/linux/logs/url_unittests_output.log".
[2021-06-23 00:15:10,361 WARNING] Command: "out/coverage/url_unittests --gtest_filter=URLParser.Parsing" exited with non-zero return code.
[2021-06-23 00:15:10,361 INFO] Creating target profile data file.
[2021-06-23 00:15:10,946 INFO] Target "url_unittests" profile data is created as: "/home/chromium/src/out/report/url_unittests.profdata".
[2021-06-23 00:15:10,950 INFO] Creating the coverage profile data file.
[2021-06-23 00:15:10,978 INFO] Code coverage profile data is created as: "/home/chromium/src/out/report/linux/coverage.profdata".
[2021-06-23 00:15:10,979 INFO] Finding shared libraries for targets (if any).
[2021-06-23 00:15:10,987 INFO] Finished finding shared libraries for targets.
[2021-06-23 00:15:10,987 INFO] Generating code coverage report in html (this can take a while depending on size of target!).
[2021-06-23 00:15:13,110 INFO] Index file for html report is generated as: "file:///home/chromium/src/out/report/linux/index.html".
[00:09:07] browser output cleanup
[00:09:07] fuzzing languages
[00:09:07] fuzzing Python
[00:09:08] fuzzing C
[00:09:09] fuzzing Cpp
[00:09:21] fuzzing Java
[00:09:21] update-alternatives: using /usr/lib/jvm/java-8-openjdk-amd64/jre/bin/java to provide /usr/bin/java (java) in manual mode
[00:09:21] update-alternatives: using /usr/lib/jvm/java-8-openjdk-amd64/bin/javac to provide /usr/bin/javac (javac) in manual mode
WARNING : java.lang.Object can't be statically instrumented and was excluded
[00:09:52] fuzzing Ruby
[00:09:52] Coverage report generated for Unknown Test Framework to /home/url-fuzzing/languagefuzzing/RubyCoverage/coverage. 139 / 193 LOC (72.02%) covered.
[00:09:52] fuzzing JavaScript
[00:09:58] fuzzing PHP
[00:09:59] fuzzing Go
[00:10:01] finalizing results
[00:10:06] writing resultoverview
[00:10:06] writing browseroverview
Traceback (most recent call last):
  File "produceResultPresentation.py", line 564, in <module>
    f=open("./used_seed", "r")
FileNotFoundError: [Errno 2] No such file or directory: './used_seed'
[00:10:06] done
