IMPORTANT DEBUGGING NOTE: batches of tests are run inside their
own process. For debugging a test inside a debugger, use the
--gtest_filter=<your_test_name> flag along with
--single-process-tests.
Using sharding settings from environment. This is shard 0/1
Using 1 parallel jobs.
Note: Google Test filter = URLParser.Parsing
[==========] Running 1 test from 1 test suite.
[----------] Global test environment set-up.
[----------] 1 test from URLParser
[ RUN      ] URLParser.Parsing
../../url/url_parsing_unittest.cc:22: Failure
Value of: parsed_url.is_valid()
  Actual: false
Expected: true
{"url":"//%2f", "exception":"invalid URL"}
Stack trace:
#0 0x556fad3cde50 url::(anonymous namespace)::URLParser_Parsing_Test::TestBody()

../../url/url_parsing_unittest.cc:22: Failure
Value of: parsed_url.is_valid()
  Actual: false
Expected: true
{"url":"//[::dace:dfbd:8.251.252.250]", "exception":"invalid URL"}
Stack trace:
#0 0x556fad3cde50 url::(anonymous namespace)::URLParser_Parsing_Test::TestBody()

../../url/url_parsing_unittest.cc:22: Failure
Value of: parsed_url.is_valid()
  Actual: false
Expected: true
{"url":"//251.252.250.92", "exception":"invalid URL"}
Stack trace:
#0 0x556fad3cde50 url::(anonymous namespace)::URLParser_Parsing_Test::TestBody()

../../url/url_parsing_unittest.cc:22: Failure
Value of: parsed_url.is_valid()
  Actual: false
Expected: true
{"url":"//253.211.255.253", "exception":"invalid URL"}
Stack trace:
#0 0x556fad3cde50 url::(anonymous namespace)::URLParser_Parsing_Test::TestBody()

../../url/url_parsing_unittest.cc:22: Failure
Value of: parsed_url.is_valid()
  Actual: false
Expected: true
{"url":"//[::acff:255.194.253.252%25-]", "exception":"invalid URL"}
Stack trace:
#0 0x556fad3cde50 url::(anonymous namespace)::URLParser_Parsing_Test::TestBody()

../../url/url_parsing_unittest.cc:22: Failure
Value of: parsed_url.is_valid()
  Actual: false
Expected: true
{"url":"//[bebd::ebeb:abde:bceb:edcc:252.251.106.255%25~]", "exception":"invalid URL"}
Stack trace:
#0 0x556fad3cde50 url::(anonymous namespace)::URLParser_Parsing_Test::TestBody()

../../url/url_parsing_unittest.cc:22: Failure
Value of: parsed_url.is_valid()
  Actual: false
Expected: true
{"url":"//[::fddf:fcdc:fadc:bffe:fefb%25.]", "exception":"invalid URL"}
Stack trace:
#0 0x556fad3cde50 url::(anonymous namespace)::URLParser_Parsing_Test::TestBody()

../../url/url_parsing_unittest.cc:22: Failure
Value of: parsed_url.is_valid()
  Actual: false
Expected: true
{"url":"//[::1ecd:dddd:254.250.251.254%25-]", "exception":"invalid URL"}
Stack trace:
#0 0x556fad3cde50 url::(anonymous namespace)::URLParser_Parsing_Test::TestBody()

../../url/url_parsing_unittest.cc:22: Failure
Value of: parsed_url.is_valid()
  Actual: false
Expected: true
{"url":"//[::fecd:adfd:debe:dccc:badc:255.83.251.254%25~]", "exception":"invalid URL"}
Stack trace:
#0 0x556fad3cde50 url::(anonymous namespace)::URLParser_Parsing_Test::TestBody()

../../url/url_parsing_unittest.cc:22: Failure
Value of: parsed_url.is_valid()
  Actual: false
Expected: true
{"url":"//[6fdd::afbe:252.254.251.252%25~]", "exception":"invalid URL"}
Stack trace:
#0 0x556fad3cde50 url::(anonymous namespace)::URLParser_Parsing_Test::TestBody()

../../url/url_parsing_unittest.cc:22: Failure
Value of: parsed_url.is_valid()
  Actual: false
Expected: true
{"url":"//:5", "exception":"invalid URL"}
Stack trace:
#0 0x556fad3cde50 url::(anonymous namespace)::URLParser_Parsing_Test::TestBody()

../../url/url_parsing_unittest.cc:22: Failure
Value of: parsed_url.is_valid()
  Actual: false
Expected: true
{"url":"//[::aada:255.255.255.214%25_]", "exception":"invalid URL"}
Stack trace:
#0 0x556fad3cde50 url::(anonymous namespace)::URLParser_Parsing_Test::TestBody()

../../url/url_parsing_unittest.cc:22: Failure
Value of: parsed_url.is_valid()
  Actual: false
Expected: true
{"url":"//[ffeb::ddfb:253.250.252.255%25.]", "exception":"invalid URL"}
Stack trace:
#0 0x556fad3cde50 url::(anonymous namespace)::URLParser_Parsing_Test::TestBody()

../../url/url_parsing_unittest.cc:22: Failure
Value of: parsed_url.is_valid()
  Actual: false
Expected: true
{"url":"//9@", "exception":"invalid URL"}
Stack trace:
#0 0x556fad3cde50 url::(anonymous namespace)::URLParser_Parsing_Test::TestBody()

../../url/url_parsing_unittest.cc:22: Failure
Value of: parsed_url.is_valid()
  Actual: false
Expected: true
{"url":"//[::faeb:fdea:eecc:eccb:ebdc:251.243.254.254%25_]", "exception":"invalid URL"}
Stack trace:
#0 0x556fad3cde50 url::(anonymous namespace)::URLParser_Parsing_Test::TestBody()

../../url/url_parsing_unittest.cc:22: Failure
Value of: parsed_url.is_valid()
  Actual: false
Expected: true
{"url":"//[afba::baec:ceea:caec:dafd:252.251.250.1%25_]", "exception":"invalid URL"}
Stack trace:
#0 0x556fad3cde50 url::(anonymous namespace)::URLParser_Parsing_Test::TestBody()

../../url/url_parsing_unittest.cc:22: Failure
Value of: parsed_url.is_valid()
  Actual: false
Expected: true
{"url":"//#m", "exception":"invalid URL"}
Stack trace:
#0 0x556fad3cde50 url::(anonymous namespace)::URLParser_Parsing_Test::TestBody()

../../url/url_parsing_unittest.cc:22: Failure
Value of: parsed_url.is_valid()
  Actual: false
Expected: true
{"url":"//[::cceb:bfae:efbc:dcfb:efff:252.255.255.103%25-]", "exception":"invalid URL"}
Stack trace:
#0 0x556fad3cde50 url::(anonymous namespace)::URLParser_Parsing_Test::TestBody()

../../url/url_parsing_unittest.cc:22: Failure
Value of: parsed_url.is_valid()
  Actual: false
Expected: true
{"url":"//&@", "exception":"invalid URL"}
Stack trace:
#0 0x556fad3cde50 url::(anonymous namespace)::URLParser_Parsing_Test::TestBody()

../../url/url_parsing_unittest.cc:22: Failure
Value of: parsed_url.is_valid()
  Actual: false
Expected: true
{"url":"//[dfec::0bac:bccf:fabb:dfdb:251.251.251.255%25-]", "exception":"invalid URL"}
Stack trace:
#0 0x556fad3cde50 url::(anonymous namespace)::URLParser_Parsing_Test::TestBody()

../../url/url_parsing_unittest.cc:22: Failure
Value of: parsed_url.is_valid()
  Actual: false
Expected: true
{"url":"//[::addb:afde:ffdd:254.250.201.255]", "exception":"invalid URL"}
Stack trace:
#0 0x556fad3cde50 url::(anonymous namespace)::URLParser_Parsing_Test::TestBody()

../../url/url_parsing_unittest.cc:22: Failure
Value of: parsed_url.is_valid()
  Actual: false
Expected: true
{"url":"//[adef::beba:bfba:cdbe:cedb:253.254.157.250%25_]", "exception":"invalid URL"}
Stack trace:
#0 0x556fad3cde50 url::(anonymous namespace)::URLParser_Parsing_Test::TestBody()

../../url/url_parsing_unittest.cc:22: Failure
Value of: parsed_url.is_valid()
  Actual: false
Expected: true
{"url":"//[::abaa:eabc:252.156.253.252%25.]", "exception":"invalid URL"}
Stack trace:
#0 0x556fad3cde50 url::(anonymous namespace)::URLParser_Parsing_Test::TestBody()

../../url/url_parsing_unittest.cc:22: Failure
Value of: parsed_url.is_valid()
  Actual: false
Expected: true
{"url":"//[::bbae:250.254.8.253]", "exception":"invalid URL"}
Stack trace:
#0 0x556fad3cde50 url::(anonymous namespace)::URLParser_Parsing_Test::TestBody()

../../url/url_parsing_unittest.cc:22: Failure
Value of: parsed_url.is_valid()
  Actual: false
Expected: true
{"url":"//%3e", "exception":"invalid URL"}
Stack trace:
#0 0x556fad3cde50 url::(anonymous namespace)::URLParser_Parsing_Test::TestBody()

../../url/url_parsing_unittest.cc:22: Failure
Value of: parsed_url.is_valid()
  Actual: false
Expected: true
{"url":"//[::%25%f8]", "exception":"invalid URL"}
Stack trace:
#0 0x556fad3cde50 url::(anonymous namespace)::URLParser_Parsing_Test::TestBody()

../../url/url_parsing_unittest.cc:22: Failure
Value of: parsed_url.is_valid()
  Actual: false
Expected: true
{"url":"//@/%cd", "exception":"invalid URL"}
Stack trace:
#0 0x556fad3cde50 url::(anonymous namespace)::URLParser_Parsing_Test::TestBody()

../../url/url_parsing_unittest.cc:22: Failure
Value of: parsed_url.is_valid()
  Actual: false
Expected: true
{"url":"//[cfde::dbbc:beec:ffec:beda:252.251.0.254]", "exception":"invalid URL"}
Stack trace:
#0 0x556fad3cde50 url::(anonymous namespace)::URLParser_Parsing_Test::TestBody()

../../url/url_parsing_unittest.cc:22: Failure
Value of: parsed_url.is_valid()
  Actual: false
Expected: true
{"url":"//[::7ddd%25.]", "exception":"invalid URL"}
Stack trace:
#0 0x556fad3cde50 url::(anonymous namespace)::URLParser_Parsing_Test::TestBody()

../../url/url_parsing_unittest.cc:22: Failure
Value of: parsed_url.is_valid()
  Actual: false
Expected: true
{"url":"//[ddcd::bbfb:cafc:caee:fecf:255.254.9.250%25.]", "exception":"invalid URL"}
Stack trace:
#0 0x556fad3cde50 url::(anonymous namespace)::URLParser_Parsing_Test::TestBody()

../../url/url_parsing_unittest.cc:22: Failure
Value of: parsed_url.is_valid()
  Actual: false
Expected: true
{"url":"//[fbab:aaba:dafe:affd:eebf:bcfd:98.255.252.250%25~]", "exception":"invalid URL"}
Stack trace:
#0 0x556fad3cde50 url::(anonymous namespace)::URLParser_Parsing_Test::TestBody()

[  FAILED  ] URLParser.Parsing (9 ms)
[----------] 1 test from URLParser (9 ms total)

[----------] Global test environment tear-down
[==========] 1 test from 1 test suite ran. (10 ms total)
[  PASSED  ] 0 tests.
[  FAILED  ] 1 test, listed below:
[  FAILED  ] URLParser.Parsing

 1 FAILED TEST
[1/1] URLParser.Parsing (9 ms)
1 test failed:
    URLParser.Parsing (../../url/url_parsing_unittest.cc:90)
Tests took 0 seconds.
