Already up to date.
[00:00:00] prepare result locations
[00:00:00] fuzzing targets all 
[00:00:00] fuzzing firefox
[00:00:00] removing old coverage data
[00:00:02] executing tests
[00:32:01] generating reports
[00:32:04] browser output cleanup
[00:32:04] fuzzing chromium
[2021-06-27 15:09:57,273 INFO] Building ['url_unittests'].
[00:32:04] ninja: Entering directory `/home/chromium/src/out/coverage'
[00:32:07] [0/1] Regenerating ninja files
[00:32:20] [1/2] CXX obj/url/url_unittests/url_parsing_unittest.o
[00:32:22] [2/2] LINK ./url_unittests
[2021-06-27 15:10:16,274 INFO] Running command: "out/coverage/url_unittests --gtest_filter=URLParser.Parsing", the output is redirected to "/home/chromium/src/out/report/linux/logs/url_unittests_output.log".
[2021-06-27 15:10:16,761 WARNING] Command: "out/coverage/url_unittests --gtest_filter=URLParser.Parsing" exited with non-zero return code.
[2021-06-27 15:10:16,762 INFO] Creating target profile data file.
[2021-06-27 15:10:17,307 INFO] Target "url_unittests" profile data is created as: "/home/chromium/src/out/report/url_unittests.profdata".
[2021-06-27 15:10:17,412 INFO] Creating the coverage profile data file.
[2021-06-27 15:10:17,430 INFO] Code coverage profile data is created as: "/home/chromium/src/out/report/linux/coverage.profdata".
[2021-06-27 15:10:17,431 INFO] Finding shared libraries for targets (if any).
[2021-06-27 15:10:17,437 INFO] Finished finding shared libraries for targets.
[2021-06-27 15:10:17,437 INFO] Generating code coverage report in html (this can take a while depending on size of target!).
[2021-06-27 15:10:18,904 INFO] Index file for html report is generated as: "file:///home/chromium/src/out/report/linux/index.html".
[00:32:25] browser output cleanup
[00:32:25] fuzzing languages
[00:32:26] fuzzing Python
[00:32:26] fuzzing C
[00:32:27] fuzzing Cpp
[00:32:36] fuzzing Java
[00:32:36] update-alternatives: using /usr/lib/jvm/java-8-openjdk-amd64/jre/bin/java to provide /usr/bin/java (java) in manual mode
[00:32:36] update-alternatives: using /usr/lib/jvm/java-8-openjdk-amd64/bin/javac to provide /usr/bin/javac (javac) in manual mode
WARNING : java.lang.Object can't be statically instrumented and was excluded
[00:33:04] fuzzing Ruby
[00:33:04] Coverage report generated for Unknown Test Framework to /home/url-fuzzing/languagefuzzing/RubyCoverage/coverage. 133 / 193 LOC (68.91%) covered.
[00:33:04] fuzzing JavaScript
[00:33:10] fuzzing PHP
[00:33:12] fuzzing Go
[00:33:14] finalizing results
[00:33:47] writing resultoverview
[00:33:47] writing browseroverview
[00:33:47] used seed: -1172303919929796114
[00:33:47] done
