Already up to date.
[00:00:00] prepare result locations
[00:00:00] fuzzing targets all 
[00:00:00] fuzzing firefox
[00:00:00] removing old coverage data
[00:00:03] executing tests
[00:03:13] generating reports
[00:03:16] browser output cleanup
[00:03:16] fuzzing chromium
[2021-06-22 11:17:24,657 INFO] Building ['url_unittests'].
[00:03:17] ninja: Entering directory `/home/chromium/src/out/coverage'
[00:03:22] [0/1] Regenerating ninja files
[00:03:41] [1/2] CXX obj/url/url_unittests/url_parsing_unittest.o
[00:03:43] [2/2] LINK ./url_unittests
[2021-06-22 11:17:52,017 INFO] Running command: "out/coverage/url_unittests --gtest_filter=URLParser.Parsing", the output is redirected to "/home/chromium/src/out/report/linux/logs/url_unittests_output.log".
[2021-06-22 11:17:52,161 WARNING] Command: "out/coverage/url_unittests --gtest_filter=URLParser.Parsing" exited with non-zero return code.
[2021-06-22 11:17:52,163 INFO] Creating target profile data file.
[2021-06-22 11:17:52,905 INFO] Target "url_unittests" profile data is created as: "/home/chromium/src/out/report/url_unittests.profdata".
[2021-06-22 11:17:52,909 INFO] Creating the coverage profile data file.
[2021-06-22 11:17:52,937 INFO] Code coverage profile data is created as: "/home/chromium/src/out/report/linux/coverage.profdata".
[2021-06-22 11:17:52,938 INFO] Finding shared libraries for targets (if any).
[2021-06-22 11:17:52,946 INFO] Finished finding shared libraries for targets.
[2021-06-22 11:17:52,947 INFO] Generating code coverage report in html (this can take a while depending on size of target!).
[2021-06-22 11:17:55,348 INFO] Index file for html report is generated as: "file:///home/chromium/src/out/report/linux/index.html".
[00:03:47] browser output cleanup
[00:03:47] fuzzing languages
[00:03:47] fuzzing Python
[00:03:48] fuzzing C
[00:03:49] fuzzing Cpp
[00:04:03] fuzzing Java
[00:04:03] update-alternatives: using /usr/lib/jvm/java-8-openjdk-amd64/jre/bin/java to provide /usr/bin/java (java) in manual mode
[00:04:03] update-alternatives: using /usr/lib/jvm/java-8-openjdk-amd64/bin/javac to provide /usr/bin/javac (javac) in manual mode
WARNING : java.lang.Object can't be statically instrumented and was excluded
[00:04:39] fuzzing Ruby
[00:04:39] Coverage report generated for Unknown Test Framework to /home/url-fuzzing/languagefuzzing/RubyCoverage/coverage. 139 / 193 LOC (72.02%) covered.
[00:04:39] fuzzing JavaScript
[00:04:45] fuzzing PHP
[00:04:45] fuzzing Go
[00:04:47] finalizing results
Traceback (most recent call last):
  File "produceResultPresentation.py", line 564, in <module>
[00:04:51] writing resultoverview
[00:04:51] writing browseroverview
    f=open("./used_seed", "r")
FileNotFoundError: [Errno 2] No such file or directory: './used_seed'
[00:04:51] done
